000 (1334.000.000) 2024-11-23 22:10:12 Job submitted from host: <147.188.47.47:9618?addrs=147.188.47.47-9618&alias=eprexb.ph.bham.ac.uk&noUDP&sock=schedd_1171491_f6ca>
...
040 (1334.000.000) 2024-11-23 22:18:21 Started transferring input files
	Transferring to host: <147.188.47.71:9618?addrs=147.188.47.71-9618&alias=eplwk001.ph.bham.ac.uk&noUDP&sock=slot1_86_864817_8fb9_64627>
...
040 (1334.000.000) 2024-11-23 22:18:21 Finished transferring input files
...
001 (1334.000.000) 2024-11-23 22:18:22 Job executing on host: <147.188.47.71:9618?addrs=147.188.47.71-9618&alias=eplwk001.ph.bham.ac.uk&noUDP&sock=startd_864732_ce1e>
	SlotName: slot1_86@eplwk001.ph.bham.ac.uk
	CondorScratchDir = "/var/lib/condor/execute/dir_429781"
	Cpus = 1
	Disk = 7699
	GPUs = 0
	Memory = 4096
...
006 (1334.000.000) 2024-11-23 22:18:31 Image size of job updated: 269348
	264  -  MemoryUsage of job (MB)
	269348  -  ResidentSetSize of job (KB)
...
006 (1334.000.000) 2024-11-23 22:21:22 Image size of job updated: 1571648
	763  -  MemoryUsage of job (MB)
	780584  -  ResidentSetSize of job (KB)
...
040 (1334.000.000) 2024-11-23 22:21:22 Started transferring output files
...
040 (1334.000.000) 2024-11-23 22:21:22 Finished transferring output files
...
005 (1334.000.000) 2024-11-23 22:21:22 Job terminated.
	(1) Normal termination (return value 0)
		Usr 0 00:02:26, Sys 0 00:00:10  -  Run Remote Usage
		Usr 0 00:00:00, Sys 0 00:00:00  -  Run Local Usage
		Usr 0 00:02:26, Sys 0 00:00:10  -  Total Remote Usage
		Usr 0 00:00:00, Sys 0 00:00:00  -  Total Local Usage
	2806  -  Run Bytes Sent By Job
	953  -  Run Bytes Received By Job
	2806  -  Total Bytes Sent By Job
	953  -  Total Bytes Received By Job
	Partitionable Resources :    Usage  Request Allocated 
	   Cpus                 :        0        1         1 
	   Disk (KB)            :       35        1      7699 
	   GPUs                 :                           0 
	   Memory (MB)          :      763     4000      4096 
	   TimeExecute (s)      :      180                    
	   TimeSlotBusy (s)     :      181                    

	Job terminated of its own accord at 2024-11-23T22:21:22Z with exit-code 0.
...
