000 (1325.000.000) 2024-11-23 22:10:00 Job submitted from host: <147.188.47.47:9618?addrs=147.188.47.47-9618&alias=eprexb.ph.bham.ac.uk&noUDP&sock=schedd_1171491_f6ca>
...
040 (1325.000.000) 2024-11-23 22:10:01 Started transferring input files
	Transferring to host: <147.188.47.71:9618?addrs=147.188.47.71-9618&alias=eplwk001.ph.bham.ac.uk&noUDP&sock=slot1_86_864817_8fb9_64624>
...
040 (1325.000.000) 2024-11-23 22:10:01 Finished transferring input files
...
001 (1325.000.000) 2024-11-23 22:10:02 Job executing on host: <147.188.47.71:9618?addrs=147.188.47.71-9618&alias=eplwk001.ph.bham.ac.uk&noUDP&sock=startd_864732_ce1e>
	SlotName: slot1_86@eplwk001.ph.bham.ac.uk
	CondorScratchDir = "/var/lib/condor/execute/dir_428140"
	Cpus = 1
	Disk = 7699
	GPUs = 0
	Memory = 4096
...
006 (1325.000.000) 2024-11-23 22:10:10 Image size of job updated: 194992
	191  -  MemoryUsage of job (MB)
	194880  -  ResidentSetSize of job (KB)
...
006 (1325.000.000) 2024-11-23 22:12:20 Image size of job updated: 918184
	191  -  MemoryUsage of job (MB)
	194880  -  ResidentSetSize of job (KB)
...
040 (1325.000.000) 2024-11-23 22:12:20 Started transferring output files
...
040 (1325.000.000) 2024-11-23 22:12:20 Finished transferring output files
...
005 (1325.000.000) 2024-11-23 22:12:21 Job terminated.
	(1) Normal termination (return value 0)
		Usr 0 00:01:58, Sys 0 00:00:08  -  Run Remote Usage
		Usr 0 00:00:00, Sys 0 00:00:00  -  Run Local Usage
		Usr 0 00:01:58, Sys 0 00:00:08  -  Total Remote Usage
		Usr 0 00:00:00, Sys 0 00:00:00  -  Total Local Usage
	2802  -  Run Bytes Sent By Job
	942  -  Run Bytes Received By Job
	2802  -  Total Bytes Sent By Job
	942  -  Total Bytes Received By Job
	Partitionable Resources :    Usage  Request Allocated 
	   Cpus                 :     0.99        1         1 
	   Disk (KB)            :    35           1      7699 
	   GPUs                 :                           0 
	   Memory (MB)          :   191        4000      4096 
	   TimeExecute (s)      :   138                       
	   TimeSlotBusy (s)     :   140                       

	Job terminated of its own accord at 2024-11-23T22:12:20Z with exit-code 0.
...
