000 (1234.000.000) 2024-11-23 19:47:37 Job submitted from host: <147.188.47.47:9618?addrs=147.188.47.47-9618&alias=eprexb.ph.bham.ac.uk&noUDP&sock=schedd_1171491_f6ca>
...
040 (1234.000.000) 2024-11-23 19:47:42 Started transferring input files
	Transferring to host: <147.188.47.71:9618?addrs=147.188.47.71-9618&alias=eplwk001.ph.bham.ac.uk&noUDP&sock=slot1_3_864817_8fb9_64382>
...
040 (1234.000.000) 2024-11-23 19:47:42 Finished transferring input files
...
001 (1234.000.000) 2024-11-23 19:47:43 Job executing on host: <147.188.47.71:9618?addrs=147.188.47.71-9618&alias=eplwk001.ph.bham.ac.uk&noUDP&sock=startd_864732_ce1e>
	SlotName: slot1_3@eplwk001.ph.bham.ac.uk
	CondorScratchDir = "/var/lib/condor/execute/dir_317409"
	Cpus = 1
	Disk = 7699
	GPUs = 0
	Memory = 4096
...
006 (1234.000.000) 2024-11-23 19:47:52 Image size of job updated: 415044
	406  -  MemoryUsage of job (MB)
	415044  -  ResidentSetSize of job (KB)
...
006 (1234.000.000) 2024-11-23 19:48:47 Image size of job updated: 777420
	406  -  MemoryUsage of job (MB)
	415160  -  ResidentSetSize of job (KB)
...
040 (1234.000.000) 2024-11-23 19:48:47 Started transferring output files
...
040 (1234.000.000) 2024-11-23 19:48:47 Finished transferring output files
...
005 (1234.000.000) 2024-11-23 19:48:47 Job terminated.
	(1) Normal termination (return value 0)
		Usr 0 00:00:55, Sys 0 00:00:05  -  Run Remote Usage
		Usr 0 00:00:00, Sys 0 00:00:00  -  Run Local Usage
		Usr 0 00:00:55, Sys 0 00:00:05  -  Total Remote Usage
		Usr 0 00:00:00, Sys 0 00:00:00  -  Total Local Usage
	2804  -  Run Bytes Sent By Job
	947  -  Run Bytes Received By Job
	2804  -  Total Bytes Sent By Job
	947  -  Total Bytes Received By Job
	Partitionable Resources :    Usage  Request Allocated 
	   Cpus                 :        0        1         1 
	   Disk (KB)            :       34        1      7699 
	   GPUs                 :                           0 
	   Memory (MB)          :      406     4000      4096 
	   TimeExecute (s)      :       64                    
	   TimeSlotBusy (s)     :       65                    

	Job terminated of its own accord at 2024-11-23T19:48:47Z with exit-code 0.
...
