000 (1405.000.000) 2024-11-23 23:20:52 Job submitted from host: <147.188.47.47:9618?addrs=147.188.47.47-9618&alias=eprexb.ph.bham.ac.uk&noUDP&sock=schedd_1171491_f6ca>
...
040 (1405.000.000) 2024-11-23 23:48:39 Started transferring input files
	Transferring to host: <147.188.47.71:9618?addrs=147.188.47.71-9618&alias=eplwk001.ph.bham.ac.uk&noUDP&sock=slot1_20_864817_8fb9_64715>
...
040 (1405.000.000) 2024-11-23 23:48:39 Finished transferring input files
...
001 (1405.000.000) 2024-11-23 23:48:40 Job executing on host: <147.188.47.71:9618?addrs=147.188.47.71-9618&alias=eplwk001.ph.bham.ac.uk&noUDP&sock=startd_864732_ce1e>
	SlotName: slot1_20@eplwk001.ph.bham.ac.uk
	CondorScratchDir = "/var/lib/condor/execute/dir_457261"
	Cpus = 1
	Disk = 7699
	GPUs = 0
	Memory = 4096
...
006 (1405.000.000) 2024-11-23 23:48:49 Image size of job updated: 409256
	400  -  MemoryUsage of job (MB)
	409256  -  ResidentSetSize of job (KB)
...
006 (1405.000.000) 2024-11-23 23:49:58 Image size of job updated: 789360
	400  -  MemoryUsage of job (MB)
	409256  -  ResidentSetSize of job (KB)
...
040 (1405.000.000) 2024-11-23 23:49:58 Started transferring output files
...
040 (1405.000.000) 2024-11-23 23:49:58 Finished transferring output files
...
005 (1405.000.000) 2024-11-23 23:49:58 Job terminated.
	(1) Normal termination (return value 0)
		Usr 0 00:01:08, Sys 0 00:00:06  -  Run Remote Usage
		Usr 0 00:00:00, Sys 0 00:00:00  -  Run Local Usage
		Usr 0 00:01:08, Sys 0 00:00:06  -  Total Remote Usage
		Usr 0 00:00:00, Sys 0 00:00:00  -  Total Local Usage
	2802  -  Run Bytes Sent By Job
	942  -  Run Bytes Received By Job
	2802  -  Total Bytes Sent By Job
	942  -  Total Bytes Received By Job
	Partitionable Resources :    Usage  Request Allocated 
	   Cpus                 :        0        1         1 
	   Disk (KB)            :       35        1      7699 
	   GPUs                 :                           0 
	   Memory (MB)          :      400     4000      4096 
	   TimeExecute (s)      :       78                    
	   TimeSlotBusy (s)     :       79                    

	Job terminated of its own accord at 2024-11-23T23:49:58Z with exit-code 0.
...
