000 (800.000.000) 2024-11-23 18:21:56 Job submitted from host: <147.188.47.47:9618?addrs=147.188.47.47-9618&alias=eprexb.ph.bham.ac.uk&noUDP&sock=schedd_1171491_f6ca>
...
040 (800.000.000) 2024-11-23 18:22:11 Started transferring input files
	Transferring to host: <147.188.47.71:9618?addrs=147.188.47.71-9618&alias=eplwk001.ph.bham.ac.uk&noUDP&sock=slot1_11_864817_8fb9_63956>
...
040 (800.000.000) 2024-11-23 18:22:11 Finished transferring input files
...
001 (800.000.000) 2024-11-23 18:22:12 Job executing on host: <147.188.47.71:9618?addrs=147.188.47.71-9618&alias=eplwk001.ph.bham.ac.uk&noUDP&sock=startd_864732_ce1e>
	SlotName: slot1_11@eplwk001.ph.bham.ac.uk
	CondorScratchDir = "/var/lib/condor/execute/dir_3344361"
	Cpus = 1
	Disk = 7699
	GPUs = 0
	Memory = 4096
...
006 (800.000.000) 2024-11-23 18:22:21 Image size of job updated: 293300
	287  -  MemoryUsage of job (MB)
	293300  -  ResidentSetSize of job (KB)
...
006 (800.000.000) 2024-11-23 18:23:31 Image size of job updated: 797588
	287  -  MemoryUsage of job (MB)
	293300  -  ResidentSetSize of job (KB)
...
040 (800.000.000) 2024-11-23 18:23:31 Started transferring output files
...
040 (800.000.000) 2024-11-23 18:23:31 Finished transferring output files
...
005 (800.000.000) 2024-11-23 18:23:31 Job terminated.
	(1) Normal termination (return value 0)
		Usr 0 00:01:08, Sys 0 00:00:05  -  Run Remote Usage
		Usr 0 00:00:00, Sys 0 00:00:00  -  Run Local Usage
		Usr 0 00:01:08, Sys 0 00:00:05  -  Total Remote Usage
		Usr 0 00:00:00, Sys 0 00:00:00  -  Total Local Usage
	2816  -  Run Bytes Sent By Job
	952  -  Run Bytes Received By Job
	2816  -  Total Bytes Sent By Job
	952  -  Total Bytes Received By Job
	Partitionable Resources :    Usage  Request Allocated 
	   Cpus                 :        0        1         1 
	   Disk (KB)            :       34        1      7699 
	   GPUs                 :                           0 
	   Memory (MB)          :      287     4000      4096 
	   TimeExecute (s)      :       79                    
	   TimeSlotBusy (s)     :       80                    

	Job terminated of its own accord at 2024-11-23T18:23:31Z with exit-code 0.
...
