000 (2048.000.000) 2024-11-25 13:55:53 Job submitted from host: <147.188.47.47:9618?addrs=147.188.47.47-9618&alias=eprexb.ph.bham.ac.uk&noUDP&sock=schedd_1171491_f6ca>
...
040 (2048.000.000) 2024-11-25 13:56:08 Started transferring input files
	Transferring to host: <147.188.47.71:9618?addrs=147.188.47.71-9618&alias=eplwk001.ph.bham.ac.uk&noUDP&sock=slot1_39_864817_8fb9_65730>
...
040 (2048.000.000) 2024-11-25 13:56:08 Finished transferring input files
...
001 (2048.000.000) 2024-11-25 13:56:09 Job executing on host: <147.188.47.71:9618?addrs=147.188.47.71-9618&alias=eplwk001.ph.bham.ac.uk&noUDP&sock=startd_864732_ce1e>
	SlotName: slot1_39@eplwk001.ph.bham.ac.uk
	CondorScratchDir = "/var/lib/condor/execute/dir_1830608"
	Cpus = 1
	Disk = 7699
	GPUs = 0
	Memory = 4096
...
006 (2048.000.000) 2024-11-25 13:56:18 Image size of job updated: 583640
	570  -  MemoryUsage of job (MB)
	583640  -  ResidentSetSize of job (KB)
...
006 (2048.000.000) 2024-11-25 14:01:19 Image size of job updated: 768816
	751  -  MemoryUsage of job (MB)
	768816  -  ResidentSetSize of job (KB)
...
006 (2048.000.000) 2024-11-25 14:06:20 Image size of job updated: 785492
	760  -  MemoryUsage of job (MB)
	777284  -  ResidentSetSize of job (KB)
...
006 (2048.000.000) 2024-11-25 14:11:20 Image size of job updated: 803544
	785  -  MemoryUsage of job (MB)
	803480  -  ResidentSetSize of job (KB)
...
006 (2048.000.000) 2024-11-25 14:13:45 Image size of job updated: 826776
	785  -  MemoryUsage of job (MB)
	803480  -  ResidentSetSize of job (KB)
...
040 (2048.000.000) 2024-11-25 14:13:45 Started transferring output files
...
040 (2048.000.000) 2024-11-25 14:13:45 Finished transferring output files
...
005 (2048.000.000) 2024-11-25 14:13:45 Job terminated.
	(1) Normal termination (return value 0)
		Usr 0 00:16:37, Sys 0 00:00:49  -  Run Remote Usage
		Usr 0 00:00:00, Sys 0 00:00:00  -  Run Local Usage
		Usr 0 00:16:37, Sys 0 00:00:49  -  Total Remote Usage
		Usr 0 00:00:00, Sys 0 00:00:00  -  Total Local Usage
	2731  -  Run Bytes Sent By Job
	957  -  Run Bytes Received By Job
	2731  -  Total Bytes Sent By Job
	957  -  Total Bytes Received By Job
	Partitionable Resources :    Usage  Request Allocated 
	   Cpus                 :     0.99        1         1 
	   Disk (KB)            :    39           1      7699 
	   GPUs                 :                           0 
	   Memory (MB)          :   785        4000      4096 
	   TimeExecute (s)      :  1056                       
	   TimeSlotBusy (s)     :  1057                       

	Job terminated of its own accord at 2024-11-25T14:13:45Z with exit-code 0.
...
