000 (1082.000.000) 2024-11-23 18:45:22 Job submitted from host: <147.188.47.47:9618?addrs=147.188.47.47-9618&alias=eprexb.ph.bham.ac.uk&noUDP&sock=schedd_1171491_f6ca>
...
040 (1082.000.000) 2024-11-23 18:45:50 Started transferring input files
	Transferring to host: <147.188.47.71:9618?addrs=147.188.47.71-9618&alias=eplwk001.ph.bham.ac.uk&noUDP&sock=slot1_53_864817_8fb9_64230>
...
040 (1082.000.000) 2024-11-23 18:45:50 Finished transferring input files
...
001 (1082.000.000) 2024-11-23 18:45:51 Job executing on host: <147.188.47.71:9618?addrs=147.188.47.71-9618&alias=eplwk001.ph.bham.ac.uk&noUDP&sock=startd_864732_ce1e>
	SlotName: slot1_53@eplwk001.ph.bham.ac.uk
	CondorScratchDir = "/var/lib/condor/execute/dir_51175"
	Cpus = 1
	Disk = 7699
	GPUs = 0
	Memory = 4096
...
006 (1082.000.000) 2024-11-23 18:46:00 Image size of job updated: 189744
	186  -  MemoryUsage of job (MB)
	189508  -  ResidentSetSize of job (KB)
...
006 (1082.000.000) 2024-11-23 18:47:22 Image size of job updated: 795492
	186  -  MemoryUsage of job (MB)
	189508  -  ResidentSetSize of job (KB)
...
040 (1082.000.000) 2024-11-23 18:47:22 Started transferring output files
...
040 (1082.000.000) 2024-11-23 18:47:22 Finished transferring output files
...
005 (1082.000.000) 2024-11-23 18:47:22 Job terminated.
	(1) Normal termination (return value 0)
		Usr 0 00:01:11, Sys 0 00:00:06  -  Run Remote Usage
		Usr 0 00:00:00, Sys 0 00:00:00  -  Run Local Usage
		Usr 0 00:01:11, Sys 0 00:00:06  -  Total Remote Usage
		Usr 0 00:00:00, Sys 0 00:00:00  -  Total Local Usage
	2796  -  Run Bytes Sent By Job
	952  -  Run Bytes Received By Job
	2796  -  Total Bytes Sent By Job
	952  -  Total Bytes Received By Job
	Partitionable Resources :    Usage  Request Allocated 
	   Cpus                 :     0.99        1         1 
	   Disk (KB)            :    34           1      7699 
	   GPUs                 :                           0 
	   Memory (MB)          :   186        4000      4096 
	   TimeExecute (s)      :    91                       
	   TimeSlotBusy (s)     :    92                       

	Job terminated of its own accord at 2024-11-23T18:47:22Z with exit-code 0.
...
