000 (630.000.000) 2024-11-23 17:13:06 Job submitted from host: <147.188.47.47:9618?addrs=147.188.47.47-9618&alias=eprexb.ph.bham.ac.uk&noUDP&sock=schedd_1171491_f6ca>
...
040 (630.000.000) 2024-11-23 17:13:11 Started transferring input files
	Transferring to host: <147.188.47.71:9618?addrs=147.188.47.71-9618&alias=eplwk001.ph.bham.ac.uk&noUDP&sock=slot1_10_864817_8fb9_63777>
...
040 (630.000.000) 2024-11-23 17:13:11 Finished transferring input files
...
001 (630.000.000) 2024-11-23 17:13:12 Job executing on host: <147.188.47.71:9618?addrs=147.188.47.71-9618&alias=eplwk001.ph.bham.ac.uk&noUDP&sock=startd_864732_ce1e>
	SlotName: slot1_10@eplwk001.ph.bham.ac.uk
	CondorScratchDir = "/var/lib/condor/execute/dir_3038891"
	Cpus = 1
	Disk = 7699
	GPUs = 0
	Memory = 4096
...
006 (630.000.000) 2024-11-23 17:13:21 Image size of job updated: 486708
	476  -  MemoryUsage of job (MB)
	486652  -  ResidentSetSize of job (KB)
...
006 (630.000.000) 2024-11-23 17:14:26 Image size of job updated: 822012
	476  -  MemoryUsage of job (MB)
	486764  -  ResidentSetSize of job (KB)
...
040 (630.000.000) 2024-11-23 17:14:26 Started transferring output files
...
040 (630.000.000) 2024-11-23 17:14:26 Finished transferring output files
...
005 (630.000.000) 2024-11-23 17:14:26 Job terminated.
	(1) Normal termination (return value 0)
		Usr 0 00:01:05, Sys 0 00:00:06  -  Run Remote Usage
		Usr 0 00:00:00, Sys 0 00:00:00  -  Run Local Usage
		Usr 0 00:01:05, Sys 0 00:00:06  -  Total Remote Usage
		Usr 0 00:00:00, Sys 0 00:00:00  -  Total Local Usage
	4316  -  Run Bytes Sent By Job
	952  -  Run Bytes Received By Job
	4316  -  Total Bytes Sent By Job
	952  -  Total Bytes Received By Job
	Partitionable Resources :    Usage  Request Allocated 
	   Cpus                 :        0        1         1 
	   Disk (KB)            :       36        1      7699 
	   GPUs                 :                           0 
	   Memory (MB)          :      476     4000      4096 
	   TimeExecute (s)      :       74                    
	   TimeSlotBusy (s)     :       75                    

	Job terminated of its own accord at 2024-11-23T17:14:26Z with exit-code 0.
...
