000 (2952.000.000) 2024-11-07 18:06:25 Job submitted from host: <147.188.47.46:9618?addrs=147.188.47.46-9618&alias=eprexa.ph.bham.ac.uk&noUDP&sock=schedd_1682379_a360>
...
040 (2952.000.000) 2024-11-07 18:06:25 Started transferring input files
	Transferring to host: <147.188.47.72:9618?addrs=147.188.47.72-9618&alias=eplwk002.ph.bham.ac.uk&noUDP&sock=slot1_1_187135_4953_32414>
...
040 (2952.000.000) 2024-11-07 18:06:25 Finished transferring input files
...
001 (2952.000.000) 2024-11-07 18:06:26 Job executing on host: <147.188.47.72:9618?addrs=147.188.47.72-9618&alias=eplwk002.ph.bham.ac.uk&noUDP&sock=startd_187014_a097>
	SlotName: slot1_1@eplwk002.ph.bham.ac.uk
	CondorScratchDir = "/var/lib/condor/execute/dir_3240127"
	Cpus = 1
	Disk = 7701
	GPUs = 0
	Memory = 4096
...
006 (2952.000.000) 2024-11-07 18:06:35 Image size of job updated: 465232
	455  -  MemoryUsage of job (MB)
	465048  -  ResidentSetSize of job (KB)
...
006 (2952.000.000) 2024-11-07 18:06:37 Image size of job updated: 525736
	455  -  MemoryUsage of job (MB)
	465048  -  ResidentSetSize of job (KB)
...
040 (2952.000.000) 2024-11-07 18:06:37 Started transferring output files
...
040 (2952.000.000) 2024-11-07 18:06:37 Finished transferring output files
...
005 (2952.000.000) 2024-11-07 18:06:37 Job terminated.
	(1) Normal termination (return value 0)
		Usr 0 00:00:04, Sys 0 00:00:04  -  Run Remote Usage
		Usr 0 00:00:00, Sys 0 00:00:00  -  Run Local Usage
		Usr 0 00:00:04, Sys 0 00:00:04  -  Total Remote Usage
		Usr 0 00:00:00, Sys 0 00:00:00  -  Total Local Usage
	1462  -  Run Bytes Sent By Job
	789  -  Run Bytes Received By Job
	1462  -  Total Bytes Sent By Job
	789  -  Total Bytes Received By Job
	Partitionable Resources :    Usage  Request Allocated 
	   Cpus                 :        0        1         1 
	   Disk (KB)            :       44        1      7701 
	   GPUs                 :                           0 
	   Memory (MB)          :      455     4000      4096 
	   TimeExecute (s)      :       11                    
	   TimeSlotBusy (s)     :       12                    

	Job terminated of its own accord at 2024-11-07T18:06:37Z with exit-code 0.
...
