000 (1312.000.000) 2024-11-23 21:22:41 Job submitted from host: <147.188.47.47:9618?addrs=147.188.47.47-9618&alias=eprexb.ph.bham.ac.uk&noUDP&sock=schedd_1171491_f6ca>
...
040 (1312.000.000) 2024-11-23 21:29:46 Started transferring input files
	Transferring to host: <147.188.47.73:9618?addrs=147.188.47.73-9618&alias=eplwk003.ph.bham.ac.uk&noUDP&sock=slot1_86_4295_f748_32357>
...
040 (1312.000.000) 2024-11-23 21:29:46 Finished transferring input files
...
001 (1312.000.000) 2024-11-23 21:29:47 Job executing on host: <147.188.47.73:9618?addrs=147.188.47.73-9618&alias=eplwk003.ph.bham.ac.uk&noUDP&sock=startd_4221_d558>
	SlotName: slot1_86@eplwk003.ph.bham.ac.uk
	CondorScratchDir = "/var/lib/condor/execute/dir_3570613"
	Cpus = 1
	Disk = 7698
	GPUs = 0
	Memory = 4096
...
006 (1312.000.000) 2024-11-23 21:29:56 Image size of job updated: 220828
	216  -  MemoryUsage of job (MB)
	220704  -  ResidentSetSize of job (KB)
...
006 (1312.000.000) 2024-11-23 21:33:06 Image size of job updated: 3626440
	2772  -  MemoryUsage of job (MB)
	2838504  -  ResidentSetSize of job (KB)
...
040 (1312.000.000) 2024-11-23 21:33:06 Started transferring output files
...
040 (1312.000.000) 2024-11-23 21:33:06 Finished transferring output files
...
005 (1312.000.000) 2024-11-23 21:33:06 Job terminated.
	(1) Normal termination (return value 0)
		Usr 0 00:02:30, Sys 0 00:00:11  -  Run Remote Usage
		Usr 0 00:00:00, Sys 0 00:00:00  -  Run Local Usage
		Usr 0 00:02:30, Sys 0 00:00:11  -  Total Remote Usage
		Usr 0 00:00:00, Sys 0 00:00:00  -  Total Local Usage
	2816  -  Run Bytes Sent By Job
	953  -  Run Bytes Received By Job
	2816  -  Total Bytes Sent By Job
	953  -  Total Bytes Received By Job
	Partitionable Resources :    Usage  Request Allocated 
	   Cpus                 :     0.60        1         1 
	   Disk (KB)            :    35           1      7698 
	   GPUs                 :                           0 
	   Memory (MB)          :  2772        4000      4096 
	   TimeExecute (s)      :   199                       
	   TimeSlotBusy (s)     :   200                       

	Job terminated of its own accord at 2024-11-23T21:33:06Z with exit-code 0.
...
