000 (2050.000.000) 2024-11-25 14:25:39 Job submitted from host: <147.188.47.47:9618?addrs=147.188.47.47-9618&alias=eprexb.ph.bham.ac.uk&noUDP&sock=schedd_1171491_f6ca>
...
040 (2050.000.000) 2024-11-25 14:25:39 Started transferring input files
	Transferring to host: <147.188.47.71:9618?addrs=147.188.47.71-9618&alias=eplwk001.ph.bham.ac.uk&noUDP&sock=slot1_2_864817_8fb9_65732>
...
040 (2050.000.000) 2024-11-25 14:25:39 Finished transferring input files
...
001 (2050.000.000) 2024-11-25 14:25:40 Job executing on host: <147.188.47.71:9618?addrs=147.188.47.71-9618&alias=eplwk001.ph.bham.ac.uk&noUDP&sock=startd_864732_ce1e>
	SlotName: slot1_2@eplwk001.ph.bham.ac.uk
	CondorScratchDir = "/var/lib/condor/execute/dir_1834644"
	Cpus = 1
	Disk = 7699
	GPUs = 0
	Memory = 4096
...
006 (2050.000.000) 2024-11-25 14:25:49 Image size of job updated: 396084
	387  -  MemoryUsage of job (MB)
	396084  -  ResidentSetSize of job (KB)
...
006 (2050.000.000) 2024-11-25 14:30:49 Image size of job updated: 759276
	742  -  MemoryUsage of job (MB)
	758996  -  ResidentSetSize of job (KB)
...
006 (2050.000.000) 2024-11-25 14:35:49 Image size of job updated: 785656
	768  -  MemoryUsage of job (MB)
	785656  -  ResidentSetSize of job (KB)
...
006 (2050.000.000) 2024-11-25 14:40:50 Image size of job updated: 817016
	798  -  MemoryUsage of job (MB)
	817016  -  ResidentSetSize of job (KB)
...
006 (2050.000.000) 2024-11-25 14:43:09 Image size of job updated: 817984
	798  -  MemoryUsage of job (MB)
	817016  -  ResidentSetSize of job (KB)
...
040 (2050.000.000) 2024-11-25 14:43:09 Started transferring output files
...
040 (2050.000.000) 2024-11-25 14:43:09 Finished transferring output files
...
005 (2050.000.000) 2024-11-25 14:43:09 Job terminated.
	(1) Normal termination (return value 0)
		Usr 0 00:16:28, Sys 0 00:00:49  -  Run Remote Usage
		Usr 0 00:00:00, Sys 0 00:00:00  -  Run Local Usage
		Usr 0 00:16:28, Sys 0 00:00:49  -  Total Remote Usage
		Usr 0 00:00:00, Sys 0 00:00:00  -  Total Local Usage
	2727  -  Run Bytes Sent By Job
	947  -  Run Bytes Received By Job
	2727  -  Total Bytes Sent By Job
	947  -  Total Bytes Received By Job
	Partitionable Resources :    Usage  Request Allocated 
	   Cpus                 :     0.99        1         1 
	   Disk (KB)            :    39           1      7699 
	   GPUs                 :                           0 
	   Memory (MB)          :   798        4000      4096 
	   TimeExecute (s)      :  1049                       
	   TimeSlotBusy (s)     :  1050                       

	Job terminated of its own accord at 2024-11-25T14:43:09Z with exit-code 0.
...
