000 (714.000.000) 2024-11-23 18:00:13 Job submitted from host: <147.188.47.47:9618?addrs=147.188.47.47-9618&alias=eprexb.ph.bham.ac.uk&noUDP&sock=schedd_1171491_f6ca>
...
040 (714.000.000) 2024-11-23 18:00:31 Started transferring input files
	Transferring to host: <147.188.47.71:9618?addrs=147.188.47.71-9618&alias=eplwk001.ph.bham.ac.uk&noUDP&sock=slot1_1_864817_8fb9_63870>
...
040 (714.000.000) 2024-11-23 18:00:31 Finished transferring input files
...
001 (714.000.000) 2024-11-23 18:00:32 Job executing on host: <147.188.47.71:9618?addrs=147.188.47.71-9618&alias=eplwk001.ph.bham.ac.uk&noUDP&sock=startd_864732_ce1e>
	SlotName: slot1_1@eplwk001.ph.bham.ac.uk
	CondorScratchDir = "/var/lib/condor/execute/dir_3081709"
	Cpus = 1
	Disk = 7699
	GPUs = 0
	Memory = 4096
...
006 (714.000.000) 2024-11-23 18:00:41 Image size of job updated: 424264
	414  -  MemoryUsage of job (MB)
	423752  -  ResidentSetSize of job (KB)
...
006 (714.000.000) 2024-11-23 18:01:36 Image size of job updated: 781992
	414  -  MemoryUsage of job (MB)
	423916  -  ResidentSetSize of job (KB)
...
040 (714.000.000) 2024-11-23 18:01:36 Started transferring output files
...
040 (714.000.000) 2024-11-23 18:01:36 Finished transferring output files
...
005 (714.000.000) 2024-11-23 18:01:36 Job terminated.
	(1) Normal termination (return value 0)
		Usr 0 00:00:54, Sys 0 00:00:06  -  Run Remote Usage
		Usr 0 00:00:00, Sys 0 00:00:00  -  Run Local Usage
		Usr 0 00:00:54, Sys 0 00:00:06  -  Total Remote Usage
		Usr 0 00:00:00, Sys 0 00:00:00  -  Total Local Usage
	4012  -  Run Bytes Sent By Job
	942  -  Run Bytes Received By Job
	4012  -  Total Bytes Sent By Job
	942  -  Total Bytes Received By Job
	Partitionable Resources :    Usage  Request Allocated 
	   Cpus                 :        0        1         1 
	   Disk (KB)            :       36        1      7699 
	   GPUs                 :                           0 
	   Memory (MB)          :      414     4000      4096 
	   TimeExecute (s)      :       64                    
	   TimeSlotBusy (s)     :       65                    

	Job terminated of its own accord at 2024-11-23T18:01:36Z with exit-code 0.
...
