000 (1995.000.000) 2024-11-25 13:49:11 Job submitted from host: <147.188.47.47:9618?addrs=147.188.47.47-9618&alias=eprexb.ph.bham.ac.uk&noUDP&sock=schedd_1171491_f6ca>
...
040 (1995.000.000) 2024-11-25 13:49:28 Started transferring input files
	Transferring to host: <147.188.47.71:9618?addrs=147.188.47.71-9618&alias=eplwk001.ph.bham.ac.uk&noUDP&sock=slot1_7_864817_8fb9_65677>
...
040 (1995.000.000) 2024-11-25 13:49:28 Finished transferring input files
...
001 (1995.000.000) 2024-11-25 13:49:29 Job executing on host: <147.188.47.71:9618?addrs=147.188.47.71-9618&alias=eplwk001.ph.bham.ac.uk&noUDP&sock=startd_864732_ce1e>
	SlotName: slot1_7@eplwk001.ph.bham.ac.uk
	CondorScratchDir = "/var/lib/condor/execute/dir_1698131"
	Cpus = 1
	Disk = 7699
	GPUs = 0
	Memory = 4096
...
006 (1995.000.000) 2024-11-25 13:49:38 Image size of job updated: 197644
	193  -  MemoryUsage of job (MB)
	197528  -  ResidentSetSize of job (KB)
...
006 (1995.000.000) 2024-11-25 13:54:39 Image size of job updated: 769148
	751  -  MemoryUsage of job (MB)
	768552  -  ResidentSetSize of job (KB)
...
006 (1995.000.000) 2024-11-25 13:59:39 Image size of job updated: 775948
	758  -  MemoryUsage of job (MB)
	775760  -  ResidentSetSize of job (KB)
...
006 (1995.000.000) 2024-11-25 14:04:39 Image size of job updated: 785332
	767  -  MemoryUsage of job (MB)
	784576  -  ResidentSetSize of job (KB)
...
006 (1995.000.000) 2024-11-25 14:08:27 Image size of job updated: 801484
	767  -  MemoryUsage of job (MB)
	784576  -  ResidentSetSize of job (KB)
...
040 (1995.000.000) 2024-11-25 14:08:27 Started transferring output files
...
040 (1995.000.000) 2024-11-25 14:08:27 Finished transferring output files
...
005 (1995.000.000) 2024-11-25 14:08:28 Job terminated.
	(1) Normal termination (return value 0)
		Usr 0 00:17:48, Sys 0 00:00:52  -  Run Remote Usage
		Usr 0 00:00:00, Sys 0 00:00:00  -  Run Local Usage
		Usr 0 00:17:48, Sys 0 00:00:52  -  Total Remote Usage
		Usr 0 00:00:00, Sys 0 00:00:00  -  Total Local Usage
	2729  -  Run Bytes Sent By Job
	952  -  Run Bytes Received By Job
	2729  -  Total Bytes Sent By Job
	952  -  Total Bytes Received By Job
	Partitionable Resources :    Usage  Request Allocated 
	   Cpus                 :     0.99        1         1 
	   Disk (KB)            :    39           1      7699 
	   GPUs                 :                           0 
	   Memory (MB)          :   767        4000      4096 
	   TimeExecute (s)      :  1138                       
	   TimeSlotBusy (s)     :  1139                       

	Job terminated of its own accord at 2024-11-25T14:08:27Z with exit-code 0.
...
