000 (2955.000.000) 2024-11-08 11:20:05 Job submitted from host: <147.188.47.46:9618?addrs=147.188.47.46-9618&alias=eprexa.ph.bham.ac.uk&noUDP&sock=schedd_1682379_a360>
...
040 (2955.000.000) 2024-11-08 11:20:06 Started transferring input files
	Transferring to host: <147.188.47.71:9618?addrs=147.188.47.71-9618&alias=eplwk001.ph.bham.ac.uk&noUDP&sock=slot1_1_864817_8fb9_38326>
...
040 (2955.000.000) 2024-11-08 11:20:06 Finished transferring input files
...
001 (2955.000.000) 2024-11-08 11:20:07 Job executing on host: <147.188.47.71:9618?addrs=147.188.47.71-9618&alias=eplwk001.ph.bham.ac.uk&noUDP&sock=startd_864732_ce1e>
	SlotName: slot1_1@eplwk001.ph.bham.ac.uk
	CondorScratchDir = "/var/lib/condor/execute/dir_2574565"
	Cpus = 1
	Disk = 7699
	GPUs = 0
	Memory = 4096
...
006 (2955.000.000) 2024-11-08 11:20:15 Image size of job updated: 150564
	148  -  MemoryUsage of job (MB)
	150564  -  ResidentSetSize of job (KB)
...
006 (2955.000.000) 2024-11-08 11:21:44 Image size of job updated: 2825296
	2005  -  MemoryUsage of job (MB)
	2052408  -  ResidentSetSize of job (KB)
...
040 (2955.000.000) 2024-11-08 11:21:44 Started transferring output files
...
040 (2955.000.000) 2024-11-08 11:21:44 Finished transferring output files
...
005 (2955.000.000) 2024-11-08 11:21:44 Job terminated.
	(1) Normal termination (return value 0)
		Usr 0 00:00:28, Sys 0 00:00:05  -  Run Remote Usage
		Usr 0 00:00:00, Sys 0 00:00:00  -  Run Local Usage
		Usr 0 00:00:28, Sys 0 00:00:05  -  Total Remote Usage
		Usr 0 00:00:00, Sys 0 00:00:00  -  Total Local Usage
	2701  -  Run Bytes Sent By Job
	803  -  Run Bytes Received By Job
	2701  -  Total Bytes Sent By Job
	803  -  Total Bytes Received By Job
	Partitionable Resources :    Usage  Request Allocated 
	   Cpus                 :     0.03        1         1 
	   Disk (KB)            :    38           1      7699 
	   GPUs                 :                           0 
	   Memory (MB)          :  2005        4000      4096 
	   TimeExecute (s)      :    97                       
	   TimeSlotBusy (s)     :    98                       

	Job terminated of its own accord at 2024-11-08T11:21:44Z with exit-code 0.
...
