000 (693.000.000) 2024-11-23 17:42:32 Job submitted from host: <147.188.47.47:9618?addrs=147.188.47.47-9618&alias=eprexb.ph.bham.ac.uk&noUDP&sock=schedd_1171491_f6ca>
...
040 (693.000.000) 2024-11-23 17:42:49 Started transferring input files
	Transferring to host: <147.188.47.71:9618?addrs=147.188.47.71-9618&alias=eplwk001.ph.bham.ac.uk&noUDP&sock=slot1_3_864817_8fb9_63849>
...
040 (693.000.000) 2024-11-23 17:42:49 Finished transferring input files
...
001 (693.000.000) 2024-11-23 17:42:51 Job executing on host: <147.188.47.71:9618?addrs=147.188.47.71-9618&alias=eplwk001.ph.bham.ac.uk&noUDP&sock=startd_864732_ce1e>
	SlotName: slot1_3@eplwk001.ph.bham.ac.uk
	CondorScratchDir = "/var/lib/condor/execute/dir_3071390"
	Cpus = 1
	Disk = 7699
	GPUs = 0
	Memory = 4096
...
006 (693.000.000) 2024-11-23 17:42:59 Image size of job updated: 463236
	453  -  MemoryUsage of job (MB)
	463144  -  ResidentSetSize of job (KB)
...
006 (693.000.000) 2024-11-23 17:43:53 Image size of job updated: 777852
	453  -  MemoryUsage of job (MB)
	463144  -  ResidentSetSize of job (KB)
...
040 (693.000.000) 2024-11-23 17:43:53 Started transferring output files
...
040 (693.000.000) 2024-11-23 17:43:53 Finished transferring output files
...
005 (693.000.000) 2024-11-23 17:43:53 Job terminated.
	(1) Normal termination (return value 0)
		Usr 0 00:00:54, Sys 0 00:00:05  -  Run Remote Usage
		Usr 0 00:00:00, Sys 0 00:00:00  -  Run Local Usage
		Usr 0 00:00:54, Sys 0 00:00:05  -  Total Remote Usage
		Usr 0 00:00:00, Sys 0 00:00:00  -  Total Local Usage
	4014  -  Run Bytes Sent By Job
	947  -  Run Bytes Received By Job
	4014  -  Total Bytes Sent By Job
	947  -  Total Bytes Received By Job
	Partitionable Resources :    Usage  Request Allocated 
	   Cpus                 :                 1         1 
	   Disk (KB)            :       30        1      7699 
	   GPUs                 :                           0 
	   Memory (MB)          :      453     4000      4096 
	   TimeExecute (s)      :       62                    
	   TimeSlotBusy (s)     :       64                    

	Job terminated of its own accord at 2024-11-23T17:43:53Z with exit-code 0.
...
