000 (2958.000.000) 2024-11-08 11:37:38 Job submitted from host: <147.188.47.46:9618?addrs=147.188.47.46-9618&alias=eprexa.ph.bham.ac.uk&noUDP&sock=schedd_1682379_a360>
...
040 (2958.000.000) 2024-11-08 11:37:38 Started transferring input files
	Transferring to host: <147.188.47.71:9618?addrs=147.188.47.71-9618&alias=eplwk001.ph.bham.ac.uk&noUDP&sock=slot1_1_864817_8fb9_38329>
...
040 (2958.000.000) 2024-11-08 11:37:38 Finished transferring input files
...
001 (2958.000.000) 2024-11-08 11:37:39 Job executing on host: <147.188.47.71:9618?addrs=147.188.47.71-9618&alias=eplwk001.ph.bham.ac.uk&noUDP&sock=startd_864732_ce1e>
	SlotName: slot1_1@eplwk001.ph.bham.ac.uk
	CondorScratchDir = "/var/lib/condor/execute/dir_2576165"
	Cpus = 1
	Disk = 7699
	GPUs = 0
	Memory = 4096
...
006 (2958.000.000) 2024-11-08 11:37:48 Image size of job updated: 365804
	358  -  MemoryUsage of job (MB)
	365624  -  ResidentSetSize of job (KB)
...
006 (2958.000.000) 2024-11-08 11:38:16 Image size of job updated: 782560
	358  -  MemoryUsage of job (MB)
	365624  -  ResidentSetSize of job (KB)
...
040 (2958.000.000) 2024-11-08 11:38:16 Started transferring output files
...
040 (2958.000.000) 2024-11-08 11:38:16 Finished transferring output files
...
005 (2958.000.000) 2024-11-08 11:38:16 Job terminated.
	(1) Normal termination (return value 0)
		Usr 0 00:00:28, Sys 0 00:00:05  -  Run Remote Usage
		Usr 0 00:00:00, Sys 0 00:00:00  -  Run Local Usage
		Usr 0 00:00:28, Sys 0 00:00:05  -  Total Remote Usage
		Usr 0 00:00:00, Sys 0 00:00:00  -  Total Local Usage
	2807  -  Run Bytes Sent By Job
	827  -  Run Bytes Received By Job
	2807  -  Total Bytes Sent By Job
	827  -  Total Bytes Received By Job
	Partitionable Resources :    Usage  Request Allocated 
	   Cpus                 :        0        1         1 
	   Disk (KB)            :       38        1      7699 
	   GPUs                 :                           0 
	   Memory (MB)          :      358     4000      4096 
	   TimeExecute (s)      :       37                    
	   TimeSlotBusy (s)     :       38                    

	Job terminated of its own accord at 2024-11-08T11:38:16Z with exit-code 0.
...
