000 (2011.000.000) 2024-11-25 13:49:23 Job submitted from host: <147.188.47.47:9618?addrs=147.188.47.47-9618&alias=eprexb.ph.bham.ac.uk&noUDP&sock=schedd_1171491_f6ca>
...
040 (2011.000.000) 2024-11-25 13:49:29 Started transferring input files
	Transferring to host: <147.188.47.71:9618?addrs=147.188.47.71-9618&alias=eplwk001.ph.bham.ac.uk&noUDP&sock=slot1_23_864817_8fb9_65691>
...
040 (2011.000.000) 2024-11-25 13:49:29 Finished transferring input files
...
001 (2011.000.000) 2024-11-25 13:49:30 Job executing on host: <147.188.47.71:9618?addrs=147.188.47.71-9618&alias=eplwk001.ph.bham.ac.uk&noUDP&sock=startd_864732_ce1e>
	SlotName: slot1_23@eplwk001.ph.bham.ac.uk
	CondorScratchDir = "/var/lib/condor/execute/dir_1698159"
	Cpus = 1
	Disk = 7699
	GPUs = 0
	Memory = 4096
...
006 (2011.000.000) 2024-11-25 13:49:39 Image size of job updated: 189124
	185  -  MemoryUsage of job (MB)
	188616  -  ResidentSetSize of job (KB)
...
006 (2011.000.000) 2024-11-25 13:54:40 Image size of job updated: 765060
	748  -  MemoryUsage of job (MB)
	765060  -  ResidentSetSize of job (KB)
...
006 (2011.000.000) 2024-11-25 13:59:41 Image size of job updated: 791384
	773  -  MemoryUsage of job (MB)
	790912  -  ResidentSetSize of job (KB)
...
006 (2011.000.000) 2024-11-25 14:04:42 Image size of job updated: 805308
	773  -  MemoryUsage of job (MB)
	790912  -  ResidentSetSize of job (KB)
...
006 (2011.000.000) 2024-11-25 14:07:43 Image size of job updated: 821800
	773  -  MemoryUsage of job (MB)
	790912  -  ResidentSetSize of job (KB)
...
040 (2011.000.000) 2024-11-25 14:07:43 Started transferring output files
...
040 (2011.000.000) 2024-11-25 14:07:43 Finished transferring output files
...
005 (2011.000.000) 2024-11-25 14:07:43 Job terminated.
	(1) Normal termination (return value 0)
		Usr 0 00:17:01, Sys 0 00:00:51  -  Run Remote Usage
		Usr 0 00:00:00, Sys 0 00:00:00  -  Run Local Usage
		Usr 0 00:17:01, Sys 0 00:00:51  -  Total Remote Usage
		Usr 0 00:00:00, Sys 0 00:00:00  -  Total Local Usage
	2731  -  Run Bytes Sent By Job
	957  -  Run Bytes Received By Job
	2731  -  Total Bytes Sent By Job
	957  -  Total Bytes Received By Job
	Partitionable Resources :    Usage  Request Allocated 
	   Cpus                 :     0.99        1         1 
	   Disk (KB)            :    39           1      7699 
	   GPUs                 :                           0 
	   Memory (MB)          :   773        4000      4096 
	   TimeExecute (s)      :  1093                       
	   TimeSlotBusy (s)     :  1094                       

	Job terminated of its own accord at 2024-11-25T14:07:43Z with exit-code 0.
...
