000 (1213.000.000) 2024-11-23 19:25:23 Job submitted from host: <147.188.47.47:9618?addrs=147.188.47.47-9618&alias=eprexb.ph.bham.ac.uk&noUDP&sock=schedd_1171491_f6ca>
...
040 (1213.000.000) 2024-11-23 19:25:40 Started transferring input files
	Transferring to host: <147.188.47.71:9618?addrs=147.188.47.71-9618&alias=eplwk001.ph.bham.ac.uk&noUDP&sock=slot1_3_864817_8fb9_64361>
...
040 (1213.000.000) 2024-11-23 19:25:40 Finished transferring input files
...
001 (1213.000.000) 2024-11-23 19:25:41 Job executing on host: <147.188.47.71:9618?addrs=147.188.47.71-9618&alias=eplwk001.ph.bham.ac.uk&noUDP&sock=startd_864732_ce1e>
	SlotName: slot1_3@eplwk001.ph.bham.ac.uk
	CondorScratchDir = "/var/lib/condor/execute/dir_296553"
	Cpus = 1
	Disk = 7699
	GPUs = 0
	Memory = 4096
...
006 (1213.000.000) 2024-11-23 19:25:50 Image size of job updated: 294952
	289  -  MemoryUsage of job (MB)
	294948  -  ResidentSetSize of job (KB)
...
006 (1213.000.000) 2024-11-23 19:26:47 Image size of job updated: 781144
	289  -  MemoryUsage of job (MB)
	294948  -  ResidentSetSize of job (KB)
...
040 (1213.000.000) 2024-11-23 19:26:47 Started transferring output files
...
040 (1213.000.000) 2024-11-23 19:26:47 Finished transferring output files
...
005 (1213.000.000) 2024-11-23 19:26:47 Job terminated.
	(1) Normal termination (return value 0)
		Usr 0 00:00:56, Sys 0 00:00:05  -  Run Remote Usage
		Usr 0 00:00:00, Sys 0 00:00:00  -  Run Local Usage
		Usr 0 00:00:56, Sys 0 00:00:05  -  Total Remote Usage
		Usr 0 00:00:00, Sys 0 00:00:00  -  Total Local Usage
	2804  -  Run Bytes Sent By Job
	947  -  Run Bytes Received By Job
	2804  -  Total Bytes Sent By Job
	947  -  Total Bytes Received By Job
	Partitionable Resources :    Usage  Request Allocated 
	   Cpus                 :        0        1         1 
	   Disk (KB)            :       35        1      7699 
	   GPUs                 :                           0 
	   Memory (MB)          :      289     4000      4096 
	   TimeExecute (s)      :       66                    
	   TimeSlotBusy (s)     :       67                    

	Job terminated of its own accord at 2024-11-23T19:26:47Z with exit-code 0.
...
