000 (666.000.000) 2024-11-23 17:29:42 Job submitted from host: <147.188.47.47:9618?addrs=147.188.47.47-9618&alias=eprexb.ph.bham.ac.uk&noUDP&sock=schedd_1171491_f6ca>
...
040 (666.000.000) 2024-11-23 17:29:50 Started transferring input files
	Transferring to host: <147.188.47.71:9618?addrs=147.188.47.71-9618&alias=eplwk001.ph.bham.ac.uk&noUDP&sock=slot1_4_864817_8fb9_63822>
...
040 (666.000.000) 2024-11-23 17:29:50 Finished transferring input files
...
001 (666.000.000) 2024-11-23 17:29:51 Job executing on host: <147.188.47.71:9618?addrs=147.188.47.71-9618&alias=eplwk001.ph.bham.ac.uk&noUDP&sock=startd_864732_ce1e>
	SlotName: slot1_4@eplwk001.ph.bham.ac.uk
	CondorScratchDir = "/var/lib/condor/execute/dir_3058263"
	Cpus = 1
	Disk = 7699
	GPUs = 0
	Memory = 4096
...
006 (666.000.000) 2024-11-23 17:30:00 Image size of job updated: 473072
	462  -  MemoryUsage of job (MB)
	472984  -  ResidentSetSize of job (KB)
...
006 (666.000.000) 2024-11-23 17:30:54 Image size of job updated: 781508
	463  -  MemoryUsage of job (MB)
	473172  -  ResidentSetSize of job (KB)
...
040 (666.000.000) 2024-11-23 17:30:54 Started transferring output files
...
040 (666.000.000) 2024-11-23 17:30:54 Finished transferring output files
...
005 (666.000.000) 2024-11-23 17:30:54 Job terminated.
	(1) Normal termination (return value 0)
		Usr 0 00:00:54, Sys 0 00:00:05  -  Run Remote Usage
		Usr 0 00:00:00, Sys 0 00:00:00  -  Run Local Usage
		Usr 0 00:00:54, Sys 0 00:00:05  -  Total Remote Usage
		Usr 0 00:00:00, Sys 0 00:00:00  -  Total Local Usage
	4014  -  Run Bytes Sent By Job
	947  -  Run Bytes Received By Job
	4014  -  Total Bytes Sent By Job
	947  -  Total Bytes Received By Job
	Partitionable Resources :    Usage  Request Allocated 
	   Cpus                 :        0        1         1 
	   Disk (KB)            :       35        1      7699 
	   GPUs                 :                           0 
	   Memory (MB)          :      463     4000      4096 
	   TimeExecute (s)      :       63                    
	   TimeSlotBusy (s)     :       64                    

	Job terminated of its own accord at 2024-11-23T17:30:54Z with exit-code 0.
...
