000 (519.000.000) 2024-11-23 15:49:18 Job submitted from host: <147.188.47.47:9618?addrs=147.188.47.47-9618&alias=eprexb.ph.bham.ac.uk&noUDP&sock=schedd_1171491_f6ca>
...
040 (519.000.000) 2024-11-23 15:49:22 Started transferring input files
	Transferring to host: <147.188.47.71:9618?addrs=147.188.47.71-9618&alias=eplwk001.ph.bham.ac.uk&noUDP&sock=slot1_22_864817_8fb9_63656>
...
040 (519.000.000) 2024-11-23 15:49:22 Finished transferring input files
...
001 (519.000.000) 2024-11-23 15:49:23 Job executing on host: <147.188.47.71:9618?addrs=147.188.47.71-9618&alias=eplwk001.ph.bham.ac.uk&noUDP&sock=startd_864732_ce1e>
	SlotName: slot1_22@eplwk001.ph.bham.ac.uk
	CondorScratchDir = "/var/lib/condor/execute/dir_2769133"
	Cpus = 1
	Disk = 7699
	GPUs = 0
	Memory = 4096
...
006 (519.000.000) 2024-11-23 15:49:31 Image size of job updated: 56568
	56  -  MemoryUsage of job (MB)
	56564  -  ResidentSetSize of job (KB)
...
006 (519.000.000) 2024-11-23 15:54:31 Image size of job updated: 1523212
	1488  -  MemoryUsage of job (MB)
	1523212  -  ResidentSetSize of job (KB)
...
006 (519.000.000) 2024-11-23 15:58:57 Image size of job updated: 2375356
	1555  -  MemoryUsage of job (MB)
	1592228  -  ResidentSetSize of job (KB)
...
040 (519.000.000) 2024-11-23 15:58:57 Started transferring output files
...
040 (519.000.000) 2024-11-23 15:58:57 Finished transferring output files
...
005 (519.000.000) 2024-11-23 15:58:57 Job terminated.
	(1) Normal termination (return value 0)
		Usr 0 00:01:08, Sys 0 00:00:11  -  Run Remote Usage
		Usr 0 00:00:00, Sys 0 00:00:00  -  Run Local Usage
		Usr 0 00:01:08, Sys 0 00:00:11  -  Total Remote Usage
		Usr 0 00:00:00, Sys 0 00:00:00  -  Total Local Usage
	4229  -  Run Bytes Sent By Job
	952  -  Run Bytes Received By Job
	4229  -  Total Bytes Sent By Job
	952  -  Total Bytes Received By Job
	Partitionable Resources :    Usage  Request Allocated 
	   Cpus                 :     0.14        1         1 
	   Disk (KB)            :    36           1      7699 
	   GPUs                 :                           0 
	   Memory (MB)          :  1555        4000      4096 
	   TimeExecute (s)      :   574                       
	   TimeSlotBusy (s)     :   576                       

	Job terminated of its own accord at 2024-11-23T15:58:57Z with exit-code 0.
...
