000 (656.000.000) 2024-11-23 17:26:26 Job submitted from host: <147.188.47.47:9618?addrs=147.188.47.47-9618&alias=eprexb.ph.bham.ac.uk&noUDP&sock=schedd_1171491_f6ca>
...
040 (656.000.000) 2024-11-23 17:26:40 Started transferring input files
	Transferring to host: <147.188.47.71:9618?addrs=147.188.47.71-9618&alias=eplwk001.ph.bham.ac.uk&noUDP&sock=slot1_4_864817_8fb9_63812>
...
040 (656.000.000) 2024-11-23 17:26:40 Finished transferring input files
...
001 (656.000.000) 2024-11-23 17:26:41 Job executing on host: <147.188.47.71:9618?addrs=147.188.47.71-9618&alias=eplwk001.ph.bham.ac.uk&noUDP&sock=startd_864732_ce1e>
	SlotName: slot1_4@eplwk001.ph.bham.ac.uk
	CondorScratchDir = "/var/lib/condor/execute/dir_3053704"
	Cpus = 1
	Disk = 7699
	GPUs = 0
	Memory = 4096
...
006 (656.000.000) 2024-11-23 17:26:50 Image size of job updated: 504668
	493  -  MemoryUsage of job (MB)
	504468  -  ResidentSetSize of job (KB)
...
006 (656.000.000) 2024-11-23 17:27:56 Image size of job updated: 790716
	493  -  MemoryUsage of job (MB)
	504724  -  ResidentSetSize of job (KB)
...
040 (656.000.000) 2024-11-23 17:27:56 Started transferring output files
...
040 (656.000.000) 2024-11-23 17:27:56 Finished transferring output files
...
005 (656.000.000) 2024-11-23 17:27:56 Job terminated.
	(1) Normal termination (return value 0)
		Usr 0 00:01:06, Sys 0 00:00:05  -  Run Remote Usage
		Usr 0 00:00:00, Sys 0 00:00:00  -  Run Local Usage
		Usr 0 00:01:06, Sys 0 00:00:05  -  Total Remote Usage
		Usr 0 00:00:00, Sys 0 00:00:00  -  Total Local Usage
	4316  -  Run Bytes Sent By Job
	952  -  Run Bytes Received By Job
	4316  -  Total Bytes Sent By Job
	952  -  Total Bytes Received By Job
	Partitionable Resources :    Usage  Request Allocated 
	   Cpus                 :     1.00        1         1 
	   Disk (KB)            :    36           1      7699 
	   GPUs                 :                           0 
	   Memory (MB)          :   493        4000      4096 
	   TimeExecute (s)      :    75                       
	   TimeSlotBusy (s)     :    76                       

	Job terminated of its own accord at 2024-11-23T17:27:56Z with exit-code 0.
...
