000 (700.000.000) 2024-11-23 17:42:53 Job submitted from host: <147.188.47.47:9618?addrs=147.188.47.47-9618&alias=eprexb.ph.bham.ac.uk&noUDP&sock=schedd_1171491_f6ca>
...
040 (700.000.000) 2024-11-23 17:43:10 Started transferring input files
	Transferring to host: <147.188.47.71:9618?addrs=147.188.47.71-9618&alias=eplwk001.ph.bham.ac.uk&noUDP&sock=slot1_10_864817_8fb9_63856>
...
040 (700.000.000) 2024-11-23 17:43:10 Finished transferring input files
...
001 (700.000.000) 2024-11-23 17:43:11 Job executing on host: <147.188.47.71:9618?addrs=147.188.47.71-9618&alias=eplwk001.ph.bham.ac.uk&noUDP&sock=startd_864732_ce1e>
	SlotName: slot1_10@eplwk001.ph.bham.ac.uk
	CondorScratchDir = "/var/lib/condor/execute/dir_3074093"
	Cpus = 1
	Disk = 7699
	GPUs = 0
	Memory = 4096
...
006 (700.000.000) 2024-11-23 17:43:19 Image size of job updated: 480828
	470  -  MemoryUsage of job (MB)
	480424  -  ResidentSetSize of job (KB)
...
006 (700.000.000) 2024-11-23 17:44:12 Image size of job updated: 793496
	470  -  MemoryUsage of job (MB)
	480652  -  ResidentSetSize of job (KB)
...
040 (700.000.000) 2024-11-23 17:44:12 Started transferring output files
...
040 (700.000.000) 2024-11-23 17:44:12 Finished transferring output files
...
005 (700.000.000) 2024-11-23 17:44:12 Job terminated.
	(1) Normal termination (return value 0)
		Usr 0 00:00:53, Sys 0 00:00:05  -  Run Remote Usage
		Usr 0 00:00:00, Sys 0 00:00:00  -  Run Local Usage
		Usr 0 00:00:53, Sys 0 00:00:05  -  Total Remote Usage
		Usr 0 00:00:00, Sys 0 00:00:00  -  Total Local Usage
	4016  -  Run Bytes Sent By Job
	952  -  Run Bytes Received By Job
	4016  -  Total Bytes Sent By Job
	952  -  Total Bytes Received By Job
	Partitionable Resources :    Usage  Request Allocated 
	   Cpus                 :        0        1         1 
	   Disk (KB)            :       36        1      7699 
	   GPUs                 :                           0 
	   Memory (MB)          :      470     4000      4096 
	   TimeExecute (s)      :       61                    
	   TimeSlotBusy (s)     :       62                    

	Job terminated of its own accord at 2024-11-23T17:44:12Z with exit-code 0.
...
