000 (1341.000.000) 2024-11-23 22:10:24 Job submitted from host: <147.188.47.47:9618?addrs=147.188.47.47-9618&alias=eprexb.ph.bham.ac.uk&noUDP&sock=schedd_1171491_f6ca>
...
040 (1341.000.000) 2024-11-23 22:25:52 Started transferring input files
	Transferring to host: <147.188.47.72:9618?addrs=147.188.47.72-9618&alias=eplwk002.ph.bham.ac.uk&noUDP&sock=slot1_86_187135_4953_45422>
...
040 (1341.000.000) 2024-11-23 22:25:52 Finished transferring input files
...
001 (1341.000.000) 2024-11-23 22:25:53 Job executing on host: <147.188.47.72:9618?addrs=147.188.47.72-9618&alias=eplwk002.ph.bham.ac.uk&noUDP&sock=startd_187014_a097>
	SlotName: slot1_86@eplwk002.ph.bham.ac.uk
	CondorScratchDir = "/var/lib/condor/execute/dir_2655575"
	Cpus = 1
	Disk = 7701
	GPUs = 0
	Memory = 4096
...
006 (1341.000.000) 2024-11-23 22:26:02 Image size of job updated: 293004
	287  -  MemoryUsage of job (MB)
	293004  -  ResidentSetSize of job (KB)
...
006 (1341.000.000) 2024-11-23 22:28:37 Image size of job updated: 3021036
	2182  -  MemoryUsage of job (MB)
	2233612  -  ResidentSetSize of job (KB)
...
040 (1341.000.000) 2024-11-23 22:28:37 Started transferring output files
...
040 (1341.000.000) 2024-11-23 22:28:37 Finished transferring output files
...
005 (1341.000.000) 2024-11-23 22:28:37 Job terminated.
	(1) Normal termination (return value 0)
		Usr 0 00:02:02, Sys 0 00:00:09  -  Run Remote Usage
		Usr 0 00:00:00, Sys 0 00:00:00  -  Run Local Usage
		Usr 0 00:02:02, Sys 0 00:00:09  -  Total Remote Usage
		Usr 0 00:00:00, Sys 0 00:00:00  -  Total Local Usage
	2816  -  Run Bytes Sent By Job
	952  -  Run Bytes Received By Job
	2816  -  Total Bytes Sent By Job
	952  -  Total Bytes Received By Job
	Partitionable Resources :    Usage  Request Allocated 
	   Cpus                 :        0        1         1 
	   Disk (KB)            :       35        1      7701 
	   GPUs                 :                           0 
	   Memory (MB)          :     2182     4000      4096 
	   TimeExecute (s)      :      164                    
	   TimeSlotBusy (s)     :      165                    

	Job terminated of its own accord at 2024-11-23T22:28:37Z with exit-code 0.
...
