000 (650.000.000) 2024-11-23 17:20:49 Job submitted from host: <147.188.47.47:9618?addrs=147.188.47.47-9618&alias=eprexb.ph.bham.ac.uk&noUDP&sock=schedd_1171491_f6ca>
...
040 (650.000.000) 2024-11-23 17:21:09 Started transferring input files
	Transferring to host: <147.188.47.71:9618?addrs=147.188.47.71-9618&alias=eplwk001.ph.bham.ac.uk&noUDP&sock=slot1_8_864817_8fb9_63803>
...
040 (650.000.000) 2024-11-23 17:21:09 Finished transferring input files
...
001 (650.000.000) 2024-11-23 17:21:10 Job executing on host: <147.188.47.71:9618?addrs=147.188.47.71-9618&alias=eplwk001.ph.bham.ac.uk&noUDP&sock=startd_864732_ce1e>
	SlotName: slot1_8@eplwk001.ph.bham.ac.uk
	CondorScratchDir = "/var/lib/condor/execute/dir_3050862"
	Cpus = 1
	Disk = 7699
	GPUs = 0
	Memory = 4096
...
006 (650.000.000) 2024-11-23 17:21:18 Image size of job updated: 497756
	487  -  MemoryUsage of job (MB)
	497756  -  ResidentSetSize of job (KB)
...
006 (650.000.000) 2024-11-23 17:22:24 Image size of job updated: 784916
	487  -  MemoryUsage of job (MB)
	497756  -  ResidentSetSize of job (KB)
...
040 (650.000.000) 2024-11-23 17:22:24 Started transferring output files
...
040 (650.000.000) 2024-11-23 17:22:24 Finished transferring output files
...
005 (650.000.000) 2024-11-23 17:22:24 Job terminated.
	(1) Normal termination (return value 0)
		Usr 0 00:01:06, Sys 0 00:00:05  -  Run Remote Usage
		Usr 0 00:00:00, Sys 0 00:00:00  -  Run Local Usage
		Usr 0 00:01:06, Sys 0 00:00:05  -  Total Remote Usage
		Usr 0 00:00:00, Sys 0 00:00:00  -  Total Local Usage
	4316  -  Run Bytes Sent By Job
	952  -  Run Bytes Received By Job
	4316  -  Total Bytes Sent By Job
	952  -  Total Bytes Received By Job
	Partitionable Resources :    Usage  Request Allocated 
	   Cpus                 :     0.99        1         1 
	   Disk (KB)            :    36           1      7699 
	   GPUs                 :                           0 
	   Memory (MB)          :   487        4000      4096 
	   TimeExecute (s)      :    74                       
	   TimeSlotBusy (s)     :    76                       

	Job terminated of its own accord at 2024-11-23T17:22:24Z with exit-code 0.
...
