000 (1241.000.000) 2024-11-23 19:47:46 Job submitted from host: <147.188.47.47:9618?addrs=147.188.47.47-9618&alias=eprexb.ph.bham.ac.uk&noUDP&sock=schedd_1171491_f6ca>
...
040 (1241.000.000) 2024-11-23 19:48:02 Started transferring input files
	Transferring to host: <147.188.47.71:9618?addrs=147.188.47.71-9618&alias=eplwk001.ph.bham.ac.uk&noUDP&sock=slot1_10_864817_8fb9_64389>
...
040 (1241.000.000) 2024-11-23 19:48:02 Finished transferring input files
...
001 (1241.000.000) 2024-11-23 19:48:03 Job executing on host: <147.188.47.71:9618?addrs=147.188.47.71-9618&alias=eplwk001.ph.bham.ac.uk&noUDP&sock=startd_864732_ce1e>
	SlotName: slot1_10@eplwk001.ph.bham.ac.uk
	CondorScratchDir = "/var/lib/condor/execute/dir_320172"
	Cpus = 1
	Disk = 7699
	GPUs = 0
	Memory = 4096
...
006 (1241.000.000) 2024-11-23 19:48:12 Image size of job updated: 270468
	265  -  MemoryUsage of job (MB)
	270468  -  ResidentSetSize of job (KB)
...
006 (1241.000.000) 2024-11-23 19:49:24 Image size of job updated: 792084
	265  -  MemoryUsage of job (MB)
	270648  -  ResidentSetSize of job (KB)
...
040 (1241.000.000) 2024-11-23 19:49:24 Started transferring output files
...
040 (1241.000.000) 2024-11-23 19:49:24 Finished transferring output files
...
005 (1241.000.000) 2024-11-23 19:49:24 Job terminated.
	(1) Normal termination (return value 0)
		Usr 0 00:01:09, Sys 0 00:00:06  -  Run Remote Usage
		Usr 0 00:00:00, Sys 0 00:00:00  -  Run Local Usage
		Usr 0 00:01:09, Sys 0 00:00:06  -  Total Remote Usage
		Usr 0 00:00:00, Sys 0 00:00:00  -  Total Local Usage
	2806  -  Run Bytes Sent By Job
	953  -  Run Bytes Received By Job
	2806  -  Total Bytes Sent By Job
	953  -  Total Bytes Received By Job
	Partitionable Resources :    Usage  Request Allocated 
	   Cpus                 :        0        1         1 
	   Disk (KB)            :       34        1      7699 
	   GPUs                 :                           0 
	   Memory (MB)          :      265     4000      4096 
	   TimeExecute (s)      :       81                    
	   TimeSlotBusy (s)     :       82                    

	Job terminated of its own accord at 2024-11-23T19:49:24Z with exit-code 0.
...
