000 (1348.000.000) 2024-11-23 22:35:33 Job submitted from host: <147.188.47.47:9618?addrs=147.188.47.47-9618&alias=eprexb.ph.bham.ac.uk&noUDP&sock=schedd_1171491_f6ca>
...
040 (1348.000.000) 2024-11-23 22:37:39 Started transferring input files
	Transferring to host: <147.188.47.71:9618?addrs=147.188.47.71-9618&alias=eplwk001.ph.bham.ac.uk&noUDP&sock=slot1_86_864817_8fb9_64632>
...
040 (1348.000.000) 2024-11-23 22:37:39 Finished transferring input files
...
001 (1348.000.000) 2024-11-23 22:37:40 Job executing on host: <147.188.47.71:9618?addrs=147.188.47.71-9618&alias=eplwk001.ph.bham.ac.uk&noUDP&sock=startd_864732_ce1e>
	SlotName: slot1_86@eplwk001.ph.bham.ac.uk
	CondorScratchDir = "/var/lib/condor/execute/dir_432434"
	Cpus = 1
	Disk = 7699
	GPUs = 0
	Memory = 4096
...
006 (1348.000.000) 2024-11-23 22:37:49 Image size of job updated: 238344
	233  -  MemoryUsage of job (MB)
	238224  -  ResidentSetSize of job (KB)
...
006 (1348.000.000) 2024-11-23 22:40:21 Image size of job updated: 1024964
	233  -  MemoryUsage of job (MB)
	238472  -  ResidentSetSize of job (KB)
...
040 (1348.000.000) 2024-11-23 22:40:22 Started transferring output files
...
040 (1348.000.000) 2024-11-23 22:40:22 Finished transferring output files
...
005 (1348.000.000) 2024-11-23 22:40:22 Job terminated.
	(1) Normal termination (return value 0)
		Usr 0 00:02:19, Sys 0 00:00:09  -  Run Remote Usage
		Usr 0 00:00:00, Sys 0 00:00:00  -  Run Local Usage
		Usr 0 00:02:19, Sys 0 00:00:09  -  Total Remote Usage
		Usr 0 00:00:00, Sys 0 00:00:00  -  Total Local Usage
	2804  -  Run Bytes Sent By Job
	948  -  Run Bytes Received By Job
	2804  -  Total Bytes Sent By Job
	948  -  Total Bytes Received By Job
	Partitionable Resources :    Usage  Request Allocated 
	   Cpus                 :        0        1         1 
	   Disk (KB)            :       35        1      7699 
	   GPUs                 :                           0 
	   Memory (MB)          :      233     4000      4096 
	   TimeExecute (s)      :      161                    
	   TimeSlotBusy (s)     :      163                    

	Job terminated of its own accord at 2024-11-23T22:40:21Z with exit-code 0.
...
