000 (1238.000.000) 2024-11-23 19:47:43 Job submitted from host: <147.188.47.47:9618?addrs=147.188.47.47-9618&alias=eprexb.ph.bham.ac.uk&noUDP&sock=schedd_1171491_f6ca>
...
040 (1238.000.000) 2024-11-23 19:48:02 Started transferring input files
	Transferring to host: <147.188.47.71:9618?addrs=147.188.47.71-9618&alias=eplwk001.ph.bham.ac.uk&noUDP&sock=slot1_7_864817_8fb9_64386>
...
040 (1238.000.000) 2024-11-23 19:48:02 Finished transferring input files
...
001 (1238.000.000) 2024-11-23 19:48:03 Job executing on host: <147.188.47.71:9618?addrs=147.188.47.71-9618&alias=eplwk001.ph.bham.ac.uk&noUDP&sock=startd_864732_ce1e>
	SlotName: slot1_7@eplwk001.ph.bham.ac.uk
	CondorScratchDir = "/var/lib/condor/execute/dir_320166"
	Cpus = 1
	Disk = 7699
	GPUs = 0
	Memory = 4096
...
006 (1238.000.000) 2024-11-23 19:48:12 Image size of job updated: 371508
	363  -  MemoryUsage of job (MB)
	371504  -  ResidentSetSize of job (KB)
...
006 (1238.000.000) 2024-11-23 19:49:21 Image size of job updated: 779128
	364  -  MemoryUsage of job (MB)
	371760  -  ResidentSetSize of job (KB)
...
040 (1238.000.000) 2024-11-23 19:49:21 Started transferring output files
...
040 (1238.000.000) 2024-11-23 19:49:21 Finished transferring output files
...
005 (1238.000.000) 2024-11-23 19:49:21 Job terminated.
	(1) Normal termination (return value 0)
		Usr 0 00:01:07, Sys 0 00:00:05  -  Run Remote Usage
		Usr 0 00:00:00, Sys 0 00:00:00  -  Run Local Usage
		Usr 0 00:01:07, Sys 0 00:00:05  -  Total Remote Usage
		Usr 0 00:00:00, Sys 0 00:00:00  -  Total Local Usage
	2806  -  Run Bytes Sent By Job
	952  -  Run Bytes Received By Job
	2806  -  Total Bytes Sent By Job
	952  -  Total Bytes Received By Job
	Partitionable Resources :    Usage  Request Allocated 
	   Cpus                 :        0        1         1 
	   Disk (KB)            :       35        1      7699 
	   GPUs                 :                           0 
	   Memory (MB)          :      364     4000      4096 
	   TimeExecute (s)      :       78                    
	   TimeSlotBusy (s)     :       79                    

	Job terminated of its own accord at 2024-11-23T19:49:21Z with exit-code 0.
...
