000 (2164.000.000) 2024-11-25 15:16:42 Job submitted from host: <147.188.47.47:9618?addrs=147.188.47.47-9618&alias=eprexb.ph.bham.ac.uk&noUDP&sock=schedd_1171491_f6ca>
...
040 (2164.000.000) 2024-11-25 15:16:59 Started transferring input files
	Transferring to host: <147.188.47.71:9618?addrs=147.188.47.71-9618&alias=eplwk001.ph.bham.ac.uk&noUDP&sock=slot1_4_864817_8fb9_65846>
...
040 (2164.000.000) 2024-11-25 15:16:59 Finished transferring input files
...
001 (2164.000.000) 2024-11-25 15:17:00 Job executing on host: <147.188.47.71:9618?addrs=147.188.47.71-9618&alias=eplwk001.ph.bham.ac.uk&noUDP&sock=startd_864732_ce1e>
	SlotName: slot1_4@eplwk001.ph.bham.ac.uk
	CondorScratchDir = "/var/lib/condor/execute/dir_2036216"
	Cpus = 1
	Disk = 7699
	GPUs = 0
	Memory = 4096
...
006 (2164.000.000) 2024-11-25 15:17:09 Image size of job updated: 453068
	443  -  MemoryUsage of job (MB)
	452856  -  ResidentSetSize of job (KB)
...
006 (2164.000.000) 2024-11-25 15:22:10 Image size of job updated: 780976
	763  -  MemoryUsage of job (MB)
	780976  -  ResidentSetSize of job (KB)
...
006 (2164.000.000) 2024-11-25 15:27:11 Image size of job updated: 790996
	772  -  MemoryUsage of job (MB)
	790280  -  ResidentSetSize of job (KB)
...
006 (2164.000.000) 2024-11-25 15:32:11 Image size of job updated: 795340
	774  -  MemoryUsage of job (MB)
	792508  -  ResidentSetSize of job (KB)
...
006 (2164.000.000) 2024-11-25 15:34:29 Image size of job updated: 799292
	774  -  MemoryUsage of job (MB)
	792508  -  ResidentSetSize of job (KB)
...
040 (2164.000.000) 2024-11-25 15:34:29 Started transferring output files
...
040 (2164.000.000) 2024-11-25 15:34:29 Finished transferring output files
...
005 (2164.000.000) 2024-11-25 15:34:29 Job terminated.
	(1) Normal termination (return value 0)
		Usr 0 00:16:29, Sys 0 00:00:49  -  Run Remote Usage
		Usr 0 00:00:00, Sys 0 00:00:00  -  Run Local Usage
		Usr 0 00:16:29, Sys 0 00:00:49  -  Total Remote Usage
		Usr 0 00:00:00, Sys 0 00:00:00  -  Total Local Usage
	2729  -  Run Bytes Sent By Job
	952  -  Run Bytes Received By Job
	2729  -  Total Bytes Sent By Job
	952  -  Total Bytes Received By Job
	Partitionable Resources :    Usage  Request Allocated 
	   Cpus                 :     0.99        1         1 
	   Disk (KB)            :    39           1      7699 
	   GPUs                 :                           0 
	   Memory (MB)          :   774        4000      4096 
	   TimeExecute (s)      :  1049                       
	   TimeSlotBusy (s)     :  1050                       

	Job terminated of its own accord at 2024-11-25T15:34:29Z with exit-code 0.
...
