000 (1198.000.000) 2024-11-23 19:16:24 Job submitted from host: <147.188.47.47:9618?addrs=147.188.47.47-9618&alias=eprexb.ph.bham.ac.uk&noUDP&sock=schedd_1171491_f6ca>
...
040 (1198.000.000) 2024-11-23 19:16:35 Started transferring input files
	Transferring to host: <147.188.47.71:9618?addrs=147.188.47.71-9618&alias=eplwk001.ph.bham.ac.uk&noUDP&sock=slot1_8_864817_8fb9_64346>
...
040 (1198.000.000) 2024-11-23 19:16:35 Finished transferring input files
...
001 (1198.000.000) 2024-11-23 19:16:36 Job executing on host: <147.188.47.71:9618?addrs=147.188.47.71-9618&alias=eplwk001.ph.bham.ac.uk&noUDP&sock=startd_864732_ce1e>
	SlotName: slot1_8@eplwk001.ph.bham.ac.uk
	CondorScratchDir = "/var/lib/condor/execute/dir_274095"
	Cpus = 1
	Disk = 7699
	GPUs = 0
	Memory = 4096
...
006 (1198.000.000) 2024-11-23 19:16:45 Image size of job updated: 252020
	246  -  MemoryUsage of job (MB)
	251508  -  ResidentSetSize of job (KB)
...
006 (1198.000.000) 2024-11-23 19:17:58 Image size of job updated: 779900
	246  -  MemoryUsage of job (MB)
	251780  -  ResidentSetSize of job (KB)
...
040 (1198.000.000) 2024-11-23 19:17:58 Started transferring output files
...
040 (1198.000.000) 2024-11-23 19:17:58 Finished transferring output files
...
005 (1198.000.000) 2024-11-23 19:17:58 Job terminated.
	(1) Normal termination (return value 0)
		Usr 0 00:01:09, Sys 0 00:00:06  -  Run Remote Usage
		Usr 0 00:00:00, Sys 0 00:00:00  -  Run Local Usage
		Usr 0 00:01:09, Sys 0 00:00:06  -  Total Remote Usage
		Usr 0 00:00:00, Sys 0 00:00:00  -  Total Local Usage
	2806  -  Run Bytes Sent By Job
	952  -  Run Bytes Received By Job
	2806  -  Total Bytes Sent By Job
	952  -  Total Bytes Received By Job
	Partitionable Resources :    Usage  Request Allocated 
	   Cpus                 :     1.00        1         1 
	   Disk (KB)            :    34           1      7699 
	   GPUs                 :                           0 
	   Memory (MB)          :   246        4000      4096 
	   TimeExecute (s)      :    82                       
	   TimeSlotBusy (s)     :    83                       

	Job terminated of its own accord at 2024-11-23T19:17:58Z with exit-code 0.
...
