000 (748.000.000) 2024-11-23 18:13:18 Job submitted from host: <147.188.47.47:9618?addrs=147.188.47.47-9618&alias=eprexb.ph.bham.ac.uk&noUDP&sock=schedd_1171491_f6ca>
...
040 (748.000.000) 2024-11-23 18:13:32 Started transferring input files
	Transferring to host: <147.188.47.71:9618?addrs=147.188.47.71-9618&alias=eplwk001.ph.bham.ac.uk&noUDP&sock=slot1_19_864817_8fb9_63904>
...
040 (748.000.000) 2024-11-23 18:13:32 Finished transferring input files
...
001 (748.000.000) 2024-11-23 18:13:33 Job executing on host: <147.188.47.71:9618?addrs=147.188.47.71-9618&alias=eplwk001.ph.bham.ac.uk&noUDP&sock=startd_864732_ce1e>
	SlotName: slot1_19@eplwk001.ph.bham.ac.uk
	CondorScratchDir = "/var/lib/condor/execute/dir_3098541"
	Cpus = 1
	Disk = 7699
	GPUs = 0
	Memory = 4096
...
006 (748.000.000) 2024-11-23 18:13:41 Image size of job updated: 473324
	463  -  MemoryUsage of job (MB)
	473204  -  ResidentSetSize of job (KB)
...
006 (748.000.000) 2024-11-23 18:14:52 Image size of job updated: 821036
	463  -  MemoryUsage of job (MB)
	473204  -  ResidentSetSize of job (KB)
...
040 (748.000.000) 2024-11-23 18:14:52 Started transferring output files
...
040 (748.000.000) 2024-11-23 18:14:52 Finished transferring output files
...
005 (748.000.000) 2024-11-23 18:14:52 Job terminated.
	(1) Normal termination (return value 0)
		Usr 0 00:01:10, Sys 0 00:00:05  -  Run Remote Usage
		Usr 0 00:00:00, Sys 0 00:00:00  -  Run Local Usage
		Usr 0 00:01:10, Sys 0 00:00:05  -  Total Remote Usage
		Usr 0 00:00:00, Sys 0 00:00:00  -  Total Local Usage
	2816  -  Run Bytes Sent By Job
	952  -  Run Bytes Received By Job
	2816  -  Total Bytes Sent By Job
	952  -  Total Bytes Received By Job
	Partitionable Resources :    Usage  Request Allocated 
	   Cpus                 :        0        1         1 
	   Disk (KB)            :       34        1      7699 
	   GPUs                 :                           0 
	   Memory (MB)          :      463     4000      4096 
	   TimeExecute (s)      :       79                    
	   TimeSlotBusy (s)     :       80                    

	Job terminated of its own accord at 2024-11-23T18:14:52Z with exit-code 0.
...
