000 (510.000.000) 2024-11-23 15:49:12 Job submitted from host: <147.188.47.47:9618?addrs=147.188.47.47-9618&alias=eprexb.ph.bham.ac.uk&noUDP&sock=schedd_1171491_f6ca>
...
040 (510.000.000) 2024-11-23 15:49:21 Started transferring input files
	Transferring to host: <147.188.47.71:9618?addrs=147.188.47.71-9618&alias=eplwk001.ph.bham.ac.uk&noUDP&sock=slot1_13_864817_8fb9_63647>
...
040 (510.000.000) 2024-11-23 15:49:21 Finished transferring input files
...
001 (510.000.000) 2024-11-23 15:49:22 Job executing on host: <147.188.47.71:9618?addrs=147.188.47.71-9618&alias=eplwk001.ph.bham.ac.uk&noUDP&sock=startd_864732_ce1e>
	SlotName: slot1_13@eplwk001.ph.bham.ac.uk
	CondorScratchDir = "/var/lib/condor/execute/dir_2769115"
	Cpus = 1
	Disk = 7699
	GPUs = 0
	Memory = 4096
...
006 (510.000.000) 2024-11-23 15:49:31 Image size of job updated: 56232
	55  -  MemoryUsage of job (MB)
	56188  -  ResidentSetSize of job (KB)
...
006 (510.000.000) 2024-11-23 15:54:33 Image size of job updated: 1423644
	1391  -  MemoryUsage of job (MB)
	1423620  -  ResidentSetSize of job (KB)
...
006 (510.000.000) 2024-11-23 15:58:54 Image size of job updated: 2281616
	1470  -  MemoryUsage of job (MB)
	1504288  -  ResidentSetSize of job (KB)
...
040 (510.000.000) 2024-11-23 15:58:55 Started transferring output files
...
040 (510.000.000) 2024-11-23 15:58:55 Finished transferring output files
...
005 (510.000.000) 2024-11-23 15:58:55 Job terminated.
	(1) Normal termination (return value 0)
		Usr 0 00:01:09, Sys 0 00:00:11  -  Run Remote Usage
		Usr 0 00:00:00, Sys 0 00:00:00  -  Run Local Usage
		Usr 0 00:01:09, Sys 0 00:00:11  -  Total Remote Usage
		Usr 0 00:00:00, Sys 0 00:00:00  -  Total Local Usage
	4229  -  Run Bytes Sent By Job
	952  -  Run Bytes Received By Job
	4229  -  Total Bytes Sent By Job
	952  -  Total Bytes Received By Job
	Partitionable Resources :    Usage  Request Allocated 
	   Cpus                 :     0.15        1         1 
	   Disk (KB)            :    36           1      7699 
	   GPUs                 :                           0 
	   Memory (MB)          :  1470        4000      4096 
	   TimeExecute (s)      :   573                       
	   TimeSlotBusy (s)     :   574                       

	Job terminated of its own accord at 2024-11-23T15:58:54Z with exit-code 0.
...
