000 (1264.000.000) 2024-11-23 20:16:04 Job submitted from host: <147.188.47.47:9618?addrs=147.188.47.47-9618&alias=eprexb.ph.bham.ac.uk&noUDP&sock=schedd_1171491_f6ca>
...
040 (1264.000.000) 2024-11-23 20:16:15 Started transferring input files
	Transferring to host: <147.188.47.71:9618?addrs=147.188.47.71-9618&alias=eplwk001.ph.bham.ac.uk&noUDP&sock=slot1_8_864817_8fb9_64412>
...
040 (1264.000.000) 2024-11-23 20:16:15 Finished transferring input files
...
001 (1264.000.000) 2024-11-23 20:16:16 Job executing on host: <147.188.47.71:9618?addrs=147.188.47.71-9618&alias=eplwk001.ph.bham.ac.uk&noUDP&sock=startd_864732_ce1e>
	SlotName: slot1_8@eplwk001.ph.bham.ac.uk
	CondorScratchDir = "/var/lib/condor/execute/dir_351721"
	Cpus = 1
	Disk = 7699
	GPUs = 0
	Memory = 4096
...
006 (1264.000.000) 2024-11-23 20:16:25 Image size of job updated: 315172
	308  -  MemoryUsage of job (MB)
	315172  -  ResidentSetSize of job (KB)
...
006 (1264.000.000) 2024-11-23 20:17:47 Image size of job updated: 797692
	309  -  MemoryUsage of job (MB)
	315420  -  ResidentSetSize of job (KB)
...
040 (1264.000.000) 2024-11-23 20:17:47 Started transferring output files
...
040 (1264.000.000) 2024-11-23 20:17:47 Finished transferring output files
...
005 (1264.000.000) 2024-11-23 20:17:47 Job terminated.
	(1) Normal termination (return value 0)
		Usr 0 00:01:19, Sys 0 00:00:05  -  Run Remote Usage
		Usr 0 00:00:00, Sys 0 00:00:00  -  Run Local Usage
		Usr 0 00:01:19, Sys 0 00:00:05  -  Total Remote Usage
		Usr 0 00:00:00, Sys 0 00:00:00  -  Total Local Usage
	2806  -  Run Bytes Sent By Job
	953  -  Run Bytes Received By Job
	2806  -  Total Bytes Sent By Job
	953  -  Total Bytes Received By Job
	Partitionable Resources :    Usage  Request Allocated 
	   Cpus                 :     1.00        1         1 
	   Disk (KB)            :    34           1      7699 
	   GPUs                 :                           0 
	   Memory (MB)          :   309        4000      4096 
	   TimeExecute (s)      :    91                       
	   TimeSlotBusy (s)     :    92                       

	Job terminated of its own accord at 2024-11-23T20:17:47Z with exit-code 0.
...
