000 (1388.000.000) 2024-11-23 23:08:57 Job submitted from host: <147.188.47.47:9618?addrs=147.188.47.47-9618&alias=eprexb.ph.bham.ac.uk&noUDP&sock=schedd_1171491_f6ca>
...
040 (1388.000.000) 2024-11-23 23:09:11 Started transferring input files
	Transferring to host: <147.188.47.72:9618?addrs=147.188.47.72-9618&alias=eplwk002.ph.bham.ac.uk&noUDP&sock=slot1_29_187135_4953_45475>
...
040 (1388.000.000) 2024-11-23 23:09:11 Finished transferring input files
...
001 (1388.000.000) 2024-11-23 23:09:12 Job executing on host: <147.188.47.72:9618?addrs=147.188.47.72-9618&alias=eplwk002.ph.bham.ac.uk&noUDP&sock=startd_187014_a097>
	SlotName: slot1_29@eplwk002.ph.bham.ac.uk
	CondorScratchDir = "/var/lib/condor/execute/dir_2673160"
	Cpus = 1
	Disk = 7701
	GPUs = 0
	Memory = 4096
...
006 (1388.000.000) 2024-11-23 23:09:21 Image size of job updated: 407952
	399  -  MemoryUsage of job (MB)
	407952  -  ResidentSetSize of job (KB)
...
006 (1388.000.000) 2024-11-23 23:10:46 Image size of job updated: 798772
	399  -  MemoryUsage of job (MB)
	408208  -  ResidentSetSize of job (KB)
...
040 (1388.000.000) 2024-11-23 23:10:46 Started transferring output files
...
040 (1388.000.000) 2024-11-23 23:10:46 Finished transferring output files
...
005 (1388.000.000) 2024-11-23 23:10:47 Job terminated.
	(1) Normal termination (return value 0)
		Usr 0 00:01:23, Sys 0 00:00:05  -  Run Remote Usage
		Usr 0 00:00:00, Sys 0 00:00:00  -  Run Local Usage
		Usr 0 00:01:23, Sys 0 00:00:05  -  Total Remote Usage
		Usr 0 00:00:00, Sys 0 00:00:00  -  Total Local Usage
	2814  -  Run Bytes Sent By Job
	948  -  Run Bytes Received By Job
	2814  -  Total Bytes Sent By Job
	948  -  Total Bytes Received By Job
	Partitionable Resources :    Usage  Request Allocated 
	   Cpus                 :     0.99        1         1 
	   Disk (KB)            :    35           1      7701 
	   GPUs                 :                           0 
	   Memory (MB)          :   399        4000      4096 
	   TimeExecute (s)      :    94                       
	   TimeSlotBusy (s)     :    95                       

	Job terminated of its own accord at 2024-11-23T23:10:46Z with exit-code 0.
...
