000 (533.000.000) 2024-11-23 15:49:27 Job submitted from host: <147.188.47.47:9618?addrs=147.188.47.47-9618&alias=eprexb.ph.bham.ac.uk&noUDP&sock=schedd_1171491_f6ca>
...
040 (533.000.000) 2024-11-23 15:49:40 Started transferring input files
	Transferring to host: <147.188.47.71:9618?addrs=147.188.47.71-9618&alias=eplwk001.ph.bham.ac.uk&noUDP&sock=slot1_36_864817_8fb9_63671>
...
040 (533.000.000) 2024-11-23 15:49:40 Finished transferring input files
...
001 (533.000.000) 2024-11-23 15:49:41 Job executing on host: <147.188.47.71:9618?addrs=147.188.47.71-9618&alias=eplwk001.ph.bham.ac.uk&noUDP&sock=startd_864732_ce1e>
	SlotName: slot1_36@eplwk001.ph.bham.ac.uk
	CondorScratchDir = "/var/lib/condor/execute/dir_2787078"
	Cpus = 1
	Disk = 7699
	GPUs = 0
	Memory = 4096
...
006 (533.000.000) 2024-11-23 15:49:50 Image size of job updated: 188544
	184  -  MemoryUsage of job (MB)
	188384  -  ResidentSetSize of job (KB)
...
006 (533.000.000) 2024-11-23 15:54:51 Image size of job updated: 1320288
	1290  -  MemoryUsage of job (MB)
	1320128  -  ResidentSetSize of job (KB)
...
006 (533.000.000) 2024-11-23 15:59:08 Image size of job updated: 1844664
	1290  -  MemoryUsage of job (MB)
	1320128  -  ResidentSetSize of job (KB)
...
040 (533.000.000) 2024-11-23 15:59:08 Started transferring output files
...
040 (533.000.000) 2024-11-23 15:59:08 Finished transferring output files
...
005 (533.000.000) 2024-11-23 15:59:08 Job terminated.
	(1) Normal termination (return value 0)
		Usr 0 00:00:57, Sys 0 00:00:10  -  Run Remote Usage
		Usr 0 00:00:00, Sys 0 00:00:00  -  Run Local Usage
		Usr 0 00:00:57, Sys 0 00:00:10  -  Total Remote Usage
		Usr 0 00:00:00, Sys 0 00:00:00  -  Total Local Usage
	3937  -  Run Bytes Sent By Job
	953  -  Run Bytes Received By Job
	3937  -  Total Bytes Sent By Job
	953  -  Total Bytes Received By Job
	Partitionable Resources :    Usage  Request Allocated 
	   Cpus                 :     0.05        1         1 
	   Disk (KB)            :    36           1      7699 
	   GPUs                 :                           0 
	   Memory (MB)          :  1290        4000      4096 
	   TimeExecute (s)      :   567                       
	   TimeSlotBusy (s)     :   568                       

	Job terminated of its own accord at 2024-11-23T15:59:08Z with exit-code 0.
...
