000 (1165.000.000) 2024-11-23 19:05:31 Job submitted from host: <147.188.47.47:9618?addrs=147.188.47.47-9618&alias=eprexb.ph.bham.ac.uk&noUDP&sock=schedd_1171491_f6ca>
...
040 (1165.000.000) 2024-11-23 19:05:50 Started transferring input files
	Transferring to host: <147.188.47.71:9618?addrs=147.188.47.71-9618&alias=eplwk001.ph.bham.ac.uk&noUDP&sock=slot1_4_864817_8fb9_64313>
...
040 (1165.000.000) 2024-11-23 19:05:50 Finished transferring input files
...
001 (1165.000.000) 2024-11-23 19:05:51 Job executing on host: <147.188.47.71:9618?addrs=147.188.47.71-9618&alias=eplwk001.ph.bham.ac.uk&noUDP&sock=startd_864732_ce1e>
	SlotName: slot1_4@eplwk001.ph.bham.ac.uk
	CondorScratchDir = "/var/lib/condor/execute/dir_227877"
	Cpus = 1
	Disk = 7699
	GPUs = 0
	Memory = 4096
...
006 (1165.000.000) 2024-11-23 19:06:00 Image size of job updated: 503508
	492  -  MemoryUsage of job (MB)
	503508  -  ResidentSetSize of job (KB)
...
006 (1165.000.000) 2024-11-23 19:07:11 Image size of job updated: 796928
	492  -  MemoryUsage of job (MB)
	503764  -  ResidentSetSize of job (KB)
...
040 (1165.000.000) 2024-11-23 19:07:11 Started transferring output files
...
040 (1165.000.000) 2024-11-23 19:07:11 Finished transferring output files
...
005 (1165.000.000) 2024-11-23 19:07:11 Job terminated.
	(1) Normal termination (return value 0)
		Usr 0 00:01:11, Sys 0 00:00:05  -  Run Remote Usage
		Usr 0 00:00:00, Sys 0 00:00:00  -  Run Local Usage
		Usr 0 00:01:11, Sys 0 00:00:05  -  Total Remote Usage
		Usr 0 00:00:00, Sys 0 00:00:00  -  Total Local Usage
	2806  -  Run Bytes Sent By Job
	953  -  Run Bytes Received By Job
	2806  -  Total Bytes Sent By Job
	953  -  Total Bytes Received By Job
	Partitionable Resources :    Usage  Request Allocated 
	   Cpus                 :        0        1         1 
	   Disk (KB)            :       34        1      7699 
	   GPUs                 :                           0 
	   Memory (MB)          :      492     4000      4096 
	   TimeExecute (s)      :       80                    
	   TimeSlotBusy (s)     :       81                    

	Job terminated of its own accord at 2024-11-23T19:07:11Z with exit-code 0.
...
