000 (1443.000.000) 2024-11-23 23:35:25 Job submitted from host: <147.188.47.47:9618?addrs=147.188.47.47-9618&alias=eprexb.ph.bham.ac.uk&noUDP&sock=schedd_1171491_f6ca>
...
040 (1443.000.000) 2024-11-23 23:48:40 Started transferring input files
	Transferring to host: <147.188.47.73:9618?addrs=147.188.47.73-9618&alias=eplwk003.ph.bham.ac.uk&noUDP&sock=slot1_43_4295_f748_32541>
...
040 (1443.000.000) 2024-11-23 23:48:40 Finished transferring input files
...
001 (1443.000.000) 2024-11-23 23:48:41 Job executing on host: <147.188.47.73:9618?addrs=147.188.47.73-9618&alias=eplwk003.ph.bham.ac.uk&noUDP&sock=startd_4221_d558>
	SlotName: slot1_43@eplwk003.ph.bham.ac.uk
	CondorScratchDir = "/var/lib/condor/execute/dir_3609607"
	Cpus = 1
	Disk = 7698
	GPUs = 0
	Memory = 4096
...
006 (1443.000.000) 2024-11-23 23:48:50 Image size of job updated: 188432
	184  -  MemoryUsage of job (MB)
	188148  -  ResidentSetSize of job (KB)
...
006 (1443.000.000) 2024-11-23 23:52:00 Image size of job updated: 2747660
	1886  -  MemoryUsage of job (MB)
	1930280  -  ResidentSetSize of job (KB)
...
040 (1443.000.000) 2024-11-23 23:52:00 Started transferring output files
...
040 (1443.000.000) 2024-11-23 23:52:00 Finished transferring output files
...
005 (1443.000.000) 2024-11-23 23:52:00 Job terminated.
	(1) Normal termination (return value 0)
		Usr 0 00:01:22, Sys 0 00:00:07  -  Run Remote Usage
		Usr 0 00:00:00, Sys 0 00:00:00  -  Run Local Usage
		Usr 0 00:01:22, Sys 0 00:00:07  -  Total Remote Usage
		Usr 0 00:00:00, Sys 0 00:00:00  -  Total Local Usage
	2816  -  Run Bytes Sent By Job
	952  -  Run Bytes Received By Job
	2816  -  Total Bytes Sent By Job
	952  -  Total Bytes Received By Job
	Partitionable Resources :    Usage  Request Allocated 
	   Cpus                 :     0.42        1         1 
	   Disk (KB)            :    34           1      7698 
	   GPUs                 :                           0 
	   Memory (MB)          :  1886        4000      4096 
	   TimeExecute (s)      :   199                       
	   TimeSlotBusy (s)     :   200                       

	Job terminated of its own accord at 2024-11-23T23:52:00Z with exit-code 0.
...
