000 (1192.000.000) 2024-11-23 19:16:15 Job submitted from host: <147.188.47.47:9618?addrs=147.188.47.47-9618&alias=eprexb.ph.bham.ac.uk&noUDP&sock=schedd_1171491_f6ca>
...
040 (1192.000.000) 2024-11-23 19:16:15 Started transferring input files
	Transferring to host: <147.188.47.71:9618?addrs=147.188.47.71-9618&alias=eplwk001.ph.bham.ac.uk&noUDP&sock=slot1_2_864817_8fb9_64340>
...
040 (1192.000.000) 2024-11-23 19:16:15 Finished transferring input files
...
001 (1192.000.000) 2024-11-23 19:16:16 Job executing on host: <147.188.47.71:9618?addrs=147.188.47.71-9618&alias=eplwk001.ph.bham.ac.uk&noUDP&sock=startd_864732_ce1e>
	SlotName: slot1_2@eplwk001.ph.bham.ac.uk
	CondorScratchDir = "/var/lib/condor/execute/dir_273186"
	Cpus = 1
	Disk = 7699
	GPUs = 0
	Memory = 4096
...
006 (1192.000.000) 2024-11-23 19:16:24 Image size of job updated: 426664
	417  -  MemoryUsage of job (MB)
	426152  -  ResidentSetSize of job (KB)
...
006 (1192.000.000) 2024-11-23 19:17:35 Image size of job updated: 804044
	417  -  MemoryUsage of job (MB)
	426152  -  ResidentSetSize of job (KB)
...
040 (1192.000.000) 2024-11-23 19:17:35 Started transferring output files
...
040 (1192.000.000) 2024-11-23 19:17:35 Finished transferring output files
...
005 (1192.000.000) 2024-11-23 19:17:35 Job terminated.
	(1) Normal termination (return value 0)
		Usr 0 00:01:09, Sys 0 00:00:06  -  Run Remote Usage
		Usr 0 00:00:00, Sys 0 00:00:00  -  Run Local Usage
		Usr 0 00:01:09, Sys 0 00:00:06  -  Total Remote Usage
		Usr 0 00:00:00, Sys 0 00:00:00  -  Total Local Usage
	2802  -  Run Bytes Sent By Job
	943  -  Run Bytes Received By Job
	2802  -  Total Bytes Sent By Job
	943  -  Total Bytes Received By Job
	Partitionable Resources :    Usage  Request Allocated 
	   Cpus                 :     1.00        1         1 
	   Disk (KB)            :    34           1      7699 
	   GPUs                 :                           0 
	   Memory (MB)          :   417        4000      4096 
	   TimeExecute (s)      :    79                       
	   TimeSlotBusy (s)     :    80                       

	Job terminated of its own accord at 2024-11-23T19:17:35Z with exit-code 0.
...
