000 (1324.000.000) 2024-11-23 21:22:59 Job submitted from host: <147.188.47.47:9618?addrs=147.188.47.47-9618&alias=eprexb.ph.bham.ac.uk&noUDP&sock=schedd_1171491_f6ca>
...
040 (1324.000.000) 2024-11-23 21:41:48 Started transferring input files
	Transferring to host: <147.188.47.71:9618?addrs=147.188.47.71-9618&alias=eplwk001.ph.bham.ac.uk&noUDP&sock=slot1_86_864817_8fb9_64538>
...
040 (1324.000.000) 2024-11-23 21:41:48 Finished transferring input files
...
001 (1324.000.000) 2024-11-23 21:41:49 Job executing on host: <147.188.47.71:9618?addrs=147.188.47.71-9618&alias=eplwk001.ph.bham.ac.uk&noUDP&sock=startd_864732_ce1e>
	SlotName: slot1_86@eplwk001.ph.bham.ac.uk
	CondorScratchDir = "/var/lib/condor/execute/dir_411541"
	Cpus = 1
	Disk = 7699
	GPUs = 0
	Memory = 4096
...
006 (1324.000.000) 2024-11-23 21:41:58 Image size of job updated: 194100
	190  -  MemoryUsage of job (MB)
	194084  -  ResidentSetSize of job (KB)
...
006 (1324.000.000) 2024-11-23 21:44:14 Image size of job updated: 823272
	190  -  MemoryUsage of job (MB)
	194084  -  ResidentSetSize of job (KB)
...
040 (1324.000.000) 2024-11-23 21:44:15 Started transferring output files
...
040 (1324.000.000) 2024-11-23 21:44:15 Finished transferring output files
...
005 (1324.000.000) 2024-11-23 21:44:15 Job terminated.
	(1) Normal termination (return value 0)
		Usr 0 00:02:11, Sys 0 00:00:08  -  Run Remote Usage
		Usr 0 00:00:00, Sys 0 00:00:00  -  Run Local Usage
		Usr 0 00:02:11, Sys 0 00:00:08  -  Total Remote Usage
		Usr 0 00:00:00, Sys 0 00:00:00  -  Total Local Usage
	2806  -  Run Bytes Sent By Job
	952  -  Run Bytes Received By Job
	2806  -  Total Bytes Sent By Job
	952  -  Total Bytes Received By Job
	Partitionable Resources :    Usage  Request Allocated 
	   Cpus                 :     0.85        1         1 
	   Disk (KB)            :    35           1      7699 
	   GPUs                 :                           0 
	   Memory (MB)          :   190        4000      4096 
	   TimeExecute (s)      :   145                       
	   TimeSlotBusy (s)     :   147                       

	Job terminated of its own accord at 2024-11-23T21:44:14Z with exit-code 0.
...
