000 (1346.000.000) 2024-11-23 22:35:30 Job submitted from host: <147.188.47.47:9618?addrs=147.188.47.47-9618&alias=eprexb.ph.bham.ac.uk&noUDP&sock=schedd_1171491_f6ca>
...
040 (1346.000.000) 2024-11-23 22:35:50 Started transferring input files
	Transferring to host: <147.188.47.72:9618?addrs=147.188.47.72-9618&alias=eplwk002.ph.bham.ac.uk&noUDP&sock=slot1_86_187135_4953_45424>
...
040 (1346.000.000) 2024-11-23 22:35:50 Finished transferring input files
...
001 (1346.000.000) 2024-11-23 22:35:51 Job executing on host: <147.188.47.72:9618?addrs=147.188.47.72-9618&alias=eplwk002.ph.bham.ac.uk&noUDP&sock=startd_187014_a097>
	SlotName: slot1_86@eplwk002.ph.bham.ac.uk
	CondorScratchDir = "/var/lib/condor/execute/dir_2656652"
	Cpus = 1
	Disk = 7701
	GPUs = 0
	Memory = 4096
...
006 (1346.000.000) 2024-11-23 22:36:00 Image size of job updated: 237472
	232  -  MemoryUsage of job (MB)
	237372  -  ResidentSetSize of job (KB)
...
006 (1346.000.000) 2024-11-23 22:38:56 Image size of job updated: 2222668
	1406  -  MemoryUsage of job (MB)
	1438872  -  ResidentSetSize of job (KB)
...
040 (1346.000.000) 2024-11-23 22:38:56 Started transferring output files
...
040 (1346.000.000) 2024-11-23 22:38:56 Finished transferring output files
...
005 (1346.000.000) 2024-11-23 22:38:56 Job terminated.
	(1) Normal termination (return value 0)
		Usr 0 00:02:27, Sys 0 00:00:09  -  Run Remote Usage
		Usr 0 00:00:00, Sys 0 00:00:00  -  Run Local Usage
		Usr 0 00:02:27, Sys 0 00:00:09  -  Total Remote Usage
		Usr 0 00:00:00, Sys 0 00:00:00  -  Total Local Usage
	2812  -  Run Bytes Sent By Job
	943  -  Run Bytes Received By Job
	2812  -  Total Bytes Sent By Job
	943  -  Total Bytes Received By Job
	Partitionable Resources :    Usage  Request Allocated 
	   Cpus                 :        0        1         1 
	   Disk (KB)            :       35        1      7701 
	   GPUs                 :                           0 
	   Memory (MB)          :     1406     4000      4096 
	   TimeExecute (s)      :      185                    
	   TimeSlotBusy (s)     :      186                    

	Job terminated of its own accord at 2024-11-23T22:38:56Z with exit-code 0.
...
