000 (2180.000.000) 2024-11-25 15:17:06 Job submitted from host: <147.188.47.47:9618?addrs=147.188.47.47-9618&alias=eprexb.ph.bham.ac.uk&noUDP&sock=schedd_1171491_f6ca>
...
040 (2180.000.000) 2024-11-25 15:17:19 Started transferring input files
	Transferring to host: <147.188.47.71:9618?addrs=147.188.47.71-9618&alias=eplwk001.ph.bham.ac.uk&noUDP&sock=slot1_20_864817_8fb9_65862>
...
040 (2180.000.000) 2024-11-25 15:17:19 Finished transferring input files
...
001 (2180.000.000) 2024-11-25 15:17:20 Job executing on host: <147.188.47.71:9618?addrs=147.188.47.71-9618&alias=eplwk001.ph.bham.ac.uk&noUDP&sock=startd_864732_ce1e>
	SlotName: slot1_20@eplwk001.ph.bham.ac.uk
	CondorScratchDir = "/var/lib/condor/execute/dir_2044156"
	Cpus = 1
	Disk = 7699
	GPUs = 0
	Memory = 4096
...
006 (2180.000.000) 2024-11-25 15:17:29 Image size of job updated: 473852
	463  -  MemoryUsage of job (MB)
	473536  -  ResidentSetSize of job (KB)
...
006 (2180.000.000) 2024-11-25 15:22:29 Image size of job updated: 768424
	751  -  MemoryUsage of job (MB)
	768424  -  ResidentSetSize of job (KB)
...
006 (2180.000.000) 2024-11-25 15:27:29 Image size of job updated: 784532
	765  -  MemoryUsage of job (MB)
	783224  -  ResidentSetSize of job (KB)
...
006 (2180.000.000) 2024-11-25 15:32:30 Image size of job updated: 810812
	785  -  MemoryUsage of job (MB)
	803760  -  ResidentSetSize of job (KB)
...
006 (2180.000.000) 2024-11-25 15:34:31 Image size of job updated: 827048
	785  -  MemoryUsage of job (MB)
	803760  -  ResidentSetSize of job (KB)
...
040 (2180.000.000) 2024-11-25 15:34:31 Started transferring output files
...
040 (2180.000.000) 2024-11-25 15:34:31 Finished transferring output files
...
005 (2180.000.000) 2024-11-25 15:34:31 Job terminated.
	(1) Normal termination (return value 0)
		Usr 0 00:16:13, Sys 0 00:00:48  -  Run Remote Usage
		Usr 0 00:00:00, Sys 0 00:00:00  -  Run Local Usage
		Usr 0 00:16:13, Sys 0 00:00:48  -  Total Remote Usage
		Usr 0 00:00:00, Sys 0 00:00:00  -  Total Local Usage
	2731  -  Run Bytes Sent By Job
	957  -  Run Bytes Received By Job
	2731  -  Total Bytes Sent By Job
	957  -  Total Bytes Received By Job
	Partitionable Resources :    Usage  Request Allocated 
	   Cpus                 :     1.00        1         1 
	   Disk (KB)            :    39           1      7699 
	   GPUs                 :                           0 
	   Memory (MB)          :   785        4000      4096 
	   TimeExecute (s)      :  1031                       
	   TimeSlotBusy (s)     :  1032                       

	Job terminated of its own accord at 2024-11-25T15:34:31Z with exit-code 0.
...
