000 (1339.000.000) 2024-11-23 22:10:21 Job submitted from host: <147.188.47.47:9618?addrs=147.188.47.47-9618&alias=eprexb.ph.bham.ac.uk&noUDP&sock=schedd_1171491_f6ca>
...
040 (1339.000.000) 2024-11-23 22:23:41 Started transferring input files
	Transferring to host: <147.188.47.73:9618?addrs=147.188.47.73-9618&alias=eplwk003.ph.bham.ac.uk&noUDP&sock=slot1_86_4295_f748_32450>
...
040 (1339.000.000) 2024-11-23 22:23:41 Finished transferring input files
...
001 (1339.000.000) 2024-11-23 22:23:42 Job executing on host: <147.188.47.73:9618?addrs=147.188.47.73-9618&alias=eplwk003.ph.bham.ac.uk&noUDP&sock=startd_4221_d558>
	SlotName: slot1_86@eplwk003.ph.bham.ac.uk
	CondorScratchDir = "/var/lib/condor/execute/dir_3591627"
	Cpus = 1
	Disk = 7698
	GPUs = 0
	Memory = 4096
...
006 (1339.000.000) 2024-11-23 22:23:51 Image size of job updated: 279260
	273  -  MemoryUsage of job (MB)
	279052  -  ResidentSetSize of job (KB)
...
006 (1339.000.000) 2024-11-23 22:27:10 Image size of job updated: 3616272
	2767  -  MemoryUsage of job (MB)
	2832604  -  ResidentSetSize of job (KB)
...
040 (1339.000.000) 2024-11-23 22:27:10 Started transferring output files
...
040 (1339.000.000) 2024-11-23 22:27:10 Finished transferring output files
...
005 (1339.000.000) 2024-11-23 22:27:10 Job terminated.
	(1) Normal termination (return value 0)
		Usr 0 00:02:36, Sys 0 00:00:11  -  Run Remote Usage
		Usr 0 00:00:00, Sys 0 00:00:00  -  Run Local Usage
		Usr 0 00:02:36, Sys 0 00:00:11  -  Total Remote Usage
		Usr 0 00:00:00, Sys 0 00:00:00  -  Total Local Usage
	2816  -  Run Bytes Sent By Job
	952  -  Run Bytes Received By Job
	2816  -  Total Bytes Sent By Job
	952  -  Total Bytes Received By Job
	Partitionable Resources :    Usage  Request Allocated 
	   Cpus                 :     0.82        1         1 
	   Disk (KB)            :    35           1      7698 
	   GPUs                 :                           0 
	   Memory (MB)          :  2767        4000      4096 
	   TimeExecute (s)      :   208                       
	   TimeSlotBusy (s)     :   209                       

	Job terminated of its own accord at 2024-11-23T22:27:10Z with exit-code 0.
...
