000 (698.000.000) 2024-11-23 17:42:47 Job submitted from host: <147.188.47.47:9618?addrs=147.188.47.47-9618&alias=eprexb.ph.bham.ac.uk&noUDP&sock=schedd_1171491_f6ca>
...
040 (698.000.000) 2024-11-23 17:42:50 Started transferring input files
	Transferring to host: <147.188.47.71:9618?addrs=147.188.47.71-9618&alias=eplwk001.ph.bham.ac.uk&noUDP&sock=slot1_8_864817_8fb9_63854>
...
040 (698.000.000) 2024-11-23 17:42:50 Finished transferring input files
...
001 (698.000.000) 2024-11-23 17:42:51 Job executing on host: <147.188.47.71:9618?addrs=147.188.47.71-9618&alias=eplwk001.ph.bham.ac.uk&noUDP&sock=startd_864732_ce1e>
	SlotName: slot1_8@eplwk001.ph.bham.ac.uk
	CondorScratchDir = "/var/lib/condor/execute/dir_3071399"
	Cpus = 1
	Disk = 7699
	GPUs = 0
	Memory = 4096
...
006 (698.000.000) 2024-11-23 17:42:59 Image size of job updated: 474804
	464  -  MemoryUsage of job (MB)
	474464  -  ResidentSetSize of job (KB)
...
006 (698.000.000) 2024-11-23 17:44:07 Image size of job updated: 798604
	464  -  MemoryUsage of job (MB)
	474664  -  ResidentSetSize of job (KB)
...
040 (698.000.000) 2024-11-23 17:44:07 Started transferring output files
...
040 (698.000.000) 2024-11-23 17:44:07 Finished transferring output files
...
005 (698.000.000) 2024-11-23 17:44:07 Job terminated.
	(1) Normal termination (return value 0)
		Usr 0 00:01:07, Sys 0 00:00:06  -  Run Remote Usage
		Usr 0 00:00:00, Sys 0 00:00:00  -  Run Local Usage
		Usr 0 00:01:07, Sys 0 00:00:06  -  Total Remote Usage
		Usr 0 00:00:00, Sys 0 00:00:00  -  Total Local Usage
	4316  -  Run Bytes Sent By Job
	952  -  Run Bytes Received By Job
	4316  -  Total Bytes Sent By Job
	952  -  Total Bytes Received By Job
	Partitionable Resources :    Usage  Request Allocated 
	   Cpus                 :     0.01        1         1 
	   Disk (KB)            :    36           1      7699 
	   GPUs                 :                           0 
	   Memory (MB)          :   464        4000      4096 
	   TimeExecute (s)      :    76                       
	   TimeSlotBusy (s)     :    77                       

	Job terminated of its own accord at 2024-11-23T17:44:07Z with exit-code 0.
...
