000 (1414.000.000) 2024-11-23 23:21:04 Job submitted from host: <147.188.47.47:9618?addrs=147.188.47.47-9618&alias=eprexb.ph.bham.ac.uk&noUDP&sock=schedd_1171491_f6ca>
...
040 (1414.000.000) 2024-11-23 23:48:39 Started transferring input files
	Transferring to host: <147.188.47.71:9618?addrs=147.188.47.71-9618&alias=eplwk001.ph.bham.ac.uk&noUDP&sock=slot1_34_864817_8fb9_64718>
...
040 (1414.000.000) 2024-11-23 23:48:39 Finished transferring input files
...
001 (1414.000.000) 2024-11-23 23:48:40 Job executing on host: <147.188.47.71:9618?addrs=147.188.47.71-9618&alias=eplwk001.ph.bham.ac.uk&noUDP&sock=startd_864732_ce1e>
	SlotName: slot1_34@eplwk001.ph.bham.ac.uk
	CondorScratchDir = "/var/lib/condor/execute/dir_457267"
	Cpus = 1
	Disk = 7699
	GPUs = 0
	Memory = 4096
...
006 (1414.000.000) 2024-11-23 23:48:49 Image size of job updated: 417668
	408  -  MemoryUsage of job (MB)
	417652  -  ResidentSetSize of job (KB)
...
006 (1414.000.000) 2024-11-23 23:50:20 Image size of job updated: 1021388
	408  -  MemoryUsage of job (MB)
	417652  -  ResidentSetSize of job (KB)
...
040 (1414.000.000) 2024-11-23 23:50:20 Started transferring output files
...
040 (1414.000.000) 2024-11-23 23:50:20 Finished transferring output files
...
005 (1414.000.000) 2024-11-23 23:50:20 Job terminated.
	(1) Normal termination (return value 0)
		Usr 0 00:01:22, Sys 0 00:00:06  -  Run Remote Usage
		Usr 0 00:00:00, Sys 0 00:00:00  -  Run Local Usage
		Usr 0 00:01:22, Sys 0 00:00:06  -  Total Remote Usage
		Usr 0 00:00:00, Sys 0 00:00:00  -  Total Local Usage
	2806  -  Run Bytes Sent By Job
	952  -  Run Bytes Received By Job
	2806  -  Total Bytes Sent By Job
	952  -  Total Bytes Received By Job
	Partitionable Resources :    Usage  Request Allocated 
	   Cpus                 :        0        1         1 
	   Disk (KB)            :       34        1      7699 
	   GPUs                 :                           0 
	   Memory (MB)          :      408     4000      4096 
	   TimeExecute (s)      :      100                    
	   TimeSlotBusy (s)     :      101                    

	Job terminated of its own accord at 2024-11-23T23:50:20Z with exit-code 0.
...
