000 (1368.000.000) 2024-11-23 23:05:29 Job submitted from host: <147.188.47.47:9618?addrs=147.188.47.47-9618&alias=eprexb.ph.bham.ac.uk&noUDP&sock=schedd_1171491_f6ca>
...
040 (1368.000.000) 2024-11-23 23:05:51 Started transferring input files
	Transferring to host: <147.188.47.72:9618?addrs=147.188.47.72-9618&alias=eplwk002.ph.bham.ac.uk&noUDP&sock=slot1_25_187135_4953_45464>
...
040 (1368.000.000) 2024-11-23 23:05:51 Finished transferring input files
...
001 (1368.000.000) 2024-11-23 23:05:52 Job executing on host: <147.188.47.72:9618?addrs=147.188.47.72-9618&alias=eplwk002.ph.bham.ac.uk&noUDP&sock=startd_187014_a097>
	SlotName: slot1_25@eplwk002.ph.bham.ac.uk
	CondorScratchDir = "/var/lib/condor/execute/dir_2667955"
	Cpus = 1
	Disk = 7701
	GPUs = 0
	Memory = 4096
...
006 (1368.000.000) 2024-11-23 23:06:00 Image size of job updated: 265376
	260  -  MemoryUsage of job (MB)
	265264  -  ResidentSetSize of job (KB)
...
006 (1368.000.000) 2024-11-23 23:08:35 Image size of job updated: 3625288
	2759  -  MemoryUsage of job (MB)
	2825044  -  ResidentSetSize of job (KB)
...
040 (1368.000.000) 2024-11-23 23:08:35 Started transferring output files
...
040 (1368.000.000) 2024-11-23 23:08:35 Finished transferring output files
...
005 (1368.000.000) 2024-11-23 23:08:35 Job terminated.
	(1) Normal termination (return value 0)
		Usr 0 00:01:26, Sys 0 00:00:08  -  Run Remote Usage
		Usr 0 00:00:00, Sys 0 00:00:00  -  Run Local Usage
		Usr 0 00:01:26, Sys 0 00:00:08  -  Total Remote Usage
		Usr 0 00:00:00, Sys 0 00:00:00  -  Total Local Usage
	2814  -  Run Bytes Sent By Job
	948  -  Run Bytes Received By Job
	2814  -  Total Bytes Sent By Job
	948  -  Total Bytes Received By Job
	Partitionable Resources :    Usage  Request Allocated 
	   Cpus                 :                 1         1 
	   Disk (KB)            :       29        1      7701 
	   GPUs                 :                           0 
	   Memory (MB)          :     2759     4000      4096 
	   TimeExecute (s)      :      163                    
	   TimeSlotBusy (s)     :      165                    

	Job terminated of its own accord at 2024-11-23T23:08:35Z with exit-code 0.
...
