000 (1017.000.000) 2024-11-23 18:41:20 Job submitted from host: <147.188.47.47:9618?addrs=147.188.47.47-9618&alias=eprexb.ph.bham.ac.uk&noUDP&sock=schedd_1171491_f6ca>
...
040 (1017.000.000) 2024-11-23 18:41:35 Started transferring input files
	Transferring to host: <147.188.47.71:9618?addrs=147.188.47.71-9618&alias=eplwk001.ph.bham.ac.uk&noUDP&sock=slot1_8_864817_8fb9_64165>
...
040 (1017.000.000) 2024-11-23 18:41:35 Finished transferring input files
...
001 (1017.000.000) 2024-11-23 18:41:36 Job executing on host: <147.188.47.71:9618?addrs=147.188.47.71-9618&alias=eplwk001.ph.bham.ac.uk&noUDP&sock=startd_864732_ce1e>
	SlotName: slot1_8@eplwk001.ph.bham.ac.uk
	CondorScratchDir = "/var/lib/condor/execute/dir_4107989"
	Cpus = 1
	Disk = 7699
	GPUs = 0
	Memory = 4096
...
006 (1017.000.000) 2024-11-23 18:41:45 Image size of job updated: 246192
	241  -  MemoryUsage of job (MB)
	246180  -  ResidentSetSize of job (KB)
...
006 (1017.000.000) 2024-11-23 18:42:59 Image size of job updated: 795344
	241  -  MemoryUsage of job (MB)
	246436  -  ResidentSetSize of job (KB)
...
040 (1017.000.000) 2024-11-23 18:42:59 Started transferring output files
...
040 (1017.000.000) 2024-11-23 18:42:59 Finished transferring output files
...
005 (1017.000.000) 2024-11-23 18:42:59 Job terminated.
	(1) Normal termination (return value 0)
		Usr 0 00:01:11, Sys 0 00:00:05  -  Run Remote Usage
		Usr 0 00:00:00, Sys 0 00:00:00  -  Run Local Usage
		Usr 0 00:01:11, Sys 0 00:00:05  -  Total Remote Usage
		Usr 0 00:00:00, Sys 0 00:00:00  -  Total Local Usage
	2816  -  Run Bytes Sent By Job
	953  -  Run Bytes Received By Job
	2816  -  Total Bytes Sent By Job
	953  -  Total Bytes Received By Job
	Partitionable Resources :    Usage  Request Allocated 
	   Cpus                 :     0.99        1         1 
	   Disk (KB)            :    34           1      7699 
	   GPUs                 :                           0 
	   Memory (MB)          :   241        4000      4096 
	   TimeExecute (s)      :    83                       
	   TimeSlotBusy (s)     :    84                       

	Job terminated of its own accord at 2024-11-23T18:42:59Z with exit-code 0.
...
