000 (2037.000.000) 2024-11-25 13:55:38 Job submitted from host: <147.188.47.47:9618?addrs=147.188.47.47-9618&alias=eprexb.ph.bham.ac.uk&noUDP&sock=schedd_1171491_f6ca>
...
040 (2037.000.000) 2024-11-25 13:55:47 Started transferring input files
	Transferring to host: <147.188.47.71:9618?addrs=147.188.47.71-9618&alias=eplwk001.ph.bham.ac.uk&noUDP&sock=slot1_17_864817_8fb9_65719>
...
040 (2037.000.000) 2024-11-25 13:55:47 Finished transferring input files
...
001 (2037.000.000) 2024-11-25 13:55:48 Job executing on host: <147.188.47.71:9618?addrs=147.188.47.71-9618&alias=eplwk001.ph.bham.ac.uk&noUDP&sock=startd_864732_ce1e>
	SlotName: slot1_17@eplwk001.ph.bham.ac.uk
	CondorScratchDir = "/var/lib/condor/execute/dir_1815780"
	Cpus = 1
	Disk = 7699
	GPUs = 0
	Memory = 4096
...
006 (2037.000.000) 2024-11-25 13:55:57 Image size of job updated: 401560
	393  -  MemoryUsage of job (MB)
	401560  -  ResidentSetSize of job (KB)
...
006 (2037.000.000) 2024-11-25 14:00:58 Image size of job updated: 745108
	728  -  MemoryUsage of job (MB)
	744856  -  ResidentSetSize of job (KB)
...
006 (2037.000.000) 2024-11-25 14:05:59 Image size of job updated: 774124
	756  -  MemoryUsage of job (MB)
	773620  -  ResidentSetSize of job (KB)
...
006 (2037.000.000) 2024-11-25 14:10:59 Image size of job updated: 783964
	764  -  MemoryUsage of job (MB)
	781360  -  ResidentSetSize of job (KB)
...
006 (2037.000.000) 2024-11-25 14:13:27 Image size of job updated: 789364
	764  -  MemoryUsage of job (MB)
	781360  -  ResidentSetSize of job (KB)
...
040 (2037.000.000) 2024-11-25 14:13:27 Started transferring output files
...
040 (2037.000.000) 2024-11-25 14:13:27 Finished transferring output files
...
005 (2037.000.000) 2024-11-25 14:13:27 Job terminated.
	(1) Normal termination (return value 0)
		Usr 0 00:16:38, Sys 0 00:00:50  -  Run Remote Usage
		Usr 0 00:00:00, Sys 0 00:00:00  -  Run Local Usage
		Usr 0 00:16:38, Sys 0 00:00:50  -  Total Remote Usage
		Usr 0 00:00:00, Sys 0 00:00:00  -  Total Local Usage
	2731  -  Run Bytes Sent By Job
	957  -  Run Bytes Received By Job
	2731  -  Total Bytes Sent By Job
	957  -  Total Bytes Received By Job
	Partitionable Resources :    Usage  Request Allocated 
	   Cpus                 :     1.00        1         1 
	   Disk (KB)            :    39           1      7699 
	   GPUs                 :                           0 
	   Memory (MB)          :   764        4000      4096 
	   TimeExecute (s)      :  1059                       
	   TimeSlotBusy (s)     :  1060                       

	Job terminated of its own accord at 2024-11-25T14:13:27Z with exit-code 0.
...
