000 (2953.000.000) 2024-11-07 18:09:56 Job submitted from host: <147.188.47.46:9618?addrs=147.188.47.46-9618&alias=eprexa.ph.bham.ac.uk&noUDP&sock=schedd_1682379_a360>
...
040 (2953.000.000) 2024-11-07 18:09:56 Started transferring input files
	Transferring to host: <147.188.47.72:9618?addrs=147.188.47.72-9618&alias=eplwk002.ph.bham.ac.uk&noUDP&sock=slot1_1_187135_4953_32415>
...
040 (2953.000.000) 2024-11-07 18:09:56 Finished transferring input files
...
001 (2953.000.000) 2024-11-07 18:09:57 Job executing on host: <147.188.47.72:9618?addrs=147.188.47.72-9618&alias=eplwk002.ph.bham.ac.uk&noUDP&sock=startd_187014_a097>
	SlotName: slot1_1@eplwk002.ph.bham.ac.uk
	CondorScratchDir = "/var/lib/condor/execute/dir_3240602"
	Cpus = 1
	Disk = 7701
	GPUs = 0
	Memory = 4096
...
006 (2953.000.000) 2024-11-07 18:10:06 Image size of job updated: 412024
	403  -  MemoryUsage of job (MB)
	412012  -  ResidentSetSize of job (KB)
...
006 (2953.000.000) 2024-11-07 18:11:12 Image size of job updated: 3060876
	2242  -  MemoryUsage of job (MB)
	2295500  -  ResidentSetSize of job (KB)
...
040 (2953.000.000) 2024-11-07 18:11:12 Started transferring output files
...
040 (2953.000.000) 2024-11-07 18:11:12 Finished transferring output files
...
005 (2953.000.000) 2024-11-07 18:11:12 Job terminated.
	(1) Normal termination (return value 0)
		Usr 0 00:00:55, Sys 0 00:00:06  -  Run Remote Usage
		Usr 0 00:00:00, Sys 0 00:00:00  -  Run Local Usage
		Usr 0 00:00:55, Sys 0 00:00:06  -  Total Remote Usage
		Usr 0 00:00:00, Sys 0 00:00:00  -  Total Local Usage
	2743  -  Run Bytes Sent By Job
	789  -  Run Bytes Received By Job
	2743  -  Total Bytes Sent By Job
	789  -  Total Bytes Received By Job
	Partitionable Resources :    Usage  Request Allocated 
	   Cpus                 :        0        1         1 
	   Disk (KB)            :       45        1      7701 
	   GPUs                 :                           0 
	   Memory (MB)          :     2242     4000      4096 
	   TimeExecute (s)      :       75                    
	   TimeSlotBusy (s)     :       76                    

	Job terminated of its own accord at 2024-11-07T18:11:12Z with exit-code 0.
...
