000 (2054.000.000) 2024-11-25 14:25:45 Job submitted from host: <147.188.47.47:9618?addrs=147.188.47.47-9618&alias=eprexb.ph.bham.ac.uk&noUDP&sock=schedd_1171491_f6ca>
...
040 (2054.000.000) 2024-11-25 14:26:00 Started transferring input files
	Transferring to host: <147.188.47.71:9618?addrs=147.188.47.71-9618&alias=eplwk001.ph.bham.ac.uk&noUDP&sock=slot1_6_864817_8fb9_65736>
...
040 (2054.000.000) 2024-11-25 14:26:00 Finished transferring input files
...
001 (2054.000.000) 2024-11-25 14:26:01 Job executing on host: <147.188.47.71:9618?addrs=147.188.47.71-9618&alias=eplwk001.ph.bham.ac.uk&noUDP&sock=startd_864732_ce1e>
	SlotName: slot1_6@eplwk001.ph.bham.ac.uk
	CondorScratchDir = "/var/lib/condor/execute/dir_1835548"
	Cpus = 1
	Disk = 7699
	GPUs = 0
	Memory = 4096
...
006 (2054.000.000) 2024-11-25 14:26:09 Image size of job updated: 213792
	209  -  MemoryUsage of job (MB)
	213792  -  ResidentSetSize of job (KB)
...
006 (2054.000.000) 2024-11-25 14:31:09 Image size of job updated: 754332
	736  -  MemoryUsage of job (MB)
	753044  -  ResidentSetSize of job (KB)
...
006 (2054.000.000) 2024-11-25 14:36:10 Image size of job updated: 774160
	755  -  MemoryUsage of job (MB)
	773068  -  ResidentSetSize of job (KB)
...
006 (2054.000.000) 2024-11-25 14:40:02 Image size of job updated: 788908
	755  -  MemoryUsage of job (MB)
	773068  -  ResidentSetSize of job (KB)
...
040 (2054.000.000) 2024-11-25 14:40:02 Started transferring output files
...
040 (2054.000.000) 2024-11-25 14:40:02 Finished transferring output files
...
005 (2054.000.000) 2024-11-25 14:40:02 Job terminated.
	(1) Normal termination (return value 0)
		Usr 0 00:13:11, Sys 0 00:00:40  -  Run Remote Usage
		Usr 0 00:00:00, Sys 0 00:00:00  -  Run Local Usage
		Usr 0 00:13:11, Sys 0 00:00:40  -  Total Remote Usage
		Usr 0 00:00:00, Sys 0 00:00:00  -  Total Local Usage
	2731  -  Run Bytes Sent By Job
	957  -  Run Bytes Received By Job
	2731  -  Total Bytes Sent By Job
	957  -  Total Bytes Received By Job
	Partitionable Resources :    Usage  Request Allocated 
	   Cpus                 :     0.99        1         1 
	   Disk (KB)            :    39           1      7699 
	   GPUs                 :                           0 
	   Memory (MB)          :   755        4000      4096 
	   TimeExecute (s)      :   841                       
	   TimeSlotBusy (s)     :   842                       

	Job terminated of its own accord at 2024-11-25T14:40:02Z with exit-code 0.
...
