000 (1294.000.000) 2024-11-23 20:26:17 Job submitted from host: <147.188.47.47:9618?addrs=147.188.47.47-9618&alias=eprexb.ph.bham.ac.uk&noUDP&sock=schedd_1171491_f6ca>
...
040 (1294.000.000) 2024-11-23 20:26:35 Started transferring input files
	Transferring to host: <147.188.47.71:9618?addrs=147.188.47.71-9618&alias=eplwk001.ph.bham.ac.uk&noUDP&sock=slot1_18_864817_8fb9_64442>
...
040 (1294.000.000) 2024-11-23 20:26:35 Finished transferring input files
...
001 (1294.000.000) 2024-11-23 20:26:36 Job executing on host: <147.188.47.71:9618?addrs=147.188.47.71-9618&alias=eplwk001.ph.bham.ac.uk&noUDP&sock=startd_864732_ce1e>
	SlotName: slot1_18@eplwk001.ph.bham.ac.uk
	CondorScratchDir = "/var/lib/condor/execute/dir_388870"
	Cpus = 1
	Disk = 7699
	GPUs = 0
	Memory = 4096
...
006 (1294.000.000) 2024-11-23 20:26:45 Image size of job updated: 519616
	508  -  MemoryUsage of job (MB)
	519616  -  ResidentSetSize of job (KB)
...
006 (1294.000.000) 2024-11-23 20:27:49 Image size of job updated: 792528
	508  -  MemoryUsage of job (MB)
	519872  -  ResidentSetSize of job (KB)
...
040 (1294.000.000) 2024-11-23 20:27:49 Started transferring output files
...
040 (1294.000.000) 2024-11-23 20:27:49 Finished transferring output files
...
005 (1294.000.000) 2024-11-23 20:27:49 Job terminated.
	(1) Normal termination (return value 0)
		Usr 0 00:01:04, Sys 0 00:00:05  -  Run Remote Usage
		Usr 0 00:00:00, Sys 0 00:00:00  -  Run Local Usage
		Usr 0 00:01:04, Sys 0 00:00:05  -  Total Remote Usage
		Usr 0 00:00:00, Sys 0 00:00:00  -  Total Local Usage
	2806  -  Run Bytes Sent By Job
	952  -  Run Bytes Received By Job
	2806  -  Total Bytes Sent By Job
	952  -  Total Bytes Received By Job
	Partitionable Resources :    Usage  Request Allocated 
	   Cpus                 :     1.00        1         1 
	   Disk (KB)            :    34           1      7699 
	   GPUs                 :                           0 
	   Memory (MB)          :   508        4000      4096 
	   TimeExecute (s)      :    73                       
	   TimeSlotBusy (s)     :    74                       

	Job terminated of its own accord at 2024-11-23T20:27:49Z with exit-code 0.
...
