000 (2024.000.000) 2024-11-25 13:49:32 Job submitted from host: <147.188.47.47:9618?addrs=147.188.47.47-9618&alias=eprexb.ph.bham.ac.uk&noUDP&sock=schedd_1171491_f6ca>
...
040 (2024.000.000) 2024-11-25 13:49:49 Started transferring input files
	Transferring to host: <147.188.47.71:9618?addrs=147.188.47.71-9618&alias=eplwk001.ph.bham.ac.uk&noUDP&sock=slot1_36_864817_8fb9_65706>
...
040 (2024.000.000) 2024-11-25 13:49:49 Finished transferring input files
...
001 (2024.000.000) 2024-11-25 13:49:50 Job executing on host: <147.188.47.71:9618?addrs=147.188.47.71-9618&alias=eplwk001.ph.bham.ac.uk&noUDP&sock=startd_864732_ce1e>
	SlotName: slot1_36@eplwk001.ph.bham.ac.uk
	CondorScratchDir = "/var/lib/condor/execute/dir_1786174"
	Cpus = 1
	Disk = 7699
	GPUs = 0
	Memory = 4096
...
006 (2024.000.000) 2024-11-25 13:49:58 Image size of job updated: 198500
	194  -  MemoryUsage of job (MB)
	198500  -  ResidentSetSize of job (KB)
...
006 (2024.000.000) 2024-11-25 13:54:58 Image size of job updated: 745632
	728  -  MemoryUsage of job (MB)
	745100  -  ResidentSetSize of job (KB)
...
006 (2024.000.000) 2024-11-25 13:59:59 Image size of job updated: 791724
	773  -  MemoryUsage of job (MB)
	791472  -  ResidentSetSize of job (KB)
...
006 (2024.000.000) 2024-11-25 14:01:10 Image size of job updated: 792076
	773  -  MemoryUsage of job (MB)
	791472  -  ResidentSetSize of job (KB)
...
040 (2024.000.000) 2024-11-25 14:01:10 Started transferring output files
...
040 (2024.000.000) 2024-11-25 14:01:10 Finished transferring output files
...
005 (2024.000.000) 2024-11-25 14:01:10 Job terminated.
	(1) Normal termination (return value 0)
		Usr 0 00:10:37, Sys 0 00:00:33  -  Run Remote Usage
		Usr 0 00:00:00, Sys 0 00:00:00  -  Run Local Usage
		Usr 0 00:10:37, Sys 0 00:00:33  -  Total Remote Usage
		Usr 0 00:00:00, Sys 0 00:00:00  -  Total Local Usage
	2731  -  Run Bytes Sent By Job
	957  -  Run Bytes Received By Job
	2731  -  Total Bytes Sent By Job
	957  -  Total Bytes Received By Job
	Partitionable Resources :    Usage  Request Allocated 
	   Cpus                 :     0.99        1         1 
	   Disk (KB)            :    39           1      7699 
	   GPUs                 :                           0 
	   Memory (MB)          :   773        4000      4096 
	   TimeExecute (s)      :   680                       
	   TimeSlotBusy (s)     :   682                       

	Job terminated of its own accord at 2024-11-25T14:01:10Z with exit-code 0.
...
