000 (2026.000.000) 2024-11-25 13:49:35 Job submitted from host: <147.188.47.47:9618?addrs=147.188.47.47-9618&alias=eprexb.ph.bham.ac.uk&noUDP&sock=schedd_1171491_f6ca>
...
040 (2026.000.000) 2024-11-25 13:49:49 Started transferring input files
	Transferring to host: <147.188.47.71:9618?addrs=147.188.47.71-9618&alias=eplwk001.ph.bham.ac.uk&noUDP&sock=slot1_38_864817_8fb9_65708>
...
040 (2026.000.000) 2024-11-25 13:49:49 Finished transferring input files
...
001 (2026.000.000) 2024-11-25 13:49:50 Job executing on host: <147.188.47.71:9618?addrs=147.188.47.71-9618&alias=eplwk001.ph.bham.ac.uk&noUDP&sock=startd_864732_ce1e>
	SlotName: slot1_38@eplwk001.ph.bham.ac.uk
	CondorScratchDir = "/var/lib/condor/execute/dir_1787007"
	Cpus = 1
	Disk = 7699
	GPUs = 0
	Memory = 4096
...
006 (2026.000.000) 2024-11-25 13:49:58 Image size of job updated: 206156
	202  -  MemoryUsage of job (MB)
	205984  -  ResidentSetSize of job (KB)
...
006 (2026.000.000) 2024-11-25 13:54:58 Image size of job updated: 767732
	750  -  MemoryUsage of job (MB)
	767400  -  ResidentSetSize of job (KB)
...
006 (2026.000.000) 2024-11-25 13:59:59 Image size of job updated: 781332
	761  -  MemoryUsage of job (MB)
	778932  -  ResidentSetSize of job (KB)
...
006 (2026.000.000) 2024-11-25 14:05:00 Image size of job updated: 799984
	782  -  MemoryUsage of job (MB)
	799952  -  ResidentSetSize of job (KB)
...
006 (2026.000.000) 2024-11-25 14:07:50 Image size of job updated: 823668
	782  -  MemoryUsage of job (MB)
	799952  -  ResidentSetSize of job (KB)
...
040 (2026.000.000) 2024-11-25 14:07:50 Started transferring output files
...
040 (2026.000.000) 2024-11-25 14:07:50 Finished transferring output files
...
005 (2026.000.000) 2024-11-25 14:07:50 Job terminated.
	(1) Normal termination (return value 0)
		Usr 0 00:16:57, Sys 0 00:00:51  -  Run Remote Usage
		Usr 0 00:00:00, Sys 0 00:00:00  -  Run Local Usage
		Usr 0 00:16:57, Sys 0 00:00:51  -  Total Remote Usage
		Usr 0 00:00:00, Sys 0 00:00:00  -  Total Local Usage
	2731  -  Run Bytes Sent By Job
	957  -  Run Bytes Received By Job
	2731  -  Total Bytes Sent By Job
	957  -  Total Bytes Received By Job
	Partitionable Resources :    Usage  Request Allocated 
	   Cpus                 :     0.99        1         1 
	   Disk (KB)            :    39           1      7699 
	   GPUs                 :                           0 
	   Memory (MB)          :   782        4000      4096 
	   TimeExecute (s)      :  1080                       
	   TimeSlotBusy (s)     :  1081                       

	Job terminated of its own accord at 2024-11-25T14:07:50Z with exit-code 0.
...
