000 (535.000.000) 2024-11-23 15:49:30 Job submitted from host: <147.188.47.47:9618?addrs=147.188.47.47-9618&alias=eprexb.ph.bham.ac.uk&noUDP&sock=schedd_1171491_f6ca>
...
040 (535.000.000) 2024-11-23 15:49:40 Started transferring input files
	Transferring to host: <147.188.47.71:9618?addrs=147.188.47.71-9618&alias=eplwk001.ph.bham.ac.uk&noUDP&sock=slot1_38_864817_8fb9_63672>
...
040 (535.000.000) 2024-11-23 15:49:40 Finished transferring input files
...
001 (535.000.000) 2024-11-23 15:49:41 Job executing on host: <147.188.47.71:9618?addrs=147.188.47.71-9618&alias=eplwk001.ph.bham.ac.uk&noUDP&sock=startd_864732_ce1e>
	SlotName: slot1_38@eplwk001.ph.bham.ac.uk
	CondorScratchDir = "/var/lib/condor/execute/dir_2787768"
	Cpus = 1
	Disk = 7699
	GPUs = 0
	Memory = 4096
...
006 (535.000.000) 2024-11-23 15:49:50 Image size of job updated: 189992
	186  -  MemoryUsage of job (MB)
	189968  -  ResidentSetSize of job (KB)
...
006 (535.000.000) 2024-11-23 15:54:51 Image size of job updated: 1494856
	1460  -  MemoryUsage of job (MB)
	1494796  -  ResidentSetSize of job (KB)
...
006 (535.000.000) 2024-11-23 15:59:00 Image size of job updated: 2229428
	1460  -  MemoryUsage of job (MB)
	1494796  -  ResidentSetSize of job (KB)
...
040 (535.000.000) 2024-11-23 15:59:00 Started transferring output files
...
040 (535.000.000) 2024-11-23 15:59:00 Finished transferring output files
...
005 (535.000.000) 2024-11-23 15:59:00 Job terminated.
	(1) Normal termination (return value 0)
		Usr 0 00:01:08, Sys 0 00:00:11  -  Run Remote Usage
		Usr 0 00:00:00, Sys 0 00:00:00  -  Run Local Usage
		Usr 0 00:01:08, Sys 0 00:00:11  -  Total Remote Usage
		Usr 0 00:00:00, Sys 0 00:00:00  -  Total Local Usage
	4229  -  Run Bytes Sent By Job
	952  -  Run Bytes Received By Job
	4229  -  Total Bytes Sent By Job
	952  -  Total Bytes Received By Job
	Partitionable Resources :    Usage  Request Allocated 
	   Cpus                 :     0.10        1         1 
	   Disk (KB)            :    36           1      7699 
	   GPUs                 :                           0 
	   Memory (MB)          :  1460        4000      4096 
	   TimeExecute (s)      :   559                       
	   TimeSlotBusy (s)     :   560                       

	Job terminated of its own accord at 2024-11-23T15:59:00Z with exit-code 0.
...
