000 (1235.000.000) 2024-11-23 19:47:37 Job submitted from host: <147.188.47.47:9618?addrs=147.188.47.47-9618&alias=eprexb.ph.bham.ac.uk&noUDP&sock=schedd_1171491_f6ca>
...
040 (1235.000.000) 2024-11-23 19:47:42 Started transferring input files
	Transferring to host: <147.188.47.71:9618?addrs=147.188.47.71-9618&alias=eplwk001.ph.bham.ac.uk&noUDP&sock=slot1_4_864817_8fb9_64383>
...
040 (1235.000.000) 2024-11-23 19:47:42 Finished transferring input files
...
001 (1235.000.000) 2024-11-23 19:47:43 Job executing on host: <147.188.47.71:9618?addrs=147.188.47.71-9618&alias=eplwk001.ph.bham.ac.uk&noUDP&sock=startd_864732_ce1e>
	SlotName: slot1_4@eplwk001.ph.bham.ac.uk
	CondorScratchDir = "/var/lib/condor/execute/dir_317411"
	Cpus = 1
	Disk = 7699
	GPUs = 0
	Memory = 4096
...
006 (1235.000.000) 2024-11-23 19:47:52 Image size of job updated: 420968
	412  -  MemoryUsage of job (MB)
	420968  -  ResidentSetSize of job (KB)
...
006 (1235.000.000) 2024-11-23 19:49:01 Image size of job updated: 797852
	412  -  MemoryUsage of job (MB)
	420968  -  ResidentSetSize of job (KB)
...
040 (1235.000.000) 2024-11-23 19:49:02 Started transferring output files
...
040 (1235.000.000) 2024-11-23 19:49:02 Finished transferring output files
...
005 (1235.000.000) 2024-11-23 19:49:02 Job terminated.
	(1) Normal termination (return value 0)
		Usr 0 00:01:08, Sys 0 00:00:06  -  Run Remote Usage
		Usr 0 00:00:00, Sys 0 00:00:00  -  Run Local Usage
		Usr 0 00:01:08, Sys 0 00:00:06  -  Total Remote Usage
		Usr 0 00:00:00, Sys 0 00:00:00  -  Total Local Usage
	2804  -  Run Bytes Sent By Job
	948  -  Run Bytes Received By Job
	2804  -  Total Bytes Sent By Job
	948  -  Total Bytes Received By Job
	Partitionable Resources :    Usage  Request Allocated 
	   Cpus                 :        0        1         1 
	   Disk (KB)            :       34        1      7699 
	   GPUs                 :                           0 
	   Memory (MB)          :      412     4000      4096 
	   TimeExecute (s)      :       78                    
	   TimeSlotBusy (s)     :       80                    

	Job terminated of its own accord at 2024-11-23T19:49:01Z with exit-code 0.
...
