000 (1393.000.000) 2024-11-23 23:09:06 Job submitted from host: <147.188.47.47:9618?addrs=147.188.47.47-9618&alias=eprexb.ph.bham.ac.uk&noUDP&sock=schedd_1171491_f6ca>
...
040 (1393.000.000) 2024-11-23 23:09:40 Started transferring input files
	Transferring to host: <147.188.47.72:9618?addrs=147.188.47.72-9618&alias=eplwk002.ph.bham.ac.uk&noUDP&sock=slot1_6_187135_4953_45478>
...
040 (1393.000.000) 2024-11-23 23:09:40 Finished transferring input files
...
001 (1393.000.000) 2024-11-23 23:09:41 Job executing on host: <147.188.47.72:9618?addrs=147.188.47.72-9618&alias=eplwk002.ph.bham.ac.uk&noUDP&sock=startd_187014_a097>
	SlotName: slot1_6@eplwk002.ph.bham.ac.uk
	CondorScratchDir = "/var/lib/condor/execute/dir_2674547"
	Cpus = 1
	Disk = 7701
	GPUs = 0
	Memory = 4096
...
006 (1393.000.000) 2024-11-23 23:09:50 Image size of job updated: 480364
	469  -  MemoryUsage of job (MB)
	479816  -  ResidentSetSize of job (KB)
...
006 (1393.000.000) 2024-11-23 23:11:13 Image size of job updated: 799468
	469  -  MemoryUsage of job (MB)
	479868  -  ResidentSetSize of job (KB)
...
040 (1393.000.000) 2024-11-23 23:11:13 Started transferring output files
...
040 (1393.000.000) 2024-11-23 23:11:13 Finished transferring output files
...
005 (1393.000.000) 2024-11-23 23:11:13 Job terminated.
	(1) Normal termination (return value 0)
		Usr 0 00:01:22, Sys 0 00:00:05  -  Run Remote Usage
		Usr 0 00:00:00, Sys 0 00:00:00  -  Run Local Usage
		Usr 0 00:01:22, Sys 0 00:00:05  -  Total Remote Usage
		Usr 0 00:00:00, Sys 0 00:00:00  -  Total Local Usage
	2816  -  Run Bytes Sent By Job
	952  -  Run Bytes Received By Job
	2816  -  Total Bytes Sent By Job
	952  -  Total Bytes Received By Job
	Partitionable Resources :    Usage  Request Allocated 
	   Cpus                 :     0.99        1         1 
	   Disk (KB)            :    35           1      7701 
	   GPUs                 :                           0 
	   Memory (MB)          :   469        4000      4096 
	   TimeExecute (s)      :    92                       
	   TimeSlotBusy (s)     :    93                       

	Job terminated of its own accord at 2024-11-23T23:11:13Z with exit-code 0.
...
