000 (798.000.000) 2024-11-23 18:21:53 Job submitted from host: <147.188.47.47:9618?addrs=147.188.47.47-9618&alias=eprexb.ph.bham.ac.uk&noUDP&sock=schedd_1171491_f6ca>
...
040 (798.000.000) 2024-11-23 18:22:11 Started transferring input files
	Transferring to host: <147.188.47.71:9618?addrs=147.188.47.71-9618&alias=eplwk001.ph.bham.ac.uk&noUDP&sock=slot1_9_864817_8fb9_63954>
...
040 (798.000.000) 2024-11-23 18:22:11 Finished transferring input files
...
001 (798.000.000) 2024-11-23 18:22:12 Job executing on host: <147.188.47.71:9618?addrs=147.188.47.71-9618&alias=eplwk001.ph.bham.ac.uk&noUDP&sock=startd_864732_ce1e>
	SlotName: slot1_9@eplwk001.ph.bham.ac.uk
	CondorScratchDir = "/var/lib/condor/execute/dir_3344358"
	Cpus = 1
	Disk = 7699
	GPUs = 0
	Memory = 4096
...
006 (798.000.000) 2024-11-23 18:22:21 Image size of job updated: 423756
	413  -  MemoryUsage of job (MB)
	422184  -  ResidentSetSize of job (KB)
...
006 (798.000.000) 2024-11-23 18:23:30 Image size of job updated: 801992
	413  -  MemoryUsage of job (MB)
	422184  -  ResidentSetSize of job (KB)
...
040 (798.000.000) 2024-11-23 18:23:30 Started transferring output files
...
040 (798.000.000) 2024-11-23 18:23:30 Finished transferring output files
...
005 (798.000.000) 2024-11-23 18:23:30 Job terminated.
	(1) Normal termination (return value 0)
		Usr 0 00:01:08, Sys 0 00:00:05  -  Run Remote Usage
		Usr 0 00:00:00, Sys 0 00:00:00  -  Run Local Usage
		Usr 0 00:01:08, Sys 0 00:00:05  -  Total Remote Usage
		Usr 0 00:00:00, Sys 0 00:00:00  -  Total Local Usage
	2816  -  Run Bytes Sent By Job
	952  -  Run Bytes Received By Job
	2816  -  Total Bytes Sent By Job
	952  -  Total Bytes Received By Job
	Partitionable Resources :    Usage  Request Allocated 
	   Cpus                 :        0        1         1 
	   Disk (KB)            :       35        1      7699 
	   GPUs                 :                           0 
	   Memory (MB)          :      413     4000      4096 
	   TimeExecute (s)      :       78                    
	   TimeSlotBusy (s)     :       79                    

	Job terminated of its own accord at 2024-11-23T18:23:30Z with exit-code 0.
...
