000 (829.000.000) 2024-11-23 18:27:04 Job submitted from host: <147.188.47.47:9618?addrs=147.188.47.47-9618&alias=eprexb.ph.bham.ac.uk&noUDP&sock=schedd_1171491_f6ca>
...
040 (829.000.000) 2024-11-23 18:27:17 Started transferring input files
	Transferring to host: <147.188.47.71:9618?addrs=147.188.47.71-9618&alias=eplwk001.ph.bham.ac.uk&noUDP&sock=slot1_20_864817_8fb9_63985>
...
040 (829.000.000) 2024-11-23 18:27:17 Finished transferring input files
...
001 (829.000.000) 2024-11-23 18:27:18 Job executing on host: <147.188.47.71:9618?addrs=147.188.47.71-9618&alias=eplwk001.ph.bham.ac.uk&noUDP&sock=startd_864732_ce1e>
	SlotName: slot1_20@eplwk001.ph.bham.ac.uk
	CondorScratchDir = "/var/lib/condor/execute/dir_3377050"
	Cpus = 1
	Disk = 7699
	GPUs = 0
	Memory = 4096
...
006 (829.000.000) 2024-11-23 18:27:27 Image size of job updated: 464288
	454  -  MemoryUsage of job (MB)
	464288  -  ResidentSetSize of job (KB)
...
006 (829.000.000) 2024-11-23 18:28:34 Image size of job updated: 822200
	454  -  MemoryUsage of job (MB)
	464288  -  ResidentSetSize of job (KB)
...
040 (829.000.000) 2024-11-23 18:28:34 Started transferring output files
...
040 (829.000.000) 2024-11-23 18:28:34 Finished transferring output files
...
005 (829.000.000) 2024-11-23 18:28:34 Job terminated.
	(1) Normal termination (return value 0)
		Usr 0 00:01:07, Sys 0 00:00:05  -  Run Remote Usage
		Usr 0 00:00:00, Sys 0 00:00:00  -  Run Local Usage
		Usr 0 00:01:07, Sys 0 00:00:05  -  Total Remote Usage
		Usr 0 00:00:00, Sys 0 00:00:00  -  Total Local Usage
	2816  -  Run Bytes Sent By Job
	952  -  Run Bytes Received By Job
	2816  -  Total Bytes Sent By Job
	952  -  Total Bytes Received By Job
	Partitionable Resources :    Usage  Request Allocated 
	   Cpus                 :        0        1         1 
	   Disk (KB)            :       34        1      7699 
	   GPUs                 :                           0 
	   Memory (MB)          :      454     4000      4096 
	   TimeExecute (s)      :       76                    
	   TimeSlotBusy (s)     :       77                    

	Job terminated of its own accord at 2024-11-23T18:28:34Z with exit-code 0.
...
