000 (1319.000.000) 2024-11-23 21:22:53 Job submitted from host: <147.188.47.47:9618?addrs=147.188.47.47-9618&alias=eprexb.ph.bham.ac.uk&noUDP&sock=schedd_1171491_f6ca>
...
040 (1319.000.000) 2024-11-23 21:36:37 Started transferring input files
	Transferring to host: <147.188.47.71:9618?addrs=147.188.47.71-9618&alias=eplwk001.ph.bham.ac.uk&noUDP&sock=slot1_86_864817_8fb9_64536>
...
040 (1319.000.000) 2024-11-23 21:36:37 Finished transferring input files
...
001 (1319.000.000) 2024-11-23 21:36:38 Job executing on host: <147.188.47.71:9618?addrs=147.188.47.71-9618&alias=eplwk001.ph.bham.ac.uk&noUDP&sock=startd_864732_ce1e>
	SlotName: slot1_86@eplwk001.ph.bham.ac.uk
	CondorScratchDir = "/var/lib/condor/execute/dir_410460"
	Cpus = 1
	Disk = 7699
	GPUs = 0
	Memory = 4096
...
006 (1319.000.000) 2024-11-23 21:36:47 Image size of job updated: 222572
	218  -  MemoryUsage of job (MB)
	222572  -  ResidentSetSize of job (KB)
...
006 (1319.000.000) 2024-11-23 21:39:45 Image size of job updated: 2118176
	1295  -  MemoryUsage of job (MB)
	1325440  -  ResidentSetSize of job (KB)
...
040 (1319.000.000) 2024-11-23 21:39:45 Started transferring output files
...
040 (1319.000.000) 2024-11-23 21:39:45 Finished transferring output files
...
005 (1319.000.000) 2024-11-23 21:39:45 Job terminated.
	(1) Normal termination (return value 0)
		Usr 0 00:02:24, Sys 0 00:00:10  -  Run Remote Usage
		Usr 0 00:00:00, Sys 0 00:00:00  -  Run Local Usage
		Usr 0 00:02:24, Sys 0 00:00:10  -  Total Remote Usage
		Usr 0 00:00:00, Sys 0 00:00:00  -  Total Local Usage
	2806  -  Run Bytes Sent By Job
	953  -  Run Bytes Received By Job
	2806  -  Total Bytes Sent By Job
	953  -  Total Bytes Received By Job
	Partitionable Resources :    Usage  Request Allocated 
	   Cpus                 :     0.82        1         1 
	   Disk (KB)            :    35           1      7699 
	   GPUs                 :                           0 
	   Memory (MB)          :  1295        4000      4096 
	   TimeExecute (s)      :   187                       
	   TimeSlotBusy (s)     :   188                       

	Job terminated of its own accord at 2024-11-23T21:39:45Z with exit-code 0.
...
