000 (624.000.000) 2024-11-23 17:12:48 Job submitted from host: <147.188.47.47:9618?addrs=147.188.47.47-9618&alias=eprexb.ph.bham.ac.uk&noUDP&sock=schedd_1171491_f6ca>
...
040 (624.000.000) 2024-11-23 17:12:51 Started transferring input files
	Transferring to host: <147.188.47.71:9618?addrs=147.188.47.71-9618&alias=eplwk001.ph.bham.ac.uk&noUDP&sock=slot1_4_864817_8fb9_63771>
...
040 (624.000.000) 2024-11-23 17:12:51 Finished transferring input files
...
001 (624.000.000) 2024-11-23 17:12:52 Job executing on host: <147.188.47.71:9618?addrs=147.188.47.71-9618&alias=eplwk001.ph.bham.ac.uk&noUDP&sock=startd_864732_ce1e>
	SlotName: slot1_4@eplwk001.ph.bham.ac.uk
	CondorScratchDir = "/var/lib/condor/execute/dir_3036636"
	Cpus = 1
	Disk = 7699
	GPUs = 0
	Memory = 4096
...
006 (624.000.000) 2024-11-23 17:13:01 Image size of job updated: 470868
	460  -  MemoryUsage of job (MB)
	470868  -  ResidentSetSize of job (KB)
...
006 (624.000.000) 2024-11-23 17:14:08 Image size of job updated: 782692
	460  -  MemoryUsage of job (MB)
	470868  -  ResidentSetSize of job (KB)
...
040 (624.000.000) 2024-11-23 17:14:08 Started transferring output files
...
040 (624.000.000) 2024-11-23 17:14:08 Finished transferring output files
...
005 (624.000.000) 2024-11-23 17:14:08 Job terminated.
	(1) Normal termination (return value 0)
		Usr 0 00:01:07, Sys 0 00:00:05  -  Run Remote Usage
		Usr 0 00:00:00, Sys 0 00:00:00  -  Run Local Usage
		Usr 0 00:01:07, Sys 0 00:00:05  -  Total Remote Usage
		Usr 0 00:00:00, Sys 0 00:00:00  -  Total Local Usage
	4316  -  Run Bytes Sent By Job
	952  -  Run Bytes Received By Job
	4316  -  Total Bytes Sent By Job
	952  -  Total Bytes Received By Job
	Partitionable Resources :    Usage  Request Allocated 
	   Cpus                 :        0        1         1 
	   Disk (KB)            :       36        1      7699 
	   GPUs                 :                           0 
	   Memory (MB)          :      460     4000      4096 
	   TimeExecute (s)      :       76                    
	   TimeSlotBusy (s)     :       77                    

	Job terminated of its own accord at 2024-11-23T17:14:08Z with exit-code 0.
...
