000 (2068.000.000) 2024-11-25 14:26:06 Job submitted from host: <147.188.47.47:9618?addrs=147.188.47.47-9618&alias=eprexb.ph.bham.ac.uk&noUDP&sock=schedd_1171491_f6ca>
...
040 (2068.000.000) 2024-11-25 14:26:19 Started transferring input files
	Transferring to host: <147.188.47.71:9618?addrs=147.188.47.71-9618&alias=eplwk001.ph.bham.ac.uk&noUDP&sock=slot1_20_864817_8fb9_65750>
...
040 (2068.000.000) 2024-11-25 14:26:19 Finished transferring input files
...
001 (2068.000.000) 2024-11-25 14:26:20 Job executing on host: <147.188.47.71:9618?addrs=147.188.47.71-9618&alias=eplwk001.ph.bham.ac.uk&noUDP&sock=startd_864732_ce1e>
	SlotName: slot1_20@eplwk001.ph.bham.ac.uk
	CondorScratchDir = "/var/lib/condor/execute/dir_1847344"
	Cpus = 1
	Disk = 7699
	GPUs = 0
	Memory = 4096
...
006 (2068.000.000) 2024-11-25 14:26:29 Image size of job updated: 475420
	465  -  MemoryUsage of job (MB)
	475332  -  ResidentSetSize of job (KB)
...
006 (2068.000.000) 2024-11-25 14:31:29 Image size of job updated: 766804
	749  -  MemoryUsage of job (MB)
	766164  -  ResidentSetSize of job (KB)
...
006 (2068.000.000) 2024-11-25 14:36:29 Image size of job updated: 779784
	761  -  MemoryUsage of job (MB)
	778632  -  ResidentSetSize of job (KB)
...
006 (2068.000.000) 2024-11-25 14:41:30 Image size of job updated: 804772
	786  -  MemoryUsage of job (MB)
	804772  -  ResidentSetSize of job (KB)
...
006 (2068.000.000) 2024-11-25 14:43:39 Image size of job updated: 827876
	786  -  MemoryUsage of job (MB)
	804772  -  ResidentSetSize of job (KB)
...
040 (2068.000.000) 2024-11-25 14:43:39 Started transferring output files
...
040 (2068.000.000) 2024-11-25 14:43:39 Finished transferring output files
...
005 (2068.000.000) 2024-11-25 14:43:39 Job terminated.
	(1) Normal termination (return value 0)
		Usr 0 00:16:21, Sys 0 00:00:48  -  Run Remote Usage
		Usr 0 00:00:00, Sys 0 00:00:00  -  Run Local Usage
		Usr 0 00:16:21, Sys 0 00:00:48  -  Total Remote Usage
		Usr 0 00:00:00, Sys 0 00:00:00  -  Total Local Usage
	2731  -  Run Bytes Sent By Job
	957  -  Run Bytes Received By Job
	2731  -  Total Bytes Sent By Job
	957  -  Total Bytes Received By Job
	Partitionable Resources :    Usage  Request Allocated 
	   Cpus                 :     0.99        1         1 
	   Disk (KB)            :    39           1      7699 
	   GPUs                 :                           0 
	   Memory (MB)          :   786        4000      4096 
	   TimeExecute (s)      :  1039                       
	   TimeSlotBusy (s)     :  1040                       

	Job terminated of its own accord at 2024-11-25T14:43:39Z with exit-code 0.
...
