000 (2049.000.000) 2024-11-25 14:25:39 Job submitted from host: <147.188.47.47:9618?addrs=147.188.47.47-9618&alias=eprexb.ph.bham.ac.uk&noUDP&sock=schedd_1171491_f6ca>
...
040 (2049.000.000) 2024-11-25 14:25:39 Started transferring input files
	Transferring to host: <147.188.47.71:9618?addrs=147.188.47.71-9618&alias=eplwk001.ph.bham.ac.uk&noUDP&sock=slot1_1_864817_8fb9_65731>
...
040 (2049.000.000) 2024-11-25 14:25:39 Finished transferring input files
...
001 (2049.000.000) 2024-11-25 14:25:40 Job executing on host: <147.188.47.71:9618?addrs=147.188.47.71-9618&alias=eplwk001.ph.bham.ac.uk&noUDP&sock=startd_864732_ce1e>
	SlotName: slot1_1@eplwk001.ph.bham.ac.uk
	CondorScratchDir = "/var/lib/condor/execute/dir_1834643"
	Cpus = 1
	Disk = 7699
	GPUs = 0
	Memory = 4096
...
006 (2049.000.000) 2024-11-25 14:25:49 Image size of job updated: 362908
	355  -  MemoryUsage of job (MB)
	362908  -  ResidentSetSize of job (KB)
...
006 (2049.000.000) 2024-11-25 14:27:23 Image size of job updated: 798036
	355  -  MemoryUsage of job (MB)
	362980  -  ResidentSetSize of job (KB)
...
040 (2049.000.000) 2024-11-25 14:27:23 Started transferring output files
...
040 (2049.000.000) 2024-11-25 14:27:23 Finished transferring output files
...
005 (2049.000.000) 2024-11-25 14:27:23 Job terminated.
	(1) Normal termination (return value 0)
		Usr 0 00:01:32, Sys 0 00:00:06  -  Run Remote Usage
		Usr 0 00:00:00, Sys 0 00:00:00  -  Run Local Usage
		Usr 0 00:01:32, Sys 0 00:00:06  -  Total Remote Usage
		Usr 0 00:00:00, Sys 0 00:00:00  -  Total Local Usage
	2727  -  Run Bytes Sent By Job
	946  -  Run Bytes Received By Job
	2727  -  Total Bytes Sent By Job
	946  -  Total Bytes Received By Job
	Partitionable Resources :    Usage  Request Allocated 
	   Cpus                 :     0.99        1         1 
	   Disk (KB)            :    39           1      7699 
	   GPUs                 :                           0 
	   Memory (MB)          :   355        4000      4096 
	   TimeExecute (s)      :   103                       
	   TimeSlotBusy (s)     :   104                       

	Job terminated of its own accord at 2024-11-25T14:27:23Z with exit-code 0.
...
