000 (1025.000.000) 2024-11-23 18:41:32 Job submitted from host: <147.188.47.47:9618?addrs=147.188.47.47-9618&alias=eprexb.ph.bham.ac.uk&noUDP&sock=schedd_1171491_f6ca>
...
040 (1025.000.000) 2024-11-23 18:41:36 Started transferring input files
	Transferring to host: <147.188.47.71:9618?addrs=147.188.47.71-9618&alias=eplwk001.ph.bham.ac.uk&noUDP&sock=slot1_16_864817_8fb9_64173>
...
040 (1025.000.000) 2024-11-23 18:41:36 Finished transferring input files
...
001 (1025.000.000) 2024-11-23 18:41:37 Job executing on host: <147.188.47.71:9618?addrs=147.188.47.71-9618&alias=eplwk001.ph.bham.ac.uk&noUDP&sock=startd_864732_ce1e>
	SlotName: slot1_16@eplwk001.ph.bham.ac.uk
	CondorScratchDir = "/var/lib/condor/execute/dir_4108005"
	Cpus = 1
	Disk = 7699
	GPUs = 0
	Memory = 4096
...
006 (1025.000.000) 2024-11-23 18:41:45 Image size of job updated: 268328
	263  -  MemoryUsage of job (MB)
	268312  -  ResidentSetSize of job (KB)
...
006 (1025.000.000) 2024-11-23 18:42:58 Image size of job updated: 799016
	263  -  MemoryUsage of job (MB)
	268560  -  ResidentSetSize of job (KB)
...
040 (1025.000.000) 2024-11-23 18:42:58 Started transferring output files
...
040 (1025.000.000) 2024-11-23 18:42:58 Finished transferring output files
...
005 (1025.000.000) 2024-11-23 18:42:58 Job terminated.
	(1) Normal termination (return value 0)
		Usr 0 00:01:10, Sys 0 00:00:05  -  Run Remote Usage
		Usr 0 00:00:00, Sys 0 00:00:00  -  Run Local Usage
		Usr 0 00:01:10, Sys 0 00:00:05  -  Total Remote Usage
		Usr 0 00:00:00, Sys 0 00:00:00  -  Total Local Usage
	2816  -  Run Bytes Sent By Job
	953  -  Run Bytes Received By Job
	2816  -  Total Bytes Sent By Job
	953  -  Total Bytes Received By Job
	Partitionable Resources :    Usage  Request Allocated 
	   Cpus                 :     0.99        1         1 
	   Disk (KB)            :    35           1      7699 
	   GPUs                 :                           0 
	   Memory (MB)          :   263        4000      4096 
	   TimeExecute (s)      :    81                       
	   TimeSlotBusy (s)     :    82                       

	Job terminated of its own accord at 2024-11-23T18:42:58Z with exit-code 0.
...
