000 (875.000.000) 2024-11-23 18:32:56 Job submitted from host: <147.188.47.47:9618?addrs=147.188.47.47-9618&alias=eprexb.ph.bham.ac.uk&noUDP&sock=schedd_1171491_f6ca>
...
040 (875.000.000) 2024-11-23 18:33:10 Started transferring input files
	Transferring to host: <147.188.47.71:9618?addrs=147.188.47.71-9618&alias=eplwk001.ph.bham.ac.uk&noUDP&sock=slot1_42_864817_8fb9_64031>
...
040 (875.000.000) 2024-11-23 18:33:10 Finished transferring input files
...
001 (875.000.000) 2024-11-23 18:33:11 Job executing on host: <147.188.47.71:9618?addrs=147.188.47.71-9618&alias=eplwk001.ph.bham.ac.uk&noUDP&sock=startd_864732_ce1e>
	SlotName: slot1_42@eplwk001.ph.bham.ac.uk
	CondorScratchDir = "/var/lib/condor/execute/dir_3602141"
	Cpus = 1
	Disk = 7699
	GPUs = 0
	Memory = 4096
...
006 (875.000.000) 2024-11-23 18:33:20 Image size of job updated: 270248
	264  -  MemoryUsage of job (MB)
	270248  -  ResidentSetSize of job (KB)
...
006 (875.000.000) 2024-11-23 18:34:20 Image size of job updated: 791684
	264  -  MemoryUsage of job (MB)
	270248  -  ResidentSetSize of job (KB)
...
040 (875.000.000) 2024-11-23 18:34:20 Started transferring output files
...
040 (875.000.000) 2024-11-23 18:34:20 Finished transferring output files
...
005 (875.000.000) 2024-11-23 18:34:20 Job terminated.
	(1) Normal termination (return value 0)
		Usr 0 00:00:58, Sys 0 00:00:05  -  Run Remote Usage
		Usr 0 00:00:00, Sys 0 00:00:00  -  Run Local Usage
		Usr 0 00:00:58, Sys 0 00:00:05  -  Total Remote Usage
		Usr 0 00:00:00, Sys 0 00:00:00  -  Total Local Usage
	2816  -  Run Bytes Sent By Job
	953  -  Run Bytes Received By Job
	2816  -  Total Bytes Sent By Job
	953  -  Total Bytes Received By Job
	Partitionable Resources :    Usage  Request Allocated 
	   Cpus                 :        0        1         1 
	   Disk (KB)            :       34        1      7699 
	   GPUs                 :                           0 
	   Memory (MB)          :      264     4000      4096 
	   TimeExecute (s)      :       69                    
	   TimeSlotBusy (s)     :       70                    

	Job terminated of its own accord at 2024-11-23T18:34:20Z with exit-code 0.
...
