000 (1311.000.000) 2024-11-23 21:22:41 Job submitted from host: <147.188.47.47:9618?addrs=147.188.47.47-9618&alias=eprexb.ph.bham.ac.uk&noUDP&sock=schedd_1171491_f6ca>
...
040 (1311.000.000) 2024-11-23 21:28:13 Started transferring input files
	Transferring to host: <147.188.47.71:9618?addrs=147.188.47.71-9618&alias=eplwk001.ph.bham.ac.uk&noUDP&sock=slot1_86_864817_8fb9_64533>
...
040 (1311.000.000) 2024-11-23 21:28:13 Finished transferring input files
...
001 (1311.000.000) 2024-11-23 21:28:14 Job executing on host: <147.188.47.71:9618?addrs=147.188.47.71-9618&alias=eplwk001.ph.bham.ac.uk&noUDP&sock=startd_864732_ce1e>
	SlotName: slot1_86@eplwk001.ph.bham.ac.uk
	CondorScratchDir = "/var/lib/condor/execute/dir_408900"
	Cpus = 1
	Disk = 7699
	GPUs = 0
	Memory = 4096
...
006 (1311.000.000) 2024-11-23 21:28:23 Image size of job updated: 213548
	209  -  MemoryUsage of job (MB)
	213352  -  ResidentSetSize of job (KB)
...
006 (1311.000.000) 2024-11-23 21:31:03 Image size of job updated: 953156
	209  -  MemoryUsage of job (MB)
	213352  -  ResidentSetSize of job (KB)
...
040 (1311.000.000) 2024-11-23 21:31:03 Started transferring output files
...
040 (1311.000.000) 2024-11-23 21:31:03 Finished transferring output files
...
005 (1311.000.000) 2024-11-23 21:31:03 Job terminated.
	(1) Normal termination (return value 0)
		Usr 0 00:02:28, Sys 0 00:00:09  -  Run Remote Usage
		Usr 0 00:00:00, Sys 0 00:00:00  -  Run Local Usage
		Usr 0 00:02:28, Sys 0 00:00:09  -  Total Remote Usage
		Usr 0 00:00:00, Sys 0 00:00:00  -  Total Local Usage
	2806  -  Run Bytes Sent By Job
	952  -  Run Bytes Received By Job
	2806  -  Total Bytes Sent By Job
	952  -  Total Bytes Received By Job
	Partitionable Resources :    Usage  Request Allocated 
	   Cpus                 :        0        1         1 
	   Disk (KB)            :       35        1      7699 
	   GPUs                 :                           0 
	   Memory (MB)          :      209     4000      4096 
	   TimeExecute (s)      :      169                    
	   TimeSlotBusy (s)     :      170                    

	Job terminated of its own accord at 2024-11-23T21:31:03Z with exit-code 0.
...
