000 (813.000.000) 2024-11-23 18:26:40 Job submitted from host: <147.188.47.47:9618?addrs=147.188.47.47-9618&alias=eprexb.ph.bham.ac.uk&noUDP&sock=schedd_1171491_f6ca>
...
040 (813.000.000) 2024-11-23 18:26:57 Started transferring input files
	Transferring to host: <147.188.47.71:9618?addrs=147.188.47.71-9618&alias=eplwk001.ph.bham.ac.uk&noUDP&sock=slot1_4_864817_8fb9_63969>
...
040 (813.000.000) 2024-11-23 18:26:57 Finished transferring input files
...
001 (813.000.000) 2024-11-23 18:26:58 Job executing on host: <147.188.47.71:9618?addrs=147.188.47.71-9618&alias=eplwk001.ph.bham.ac.uk&noUDP&sock=startd_864732_ce1e>
	SlotName: slot1_4@eplwk001.ph.bham.ac.uk
	CondorScratchDir = "/var/lib/condor/execute/dir_3367831"
	Cpus = 1
	Disk = 7699
	GPUs = 0
	Memory = 4096
...
006 (813.000.000) 2024-11-23 18:27:07 Image size of job updated: 423560
	414  -  MemoryUsage of job (MB)
	423000  -  ResidentSetSize of job (KB)
...
006 (813.000.000) 2024-11-23 18:28:19 Image size of job updated: 800696
	414  -  MemoryUsage of job (MB)
	423000  -  ResidentSetSize of job (KB)
...
040 (813.000.000) 2024-11-23 18:28:19 Started transferring output files
...
040 (813.000.000) 2024-11-23 18:28:19 Finished transferring output files
...
005 (813.000.000) 2024-11-23 18:28:19 Job terminated.
	(1) Normal termination (return value 0)
		Usr 0 00:01:10, Sys 0 00:00:06  -  Run Remote Usage
		Usr 0 00:00:00, Sys 0 00:00:00  -  Run Local Usage
		Usr 0 00:01:10, Sys 0 00:00:06  -  Total Remote Usage
		Usr 0 00:00:00, Sys 0 00:00:00  -  Total Local Usage
	2814  -  Run Bytes Sent By Job
	948  -  Run Bytes Received By Job
	2814  -  Total Bytes Sent By Job
	948  -  Total Bytes Received By Job
	Partitionable Resources :    Usage  Request Allocated 
	   Cpus                 :     0.67        1         1 
	   Disk (KB)            :    34           1      7699 
	   GPUs                 :                           0 
	   Memory (MB)          :   414        4000      4096 
	   TimeExecute (s)      :    81                       
	   TimeSlotBusy (s)     :    82                       

	Job terminated of its own accord at 2024-11-23T18:28:19Z with exit-code 0.
...
