000 (2166.000.000) 2024-11-25 15:16:45 Job submitted from host: <147.188.47.47:9618?addrs=147.188.47.47-9618&alias=eprexb.ph.bham.ac.uk&noUDP&sock=schedd_1171491_f6ca>
...
040 (2166.000.000) 2024-11-25 15:16:59 Started transferring input files
	Transferring to host: <147.188.47.71:9618?addrs=147.188.47.71-9618&alias=eplwk001.ph.bham.ac.uk&noUDP&sock=slot1_6_864817_8fb9_65848>
...
040 (2166.000.000) 2024-11-25 15:16:59 Finished transferring input files
...
001 (2166.000.000) 2024-11-25 15:17:00 Job executing on host: <147.188.47.71:9618?addrs=147.188.47.71-9618&alias=eplwk001.ph.bham.ac.uk&noUDP&sock=startd_864732_ce1e>
	SlotName: slot1_6@eplwk001.ph.bham.ac.uk
	CondorScratchDir = "/var/lib/condor/execute/dir_2036220"
	Cpus = 1
	Disk = 7699
	GPUs = 0
	Memory = 4096
...
006 (2166.000.000) 2024-11-25 15:17:09 Image size of job updated: 444624
	434  -  MemoryUsage of job (MB)
	444360  -  ResidentSetSize of job (KB)
...
006 (2166.000.000) 2024-11-25 15:22:10 Image size of job updated: 757252
	739  -  MemoryUsage of job (MB)
	756464  -  ResidentSetSize of job (KB)
...
006 (2166.000.000) 2024-11-25 15:27:10 Image size of job updated: 779500
	761  -  MemoryUsage of job (MB)
	779000  -  ResidentSetSize of job (KB)
...
006 (2166.000.000) 2024-11-25 15:30:43 Image size of job updated: 790208
	761  -  MemoryUsage of job (MB)
	779000  -  ResidentSetSize of job (KB)
...
040 (2166.000.000) 2024-11-25 15:30:43 Started transferring output files
...
040 (2166.000.000) 2024-11-25 15:30:43 Finished transferring output files
...
005 (2166.000.000) 2024-11-25 15:30:43 Job terminated.
	(1) Normal termination (return value 0)
		Usr 0 00:12:54, Sys 0 00:00:40  -  Run Remote Usage
		Usr 0 00:00:00, Sys 0 00:00:00  -  Run Local Usage
		Usr 0 00:12:54, Sys 0 00:00:40  -  Total Remote Usage
		Usr 0 00:00:00, Sys 0 00:00:00  -  Total Local Usage
	2731  -  Run Bytes Sent By Job
	957  -  Run Bytes Received By Job
	2731  -  Total Bytes Sent By Job
	957  -  Total Bytes Received By Job
	Partitionable Resources :    Usage  Request Allocated 
	   Cpus                 :     0.99        1         1 
	   Disk (KB)            :    39           1      7699 
	   GPUs                 :                           0 
	   Memory (MB)          :   761        4000      4096 
	   TimeExecute (s)      :   823                       
	   TimeSlotBusy (s)     :   824                       

	Job terminated of its own accord at 2024-11-25T15:30:43Z with exit-code 0.
...
