000 (1425.000.000) 2024-11-23 23:34:58 Job submitted from host: <147.188.47.47:9618?addrs=147.188.47.47-9618&alias=eprexb.ph.bham.ac.uk&noUDP&sock=schedd_1171491_f6ca>
...
040 (1425.000.000) 2024-11-23 23:48:39 Started transferring input files
	Transferring to host: <147.188.47.72:9618?addrs=147.188.47.72-9618&alias=eplwk002.ph.bham.ac.uk&noUDP&sock=slot1_36_187135_4953_45525>
...
040 (1425.000.000) 2024-11-23 23:48:39 Finished transferring input files
...
001 (1425.000.000) 2024-11-23 23:48:40 Job executing on host: <147.188.47.72:9618?addrs=147.188.47.72-9618&alias=eplwk002.ph.bham.ac.uk&noUDP&sock=startd_187014_a097>
	SlotName: slot1_36@eplwk002.ph.bham.ac.uk
	CondorScratchDir = "/var/lib/condor/execute/dir_2685596"
	Cpus = 1
	Disk = 7701
	GPUs = 0
	Memory = 4096
...
006 (1425.000.000) 2024-11-23 23:48:49 Image size of job updated: 193512
	189  -  MemoryUsage of job (MB)
	193288  -  ResidentSetSize of job (KB)
...
006 (1425.000.000) 2024-11-23 23:50:16 Image size of job updated: 801796
	189  -  MemoryUsage of job (MB)
	193288  -  ResidentSetSize of job (KB)
...
040 (1425.000.000) 2024-11-23 23:50:16 Started transferring output files
...
040 (1425.000.000) 2024-11-23 23:50:16 Finished transferring output files
...
005 (1425.000.000) 2024-11-23 23:50:16 Job terminated.
	(1) Normal termination (return value 0)
		Usr 0 00:01:23, Sys 0 00:00:06  -  Run Remote Usage
		Usr 0 00:00:00, Sys 0 00:00:00  -  Run Local Usage
		Usr 0 00:01:23, Sys 0 00:00:06  -  Total Remote Usage
		Usr 0 00:00:00, Sys 0 00:00:00  -  Total Local Usage
	2812  -  Run Bytes Sent By Job
	943  -  Run Bytes Received By Job
	2812  -  Total Bytes Sent By Job
	943  -  Total Bytes Received By Job
	Partitionable Resources :    Usage  Request Allocated 
	   Cpus                 :        0        1         1 
	   Disk (KB)            :       34        1      7701 
	   GPUs                 :                           0 
	   Memory (MB)          :      189     4000      4096 
	   TimeExecute (s)      :       96                    
	   TimeSlotBusy (s)     :       97                    

	Job terminated of its own accord at 2024-11-23T23:50:16Z with exit-code 0.
...
