000 (874.000.000) 2024-11-23 18:32:55 Job submitted from host: <147.188.47.47:9618?addrs=147.188.47.47-9618&alias=eprexb.ph.bham.ac.uk&noUDP&sock=schedd_1171491_f6ca>
...
040 (874.000.000) 2024-11-23 18:33:10 Started transferring input files
	Transferring to host: <147.188.47.71:9618?addrs=147.188.47.71-9618&alias=eplwk001.ph.bham.ac.uk&noUDP&sock=slot1_41_864817_8fb9_64030>
...
040 (874.000.000) 2024-11-23 18:33:10 Finished transferring input files
...
001 (874.000.000) 2024-11-23 18:33:11 Job executing on host: <147.188.47.71:9618?addrs=147.188.47.71-9618&alias=eplwk001.ph.bham.ac.uk&noUDP&sock=startd_864732_ce1e>
	SlotName: slot1_41@eplwk001.ph.bham.ac.uk
	CondorScratchDir = "/var/lib/condor/execute/dir_3602139"
	Cpus = 1
	Disk = 7699
	GPUs = 0
	Memory = 4096
...
006 (874.000.000) 2024-11-23 18:33:20 Image size of job updated: 328844
	321  -  MemoryUsage of job (MB)
	328212  -  ResidentSetSize of job (KB)
...
006 (874.000.000) 2024-11-23 18:34:32 Image size of job updated: 789416
	321  -  MemoryUsage of job (MB)
	328288  -  ResidentSetSize of job (KB)
...
040 (874.000.000) 2024-11-23 18:34:32 Started transferring output files
...
040 (874.000.000) 2024-11-23 18:34:32 Finished transferring output files
...
005 (874.000.000) 2024-11-23 18:34:32 Job terminated.
	(1) Normal termination (return value 0)
		Usr 0 00:01:09, Sys 0 00:00:06  -  Run Remote Usage
		Usr 0 00:00:00, Sys 0 00:00:00  -  Run Local Usage
		Usr 0 00:01:09, Sys 0 00:00:06  -  Total Remote Usage
		Usr 0 00:00:00, Sys 0 00:00:00  -  Total Local Usage
	2816  -  Run Bytes Sent By Job
	952  -  Run Bytes Received By Job
	2816  -  Total Bytes Sent By Job
	952  -  Total Bytes Received By Job
	Partitionable Resources :    Usage  Request Allocated 
	   Cpus                 :        0        1         1 
	   Disk (KB)            :       34        1      7699 
	   GPUs                 :                           0 
	   Memory (MB)          :      321     4000      4096 
	   TimeExecute (s)      :       81                    
	   TimeSlotBusy (s)     :       82                    

	Job terminated of its own accord at 2024-11-23T18:34:32Z with exit-code 0.
...
