000 (1249.000.000) 2024-11-23 19:47:58 Job submitted from host: <147.188.47.47:9618?addrs=147.188.47.47-9618&alias=eprexb.ph.bham.ac.uk&noUDP&sock=schedd_1171491_f6ca>
...
040 (1249.000.000) 2024-11-23 19:48:03 Started transferring input files
	Transferring to host: <147.188.47.71:9618?addrs=147.188.47.71-9618&alias=eplwk001.ph.bham.ac.uk&noUDP&sock=slot1_18_864817_8fb9_64399>
...
040 (1249.000.000) 2024-11-23 19:48:03 Finished transferring input files
...
001 (1249.000.000) 2024-11-23 19:48:04 Job executing on host: <147.188.47.71:9618?addrs=147.188.47.71-9618&alias=eplwk001.ph.bham.ac.uk&noUDP&sock=startd_864732_ce1e>
	SlotName: slot1_18@eplwk001.ph.bham.ac.uk
	CondorScratchDir = "/var/lib/condor/execute/dir_320933"
	Cpus = 1
	Disk = 7699
	GPUs = 0
	Memory = 4096
...
006 (1249.000.000) 2024-11-23 19:48:13 Image size of job updated: 250636
	245  -  MemoryUsage of job (MB)
	250636  -  ResidentSetSize of job (KB)
...
006 (1249.000.000) 2024-11-23 19:49:10 Image size of job updated: 793376
	246  -  MemoryUsage of job (MB)
	251080  -  ResidentSetSize of job (KB)
...
040 (1249.000.000) 2024-11-23 19:49:10 Started transferring output files
...
040 (1249.000.000) 2024-11-23 19:49:10 Finished transferring output files
...
005 (1249.000.000) 2024-11-23 19:49:10 Job terminated.
	(1) Normal termination (return value 0)
		Usr 0 00:00:54, Sys 0 00:00:05  -  Run Remote Usage
		Usr 0 00:00:00, Sys 0 00:00:00  -  Run Local Usage
		Usr 0 00:00:54, Sys 0 00:00:05  -  Total Remote Usage
		Usr 0 00:00:00, Sys 0 00:00:00  -  Total Local Usage
	2806  -  Run Bytes Sent By Job
	953  -  Run Bytes Received By Job
	2806  -  Total Bytes Sent By Job
	953  -  Total Bytes Received By Job
	Partitionable Resources :    Usage  Request Allocated 
	   Cpus                 :        0        1         1 
	   Disk (KB)            :       34        1      7699 
	   GPUs                 :                           0 
	   Memory (MB)          :      246     4000      4096 
	   TimeExecute (s)      :       66                    
	   TimeSlotBusy (s)     :       67                    

	Job terminated of its own accord at 2024-11-23T19:49:10Z with exit-code 0.
...
