000 (2016.000.000) 2024-11-25 13:49:26 Job submitted from host: <147.188.47.47:9618?addrs=147.188.47.47-9618&alias=eprexb.ph.bham.ac.uk&noUDP&sock=schedd_1171491_f6ca>
...
040 (2016.000.000) 2024-11-25 13:49:29 Started transferring input files
	Transferring to host: <147.188.47.71:9618?addrs=147.188.47.71-9618&alias=eplwk001.ph.bham.ac.uk&noUDP&sock=slot1_28_864817_8fb9_65696>
...
040 (2016.000.000) 2024-11-25 13:49:29 Finished transferring input files
...
001 (2016.000.000) 2024-11-25 13:49:30 Job executing on host: <147.188.47.71:9618?addrs=147.188.47.71-9618&alias=eplwk001.ph.bham.ac.uk&noUDP&sock=startd_864732_ce1e>
	SlotName: slot1_28@eplwk001.ph.bham.ac.uk
	CondorScratchDir = "/var/lib/condor/execute/dir_1698169"
	Cpus = 1
	Disk = 7699
	GPUs = 0
	Memory = 4096
...
006 (2016.000.000) 2024-11-25 13:49:39 Image size of job updated: 187988
	184  -  MemoryUsage of job (MB)
	187720  -  ResidentSetSize of job (KB)
...
006 (2016.000.000) 2024-11-25 13:54:40 Image size of job updated: 752768
	735  -  MemoryUsage of job (MB)
	752404  -  ResidentSetSize of job (KB)
...
006 (2016.000.000) 2024-11-25 13:59:41 Image size of job updated: 780716
	756  -  MemoryUsage of job (MB)
	773744  -  ResidentSetSize of job (KB)
...
040 (2016.000.000) 2024-11-25 14:01:19 Started transferring output files
...
040 (2016.000.000) 2024-11-25 14:01:19 Finished transferring output files
...
005 (2016.000.000) 2024-11-25 14:01:19 Job terminated.
	(1) Normal termination (return value 0)
		Usr 0 00:10:56, Sys 0 00:00:34  -  Run Remote Usage
		Usr 0 00:00:00, Sys 0 00:00:00  -  Run Local Usage
		Usr 0 00:10:56, Sys 0 00:00:34  -  Total Remote Usage
		Usr 0 00:00:00, Sys 0 00:00:00  -  Total Local Usage
	2731  -  Run Bytes Sent By Job
	957  -  Run Bytes Received By Job
	2731  -  Total Bytes Sent By Job
	957  -  Total Bytes Received By Job
	Partitionable Resources :    Usage  Request Allocated 
	   Cpus                 :     1.00        1         1 
	   Disk (KB)            :    39           1      7699 
	   GPUs                 :                           0 
	   Memory (MB)          :   756        4000      4096 
	   TimeExecute (s)      :   709                       
	   TimeSlotBusy (s)     :   710                       

	Job terminated of its own accord at 2024-11-25T14:01:19Z with exit-code 0.
...
