000 (2007.000.000) 2024-11-25 13:49:20 Job submitted from host: <147.188.47.47:9618?addrs=147.188.47.47-9618&alias=eprexb.ph.bham.ac.uk&noUDP&sock=schedd_1171491_f6ca>
...
040 (2007.000.000) 2024-11-25 13:49:29 Started transferring input files
	Transferring to host: <147.188.47.71:9618?addrs=147.188.47.71-9618&alias=eplwk001.ph.bham.ac.uk&noUDP&sock=slot1_19_864817_8fb9_65687>
...
040 (2007.000.000) 2024-11-25 13:49:29 Finished transferring input files
...
001 (2007.000.000) 2024-11-25 13:49:30 Job executing on host: <147.188.47.71:9618?addrs=147.188.47.71-9618&alias=eplwk001.ph.bham.ac.uk&noUDP&sock=startd_864732_ce1e>
	SlotName: slot1_19@eplwk001.ph.bham.ac.uk
	CondorScratchDir = "/var/lib/condor/execute/dir_1698151"
	Cpus = 1
	Disk = 7699
	GPUs = 0
	Memory = 4096
...
006 (2007.000.000) 2024-11-25 13:49:38 Image size of job updated: 141140
	138  -  MemoryUsage of job (MB)
	141140  -  ResidentSetSize of job (KB)
...
006 (2007.000.000) 2024-11-25 13:54:38 Image size of job updated: 744584
	727  -  MemoryUsage of job (MB)
	744056  -  ResidentSetSize of job (KB)
...
006 (2007.000.000) 2024-11-25 13:59:38 Image size of job updated: 770172
	753  -  MemoryUsage of job (MB)
	770172  -  ResidentSetSize of job (KB)
...
006 (2007.000.000) 2024-11-25 14:04:40 Image size of job updated: 782848
	753  -  MemoryUsage of job (MB)
	770172  -  ResidentSetSize of job (KB)
...
006 (2007.000.000) 2024-11-25 14:08:05 Image size of job updated: 789260
	753  -  MemoryUsage of job (MB)
	770172  -  ResidentSetSize of job (KB)
...
040 (2007.000.000) 2024-11-25 14:08:05 Started transferring output files
...
040 (2007.000.000) 2024-11-25 14:08:05 Finished transferring output files
...
005 (2007.000.000) 2024-11-25 14:08:05 Job terminated.
	(1) Normal termination (return value 0)
		Usr 0 00:17:24, Sys 0 00:00:51  -  Run Remote Usage
		Usr 0 00:00:00, Sys 0 00:00:00  -  Run Local Usage
		Usr 0 00:17:24, Sys 0 00:00:51  -  Total Remote Usage
		Usr 0 00:00:00, Sys 0 00:00:00  -  Total Local Usage
	2731  -  Run Bytes Sent By Job
	957  -  Run Bytes Received By Job
	2731  -  Total Bytes Sent By Job
	957  -  Total Bytes Received By Job
	Partitionable Resources :    Usage  Request Allocated 
	   Cpus                 :     0.99        1         1 
	   Disk (KB)            :    39           1      7699 
	   GPUs                 :                           0 
	   Memory (MB)          :   753        4000      4096 
	   TimeExecute (s)      :  1115                       
	   TimeSlotBusy (s)     :  1116                       

	Job terminated of its own accord at 2024-11-25T14:08:05Z with exit-code 0.
...
