000 (1407.000.000) 2024-11-23 23:20:55 Job submitted from host: <147.188.47.47:9618?addrs=147.188.47.47-9618&alias=eprexb.ph.bham.ac.uk&noUDP&sock=schedd_1171491_f6ca>
...
040 (1407.000.000) 2024-11-23 23:48:39 Started transferring input files
	Transferring to host: <147.188.47.73:9618?addrs=147.188.47.73-9618&alias=eplwk003.ph.bham.ac.uk&noUDP&sock=slot1_6_4295_f748_32523>
...
040 (1407.000.000) 2024-11-23 23:48:39 Finished transferring input files
...
001 (1407.000.000) 2024-11-23 23:48:40 Job executing on host: <147.188.47.73:9618?addrs=147.188.47.73-9618&alias=eplwk003.ph.bham.ac.uk&noUDP&sock=startd_4221_d558>
	SlotName: slot1_6@eplwk003.ph.bham.ac.uk
	CondorScratchDir = "/var/lib/condor/execute/dir_3609570"
	Cpus = 1
	Disk = 7698
	GPUs = 0
	Memory = 4096
...
006 (1407.000.000) 2024-11-23 23:48:49 Image size of job updated: 217724
	213  -  MemoryUsage of job (MB)
	217668  -  ResidentSetSize of job (KB)
...
006 (1407.000.000) 2024-11-23 23:50:35 Image size of job updated: 897920
	213  -  MemoryUsage of job (MB)
	217668  -  ResidentSetSize of job (KB)
...
040 (1407.000.000) 2024-11-23 23:50:35 Started transferring output files
...
040 (1407.000.000) 2024-11-23 23:50:35 Finished transferring output files
...
005 (1407.000.000) 2024-11-23 23:50:35 Job terminated.
	(1) Normal termination (return value 0)
		Usr 0 00:01:07, Sys 0 00:00:06  -  Run Remote Usage
		Usr 0 00:00:00, Sys 0 00:00:00  -  Run Local Usage
		Usr 0 00:01:07, Sys 0 00:00:06  -  Total Remote Usage
		Usr 0 00:00:00, Sys 0 00:00:00  -  Total Local Usage
	2814  -  Run Bytes Sent By Job
	947  -  Run Bytes Received By Job
	2814  -  Total Bytes Sent By Job
	947  -  Total Bytes Received By Job
	Partitionable Resources :    Usage  Request Allocated 
	   Cpus                 :     0.73        1         1 
	   Disk (KB)            :    35           1      7698 
	   GPUs                 :                           0 
	   Memory (MB)          :   213        4000      4096 
	   TimeExecute (s)      :   115                       
	   TimeSlotBusy (s)     :   116                       

	Job terminated of its own accord at 2024-11-23T23:50:35Z with exit-code 0.
...
