000 (1164.000.000) 2024-11-23 19:05:31 Job submitted from host: <147.188.47.47:9618?addrs=147.188.47.47-9618&alias=eprexb.ph.bham.ac.uk&noUDP&sock=schedd_1171491_f6ca>
...
040 (1164.000.000) 2024-11-23 19:05:50 Started transferring input files
	Transferring to host: <147.188.47.71:9618?addrs=147.188.47.71-9618&alias=eplwk001.ph.bham.ac.uk&noUDP&sock=slot1_3_864817_8fb9_64312>
...
040 (1164.000.000) 2024-11-23 19:05:50 Finished transferring input files
...
001 (1164.000.000) 2024-11-23 19:05:51 Job executing on host: <147.188.47.71:9618?addrs=147.188.47.71-9618&alias=eplwk001.ph.bham.ac.uk&noUDP&sock=startd_864732_ce1e>
	SlotName: slot1_3@eplwk001.ph.bham.ac.uk
	CondorScratchDir = "/var/lib/condor/execute/dir_227873"
	Cpus = 1
	Disk = 7699
	GPUs = 0
	Memory = 4096
...
006 (1164.000.000) 2024-11-23 19:06:00 Image size of job updated: 493988
	483  -  MemoryUsage of job (MB)
	493604  -  ResidentSetSize of job (KB)
...
006 (1164.000.000) 2024-11-23 19:07:09 Image size of job updated: 788832
	483  -  MemoryUsage of job (MB)
	493604  -  ResidentSetSize of job (KB)
...
040 (1164.000.000) 2024-11-23 19:07:09 Started transferring output files
...
040 (1164.000.000) 2024-11-23 19:07:09 Finished transferring output files
...
005 (1164.000.000) 2024-11-23 19:07:09 Job terminated.
	(1) Normal termination (return value 0)
		Usr 0 00:01:09, Sys 0 00:00:05  -  Run Remote Usage
		Usr 0 00:00:00, Sys 0 00:00:00  -  Run Local Usage
		Usr 0 00:01:09, Sys 0 00:00:05  -  Total Remote Usage
		Usr 0 00:00:00, Sys 0 00:00:00  -  Total Local Usage
	2806  -  Run Bytes Sent By Job
	952  -  Run Bytes Received By Job
	2806  -  Total Bytes Sent By Job
	952  -  Total Bytes Received By Job
	Partitionable Resources :    Usage  Request Allocated 
	   Cpus                 :        0        1         1 
	   Disk (KB)            :       35        1      7699 
	   GPUs                 :                           0 
	   Memory (MB)          :      483     4000      4096 
	   TimeExecute (s)      :       78                    
	   TimeSlotBusy (s)     :       79                    

	Job terminated of its own accord at 2024-11-23T19:07:09Z with exit-code 0.
...
