000 (2173.000.000) 2024-11-25 15:16:57 Job submitted from host: <147.188.47.47:9618?addrs=147.188.47.47-9618&alias=eprexb.ph.bham.ac.uk&noUDP&sock=schedd_1171491_f6ca>
...
040 (2173.000.000) 2024-11-25 15:16:59 Started transferring input files
	Transferring to host: <147.188.47.71:9618?addrs=147.188.47.71-9618&alias=eplwk001.ph.bham.ac.uk&noUDP&sock=slot1_13_864817_8fb9_65855>
...
040 (2173.000.000) 2024-11-25 15:16:59 Finished transferring input files
...
001 (2173.000.000) 2024-11-25 15:17:00 Job executing on host: <147.188.47.71:9618?addrs=147.188.47.71-9618&alias=eplwk001.ph.bham.ac.uk&noUDP&sock=startd_864732_ce1e>
	SlotName: slot1_13@eplwk001.ph.bham.ac.uk
	CondorScratchDir = "/var/lib/condor/execute/dir_2036234"
	Cpus = 1
	Disk = 7699
	GPUs = 0
	Memory = 4096
...
006 (2173.000.000) 2024-11-25 15:17:09 Image size of job updated: 266968
	261  -  MemoryUsage of job (MB)
	266712  -  ResidentSetSize of job (KB)
...
006 (2173.000.000) 2024-11-25 15:19:06 Image size of job updated: 795912
	261  -  MemoryUsage of job (MB)
	266968  -  ResidentSetSize of job (KB)
...
040 (2173.000.000) 2024-11-25 15:19:06 Started transferring output files
...
040 (2173.000.000) 2024-11-25 15:19:06 Finished transferring output files
...
005 (2173.000.000) 2024-11-25 15:19:06 Job terminated.
	(1) Normal termination (return value 0)
		Usr 0 00:01:54, Sys 0 00:00:06  -  Run Remote Usage
		Usr 0 00:00:00, Sys 0 00:00:00  -  Run Local Usage
		Usr 0 00:01:54, Sys 0 00:00:06  -  Total Remote Usage
		Usr 0 00:00:00, Sys 0 00:00:00  -  Total Local Usage
	2731  -  Run Bytes Sent By Job
	956  -  Run Bytes Received By Job
	2731  -  Total Bytes Sent By Job
	956  -  Total Bytes Received By Job
	Partitionable Resources :    Usage  Request Allocated 
	   Cpus                 :     0.97        1         1 
	   Disk (KB)            :    39           1      7699 
	   GPUs                 :                           0 
	   Memory (MB)          :   261        4000      4096 
	   TimeExecute (s)      :   126                       
	   TimeSlotBusy (s)     :   127                       

	Job terminated of its own accord at 2024-11-25T15:19:06Z with exit-code 0.
...
