000 (1394.000.000) 2024-11-23 23:09:06 Job submitted from host: <147.188.47.47:9618?addrs=147.188.47.47-9618&alias=eprexb.ph.bham.ac.uk&noUDP&sock=schedd_1171491_f6ca>
...
040 (1394.000.000) 2024-11-23 23:09:42 Started transferring input files
	Transferring to host: <147.188.47.72:9618?addrs=147.188.47.72-9618&alias=eplwk002.ph.bham.ac.uk&noUDP&sock=slot1_30_187135_4953_45479>
...
040 (1394.000.000) 2024-11-23 23:09:42 Finished transferring input files
...
001 (1394.000.000) 2024-11-23 23:09:43 Job executing on host: <147.188.47.72:9618?addrs=147.188.47.72-9618&alias=eplwk002.ph.bham.ac.uk&noUDP&sock=startd_187014_a097>
	SlotName: slot1_30@eplwk002.ph.bham.ac.uk
	CondorScratchDir = "/var/lib/condor/execute/dir_2674689"
	Cpus = 1
	Disk = 7701
	GPUs = 0
	Memory = 4096
...
006 (1394.000.000) 2024-11-23 23:09:52 Image size of job updated: 504588
	493  -  MemoryUsage of job (MB)
	504584  -  ResidentSetSize of job (KB)
...
006 (1394.000.000) 2024-11-23 23:11:50 Image size of job updated: 3613600
	2764  -  MemoryUsage of job (MB)
	2829948  -  ResidentSetSize of job (KB)
...
040 (1394.000.000) 2024-11-23 23:11:50 Started transferring output files
...
040 (1394.000.000) 2024-11-23 23:11:50 Finished transferring output files
...
005 (1394.000.000) 2024-11-23 23:11:50 Job terminated.
	(1) Normal termination (return value 0)
		Usr 0 00:01:23, Sys 0 00:00:07  -  Run Remote Usage
		Usr 0 00:00:00, Sys 0 00:00:00  -  Run Local Usage
		Usr 0 00:01:23, Sys 0 00:00:07  -  Total Remote Usage
		Usr 0 00:00:00, Sys 0 00:00:00  -  Total Local Usage
	2816  -  Run Bytes Sent By Job
	953  -  Run Bytes Received By Job
	2816  -  Total Bytes Sent By Job
	953  -  Total Bytes Received By Job
	Partitionable Resources :    Usage  Request Allocated 
	   Cpus                 :     0.67        1         1 
	   Disk (KB)            :    35           1      7701 
	   GPUs                 :                           0 
	   Memory (MB)          :  2764        4000      4096 
	   TimeExecute (s)      :   127                       
	   TimeSlotBusy (s)     :   128                       

	Job terminated of its own accord at 2024-11-23T23:11:50Z with exit-code 0.
...
