000 (1093.000.000) 2024-11-23 18:51:46 Job submitted from host: <147.188.47.47:9618?addrs=147.188.47.47-9618&alias=eprexb.ph.bham.ac.uk&noUDP&sock=schedd_1171491_f6ca>
...
040 (1093.000.000) 2024-11-23 18:52:03 Started transferring input files
	Transferring to host: <147.188.47.71:9618?addrs=147.188.47.71-9618&alias=eplwk001.ph.bham.ac.uk&noUDP&sock=slot1_4_864817_8fb9_64241>
...
040 (1093.000.000) 2024-11-23 18:52:03 Finished transferring input files
...
001 (1093.000.000) 2024-11-23 18:52:04 Job executing on host: <147.188.47.71:9618?addrs=147.188.47.71-9618&alias=eplwk001.ph.bham.ac.uk&noUDP&sock=startd_864732_ce1e>
	SlotName: slot1_4@eplwk001.ph.bham.ac.uk
	CondorScratchDir = "/var/lib/condor/execute/dir_151387"
	Cpus = 1
	Disk = 7699
	GPUs = 0
	Memory = 4096
...
006 (1093.000.000) 2024-11-23 18:52:13 Image size of job updated: 325140
	318  -  MemoryUsage of job (MB)
	325140  -  ResidentSetSize of job (KB)
...
006 (1093.000.000) 2024-11-23 18:53:26 Image size of job updated: 800528
	318  -  MemoryUsage of job (MB)
	325140  -  ResidentSetSize of job (KB)
...
040 (1093.000.000) 2024-11-23 18:53:26 Started transferring output files
...
040 (1093.000.000) 2024-11-23 18:53:26 Finished transferring output files
...
005 (1093.000.000) 2024-11-23 18:53:26 Job terminated.
	(1) Normal termination (return value 0)
		Usr 0 00:01:10, Sys 0 00:00:06  -  Run Remote Usage
		Usr 0 00:00:00, Sys 0 00:00:00  -  Run Local Usage
		Usr 0 00:01:10, Sys 0 00:00:06  -  Total Remote Usage
		Usr 0 00:00:00, Sys 0 00:00:00  -  Total Local Usage
	2804  -  Run Bytes Sent By Job
	948  -  Run Bytes Received By Job
	2804  -  Total Bytes Sent By Job
	948  -  Total Bytes Received By Job
	Partitionable Resources :    Usage  Request Allocated 
	   Cpus                 :     0.45        1         1 
	   Disk (KB)            :    34           1      7699 
	   GPUs                 :                           0 
	   Memory (MB)          :   318        4000      4096 
	   TimeExecute (s)      :    82                       
	   TimeSlotBusy (s)     :    83                       

	Job terminated of its own accord at 2024-11-23T18:53:26Z with exit-code 0.
...
