000 (2051.000.000) 2024-11-25 14:25:42 Job submitted from host: <147.188.47.47:9618?addrs=147.188.47.47-9618&alias=eprexb.ph.bham.ac.uk&noUDP&sock=schedd_1171491_f6ca>
...
040 (2051.000.000) 2024-11-25 14:26:00 Started transferring input files
	Transferring to host: <147.188.47.71:9618?addrs=147.188.47.71-9618&alias=eplwk001.ph.bham.ac.uk&noUDP&sock=slot1_3_864817_8fb9_65733>
...
040 (2051.000.000) 2024-11-25 14:26:00 Finished transferring input files
...
001 (2051.000.000) 2024-11-25 14:26:01 Job executing on host: <147.188.47.71:9618?addrs=147.188.47.71-9618&alias=eplwk001.ph.bham.ac.uk&noUDP&sock=startd_864732_ce1e>
	SlotName: slot1_3@eplwk001.ph.bham.ac.uk
	CondorScratchDir = "/var/lib/condor/execute/dir_1835543"
	Cpus = 1
	Disk = 7699
	GPUs = 0
	Memory = 4096
...
006 (2051.000.000) 2024-11-25 14:26:09 Image size of job updated: 268820
	263  -  MemoryUsage of job (MB)
	268820  -  ResidentSetSize of job (KB)
...
006 (2051.000.000) 2024-11-25 14:27:43 Image size of job updated: 779892
	263  -  MemoryUsage of job (MB)
	268820  -  ResidentSetSize of job (KB)
...
040 (2051.000.000) 2024-11-25 14:27:43 Started transferring output files
...
040 (2051.000.000) 2024-11-25 14:27:43 Finished transferring output files
...
005 (2051.000.000) 2024-11-25 14:27:43 Job terminated.
	(1) Normal termination (return value 0)
		Usr 0 00:01:31, Sys 0 00:00:06  -  Run Remote Usage
		Usr 0 00:00:00, Sys 0 00:00:00  -  Run Local Usage
		Usr 0 00:01:31, Sys 0 00:00:06  -  Total Remote Usage
		Usr 0 00:00:00, Sys 0 00:00:00  -  Total Local Usage
	2729  -  Run Bytes Sent By Job
	951  -  Run Bytes Received By Job
	2729  -  Total Bytes Sent By Job
	951  -  Total Bytes Received By Job
	Partitionable Resources :    Usage  Request Allocated 
	   Cpus                 :     1.00        1         1 
	   Disk (KB)            :    39           1      7699 
	   GPUs                 :                           0 
	   Memory (MB)          :   263        4000      4096 
	   TimeExecute (s)      :   102                       
	   TimeSlotBusy (s)     :   103                       

	Job terminated of its own accord at 2024-11-25T14:27:43Z with exit-code 0.
...
