000 (2030.000.000) 2024-11-25 13:55:26 Job submitted from host: <147.188.47.47:9618?addrs=147.188.47.47-9618&alias=eprexb.ph.bham.ac.uk&noUDP&sock=schedd_1171491_f6ca>
...
040 (2030.000.000) 2024-11-25 13:55:26 Started transferring input files
	Transferring to host: <147.188.47.71:9618?addrs=147.188.47.71-9618&alias=eplwk001.ph.bham.ac.uk&noUDP&sock=slot1_4_864817_8fb9_65712>
...
040 (2030.000.000) 2024-11-25 13:55:26 Finished transferring input files
...
001 (2030.000.000) 2024-11-25 13:55:27 Job executing on host: <147.188.47.71:9618?addrs=147.188.47.71-9618&alias=eplwk001.ph.bham.ac.uk&noUDP&sock=startd_864732_ce1e>
	SlotName: slot1_4@eplwk001.ph.bham.ac.uk
	CondorScratchDir = "/var/lib/condor/execute/dir_1814862"
	Cpus = 1
	Disk = 7699
	GPUs = 0
	Memory = 4096
...
006 (2030.000.000) 2024-11-25 13:55:36 Image size of job updated: 447316
	437  -  MemoryUsage of job (MB)
	447236  -  ResidentSetSize of job (KB)
...
006 (2030.000.000) 2024-11-25 13:57:13 Image size of job updated: 789952
	437  -  MemoryUsage of job (MB)
	447236  -  ResidentSetSize of job (KB)
...
040 (2030.000.000) 2024-11-25 13:57:13 Started transferring output files
...
040 (2030.000.000) 2024-11-25 13:57:13 Finished transferring output files
...
005 (2030.000.000) 2024-11-25 13:57:14 Job terminated.
	(1) Normal termination (return value 0)
		Usr 0 00:01:36, Sys 0 00:00:06  -  Run Remote Usage
		Usr 0 00:00:00, Sys 0 00:00:00  -  Run Local Usage
		Usr 0 00:01:36, Sys 0 00:00:06  -  Total Remote Usage
		Usr 0 00:00:00, Sys 0 00:00:00  -  Total Local Usage
	2727  -  Run Bytes Sent By Job
	946  -  Run Bytes Received By Job
	2727  -  Total Bytes Sent By Job
	946  -  Total Bytes Received By Job
	Partitionable Resources :    Usage  Request Allocated 
	   Cpus                 :        0        1         1 
	   Disk (KB)            :       39        1      7699 
	   GPUs                 :                           0 
	   Memory (MB)          :      437     4000      4096 
	   TimeExecute (s)      :      106                    
	   TimeSlotBusy (s)     :      107                    

	Job terminated of its own accord at 2024-11-25T13:57:13Z with exit-code 0.
...
