000 (1408.000.000) 2024-11-23 23:20:55 Job submitted from host: <147.188.47.47:9618?addrs=147.188.47.47-9618&alias=eprexb.ph.bham.ac.uk&noUDP&sock=schedd_1171491_f6ca>
...
040 (1408.000.000) 2024-11-23 23:48:39 Started transferring input files
	Transferring to host: <147.188.47.71:9618?addrs=147.188.47.71-9618&alias=eplwk001.ph.bham.ac.uk&noUDP&sock=slot1_22_864817_8fb9_64716>
...
040 (1408.000.000) 2024-11-23 23:48:39 Finished transferring input files
...
001 (1408.000.000) 2024-11-23 23:48:40 Job executing on host: <147.188.47.71:9618?addrs=147.188.47.71-9618&alias=eplwk001.ph.bham.ac.uk&noUDP&sock=startd_864732_ce1e>
	SlotName: slot1_22@eplwk001.ph.bham.ac.uk
	CondorScratchDir = "/var/lib/condor/execute/dir_457262"
	Cpus = 1
	Disk = 7699
	GPUs = 0
	Memory = 4096
...
006 (1408.000.000) 2024-11-23 23:48:49 Image size of job updated: 420532
	411  -  MemoryUsage of job (MB)
	420056  -  ResidentSetSize of job (KB)
...
006 (1408.000.000) 2024-11-23 23:50:17 Image size of job updated: 895556
	411  -  MemoryUsage of job (MB)
	420056  -  ResidentSetSize of job (KB)
...
040 (1408.000.000) 2024-11-23 23:50:17 Started transferring output files
...
040 (1408.000.000) 2024-11-23 23:50:17 Finished transferring output files
...
005 (1408.000.000) 2024-11-23 23:50:17 Job terminated.
	(1) Normal termination (return value 0)
		Usr 0 00:01:22, Sys 0 00:00:06  -  Run Remote Usage
		Usr 0 00:00:00, Sys 0 00:00:00  -  Run Local Usage
		Usr 0 00:01:22, Sys 0 00:00:06  -  Total Remote Usage
		Usr 0 00:00:00, Sys 0 00:00:00  -  Total Local Usage
	2804  -  Run Bytes Sent By Job
	948  -  Run Bytes Received By Job
	2804  -  Total Bytes Sent By Job
	948  -  Total Bytes Received By Job
	Partitionable Resources :    Usage  Request Allocated 
	   Cpus                 :        0        1         1 
	   Disk (KB)            :       34        1      7699 
	   GPUs                 :                           0 
	   Memory (MB)          :      411     4000      4096 
	   TimeExecute (s)      :       97                    
	   TimeSlotBusy (s)     :       98                    

	Job terminated of its own accord at 2024-11-23T23:50:17Z with exit-code 0.
...
