000 (810.000.000) 2024-11-23 18:26:37 Job submitted from host: <147.188.47.47:9618?addrs=147.188.47.47-9618&alias=eprexb.ph.bham.ac.uk&noUDP&sock=schedd_1171491_f6ca>
...
040 (810.000.000) 2024-11-23 18:26:37 Started transferring input files
	Transferring to host: <147.188.47.71:9618?addrs=147.188.47.71-9618&alias=eplwk001.ph.bham.ac.uk&noUDP&sock=slot1_1_864817_8fb9_63966>
...
040 (810.000.000) 2024-11-23 18:26:37 Finished transferring input files
...
001 (810.000.000) 2024-11-23 18:26:38 Job executing on host: <147.188.47.71:9618?addrs=147.188.47.71-9618&alias=eplwk001.ph.bham.ac.uk&noUDP&sock=startd_864732_ce1e>
	SlotName: slot1_1@eplwk001.ph.bham.ac.uk
	CondorScratchDir = "/var/lib/condor/execute/dir_3366922"
	Cpus = 1
	Disk = 7699
	GPUs = 0
	Memory = 4096
...
006 (810.000.000) 2024-11-23 18:26:47 Image size of job updated: 450128
	440  -  MemoryUsage of job (MB)
	450000  -  ResidentSetSize of job (KB)
...
006 (810.000.000) 2024-11-23 18:27:43 Image size of job updated: 781364
	440  -  MemoryUsage of job (MB)
	450000  -  ResidentSetSize of job (KB)
...
040 (810.000.000) 2024-11-23 18:27:43 Started transferring output files
...
040 (810.000.000) 2024-11-23 18:27:43 Finished transferring output files
...
005 (810.000.000) 2024-11-23 18:27:43 Job terminated.
	(1) Normal termination (return value 0)
		Usr 0 00:00:55, Sys 0 00:00:05  -  Run Remote Usage
		Usr 0 00:00:00, Sys 0 00:00:00  -  Run Local Usage
		Usr 0 00:00:55, Sys 0 00:00:05  -  Total Remote Usage
		Usr 0 00:00:00, Sys 0 00:00:00  -  Total Local Usage
	2812  -  Run Bytes Sent By Job
	942  -  Run Bytes Received By Job
	2812  -  Total Bytes Sent By Job
	942  -  Total Bytes Received By Job
	Partitionable Resources :    Usage  Request Allocated 
	   Cpus                 :     0.99        1         1 
	   Disk (KB)            :    35           1      7699 
	   GPUs                 :                           0 
	   Memory (MB)          :   440        4000      4096 
	   TimeExecute (s)      :    65                       
	   TimeSlotBusy (s)     :    66                       

	Job terminated of its own accord at 2024-11-23T18:27:43Z with exit-code 0.
...
