000 (1102.000.000) 2024-11-23 18:52:01 Job submitted from host: <147.188.47.47:9618?addrs=147.188.47.47-9618&alias=eprexb.ph.bham.ac.uk&noUDP&sock=schedd_1171491_f6ca>
...
040 (1102.000.000) 2024-11-23 18:52:04 Started transferring input files
	Transferring to host: <147.188.47.71:9618?addrs=147.188.47.71-9618&alias=eplwk001.ph.bham.ac.uk&noUDP&sock=slot1_13_864817_8fb9_64250>
...
040 (1102.000.000) 2024-11-23 18:52:04 Finished transferring input files
...
001 (1102.000.000) 2024-11-23 18:52:05 Job executing on host: <147.188.47.71:9618?addrs=147.188.47.71-9618&alias=eplwk001.ph.bham.ac.uk&noUDP&sock=startd_864732_ce1e>
	SlotName: slot1_13@eplwk001.ph.bham.ac.uk
	CondorScratchDir = "/var/lib/condor/execute/dir_151405"
	Cpus = 1
	Disk = 7699
	GPUs = 0
	Memory = 4096
...
006 (1102.000.000) 2024-11-23 18:52:13 Image size of job updated: 213184
	209  -  MemoryUsage of job (MB)
	213180  -  ResidentSetSize of job (KB)
...
006 (1102.000.000) 2024-11-23 18:53:25 Image size of job updated: 800832
	209  -  MemoryUsage of job (MB)
	213180  -  ResidentSetSize of job (KB)
...
040 (1102.000.000) 2024-11-23 18:53:25 Started transferring output files
...
040 (1102.000.000) 2024-11-23 18:53:25 Finished transferring output files
...
005 (1102.000.000) 2024-11-23 18:53:25 Job terminated.
	(1) Normal termination (return value 0)
		Usr 0 00:01:09, Sys 0 00:00:06  -  Run Remote Usage
		Usr 0 00:00:00, Sys 0 00:00:00  -  Run Local Usage
		Usr 0 00:01:09, Sys 0 00:00:06  -  Total Remote Usage
		Usr 0 00:00:00, Sys 0 00:00:00  -  Total Local Usage
	2806  -  Run Bytes Sent By Job
	952  -  Run Bytes Received By Job
	2806  -  Total Bytes Sent By Job
	952  -  Total Bytes Received By Job
	Partitionable Resources :    Usage  Request Allocated 
	   Cpus                 :     0.42        1         1 
	   Disk (KB)            :    34           1      7699 
	   GPUs                 :                           0 
	   Memory (MB)          :   209        4000      4096 
	   TimeExecute (s)      :    80                       
	   TimeSlotBusy (s)     :    81                       

	Job terminated of its own accord at 2024-11-23T18:53:25Z with exit-code 0.
...
