000 (1461.000.000) 2024-11-24 00:02:54 Job submitted from host: <147.188.47.47:9618?addrs=147.188.47.47-9618&alias=eprexb.ph.bham.ac.uk&noUDP&sock=schedd_1171491_f6ca>
...
040 (1461.000.000) 2024-11-24 00:03:13 Started transferring input files
	Transferring to host: <147.188.47.71:9618?addrs=147.188.47.71-9618&alias=eplwk001.ph.bham.ac.uk&noUDP&sock=slot1_39_864817_8fb9_64739>
...
040 (1461.000.000) 2024-11-24 00:03:13 Finished transferring input files
...
001 (1461.000.000) 2024-11-24 00:03:14 Job executing on host: <147.188.47.71:9618?addrs=147.188.47.71-9618&alias=eplwk001.ph.bham.ac.uk&noUDP&sock=startd_864732_ce1e>
	SlotName: slot1_39@eplwk001.ph.bham.ac.uk
	CondorScratchDir = "/var/lib/condor/execute/dir_488519"
	Cpus = 1
	Disk = 7699
	GPUs = 0
	Memory = 4096
...
006 (1461.000.000) 2024-11-24 00:03:23 Image size of job updated: 477868
	467  -  MemoryUsage of job (MB)
	477868  -  ResidentSetSize of job (KB)
...
006 (1461.000.000) 2024-11-24 00:04:49 Image size of job updated: 1051276
	467  -  MemoryUsage of job (MB)
	477868  -  ResidentSetSize of job (KB)
...
040 (1461.000.000) 2024-11-24 00:04:49 Started transferring output files
...
040 (1461.000.000) 2024-11-24 00:04:49 Finished transferring output files
...
005 (1461.000.000) 2024-11-24 00:04:49 Job terminated.
	(1) Normal termination (return value 0)
		Usr 0 00:01:22, Sys 0 00:00:06  -  Run Remote Usage
		Usr 0 00:00:00, Sys 0 00:00:00  -  Run Local Usage
		Usr 0 00:01:22, Sys 0 00:00:06  -  Total Remote Usage
		Usr 0 00:00:00, Sys 0 00:00:00  -  Total Local Usage
	2806  -  Run Bytes Sent By Job
	952  -  Run Bytes Received By Job
	2806  -  Total Bytes Sent By Job
	952  -  Total Bytes Received By Job
	Partitionable Resources :    Usage  Request Allocated 
	   Cpus                 :        0        1         1 
	   Disk (KB)            :       35        1      7699 
	   GPUs                 :                           0 
	   Memory (MB)          :      467     4000      4096 
	   TimeExecute (s)      :       95                    
	   TimeSlotBusy (s)     :       96                    

	Job terminated of its own accord at 2024-11-24T00:04:49Z with exit-code 0.
...
