000 (2031.000.000) 2024-11-25 13:55:29 Job submitted from host: <147.188.47.47:9618?addrs=147.188.47.47-9618&alias=eprexb.ph.bham.ac.uk&noUDP&sock=schedd_1171491_f6ca>
...
040 (2031.000.000) 2024-11-25 13:55:46 Started transferring input files
	Transferring to host: <147.188.47.71:9618?addrs=147.188.47.71-9618&alias=eplwk001.ph.bham.ac.uk&noUDP&sock=slot1_5_864817_8fb9_65713>
...
040 (2031.000.000) 2024-11-25 13:55:46 Finished transferring input files
...
001 (2031.000.000) 2024-11-25 13:55:48 Job executing on host: <147.188.47.71:9618?addrs=147.188.47.71-9618&alias=eplwk001.ph.bham.ac.uk&noUDP&sock=startd_864732_ce1e>
	SlotName: slot1_5@eplwk001.ph.bham.ac.uk
	CondorScratchDir = "/var/lib/condor/execute/dir_1815769"
	Cpus = 1
	Disk = 7699
	GPUs = 0
	Memory = 4096
...
006 (2031.000.000) 2024-11-25 13:55:56 Image size of job updated: 419044
	409  -  MemoryUsage of job (MB)
	418616  -  ResidentSetSize of job (KB)
...
006 (2031.000.000) 2024-11-25 14:00:56 Image size of job updated: 768644
	751  -  MemoryUsage of job (MB)
	768204  -  ResidentSetSize of job (KB)
...
006 (2031.000.000) 2024-11-25 14:05:56 Image size of job updated: 777716
	760  -  MemoryUsage of job (MB)
	777464  -  ResidentSetSize of job (KB)
...
006 (2031.000.000) 2024-11-25 14:10:57 Image size of job updated: 797872
	778  -  MemoryUsage of job (MB)
	795800  -  ResidentSetSize of job (KB)
...
006 (2031.000.000) 2024-11-25 14:13:36 Image size of job updated: 801684
	778  -  MemoryUsage of job (MB)
	795800  -  ResidentSetSize of job (KB)
...
040 (2031.000.000) 2024-11-25 14:13:36 Started transferring output files
...
040 (2031.000.000) 2024-11-25 14:13:36 Finished transferring output files
...
005 (2031.000.000) 2024-11-25 14:13:36 Job terminated.
	(1) Normal termination (return value 0)
		Usr 0 00:16:46, Sys 0 00:00:51  -  Run Remote Usage
		Usr 0 00:00:00, Sys 0 00:00:00  -  Run Local Usage
		Usr 0 00:16:46, Sys 0 00:00:51  -  Total Remote Usage
		Usr 0 00:00:00, Sys 0 00:00:00  -  Total Local Usage
	2729  -  Run Bytes Sent By Job
	952  -  Run Bytes Received By Job
	2729  -  Total Bytes Sent By Job
	952  -  Total Bytes Received By Job
	Partitionable Resources :    Usage  Request Allocated 
	   Cpus                 :     0.99        1         1 
	   Disk (KB)            :    39           1      7699 
	   GPUs                 :                           0 
	   Memory (MB)          :   778        4000      4096 
	   TimeExecute (s)      :  1068                       
	   TimeSlotBusy (s)     :  1070                       

	Job terminated of its own accord at 2024-11-25T14:13:36Z with exit-code 0.
...
