000 (2029.000.000) 2024-11-25 13:55:26 Job submitted from host: <147.188.47.47:9618?addrs=147.188.47.47-9618&alias=eprexb.ph.bham.ac.uk&noUDP&sock=schedd_1171491_f6ca>
...
040 (2029.000.000) 2024-11-25 13:55:26 Started transferring input files
	Transferring to host: <147.188.47.71:9618?addrs=147.188.47.71-9618&alias=eplwk001.ph.bham.ac.uk&noUDP&sock=slot1_2_864817_8fb9_65711>
...
040 (2029.000.000) 2024-11-25 13:55:26 Finished transferring input files
...
001 (2029.000.000) 2024-11-25 13:55:27 Job executing on host: <147.188.47.71:9618?addrs=147.188.47.71-9618&alias=eplwk001.ph.bham.ac.uk&noUDP&sock=startd_864732_ce1e>
	SlotName: slot1_2@eplwk001.ph.bham.ac.uk
	CondorScratchDir = "/var/lib/condor/execute/dir_1814861"
	Cpus = 1
	Disk = 7699
	GPUs = 0
	Memory = 4096
...
006 (2029.000.000) 2024-11-25 13:55:36 Image size of job updated: 454784
	445  -  MemoryUsage of job (MB)
	454784  -  ResidentSetSize of job (KB)
...
006 (2029.000.000) 2024-11-25 14:00:36 Image size of job updated: 744924
	727  -  MemoryUsage of job (MB)
	744400  -  ResidentSetSize of job (KB)
...
006 (2029.000.000) 2024-11-25 14:05:36 Image size of job updated: 782268
	764  -  MemoryUsage of job (MB)
	782268  -  ResidentSetSize of job (KB)
...
006 (2029.000.000) 2024-11-25 14:10:37 Image size of job updated: 800444
	767  -  MemoryUsage of job (MB)
	784892  -  ResidentSetSize of job (KB)
...
040 (2029.000.000) 2024-11-25 14:13:30 Started transferring output files
...
040 (2029.000.000) 2024-11-25 14:13:30 Finished transferring output files
...
005 (2029.000.000) 2024-11-25 14:13:30 Job terminated.
	(1) Normal termination (return value 0)
		Usr 0 00:17:00, Sys 0 00:00:51  -  Run Remote Usage
		Usr 0 00:00:00, Sys 0 00:00:00  -  Run Local Usage
		Usr 0 00:17:00, Sys 0 00:00:51  -  Total Remote Usage
		Usr 0 00:00:00, Sys 0 00:00:00  -  Total Local Usage
	2727  -  Run Bytes Sent By Job
	947  -  Run Bytes Received By Job
	2727  -  Total Bytes Sent By Job
	947  -  Total Bytes Received By Job
	Partitionable Resources :    Usage  Request Allocated 
	   Cpus                 :     0.99        1         1 
	   Disk (KB)            :    39           1      7699 
	   GPUs                 :                           0 
	   Memory (MB)          :   767        4000      4096 
	   TimeExecute (s)      :  1083                       
	   TimeSlotBusy (s)     :  1084                       

	Job terminated of its own accord at 2024-11-25T14:13:30Z with exit-code 0.
...
