000 (1271.000.000) 2024-11-23 20:16:16 Job submitted from host: <147.188.47.47:9618?addrs=147.188.47.47-9618&alias=eprexb.ph.bham.ac.uk&noUDP&sock=schedd_1171491_f6ca>
...
040 (1271.000.000) 2024-11-23 20:16:35 Started transferring input files
	Transferring to host: <147.188.47.71:9618?addrs=147.188.47.71-9618&alias=eplwk001.ph.bham.ac.uk&noUDP&sock=slot1_15_864817_8fb9_64419>
...
040 (1271.000.000) 2024-11-23 20:16:35 Finished transferring input files
...
001 (1271.000.000) 2024-11-23 20:16:36 Job executing on host: <147.188.47.71:9618?addrs=147.188.47.71-9618&alias=eplwk001.ph.bham.ac.uk&noUDP&sock=startd_864732_ce1e>
	SlotName: slot1_15@eplwk001.ph.bham.ac.uk
	CondorScratchDir = "/var/lib/condor/execute/dir_358013"
	Cpus = 1
	Disk = 7699
	GPUs = 0
	Memory = 4096
...
006 (1271.000.000) 2024-11-23 20:16:45 Image size of job updated: 537152
	525  -  MemoryUsage of job (MB)
	537148  -  ResidentSetSize of job (KB)
...
006 (1271.000.000) 2024-11-23 20:18:03 Image size of job updated: 786152
	525  -  MemoryUsage of job (MB)
	537148  -  ResidentSetSize of job (KB)
...
040 (1271.000.000) 2024-11-23 20:18:04 Started transferring output files
...
040 (1271.000.000) 2024-11-23 20:18:04 Finished transferring output files
...
005 (1271.000.000) 2024-11-23 20:18:04 Job terminated.
	(1) Normal termination (return value 0)
		Usr 0 00:01:18, Sys 0 00:00:06  -  Run Remote Usage
		Usr 0 00:00:00, Sys 0 00:00:00  -  Run Local Usage
		Usr 0 00:01:18, Sys 0 00:00:06  -  Total Remote Usage
		Usr 0 00:00:00, Sys 0 00:00:00  -  Total Local Usage
	2806  -  Run Bytes Sent By Job
	952  -  Run Bytes Received By Job
	2806  -  Total Bytes Sent By Job
	952  -  Total Bytes Received By Job
	Partitionable Resources :    Usage  Request Allocated 
	   Cpus                 :     1.00        1         1 
	   Disk (KB)            :    35           1      7699 
	   GPUs                 :                           0 
	   Memory (MB)          :   525        4000      4096 
	   TimeExecute (s)      :    87                       
	   TimeSlotBusy (s)     :    89                       

	Job terminated of its own accord at 2024-11-23T20:18:03Z with exit-code 0.
...
