000 (1404.000.000) 2024-11-23 23:09:21 Job submitted from host: <147.188.47.47:9618?addrs=147.188.47.47-9618&alias=eprexb.ph.bham.ac.uk&noUDP&sock=schedd_1171491_f6ca>
...
040 (1404.000.000) 2024-11-23 23:11:14 Started transferring input files
	Transferring to host: <147.188.47.72:9618?addrs=147.188.47.72-9618&alias=eplwk002.ph.bham.ac.uk&noUDP&sock=slot1_6_187135_4953_45485>
...
040 (1404.000.000) 2024-11-23 23:11:14 Finished transferring input files
...
001 (1404.000.000) 2024-11-23 23:11:15 Job executing on host: <147.188.47.72:9618?addrs=147.188.47.72-9618&alias=eplwk002.ph.bham.ac.uk&noUDP&sock=startd_187014_a097>
	SlotName: slot1_6@eplwk002.ph.bham.ac.uk
	CondorScratchDir = "/var/lib/condor/execute/dir_2677824"
	Cpus = 1
	Disk = 7701
	GPUs = 0
	Memory = 4096
...
006 (1404.000.000) 2024-11-23 23:11:23 Image size of job updated: 444528
	434  -  MemoryUsage of job (MB)
	444360  -  ResidentSetSize of job (KB)
...
006 (1404.000.000) 2024-11-23 23:12:45 Image size of job updated: 827652
	434  -  MemoryUsage of job (MB)
	444360  -  ResidentSetSize of job (KB)
...
040 (1404.000.000) 2024-11-23 23:12:45 Started transferring output files
...
040 (1404.000.000) 2024-11-23 23:12:45 Finished transferring output files
...
005 (1404.000.000) 2024-11-23 23:12:45 Job terminated.
	(1) Normal termination (return value 0)
		Usr 0 00:01:21, Sys 0 00:00:05  -  Run Remote Usage
		Usr 0 00:00:00, Sys 0 00:00:00  -  Run Local Usage
		Usr 0 00:01:21, Sys 0 00:00:05  -  Total Remote Usage
		Usr 0 00:00:00, Sys 0 00:00:00  -  Total Local Usage
	2816  -  Run Bytes Sent By Job
	953  -  Run Bytes Received By Job
	2816  -  Total Bytes Sent By Job
	953  -  Total Bytes Received By Job
	Partitionable Resources :    Usage  Request Allocated 
	   Cpus                 :                 1         1 
	   Disk (KB)            :       29        1      7701 
	   GPUs                 :                           0 
	   Memory (MB)          :      434     4000      4096 
	   TimeExecute (s)      :       90                    
	   TimeSlotBusy (s)     :       92                    

	Job terminated of its own accord at 2024-11-23T23:12:45Z with exit-code 0.
...
