000 (2057.000.000) 2024-11-25 14:25:51 Job submitted from host: <147.188.47.47:9618?addrs=147.188.47.47-9618&alias=eprexb.ph.bham.ac.uk&noUDP&sock=schedd_1171491_f6ca>
...
040 (2057.000.000) 2024-11-25 14:26:00 Started transferring input files
	Transferring to host: <147.188.47.71:9618?addrs=147.188.47.71-9618&alias=eplwk001.ph.bham.ac.uk&noUDP&sock=slot1_9_864817_8fb9_65739>
...
040 (2057.000.000) 2024-11-25 14:26:00 Finished transferring input files
...
001 (2057.000.000) 2024-11-25 14:26:01 Job executing on host: <147.188.47.71:9618?addrs=147.188.47.71-9618&alias=eplwk001.ph.bham.ac.uk&noUDP&sock=startd_864732_ce1e>
	SlotName: slot1_9@eplwk001.ph.bham.ac.uk
	CondorScratchDir = "/var/lib/condor/execute/dir_1835554"
	Cpus = 1
	Disk = 7699
	GPUs = 0
	Memory = 4096
...
006 (2057.000.000) 2024-11-25 14:26:10 Image size of job updated: 392780
	384  -  MemoryUsage of job (MB)
	392780  -  ResidentSetSize of job (KB)
...
006 (2057.000.000) 2024-11-25 14:31:11 Image size of job updated: 746472
	729  -  MemoryUsage of job (MB)
	745760  -  ResidentSetSize of job (KB)
...
006 (2057.000.000) 2024-11-25 14:36:12 Image size of job updated: 774700
	757  -  MemoryUsage of job (MB)
	774700  -  ResidentSetSize of job (KB)
...
006 (2057.000.000) 2024-11-25 14:41:12 Image size of job updated: 786240
	768  -  MemoryUsage of job (MB)
	786148  -  ResidentSetSize of job (KB)
...
006 (2057.000.000) 2024-11-25 14:43:05 Image size of job updated: 793872
	768  -  MemoryUsage of job (MB)
	786148  -  ResidentSetSize of job (KB)
...
040 (2057.000.000) 2024-11-25 14:43:05 Started transferring output files
...
040 (2057.000.000) 2024-11-25 14:43:05 Finished transferring output files
...
005 (2057.000.000) 2024-11-25 14:43:05 Job terminated.
	(1) Normal termination (return value 0)
		Usr 0 00:16:04, Sys 0 00:00:48  -  Run Remote Usage
		Usr 0 00:00:00, Sys 0 00:00:00  -  Run Local Usage
		Usr 0 00:16:04, Sys 0 00:00:48  -  Total Remote Usage
		Usr 0 00:00:00, Sys 0 00:00:00  -  Total Local Usage
	2731  -  Run Bytes Sent By Job
	957  -  Run Bytes Received By Job
	2731  -  Total Bytes Sent By Job
	957  -  Total Bytes Received By Job
	Partitionable Resources :    Usage  Request Allocated 
	   Cpus                 :     0.99        1         1 
	   Disk (KB)            :    39           1      7699 
	   GPUs                 :                           0 
	   Memory (MB)          :   768        4000      4096 
	   TimeExecute (s)      :  1024                       
	   TimeSlotBusy (s)     :  1025                       

	Job terminated of its own accord at 2024-11-25T14:43:05Z with exit-code 0.
...
