000 (1345.000.000) 2024-11-23 22:35:29 Job submitted from host: <147.188.47.47:9618?addrs=147.188.47.47-9618&alias=eprexb.ph.bham.ac.uk&noUDP&sock=schedd_1171491_f6ca>
...
040 (1345.000.000) 2024-11-23 22:35:30 Started transferring input files
	Transferring to host: <147.188.47.71:9618?addrs=147.188.47.71-9618&alias=eplwk001.ph.bham.ac.uk&noUDP&sock=slot1_86_864817_8fb9_64631>
...
040 (1345.000.000) 2024-11-23 22:35:30 Finished transferring input files
...
001 (1345.000.000) 2024-11-23 22:35:31 Job executing on host: <147.188.47.71:9618?addrs=147.188.47.71-9618&alias=eplwk001.ph.bham.ac.uk&noUDP&sock=startd_864732_ce1e>
	SlotName: slot1_86@eplwk001.ph.bham.ac.uk
	CondorScratchDir = "/var/lib/condor/execute/dir_431939"
	Cpus = 1
	Disk = 7699
	GPUs = 0
	Memory = 4096
...
006 (1345.000.000) 2024-11-23 22:35:40 Image size of job updated: 210956
	206  -  MemoryUsage of job (MB)
	210936  -  ResidentSetSize of job (KB)
...
006 (1345.000.000) 2024-11-23 22:37:38 Image size of job updated: 1044148
	260  -  MemoryUsage of job (MB)
	265944  -  ResidentSetSize of job (KB)
...
040 (1345.000.000) 2024-11-23 22:37:38 Started transferring output files
...
040 (1345.000.000) 2024-11-23 22:37:38 Finished transferring output files
...
005 (1345.000.000) 2024-11-23 22:37:39 Job terminated.
	(1) Normal termination (return value 0)
		Usr 0 00:01:45, Sys 0 00:00:08  -  Run Remote Usage
		Usr 0 00:00:00, Sys 0 00:00:00  -  Run Local Usage
		Usr 0 00:01:45, Sys 0 00:00:08  -  Total Remote Usage
		Usr 0 00:00:00, Sys 0 00:00:00  -  Total Local Usage
	2802  -  Run Bytes Sent By Job
	942  -  Run Bytes Received By Job
	2802  -  Total Bytes Sent By Job
	942  -  Total Bytes Received By Job
	Partitionable Resources :    Usage  Request Allocated 
	   Cpus                 :     0.99        1         1 
	   Disk (KB)            :    35           1      7699 
	   GPUs                 :                           0 
	   Memory (MB)          :   260        4000      4096 
	   TimeExecute (s)      :   127                       
	   TimeSlotBusy (s)     :   128                       

	Job terminated of its own accord at 2024-11-23T22:37:38Z with exit-code 0.
...
