000 (1306.000.000) 2024-11-23 21:22:32 Job submitted from host: <147.188.47.47:9618?addrs=147.188.47.47-9618&alias=eprexb.ph.bham.ac.uk&noUDP&sock=schedd_1171491_f6ca>
...
040 (1306.000.000) 2024-11-23 21:23:02 Started transferring input files
	Transferring to host: <147.188.47.72:9618?addrs=147.188.47.72-9618&alias=eplwk002.ph.bham.ac.uk&noUDP&sock=slot1_86_187135_4953_45326>
...
040 (1306.000.000) 2024-11-23 21:23:02 Finished transferring input files
...
001 (1306.000.000) 2024-11-23 21:23:03 Job executing on host: <147.188.47.72:9618?addrs=147.188.47.72-9618&alias=eplwk002.ph.bham.ac.uk&noUDP&sock=startd_187014_a097>
	SlotName: slot1_86@eplwk002.ph.bham.ac.uk
	CondorScratchDir = "/var/lib/condor/execute/dir_2633826"
	Cpus = 1
	Disk = 7701
	GPUs = 0
	Memory = 4096
...
006 (1306.000.000) 2024-11-23 21:23:11 Image size of job updated: 538920
	527  -  MemoryUsage of job (MB)
	538920  -  ResidentSetSize of job (KB)
...
006 (1306.000.000) 2024-11-23 21:26:35 Image size of job updated: 4194304
	3332  -  MemoryUsage of job (MB)
	3411648  -  ResidentSetSize of job (KB)
...
040 (1306.000.000) 2024-11-23 21:26:35 Started transferring output files
...
040 (1306.000.000) 2024-11-23 21:26:35 Finished transferring output files
...
005 (1306.000.000) 2024-11-23 21:26:35 Job terminated.
	(1) Normal termination (return value 0)
		Usr 0 00:02:34, Sys 0 00:00:15  -  Run Remote Usage
		Usr 0 00:00:00, Sys 0 00:00:00  -  Run Local Usage
		Usr 0 00:02:34, Sys 0 00:00:15  -  Total Remote Usage
		Usr 0 00:00:00, Sys 0 00:00:00  -  Total Local Usage
	2812  -  Run Bytes Sent By Job
	943  -  Run Bytes Received By Job
	2812  -  Total Bytes Sent By Job
	943  -  Total Bytes Received By Job
	Partitionable Resources :    Usage  Request Allocated 
	   Cpus                 :     0.81        1         1 
	   Disk (KB)            :    35           1      7701 
	   GPUs                 :                           0 
	   Memory (MB)          :  3332        4000      4096 
	   TimeExecute (s)      :   212                       
	   TimeSlotBusy (s)     :   214                       

	Job terminated of its own accord at 2024-11-23T21:26:35Z with exit-code 0.
...
