000 (640.000.000) 2024-11-23 17:16:46 Job submitted from host: <147.188.47.47:9618?addrs=147.188.47.47-9618&alias=eprexb.ph.bham.ac.uk&noUDP&sock=schedd_1171491_f6ca>
...
040 (640.000.000) 2024-11-23 17:17:02 Started transferring input files
	Transferring to host: <147.188.47.71:9618?addrs=147.188.47.71-9618&alias=eplwk001.ph.bham.ac.uk&noUDP&sock=slot1_9_864817_8fb9_63790>
...
040 (640.000.000) 2024-11-23 17:17:02 Finished transferring input files
...
001 (640.000.000) 2024-11-23 17:17:03 Job executing on host: <147.188.47.71:9618?addrs=147.188.47.71-9618&alias=eplwk001.ph.bham.ac.uk&noUDP&sock=startd_864732_ce1e>
	SlotName: slot1_9@eplwk001.ph.bham.ac.uk
	CondorScratchDir = "/var/lib/condor/execute/dir_3045270"
	Cpus = 1
	Disk = 7699
	GPUs = 0
	Memory = 4096
...
006 (640.000.000) 2024-11-23 17:17:12 Image size of job updated: 539092
	527  -  MemoryUsage of job (MB)
	538892  -  ResidentSetSize of job (KB)
...
006 (640.000.000) 2024-11-23 17:18:04 Image size of job updated: 796576
	527  -  MemoryUsage of job (MB)
	538892  -  ResidentSetSize of job (KB)
...
040 (640.000.000) 2024-11-23 17:18:04 Started transferring output files
...
040 (640.000.000) 2024-11-23 17:18:04 Finished transferring output files
...
005 (640.000.000) 2024-11-23 17:18:04 Job terminated.
	(1) Normal termination (return value 0)
		Usr 0 00:00:53, Sys 0 00:00:05  -  Run Remote Usage
		Usr 0 00:00:00, Sys 0 00:00:00  -  Run Local Usage
		Usr 0 00:00:53, Sys 0 00:00:05  -  Total Remote Usage
		Usr 0 00:00:00, Sys 0 00:00:00  -  Total Local Usage
	4016  -  Run Bytes Sent By Job
	952  -  Run Bytes Received By Job
	4016  -  Total Bytes Sent By Job
	952  -  Total Bytes Received By Job
	Partitionable Resources :    Usage  Request Allocated 
	   Cpus                 :     0.08        1         1 
	   Disk (KB)            :    36           1      7699 
	   GPUs                 :                           0 
	   Memory (MB)          :   527        4000      4096 
	   TimeExecute (s)      :    61                       
	   TimeSlotBusy (s)     :    62                       

	Job terminated of its own accord at 2024-11-23T17:18:04Z with exit-code 0.
...
