000 (1193.000.000) 2024-11-23 19:16:18 Job submitted from host: <147.188.47.47:9618?addrs=147.188.47.47-9618&alias=eprexb.ph.bham.ac.uk&noUDP&sock=schedd_1171491_f6ca>
...
040 (1193.000.000) 2024-11-23 19:16:35 Started transferring input files
	Transferring to host: <147.188.47.71:9618?addrs=147.188.47.71-9618&alias=eplwk001.ph.bham.ac.uk&noUDP&sock=slot1_3_864817_8fb9_64341>
...
040 (1193.000.000) 2024-11-23 19:16:35 Finished transferring input files
...
001 (1193.000.000) 2024-11-23 19:16:36 Job executing on host: <147.188.47.71:9618?addrs=147.188.47.71-9618&alias=eplwk001.ph.bham.ac.uk&noUDP&sock=startd_864732_ce1e>
	SlotName: slot1_3@eplwk001.ph.bham.ac.uk
	CondorScratchDir = "/var/lib/condor/execute/dir_274086"
	Cpus = 1
	Disk = 7699
	GPUs = 0
	Memory = 4096
...
006 (1193.000.000) 2024-11-23 19:16:45 Image size of job updated: 292876
	286  -  MemoryUsage of job (MB)
	292864  -  ResidentSetSize of job (KB)
...
006 (1193.000.000) 2024-11-23 19:17:42 Image size of job updated: 778304
	287  -  MemoryUsage of job (MB)
	293052  -  ResidentSetSize of job (KB)
...
040 (1193.000.000) 2024-11-23 19:17:42 Started transferring output files
...
040 (1193.000.000) 2024-11-23 19:17:42 Finished transferring output files
...
005 (1193.000.000) 2024-11-23 19:17:42 Job terminated.
	(1) Normal termination (return value 0)
		Usr 0 00:00:55, Sys 0 00:00:05  -  Run Remote Usage
		Usr 0 00:00:00, Sys 0 00:00:00  -  Run Local Usage
		Usr 0 00:00:55, Sys 0 00:00:05  -  Total Remote Usage
		Usr 0 00:00:00, Sys 0 00:00:00  -  Total Local Usage
	2804  -  Run Bytes Sent By Job
	947  -  Run Bytes Received By Job
	2804  -  Total Bytes Sent By Job
	947  -  Total Bytes Received By Job
	Partitionable Resources :    Usage  Request Allocated 
	   Cpus                 :     0.99        1         1 
	   Disk (KB)            :    35           1      7699 
	   GPUs                 :                           0 
	   Memory (MB)          :   287        4000      4096 
	   TimeExecute (s)      :    66                       
	   TimeSlotBusy (s)     :    67                       

	Job terminated of its own accord at 2024-11-23T19:17:42Z with exit-code 0.
...
