000 (669.000.000) 2024-11-23 17:29:52 Job submitted from host: <147.188.47.47:9618?addrs=147.188.47.47-9618&alias=eprexb.ph.bham.ac.uk&noUDP&sock=schedd_1171491_f6ca>
...
040 (669.000.000) 2024-11-23 17:30:10 Started transferring input files
	Transferring to host: <147.188.47.71:9618?addrs=147.188.47.71-9618&alias=eplwk001.ph.bham.ac.uk&noUDP&sock=slot1_7_864817_8fb9_63825>
...
040 (669.000.000) 2024-11-23 17:30:10 Finished transferring input files
...
001 (669.000.000) 2024-11-23 17:30:11 Job executing on host: <147.188.47.71:9618?addrs=147.188.47.71-9618&alias=eplwk001.ph.bham.ac.uk&noUDP&sock=startd_864732_ce1e>
	SlotName: slot1_7@eplwk001.ph.bham.ac.uk
	CondorScratchDir = "/var/lib/condor/execute/dir_3060152"
	Cpus = 1
	Disk = 7699
	GPUs = 0
	Memory = 4096
...
006 (669.000.000) 2024-11-23 17:30:20 Image size of job updated: 535748
	524  -  MemoryUsage of job (MB)
	535748  -  ResidentSetSize of job (KB)
...
006 (669.000.000) 2024-11-23 17:31:27 Image size of job updated: 801664
	524  -  MemoryUsage of job (MB)
	536004  -  ResidentSetSize of job (KB)
...
040 (669.000.000) 2024-11-23 17:31:27 Started transferring output files
...
040 (669.000.000) 2024-11-23 17:31:27 Finished transferring output files
...
005 (669.000.000) 2024-11-23 17:31:27 Job terminated.
	(1) Normal termination (return value 0)
		Usr 0 00:01:07, Sys 0 00:00:05  -  Run Remote Usage
		Usr 0 00:00:00, Sys 0 00:00:00  -  Run Local Usage
		Usr 0 00:01:07, Sys 0 00:00:05  -  Total Remote Usage
		Usr 0 00:00:00, Sys 0 00:00:00  -  Total Local Usage
	4316  -  Run Bytes Sent By Job
	952  -  Run Bytes Received By Job
	4316  -  Total Bytes Sent By Job
	952  -  Total Bytes Received By Job
	Partitionable Resources :    Usage  Request Allocated 
	   Cpus                 :        0        1         1 
	   Disk (KB)            :       36        1      7699 
	   GPUs                 :                           0 
	   Memory (MB)          :      524     4000      4096 
	   TimeExecute (s)      :       76                    
	   TimeSlotBusy (s)     :       77                    

	Job terminated of its own accord at 2024-11-23T17:31:27Z with exit-code 0.
...
