000 (2067.000.000) 2024-11-25 14:26:06 Job submitted from host: <147.188.47.47:9618?addrs=147.188.47.47-9618&alias=eprexb.ph.bham.ac.uk&noUDP&sock=schedd_1171491_f6ca>
...
040 (2067.000.000) 2024-11-25 14:26:19 Started transferring input files
	Transferring to host: <147.188.47.71:9618?addrs=147.188.47.71-9618&alias=eplwk001.ph.bham.ac.uk&noUDP&sock=slot1_19_864817_8fb9_65749>
...
040 (2067.000.000) 2024-11-25 14:26:19 Finished transferring input files
...
001 (2067.000.000) 2024-11-25 14:26:20 Job executing on host: <147.188.47.71:9618?addrs=147.188.47.71-9618&alias=eplwk001.ph.bham.ac.uk&noUDP&sock=startd_864732_ce1e>
	SlotName: slot1_19@eplwk001.ph.bham.ac.uk
	CondorScratchDir = "/var/lib/condor/execute/dir_1847342"
	Cpus = 1
	Disk = 7699
	GPUs = 0
	Memory = 4096
...
006 (2067.000.000) 2024-11-25 14:26:29 Image size of job updated: 476172
	465  -  MemoryUsage of job (MB)
	476108  -  ResidentSetSize of job (KB)
...
006 (2067.000.000) 2024-11-25 14:28:24 Image size of job updated: 824208
	465  -  MemoryUsage of job (MB)
	476108  -  ResidentSetSize of job (KB)
...
040 (2067.000.000) 2024-11-25 14:28:24 Started transferring output files
...
040 (2067.000.000) 2024-11-25 14:28:24 Finished transferring output files
...
005 (2067.000.000) 2024-11-25 14:28:24 Job terminated.
	(1) Normal termination (return value 0)
		Usr 0 00:01:53, Sys 0 00:00:07  -  Run Remote Usage
		Usr 0 00:00:00, Sys 0 00:00:00  -  Run Local Usage
		Usr 0 00:01:53, Sys 0 00:00:07  -  Total Remote Usage
		Usr 0 00:00:00, Sys 0 00:00:00  -  Total Local Usage
	2731  -  Run Bytes Sent By Job
	956  -  Run Bytes Received By Job
	2731  -  Total Bytes Sent By Job
	956  -  Total Bytes Received By Job
	Partitionable Resources :    Usage  Request Allocated 
	   Cpus                 :     0.99        1         1 
	   Disk (KB)            :    39           1      7699 
	   GPUs                 :                           0 
	   Memory (MB)          :   465        4000      4096 
	   TimeExecute (s)      :   124                       
	   TimeSlotBusy (s)     :   125                       

	Job terminated of its own accord at 2024-11-25T14:28:24Z with exit-code 0.
...
