000 (517.000.000) 2024-11-23 15:49:15 Job submitted from host: <147.188.47.47:9618?addrs=147.188.47.47-9618&alias=eprexb.ph.bham.ac.uk&noUDP&sock=schedd_1171491_f6ca>
...
040 (517.000.000) 2024-11-23 15:49:21 Started transferring input files
	Transferring to host: <147.188.47.71:9618?addrs=147.188.47.71-9618&alias=eplwk001.ph.bham.ac.uk&noUDP&sock=slot1_20_864817_8fb9_63654>
...
040 (517.000.000) 2024-11-23 15:49:21 Finished transferring input files
...
001 (517.000.000) 2024-11-23 15:49:22 Job executing on host: <147.188.47.71:9618?addrs=147.188.47.71-9618&alias=eplwk001.ph.bham.ac.uk&noUDP&sock=startd_864732_ce1e>
	SlotName: slot1_20@eplwk001.ph.bham.ac.uk
	CondorScratchDir = "/var/lib/condor/execute/dir_2769129"
	Cpus = 1
	Disk = 7699
	GPUs = 0
	Memory = 4096
...
006 (517.000.000) 2024-11-23 15:49:31 Image size of job updated: 56776
	56  -  MemoryUsage of job (MB)
	56748  -  ResidentSetSize of job (KB)
...
006 (517.000.000) 2024-11-23 15:54:31 Image size of job updated: 1594864
	1558  -  MemoryUsage of job (MB)
	1594856  -  ResidentSetSize of job (KB)
...
006 (517.000.000) 2024-11-23 15:58:45 Image size of job updated: 2336940
	1558  -  MemoryUsage of job (MB)
	1594876  -  ResidentSetSize of job (KB)
...
040 (517.000.000) 2024-11-23 15:58:45 Started transferring output files
...
040 (517.000.000) 2024-11-23 15:58:45 Finished transferring output files
...
005 (517.000.000) 2024-11-23 15:58:45 Job terminated.
	(1) Normal termination (return value 0)
		Usr 0 00:01:09, Sys 0 00:00:12  -  Run Remote Usage
		Usr 0 00:00:00, Sys 0 00:00:00  -  Run Local Usage
		Usr 0 00:01:09, Sys 0 00:00:12  -  Total Remote Usage
		Usr 0 00:00:00, Sys 0 00:00:00  -  Total Local Usage
	4239  -  Run Bytes Sent By Job
	953  -  Run Bytes Received By Job
	4239  -  Total Bytes Sent By Job
	953  -  Total Bytes Received By Job
	Partitionable Resources :    Usage  Request Allocated 
	   Cpus                 :     0.15        1         1 
	   Disk (KB)            :    36           1      7699 
	   GPUs                 :                           0 
	   Memory (MB)          :  1558        4000      4096 
	   TimeExecute (s)      :   563                       
	   TimeSlotBusy (s)     :   564                       

	Job terminated of its own accord at 2024-11-23T15:58:45Z with exit-code 0.
...
