000 (1216.000.000) 2024-11-23 19:25:26 Job submitted from host: <147.188.47.47:9618?addrs=147.188.47.47-9618&alias=eprexb.ph.bham.ac.uk&noUDP&sock=schedd_1171491_f6ca>
...
040 (1216.000.000) 2024-11-23 19:25:40 Started transferring input files
	Transferring to host: <147.188.47.71:9618?addrs=147.188.47.71-9618&alias=eplwk001.ph.bham.ac.uk&noUDP&sock=slot1_6_864817_8fb9_64364>
...
040 (1216.000.000) 2024-11-23 19:25:40 Finished transferring input files
...
001 (1216.000.000) 2024-11-23 19:25:42 Job executing on host: <147.188.47.71:9618?addrs=147.188.47.71-9618&alias=eplwk001.ph.bham.ac.uk&noUDP&sock=startd_864732_ce1e>
	SlotName: slot1_6@eplwk001.ph.bham.ac.uk
	CondorScratchDir = "/var/lib/condor/execute/dir_296558"
	Cpus = 1
	Disk = 7699
	GPUs = 0
	Memory = 4096
...
006 (1216.000.000) 2024-11-23 19:25:50 Image size of job updated: 324692
	317  -  MemoryUsage of job (MB)
	324436  -  ResidentSetSize of job (KB)
...
006 (1216.000.000) 2024-11-23 19:26:49 Image size of job updated: 790864
	318  -  MemoryUsage of job (MB)
	324932  -  ResidentSetSize of job (KB)
...
040 (1216.000.000) 2024-11-23 19:26:49 Started transferring output files
...
040 (1216.000.000) 2024-11-23 19:26:49 Finished transferring output files
...
005 (1216.000.000) 2024-11-23 19:26:49 Job terminated.
	(1) Normal termination (return value 0)
		Usr 0 00:00:57, Sys 0 00:00:05  -  Run Remote Usage
		Usr 0 00:00:00, Sys 0 00:00:00  -  Run Local Usage
		Usr 0 00:00:57, Sys 0 00:00:05  -  Total Remote Usage
		Usr 0 00:00:00, Sys 0 00:00:00  -  Total Local Usage
	2806  -  Run Bytes Sent By Job
	953  -  Run Bytes Received By Job
	2806  -  Total Bytes Sent By Job
	953  -  Total Bytes Received By Job
	Partitionable Resources :    Usage  Request Allocated 
	   Cpus                 :                 1         1 
	   Disk (KB)            :       28        1      7699 
	   GPUs                 :                           0 
	   Memory (MB)          :      318     4000      4096 
	   TimeExecute (s)      :       67                    
	   TimeSlotBusy (s)     :       69                    

	Job terminated of its own accord at 2024-11-23T19:26:49Z with exit-code 0.
...
