000 (2017.000.000) 2024-11-25 13:49:29 Job submitted from host: <147.188.47.47:9618?addrs=147.188.47.47-9618&alias=eprexb.ph.bham.ac.uk&noUDP&sock=schedd_1171491_f6ca>
...
040 (2017.000.000) 2024-11-25 13:49:48 Started transferring input files
	Transferring to host: <147.188.47.71:9618?addrs=147.188.47.71-9618&alias=eplwk001.ph.bham.ac.uk&noUDP&sock=slot1_29_864817_8fb9_65699>
...
040 (2017.000.000) 2024-11-25 13:49:48 Finished transferring input files
...
001 (2017.000.000) 2024-11-25 13:49:49 Job executing on host: <147.188.47.71:9618?addrs=147.188.47.71-9618&alias=eplwk001.ph.bham.ac.uk&noUDP&sock=startd_864732_ce1e>
	SlotName: slot1_29@eplwk001.ph.bham.ac.uk
	CondorScratchDir = "/var/lib/condor/execute/dir_1782203"
	Cpus = 1
	Disk = 7699
	GPUs = 0
	Memory = 4096
...
006 (2017.000.000) 2024-11-25 13:49:58 Image size of job updated: 357256
	349  -  MemoryUsage of job (MB)
	357256  -  ResidentSetSize of job (KB)
...
006 (2017.000.000) 2024-11-25 13:51:57 Image size of job updated: 789592
	349  -  MemoryUsage of job (MB)
	357256  -  ResidentSetSize of job (KB)
...
040 (2017.000.000) 2024-11-25 13:51:57 Started transferring output files
...
040 (2017.000.000) 2024-11-25 13:51:57 Finished transferring output files
...
005 (2017.000.000) 2024-11-25 13:51:57 Job terminated.
	(1) Normal termination (return value 0)
		Usr 0 00:01:56, Sys 0 00:00:06  -  Run Remote Usage
		Usr 0 00:00:00, Sys 0 00:00:00  -  Run Local Usage
		Usr 0 00:01:56, Sys 0 00:00:06  -  Total Remote Usage
		Usr 0 00:00:00, Sys 0 00:00:00  -  Total Local Usage
	2731  -  Run Bytes Sent By Job
	956  -  Run Bytes Received By Job
	2731  -  Total Bytes Sent By Job
	956  -  Total Bytes Received By Job
	Partitionable Resources :    Usage  Request Allocated 
	   Cpus                 :        0        1         1 
	   Disk (KB)            :       39        1      7699 
	   GPUs                 :                           0 
	   Memory (MB)          :      349     4000      4096 
	   TimeExecute (s)      :      128                    
	   TimeSlotBusy (s)     :      129                    

	Job terminated of its own accord at 2024-11-25T13:51:57Z with exit-code 0.
...
