000 (1993.000.000) 2024-11-25 13:49:11 Job submitted from host: <147.188.47.47:9618?addrs=147.188.47.47-9618&alias=eprexb.ph.bham.ac.uk&noUDP&sock=schedd_1171491_f6ca>
...
040 (1993.000.000) 2024-11-25 13:49:28 Started transferring input files
	Transferring to host: <147.188.47.71:9618?addrs=147.188.47.71-9618&alias=eplwk001.ph.bham.ac.uk&noUDP&sock=slot1_5_864817_8fb9_65675>
...
040 (1993.000.000) 2024-11-25 13:49:28 Finished transferring input files
...
001 (1993.000.000) 2024-11-25 13:49:29 Job executing on host: <147.188.47.71:9618?addrs=147.188.47.71-9618&alias=eplwk001.ph.bham.ac.uk&noUDP&sock=startd_864732_ce1e>
	SlotName: slot1_5@eplwk001.ph.bham.ac.uk
	CondorScratchDir = "/var/lib/condor/execute/dir_1698128"
	Cpus = 1
	Disk = 7699
	GPUs = 0
	Memory = 4096
...
006 (1993.000.000) 2024-11-25 13:49:38 Image size of job updated: 293780
	287  -  MemoryUsage of job (MB)
	293664  -  ResidentSetSize of job (KB)
...
006 (1993.000.000) 2024-11-25 13:51:21 Image size of job updated: 781476
	287  -  MemoryUsage of job (MB)
	293676  -  ResidentSetSize of job (KB)
...
040 (1993.000.000) 2024-11-25 13:51:21 Started transferring output files
...
040 (1993.000.000) 2024-11-25 13:51:21 Finished transferring output files
...
005 (1993.000.000) 2024-11-25 13:51:21 Job terminated.
	(1) Normal termination (return value 0)
		Usr 0 00:01:35, Sys 0 00:00:06  -  Run Remote Usage
		Usr 0 00:00:00, Sys 0 00:00:00  -  Run Local Usage
		Usr 0 00:01:35, Sys 0 00:00:06  -  Total Remote Usage
		Usr 0 00:00:00, Sys 0 00:00:00  -  Total Local Usage
	2729  -  Run Bytes Sent By Job
	951  -  Run Bytes Received By Job
	2729  -  Total Bytes Sent By Job
	951  -  Total Bytes Received By Job
	Partitionable Resources :    Usage  Request Allocated 
	   Cpus                 :        0        1         1 
	   Disk (KB)            :       39        1      7699 
	   GPUs                 :                           0 
	   Memory (MB)          :      287     4000      4096 
	   TimeExecute (s)      :      112                    
	   TimeSlotBusy (s)     :      113                    

	Job terminated of its own accord at 2024-11-25T13:51:21Z with exit-code 0.
...
