000 (597.000.000) 2024-11-23 16:56:57 Job submitted from host: <147.188.47.47:9618?addrs=147.188.47.47-9618&alias=eprexb.ph.bham.ac.uk&noUDP&sock=schedd_1171491_f6ca>
...
040 (597.000.000) 2024-11-23 16:57:11 Started transferring input files
	Transferring to host: <147.188.47.71:9618?addrs=147.188.47.71-9618&alias=eplwk001.ph.bham.ac.uk&noUDP&sock=slot1_10_864817_8fb9_63735>
...
040 (597.000.000) 2024-11-23 16:57:11 Finished transferring input files
...
001 (597.000.000) 2024-11-23 16:57:12 Job executing on host: <147.188.47.71:9618?addrs=147.188.47.71-9618&alias=eplwk001.ph.bham.ac.uk&noUDP&sock=startd_864732_ce1e>
	SlotName: slot1_10@eplwk001.ph.bham.ac.uk
	CondorScratchDir = "/var/lib/condor/execute/dir_3008619"
	Cpus = 1
	Disk = 7699
	GPUs = 0
	Memory = 4096
...
006 (597.000.000) 2024-11-23 16:57:20 Image size of job updated: 493652
	482  -  MemoryUsage of job (MB)
	492764  -  ResidentSetSize of job (KB)
...
006 (597.000.000) 2024-11-23 16:58:25 Image size of job updated: 821620
	482  -  MemoryUsage of job (MB)
	492920  -  ResidentSetSize of job (KB)
...
040 (597.000.000) 2024-11-23 16:58:25 Started transferring output files
...
040 (597.000.000) 2024-11-23 16:58:25 Finished transferring output files
...
005 (597.000.000) 2024-11-23 16:58:25 Job terminated.
	(1) Normal termination (return value 0)
		Usr 0 00:01:05, Sys 0 00:00:05  -  Run Remote Usage
		Usr 0 00:00:00, Sys 0 00:00:00  -  Run Local Usage
		Usr 0 00:01:05, Sys 0 00:00:05  -  Total Remote Usage
		Usr 0 00:00:00, Sys 0 00:00:00  -  Total Local Usage
	4316  -  Run Bytes Sent By Job
	952  -  Run Bytes Received By Job
	4316  -  Total Bytes Sent By Job
	952  -  Total Bytes Received By Job
	Partitionable Resources :    Usage  Request Allocated 
	   Cpus                 :        0        1         1 
	   Disk (KB)            :       36        1      7699 
	   GPUs                 :                           0 
	   Memory (MB)          :      482     4000      4096 
	   TimeExecute (s)      :       73                    
	   TimeSlotBusy (s)     :       74                    

	Job terminated of its own accord at 2024-11-23T16:58:25Z with exit-code 0.
...
