000 (726.000.000) 2024-11-23 18:07:18 Job submitted from host: <147.188.47.47:9618?addrs=147.188.47.47-9618&alias=eprexb.ph.bham.ac.uk&noUDP&sock=schedd_1171491_f6ca>
...
040 (726.000.000) 2024-11-23 18:07:32 Started transferring input files
	Transferring to host: <147.188.47.71:9618?addrs=147.188.47.71-9618&alias=eplwk001.ph.bham.ac.uk&noUDP&sock=slot1_3_864817_8fb9_63882>
...
040 (726.000.000) 2024-11-23 18:07:32 Finished transferring input files
...
001 (726.000.000) 2024-11-23 18:07:33 Job executing on host: <147.188.47.71:9618?addrs=147.188.47.71-9618&alias=eplwk001.ph.bham.ac.uk&noUDP&sock=startd_864732_ce1e>
	SlotName: slot1_3@eplwk001.ph.bham.ac.uk
	CondorScratchDir = "/var/lib/condor/execute/dir_3087420"
	Cpus = 1
	Disk = 7699
	GPUs = 0
	Memory = 4096
...
006 (726.000.000) 2024-11-23 18:07:42 Image size of job updated: 495936
	485  -  MemoryUsage of job (MB)
	495848  -  ResidentSetSize of job (KB)
...
006 (726.000.000) 2024-11-23 18:08:10 Image size of job updated: 796628
	485  -  MemoryUsage of job (MB)
	495848  -  ResidentSetSize of job (KB)
...
040 (726.000.000) 2024-11-23 18:08:10 Started transferring output files
...
040 (726.000.000) 2024-11-23 18:08:10 Finished transferring output files
...
005 (726.000.000) 2024-11-23 18:08:10 Job terminated.
	(1) Normal termination (return value 0)
		Usr 0 00:00:28, Sys 0 00:00:05  -  Run Remote Usage
		Usr 0 00:00:00, Sys 0 00:00:00  -  Run Local Usage
		Usr 0 00:00:28, Sys 0 00:00:05  -  Total Remote Usage
		Usr 0 00:00:00, Sys 0 00:00:00  -  Total Local Usage
	2812  -  Run Bytes Sent By Job
	942  -  Run Bytes Received By Job
	2812  -  Total Bytes Sent By Job
	942  -  Total Bytes Received By Job
	Partitionable Resources :    Usage  Request Allocated 
	   Cpus                 :        0        1         1 
	   Disk (KB)            :       34        1      7699 
	   GPUs                 :                           0 
	   Memory (MB)          :      485     4000      4096 
	   TimeExecute (s)      :       37                    
	   TimeSlotBusy (s)     :       38                    

	Job terminated of its own accord at 2024-11-23T18:08:10Z with exit-code 0.
...
