000 (558.000.000) 2024-11-23 16:43:44 Job submitted from host: <147.188.47.47:9618?addrs=147.188.47.47-9618&alias=eprexb.ph.bham.ac.uk&noUDP&sock=schedd_1171491_f6ca>
...
040 (558.000.000) 2024-11-23 16:43:44 Started transferring input files
	Transferring to host: <147.188.47.71:9618?addrs=147.188.47.71-9618&alias=eplwk001.ph.bham.ac.uk&noUDP&sock=slot1_1_864817_8fb9_63696>
...
040 (558.000.000) 2024-11-23 16:43:44 Finished transferring input files
...
001 (558.000.000) 2024-11-23 16:43:45 Job executing on host: <147.188.47.71:9618?addrs=147.188.47.71-9618&alias=eplwk001.ph.bham.ac.uk&noUDP&sock=startd_864732_ce1e>
	SlotName: slot1_1@eplwk001.ph.bham.ac.uk
	CondorScratchDir = "/var/lib/condor/execute/dir_2991009"
	Cpus = 1
	Disk = 7699
	GPUs = 0
	Memory = 4096
...
006 (558.000.000) 2024-11-23 16:43:54 Image size of job updated: 424788
	415  -  MemoryUsage of job (MB)
	424372  -  ResidentSetSize of job (KB)
...
006 (558.000.000) 2024-11-23 16:44:50 Image size of job updated: 783468
	415  -  MemoryUsage of job (MB)
	424372  -  ResidentSetSize of job (KB)
...
040 (558.000.000) 2024-11-23 16:44:50 Started transferring output files
...
040 (558.000.000) 2024-11-23 16:44:50 Finished transferring output files
...
005 (558.000.000) 2024-11-23 16:44:50 Job terminated.
	(1) Normal termination (return value 0)
		Usr 0 00:00:55, Sys 0 00:00:06  -  Run Remote Usage
		Usr 0 00:00:00, Sys 0 00:00:00  -  Run Local Usage
		Usr 0 00:00:55, Sys 0 00:00:06  -  Total Remote Usage
		Usr 0 00:00:00, Sys 0 00:00:00  -  Total Local Usage
	4012  -  Run Bytes Sent By Job
	942  -  Run Bytes Received By Job
	4012  -  Total Bytes Sent By Job
	942  -  Total Bytes Received By Job
	Partitionable Resources :    Usage  Request Allocated 
	   Cpus                 :        0        1         1 
	   Disk (KB)            :       36        1      7699 
	   GPUs                 :                           0 
	   Memory (MB)          :      415     4000      4096 
	   TimeExecute (s)      :       65                    
	   TimeSlotBusy (s)     :       66                    

	Job terminated of its own accord at 2024-11-23T16:44:50Z with exit-code 0.
...
