000 (1485.000.000) 2024-11-24 00:26:08 Job submitted from host: <147.188.47.47:9618?addrs=147.188.47.47-9618&alias=eprexb.ph.bham.ac.uk&noUDP&sock=schedd_1171491_f6ca>
...
040 (1485.000.000) 2024-11-24 00:26:22 Started transferring input files
	Transferring to host: <147.188.47.71:9618?addrs=147.188.47.71-9618&alias=eplwk001.ph.bham.ac.uk&noUDP&sock=slot1_39_864817_8fb9_64763>
...
040 (1485.000.000) 2024-11-24 00:26:22 Finished transferring input files
...
001 (1485.000.000) 2024-11-24 00:26:23 Job executing on host: <147.188.47.71:9618?addrs=147.188.47.71-9618&alias=eplwk001.ph.bham.ac.uk&noUDP&sock=startd_864732_ce1e>
	SlotName: slot1_39@eplwk001.ph.bham.ac.uk
	CondorScratchDir = "/var/lib/condor/execute/dir_512180"
	Cpus = 1
	Disk = 7699
	GPUs = 0
	Memory = 4096
...
006 (1485.000.000) 2024-11-24 00:26:32 Image size of job updated: 494900
	483  -  MemoryUsage of job (MB)
	494480  -  ResidentSetSize of job (KB)
...
006 (1485.000.000) 2024-11-24 00:27:53 Image size of job updated: 828972
	483  -  MemoryUsage of job (MB)
	494480  -  ResidentSetSize of job (KB)
...
040 (1485.000.000) 2024-11-24 00:27:53 Started transferring output files
...
040 (1485.000.000) 2024-11-24 00:27:53 Finished transferring output files
...
005 (1485.000.000) 2024-11-24 00:27:53 Job terminated.
	(1) Normal termination (return value 0)
		Usr 0 00:01:21, Sys 0 00:00:05  -  Run Remote Usage
		Usr 0 00:00:00, Sys 0 00:00:00  -  Run Local Usage
		Usr 0 00:01:21, Sys 0 00:00:05  -  Total Remote Usage
		Usr 0 00:00:00, Sys 0 00:00:00  -  Total Local Usage
	2806  -  Run Bytes Sent By Job
	953  -  Run Bytes Received By Job
	2806  -  Total Bytes Sent By Job
	953  -  Total Bytes Received By Job
	Partitionable Resources :    Usage  Request Allocated 
	   Cpus                 :     0.99        1         1 
	   Disk (KB)            :    34           1      7699 
	   GPUs                 :                           0 
	   Memory (MB)          :   483        4000      4096 
	   TimeExecute (s)      :    90                       
	   TimeSlotBusy (s)     :    91                       

	Job terminated of its own accord at 2024-11-24T00:27:53Z with exit-code 0.
...
