000 (2178.000.000) 2024-11-25 15:17:03 Job submitted from host: <147.188.47.47:9618?addrs=147.188.47.47-9618&alias=eprexb.ph.bham.ac.uk&noUDP&sock=schedd_1171491_f6ca>
...
040 (2178.000.000) 2024-11-25 15:17:19 Started transferring input files
	Transferring to host: <147.188.47.71:9618?addrs=147.188.47.71-9618&alias=eplwk001.ph.bham.ac.uk&noUDP&sock=slot1_18_864817_8fb9_65860>
...
040 (2178.000.000) 2024-11-25 15:17:19 Finished transferring input files
...
001 (2178.000.000) 2024-11-25 15:17:20 Job executing on host: <147.188.47.71:9618?addrs=147.188.47.71-9618&alias=eplwk001.ph.bham.ac.uk&noUDP&sock=startd_864732_ce1e>
	SlotName: slot1_18@eplwk001.ph.bham.ac.uk
	CondorScratchDir = "/var/lib/condor/execute/dir_2044152"
	Cpus = 1
	Disk = 7699
	GPUs = 0
	Memory = 4096
...
006 (2178.000.000) 2024-11-25 15:17:29 Image size of job updated: 523068
	511  -  MemoryUsage of job (MB)
	523068  -  ResidentSetSize of job (KB)
...
006 (2178.000.000) 2024-11-25 15:22:30 Image size of job updated: 744664
	727  -  MemoryUsage of job (MB)
	744116  -  ResidentSetSize of job (KB)
...
006 (2178.000.000) 2024-11-25 15:27:30 Image size of job updated: 780144
	762  -  MemoryUsage of job (MB)
	780144  -  ResidentSetSize of job (KB)
...
006 (2178.000.000) 2024-11-25 15:31:05 Image size of job updated: 791464
	762  -  MemoryUsage of job (MB)
	780144  -  ResidentSetSize of job (KB)
...
040 (2178.000.000) 2024-11-25 15:31:05 Started transferring output files
...
040 (2178.000.000) 2024-11-25 15:31:05 Finished transferring output files
...
005 (2178.000.000) 2024-11-25 15:31:05 Job terminated.
	(1) Normal termination (return value 0)
		Usr 0 00:12:56, Sys 0 00:00:40  -  Run Remote Usage
		Usr 0 00:00:00, Sys 0 00:00:00  -  Run Local Usage
		Usr 0 00:12:56, Sys 0 00:00:40  -  Total Remote Usage
		Usr 0 00:00:00, Sys 0 00:00:00  -  Total Local Usage
	2731  -  Run Bytes Sent By Job
	957  -  Run Bytes Received By Job
	2731  -  Total Bytes Sent By Job
	957  -  Total Bytes Received By Job
	Partitionable Resources :    Usage  Request Allocated 
	   Cpus                 :     0.99        1         1 
	   Disk (KB)            :    39           1      7699 
	   GPUs                 :                           0 
	   Memory (MB)          :   762        4000      4096 
	   TimeExecute (s)      :   825                       
	   TimeSlotBusy (s)     :   826                       

	Job terminated of its own accord at 2024-11-25T15:31:05Z with exit-code 0.
...
