000 (2046.000.000) 2024-11-25 13:55:50 Job submitted from host: <147.188.47.47:9618?addrs=147.188.47.47-9618&alias=eprexb.ph.bham.ac.uk&noUDP&sock=schedd_1171491_f6ca>
...
040 (2046.000.000) 2024-11-25 13:56:07 Started transferring input files
	Transferring to host: <147.188.47.71:9618?addrs=147.188.47.71-9618&alias=eplwk001.ph.bham.ac.uk&noUDP&sock=slot1_35_864817_8fb9_65728>
...
040 (2046.000.000) 2024-11-25 13:56:07 Finished transferring input files
...
001 (2046.000.000) 2024-11-25 13:56:08 Job executing on host: <147.188.47.71:9618?addrs=147.188.47.71-9618&alias=eplwk001.ph.bham.ac.uk&noUDP&sock=startd_864732_ce1e>
	SlotName: slot1_35@eplwk001.ph.bham.ac.uk
	CondorScratchDir = "/var/lib/condor/execute/dir_1830489"
	Cpus = 1
	Disk = 7699
	GPUs = 0
	Memory = 4096
...
006 (2046.000.000) 2024-11-25 13:56:17 Image size of job updated: 493596
	482  -  MemoryUsage of job (MB)
	493340  -  ResidentSetSize of job (KB)
...
006 (2046.000.000) 2024-11-25 14:01:18 Image size of job updated: 743120
	726  -  MemoryUsage of job (MB)
	742848  -  ResidentSetSize of job (KB)
...
006 (2046.000.000) 2024-11-25 14:06:19 Image size of job updated: 766096
	743  -  MemoryUsage of job (MB)
	760100  -  ResidentSetSize of job (KB)
...
006 (2046.000.000) 2024-11-25 14:10:14 Image size of job updated: 795068
	743  -  MemoryUsage of job (MB)
	760100  -  ResidentSetSize of job (KB)
...
040 (2046.000.000) 2024-11-25 14:10:14 Started transferring output files
...
040 (2046.000.000) 2024-11-25 14:10:14 Finished transferring output files
...
005 (2046.000.000) 2024-11-25 14:10:14 Job terminated.
	(1) Normal termination (return value 0)
		Usr 0 00:13:16, Sys 0 00:00:41  -  Run Remote Usage
		Usr 0 00:00:00, Sys 0 00:00:00  -  Run Local Usage
		Usr 0 00:13:16, Sys 0 00:00:41  -  Total Remote Usage
		Usr 0 00:00:00, Sys 0 00:00:00  -  Total Local Usage
	2731  -  Run Bytes Sent By Job
	957  -  Run Bytes Received By Job
	2731  -  Total Bytes Sent By Job
	957  -  Total Bytes Received By Job
	Partitionable Resources :    Usage  Request Allocated 
	   Cpus                 :     0.99        1         1 
	   Disk (KB)            :    39           1      7699 
	   GPUs                 :                           0 
	   Memory (MB)          :   743        4000      4096 
	   TimeExecute (s)      :   846                       
	   TimeSlotBusy (s)     :   847                       

	Job terminated of its own accord at 2024-11-25T14:10:14Z with exit-code 0.
...
