000 (1310.000.000) 2024-11-23 21:22:38 Job submitted from host: <147.188.47.47:9618?addrs=147.188.47.47-9618&alias=eprexb.ph.bham.ac.uk&noUDP&sock=schedd_1171491_f6ca>
...
040 (1310.000.000) 2024-11-23 21:26:56 Started transferring input files
	Transferring to host: <147.188.47.73:9618?addrs=147.188.47.73-9618&alias=eplwk003.ph.bham.ac.uk&noUDP&sock=slot1_86_4295_f748_32356>
...
040 (1310.000.000) 2024-11-23 21:26:56 Finished transferring input files
...
001 (1310.000.000) 2024-11-23 21:26:57 Job executing on host: <147.188.47.73:9618?addrs=147.188.47.73-9618&alias=eplwk003.ph.bham.ac.uk&noUDP&sock=startd_4221_d558>
	SlotName: slot1_86@eplwk003.ph.bham.ac.uk
	CondorScratchDir = "/var/lib/condor/execute/dir_3570130"
	Cpus = 1
	Disk = 7698
	GPUs = 0
	Memory = 4096
...
006 (1310.000.000) 2024-11-23 21:27:06 Image size of job updated: 248560
	243  -  MemoryUsage of job (MB)
	248560  -  ResidentSetSize of job (KB)
...
006 (1310.000.000) 2024-11-23 21:29:45 Image size of job updated: 3057624
	2218  -  MemoryUsage of job (MB)
	2270684  -  ResidentSetSize of job (KB)
...
040 (1310.000.000) 2024-11-23 21:29:46 Started transferring output files
...
040 (1310.000.000) 2024-11-23 21:29:46 Finished transferring output files
...
005 (1310.000.000) 2024-11-23 21:29:46 Job terminated.
	(1) Normal termination (return value 0)
		Usr 0 00:02:05, Sys 0 00:00:09  -  Run Remote Usage
		Usr 0 00:00:00, Sys 0 00:00:00  -  Run Local Usage
		Usr 0 00:02:05, Sys 0 00:00:09  -  Total Remote Usage
		Usr 0 00:00:00, Sys 0 00:00:00  -  Total Local Usage
	2816  -  Run Bytes Sent By Job
	953  -  Run Bytes Received By Job
	2816  -  Total Bytes Sent By Job
	953  -  Total Bytes Received By Job
	Partitionable Resources :    Usage  Request Allocated 
	   Cpus                 :        0        1         1 
	   Disk (KB)            :       35        1      7698 
	   GPUs                 :                           0 
	   Memory (MB)          :     2218     4000      4096 
	   TimeExecute (s)      :      168                    
	   TimeSlotBusy (s)     :      170                    

	Job terminated of its own accord at 2024-11-23T21:29:45Z with exit-code 0.
...
