000 (1091.000.000) 2024-11-23 18:51:43 Job submitted from host: <147.188.47.47:9618?addrs=147.188.47.47-9618&alias=eprexb.ph.bham.ac.uk&noUDP&sock=schedd_1171491_f6ca>
...
040 (1091.000.000) 2024-11-23 18:51:43 Started transferring input files
	Transferring to host: <147.188.47.71:9618?addrs=147.188.47.71-9618&alias=eplwk001.ph.bham.ac.uk&noUDP&sock=slot1_2_864817_8fb9_64239>
...
040 (1091.000.000) 2024-11-23 18:51:43 Finished transferring input files
...
001 (1091.000.000) 2024-11-23 18:51:44 Job executing on host: <147.188.47.71:9618?addrs=147.188.47.71-9618&alias=eplwk001.ph.bham.ac.uk&noUDP&sock=startd_864732_ce1e>
	SlotName: slot1_2@eplwk001.ph.bham.ac.uk
	CondorScratchDir = "/var/lib/condor/execute/dir_150479"
	Cpus = 1
	Disk = 7699
	GPUs = 0
	Memory = 4096
...
006 (1091.000.000) 2024-11-23 18:51:53 Image size of job updated: 689564
	674  -  MemoryUsage of job (MB)
	689308  -  ResidentSetSize of job (KB)
...
006 (1091.000.000) 2024-11-23 18:53:06 Image size of job updated: 1186840
	674  -  MemoryUsage of job (MB)
	689512  -  ResidentSetSize of job (KB)
...
040 (1091.000.000) 2024-11-23 18:53:06 Started transferring output files
...
040 (1091.000.000) 2024-11-23 18:53:06 Finished transferring output files
...
005 (1091.000.000) 2024-11-23 18:53:06 Job terminated.
	(1) Normal termination (return value 0)
		Usr 0 00:01:10, Sys 0 00:00:06  -  Run Remote Usage
		Usr 0 00:00:00, Sys 0 00:00:00  -  Run Local Usage
		Usr 0 00:01:10, Sys 0 00:00:06  -  Total Remote Usage
		Usr 0 00:00:00, Sys 0 00:00:00  -  Total Local Usage
	2802  -  Run Bytes Sent By Job
	943  -  Run Bytes Received By Job
	2802  -  Total Bytes Sent By Job
	943  -  Total Bytes Received By Job
	Partitionable Resources :    Usage  Request Allocated 
	   Cpus                 :     0.99        1         1 
	   Disk (KB)            :    34           1      7699 
	   GPUs                 :                           0 
	   Memory (MB)          :   674        4000      4096 
	   TimeExecute (s)      :    82                       
	   TimeSlotBusy (s)     :    83                       

	Job terminated of its own accord at 2024-11-23T18:53:06Z with exit-code 0.
...
