000 (1381.000.000) 2024-11-23 23:05:50 Job submitted from host: <147.188.47.47:9618?addrs=147.188.47.47-9618&alias=eprexb.ph.bham.ac.uk&noUDP&sock=schedd_1171491_f6ca>
...
040 (1381.000.000) 2024-11-23 23:07:43 Started transferring input files
	Transferring to host: <147.188.47.72:9618?addrs=147.188.47.72-9618&alias=eplwk002.ph.bham.ac.uk&noUDP&sock=slot1_6_187135_4953_45470>
...
040 (1381.000.000) 2024-11-23 23:07:43 Finished transferring input files
...
001 (1381.000.000) 2024-11-23 23:07:44 Job executing on host: <147.188.47.72:9618?addrs=147.188.47.72-9618&alias=eplwk002.ph.bham.ac.uk&noUDP&sock=startd_187014_a097>
	SlotName: slot1_6@eplwk002.ph.bham.ac.uk
	CondorScratchDir = "/var/lib/condor/execute/dir_2670503"
	Cpus = 1
	Disk = 7701
	GPUs = 0
	Memory = 4096
...
006 (1381.000.000) 2024-11-23 23:07:53 Image size of job updated: 422092
	412  -  MemoryUsage of job (MB)
	421448  -  ResidentSetSize of job (KB)
...
006 (1381.000.000) 2024-11-23 23:09:39 Image size of job updated: 3035792
	2204  -  MemoryUsage of job (MB)
	2256628  -  ResidentSetSize of job (KB)
...
040 (1381.000.000) 2024-11-23 23:09:39 Started transferring output files
...
040 (1381.000.000) 2024-11-23 23:09:39 Finished transferring output files
...
005 (1381.000.000) 2024-11-23 23:09:40 Job terminated.
	(1) Normal termination (return value 0)
		Usr 0 00:01:07, Sys 0 00:00:06  -  Run Remote Usage
		Usr 0 00:00:00, Sys 0 00:00:00  -  Run Local Usage
		Usr 0 00:01:07, Sys 0 00:00:06  -  Total Remote Usage
		Usr 0 00:00:00, Sys 0 00:00:00  -  Total Local Usage
	2816  -  Run Bytes Sent By Job
	953  -  Run Bytes Received By Job
	2816  -  Total Bytes Sent By Job
	953  -  Total Bytes Received By Job
	Partitionable Resources :    Usage  Request Allocated 
	   Cpus                 :        0        1         1 
	   Disk (KB)            :       35        1      7701 
	   GPUs                 :                           0 
	   Memory (MB)          :     2204     4000      4096 
	   TimeExecute (s)      :      115                    
	   TimeSlotBusy (s)     :      117                    

	Job terminated of its own accord at 2024-11-23T23:09:39Z with exit-code 0.
...
