000 (1075.000.000) 2024-11-23 18:45:16 Job submitted from host: <147.188.47.47:9618?addrs=147.188.47.47-9618&alias=eprexb.ph.bham.ac.uk&noUDP&sock=schedd_1171491_f6ca>
...
040 (1075.000.000) 2024-11-23 18:45:50 Started transferring input files
	Transferring to host: <147.188.47.71:9618?addrs=147.188.47.71-9618&alias=eplwk001.ph.bham.ac.uk&noUDP&sock=slot1_50_864817_8fb9_64227>
...
040 (1075.000.000) 2024-11-23 18:45:50 Finished transferring input files
...
001 (1075.000.000) 2024-11-23 18:45:51 Job executing on host: <147.188.47.71:9618?addrs=147.188.47.71-9618&alias=eplwk001.ph.bham.ac.uk&noUDP&sock=startd_864732_ce1e>
	SlotName: slot1_50@eplwk001.ph.bham.ac.uk
	CondorScratchDir = "/var/lib/condor/execute/dir_51169"
	Cpus = 1
	Disk = 7699
	GPUs = 0
	Memory = 4096
...
006 (1075.000.000) 2024-11-23 18:45:59 Image size of job updated: 188592
	184  -  MemoryUsage of job (MB)
	188396  -  ResidentSetSize of job (KB)
...
006 (1075.000.000) 2024-11-23 18:47:23 Image size of job updated: 786760
	184  -  MemoryUsage of job (MB)
	188396  -  ResidentSetSize of job (KB)
...
040 (1075.000.000) 2024-11-23 18:47:23 Started transferring output files
...
040 (1075.000.000) 2024-11-23 18:47:23 Finished transferring output files
...
005 (1075.000.000) 2024-11-23 18:47:23 Job terminated.
	(1) Normal termination (return value 0)
		Usr 0 00:01:13, Sys 0 00:00:06  -  Run Remote Usage
		Usr 0 00:00:00, Sys 0 00:00:00  -  Run Local Usage
		Usr 0 00:01:13, Sys 0 00:00:06  -  Total Remote Usage
		Usr 0 00:00:00, Sys 0 00:00:00  -  Total Local Usage
	2796  -  Run Bytes Sent By Job
	953  -  Run Bytes Received By Job
	2796  -  Total Bytes Sent By Job
	953  -  Total Bytes Received By Job
	Partitionable Resources :    Usage  Request Allocated 
	   Cpus                 :     0.99        1         1 
	   Disk (KB)            :    34           1      7699 
	   GPUs                 :                           0 
	   Memory (MB)          :   184        4000      4096 
	   TimeExecute (s)      :    92                       
	   TimeSlotBusy (s)     :    94                       

	Job terminated of its own accord at 2024-11-23T18:47:23Z with exit-code 0.
...
