000 (1020.000.000) 2024-11-23 18:41:26 Job submitted from host: <147.188.47.47:9618?addrs=147.188.47.47-9618&alias=eprexb.ph.bham.ac.uk&noUDP&sock=schedd_1171491_f6ca>
...
040 (1020.000.000) 2024-11-23 18:41:35 Started transferring input files
	Transferring to host: <147.188.47.71:9618?addrs=147.188.47.71-9618&alias=eplwk001.ph.bham.ac.uk&noUDP&sock=slot1_11_864817_8fb9_64168>
...
040 (1020.000.000) 2024-11-23 18:41:35 Finished transferring input files
...
001 (1020.000.000) 2024-11-23 18:41:36 Job executing on host: <147.188.47.71:9618?addrs=147.188.47.71-9618&alias=eplwk001.ph.bham.ac.uk&noUDP&sock=startd_864732_ce1e>
	SlotName: slot1_11@eplwk001.ph.bham.ac.uk
	CondorScratchDir = "/var/lib/condor/execute/dir_4107995"
	Cpus = 1
	Disk = 7699
	GPUs = 0
	Memory = 4096
...
006 (1020.000.000) 2024-11-23 18:41:45 Image size of job updated: 191612
	188  -  MemoryUsage of job (MB)
	191612  -  ResidentSetSize of job (KB)
...
006 (1020.000.000) 2024-11-23 18:42:56 Image size of job updated: 798272
	188  -  MemoryUsage of job (MB)
	191612  -  ResidentSetSize of job (KB)
...
040 (1020.000.000) 2024-11-23 18:42:56 Started transferring output files
...
040 (1020.000.000) 2024-11-23 18:42:56 Finished transferring output files
...
005 (1020.000.000) 2024-11-23 18:42:56 Job terminated.
	(1) Normal termination (return value 0)
		Usr 0 00:01:08, Sys 0 00:00:05  -  Run Remote Usage
		Usr 0 00:00:00, Sys 0 00:00:00  -  Run Local Usage
		Usr 0 00:01:08, Sys 0 00:00:05  -  Total Remote Usage
		Usr 0 00:00:00, Sys 0 00:00:00  -  Total Local Usage
	2816  -  Run Bytes Sent By Job
	952  -  Run Bytes Received By Job
	2816  -  Total Bytes Sent By Job
	952  -  Total Bytes Received By Job
	Partitionable Resources :    Usage  Request Allocated 
	   Cpus                 :     0.99        1         1 
	   Disk (KB)            :    34           1      7699 
	   GPUs                 :                           0 
	   Memory (MB)          :   188        4000      4096 
	   TimeExecute (s)      :    80                       
	   TimeSlotBusy (s)     :    81                       

	Job terminated of its own accord at 2024-11-23T18:42:56Z with exit-code 0.
...
