000 (1434.000.000) 2024-11-23 23:35:10 Job submitted from host: <147.188.47.47:9618?addrs=147.188.47.47-9618&alias=eprexb.ph.bham.ac.uk&noUDP&sock=schedd_1171491_f6ca>
...
040 (1434.000.000) 2024-11-23 23:48:40 Started transferring input files
	Transferring to host: <147.188.47.72:9618?addrs=147.188.47.72-9618&alias=eplwk002.ph.bham.ac.uk&noUDP&sock=slot1_40_187135_4953_45529>
...
040 (1434.000.000) 2024-11-23 23:48:40 Finished transferring input files
...
001 (1434.000.000) 2024-11-23 23:48:41 Job executing on host: <147.188.47.72:9618?addrs=147.188.47.72-9618&alias=eplwk002.ph.bham.ac.uk&noUDP&sock=startd_187014_a097>
	SlotName: slot1_40@eplwk002.ph.bham.ac.uk
	CondorScratchDir = "/var/lib/condor/execute/dir_2685604"
	Cpus = 1
	Disk = 7701
	GPUs = 0
	Memory = 4096
...
006 (1434.000.000) 2024-11-23 23:48:49 Image size of job updated: 193584
	189  -  MemoryUsage of job (MB)
	193248  -  ResidentSetSize of job (KB)
...
006 (1434.000.000) 2024-11-23 23:50:16 Image size of job updated: 795748
	189  -  MemoryUsage of job (MB)
	193500  -  ResidentSetSize of job (KB)
...
040 (1434.000.000) 2024-11-23 23:50:16 Started transferring output files
...
040 (1434.000.000) 2024-11-23 23:50:16 Finished transferring output files
...
005 (1434.000.000) 2024-11-23 23:50:16 Job terminated.
	(1) Normal termination (return value 0)
		Usr 0 00:01:22, Sys 0 00:00:06  -  Run Remote Usage
		Usr 0 00:00:00, Sys 0 00:00:00  -  Run Local Usage
		Usr 0 00:01:22, Sys 0 00:00:06  -  Total Remote Usage
		Usr 0 00:00:00, Sys 0 00:00:00  -  Total Local Usage
	2816  -  Run Bytes Sent By Job
	953  -  Run Bytes Received By Job
	2816  -  Total Bytes Sent By Job
	953  -  Total Bytes Received By Job
	Partitionable Resources :    Usage  Request Allocated 
	   Cpus                 :                 1         1 
	   Disk (KB)            :       29        1      7701 
	   GPUs                 :                           0 
	   Memory (MB)          :      189     4000      4096 
	   TimeExecute (s)      :       95                    
	   TimeSlotBusy (s)     :       96                    

	Job terminated of its own accord at 2024-11-23T23:50:16Z with exit-code 0.
...
