000 (569.000.000) 2024-11-23 16:48:00 Job submitted from host: <147.188.47.47:9618?addrs=147.188.47.47-9618&alias=eprexb.ph.bham.ac.uk&noUDP&sock=schedd_1171491_f6ca>
...
040 (569.000.000) 2024-11-23 16:48:18 Started transferring input files
	Transferring to host: <147.188.47.71:9618?addrs=147.188.47.71-9618&alias=eplwk001.ph.bham.ac.uk&noUDP&sock=slot1_2_864817_8fb9_63707>
...
040 (569.000.000) 2024-11-23 16:48:18 Finished transferring input files
...
001 (569.000.000) 2024-11-23 16:48:19 Job executing on host: <147.188.47.71:9618?addrs=147.188.47.71-9618&alias=eplwk001.ph.bham.ac.uk&noUDP&sock=startd_864732_ce1e>
	SlotName: slot1_2@eplwk001.ph.bham.ac.uk
	CondorScratchDir = "/var/lib/condor/execute/dir_2996411"
	Cpus = 1
	Disk = 7699
	GPUs = 0
	Memory = 4096
...
006 (569.000.000) 2024-11-23 16:48:28 Image size of job updated: 526464
	515  -  MemoryUsage of job (MB)
	526464  -  ResidentSetSize of job (KB)
...
006 (569.000.000) 2024-11-23 16:49:21 Image size of job updated: 779856
	515  -  MemoryUsage of job (MB)
	526464  -  ResidentSetSize of job (KB)
...
040 (569.000.000) 2024-11-23 16:49:21 Started transferring output files
...
040 (569.000.000) 2024-11-23 16:49:21 Finished transferring output files
...
005 (569.000.000) 2024-11-23 16:49:21 Job terminated.
	(1) Normal termination (return value 0)
		Usr 0 00:00:53, Sys 0 00:00:05  -  Run Remote Usage
		Usr 0 00:00:00, Sys 0 00:00:00  -  Run Local Usage
		Usr 0 00:00:53, Sys 0 00:00:05  -  Total Remote Usage
		Usr 0 00:00:00, Sys 0 00:00:00  -  Total Local Usage
	4014  -  Run Bytes Sent By Job
	947  -  Run Bytes Received By Job
	4014  -  Total Bytes Sent By Job
	947  -  Total Bytes Received By Job
	Partitionable Resources :    Usage  Request Allocated 
	   Cpus                 :        0        1         1 
	   Disk (KB)            :       36        1      7699 
	   GPUs                 :                           0 
	   Memory (MB)          :      515     4000      4096 
	   TimeExecute (s)      :       62                    
	   TimeSlotBusy (s)     :       63                    

	Job terminated of its own accord at 2024-11-23T16:49:21Z with exit-code 0.
...
