000 (1308.000.000) 2024-11-23 21:22:35 Job submitted from host: <147.188.47.47:9618?addrs=147.188.47.47-9618&alias=eprexb.ph.bham.ac.uk&noUDP&sock=schedd_1171491_f6ca>
...
040 (1308.000.000) 2024-11-23 21:25:04 Started transferring input files
	Transferring to host: <147.188.47.71:9618?addrs=147.188.47.71-9618&alias=eplwk001.ph.bham.ac.uk&noUDP&sock=slot1_86_864817_8fb9_64532>
...
040 (1308.000.000) 2024-11-23 21:25:04 Finished transferring input files
...
001 (1308.000.000) 2024-11-23 21:25:05 Job executing on host: <147.188.47.71:9618?addrs=147.188.47.71-9618&alias=eplwk001.ph.bham.ac.uk&noUDP&sock=startd_864732_ce1e>
	SlotName: slot1_86@eplwk001.ph.bham.ac.uk
	CondorScratchDir = "/var/lib/condor/execute/dir_408382"
	Cpus = 1
	Disk = 7699
	GPUs = 0
	Memory = 4096
...
006 (1308.000.000) 2024-11-23 21:25:14 Image size of job updated: 203284
	199  -  MemoryUsage of job (MB)
	203284  -  ResidentSetSize of job (KB)
...
006 (1308.000.000) 2024-11-23 21:28:12 Image size of job updated: 1597592
	782  -  MemoryUsage of job (MB)
	799964  -  ResidentSetSize of job (KB)
...
040 (1308.000.000) 2024-11-23 21:28:13 Started transferring output files
...
040 (1308.000.000) 2024-11-23 21:28:13 Finished transferring output files
...
005 (1308.000.000) 2024-11-23 21:28:13 Job terminated.
	(1) Normal termination (return value 0)
		Usr 0 00:02:25, Sys 0 00:00:10  -  Run Remote Usage
		Usr 0 00:00:00, Sys 0 00:00:00  -  Run Local Usage
		Usr 0 00:02:25, Sys 0 00:00:10  -  Total Remote Usage
		Usr 0 00:00:00, Sys 0 00:00:00  -  Total Local Usage
	2804  -  Run Bytes Sent By Job
	948  -  Run Bytes Received By Job
	2804  -  Total Bytes Sent By Job
	948  -  Total Bytes Received By Job
	Partitionable Resources :    Usage  Request Allocated 
	   Cpus                 :     0.83        1         1 
	   Disk (KB)            :    35           1      7699 
	   GPUs                 :                           0 
	   Memory (MB)          :   782        4000      4096 
	   TimeExecute (s)      :   188                       
	   TimeSlotBusy (s)     :   189                       

	Job terminated of its own accord at 2024-11-23T21:28:12Z with exit-code 0.
...
