000 (607.000.000) 2024-11-23 17:02:47 Job submitted from host: <147.188.47.47:9618?addrs=147.188.47.47-9618&alias=eprexb.ph.bham.ac.uk&noUDP&sock=schedd_1171491_f6ca>
...
040 (607.000.000) 2024-11-23 17:02:51 Started transferring input files
	Transferring to host: <147.188.47.71:9618?addrs=147.188.47.71-9618&alias=eplwk001.ph.bham.ac.uk&noUDP&sock=slot1_10_864817_8fb9_63745>
...
040 (607.000.000) 2024-11-23 17:02:51 Finished transferring input files
...
001 (607.000.000) 2024-11-23 17:02:52 Job executing on host: <147.188.47.71:9618?addrs=147.188.47.71-9618&alias=eplwk001.ph.bham.ac.uk&noUDP&sock=startd_864732_ce1e>
	SlotName: slot1_10@eplwk001.ph.bham.ac.uk
	CondorScratchDir = "/var/lib/condor/execute/dir_3012480"
	Cpus = 1
	Disk = 7699
	GPUs = 0
	Memory = 4096
...
006 (607.000.000) 2024-11-23 17:03:01 Image size of job updated: 480068
	469  -  MemoryUsage of job (MB)
	479780  -  ResidentSetSize of job (KB)
...
006 (607.000.000) 2024-11-23 17:04:09 Image size of job updated: 822316
	469  -  MemoryUsage of job (MB)
	479780  -  ResidentSetSize of job (KB)
...
040 (607.000.000) 2024-11-23 17:04:09 Started transferring output files
...
040 (607.000.000) 2024-11-23 17:04:09 Finished transferring output files
...
005 (607.000.000) 2024-11-23 17:04:09 Job terminated.
	(1) Normal termination (return value 0)
		Usr 0 00:01:07, Sys 0 00:00:06  -  Run Remote Usage
		Usr 0 00:00:00, Sys 0 00:00:00  -  Run Local Usage
		Usr 0 00:01:07, Sys 0 00:00:06  -  Total Remote Usage
		Usr 0 00:00:00, Sys 0 00:00:00  -  Total Local Usage
	4316  -  Run Bytes Sent By Job
	952  -  Run Bytes Received By Job
	4316  -  Total Bytes Sent By Job
	952  -  Total Bytes Received By Job
	Partitionable Resources :    Usage  Request Allocated 
	   Cpus                 :        0        1         1 
	   Disk (KB)            :       36        1      7699 
	   GPUs                 :                           0 
	   Memory (MB)          :      469     4000      4096 
	   TimeExecute (s)      :       77                    
	   TimeSlotBusy (s)     :       78                    

	Job terminated of its own accord at 2024-11-23T17:04:09Z with exit-code 0.
...
