000 (1989.000.000) 2024-11-25 13:49:08 Job submitted from host: <147.188.47.47:9618?addrs=147.188.47.47-9618&alias=eprexb.ph.bham.ac.uk&noUDP&sock=schedd_1171491_f6ca>
...
040 (1989.000.000) 2024-11-25 13:49:08 Started transferring input files
	Transferring to host: <147.188.47.71:9618?addrs=147.188.47.71-9618&alias=eplwk001.ph.bham.ac.uk&noUDP&sock=slot1_1_864817_8fb9_65671>
...
040 (1989.000.000) 2024-11-25 13:49:08 Finished transferring input files
...
001 (1989.000.000) 2024-11-25 13:49:09 Job executing on host: <147.188.47.71:9618?addrs=147.188.47.71-9618&alias=eplwk001.ph.bham.ac.uk&noUDP&sock=startd_864732_ce1e>
	SlotName: slot1_1@eplwk001.ph.bham.ac.uk
	CondorScratchDir = "/var/lib/condor/execute/dir_1696321"
	Cpus = 1
	Disk = 7699
	GPUs = 0
	Memory = 4096
...
006 (1989.000.000) 2024-11-25 13:49:18 Image size of job updated: 423588
	414  -  MemoryUsage of job (MB)
	423364  -  ResidentSetSize of job (KB)
...
006 (1989.000.000) 2024-11-25 13:54:18 Image size of job updated: 745472
	728  -  MemoryUsage of job (MB)
	744924  -  ResidentSetSize of job (KB)
...
006 (1989.000.000) 2024-11-25 13:59:18 Image size of job updated: 797896
	760  -  MemoryUsage of job (MB)
	777908  -  ResidentSetSize of job (KB)
...
040 (1989.000.000) 2024-11-25 14:03:36 Started transferring output files
...
040 (1989.000.000) 2024-11-25 14:03:36 Finished transferring output files
...
005 (1989.000.000) 2024-11-25 14:03:36 Job terminated.
	(1) Normal termination (return value 0)
		Usr 0 00:13:36, Sys 0 00:00:41  -  Run Remote Usage
		Usr 0 00:00:00, Sys 0 00:00:00  -  Run Local Usage
		Usr 0 00:13:36, Sys 0 00:00:41  -  Total Remote Usage
		Usr 0 00:00:00, Sys 0 00:00:00  -  Total Local Usage
	2727  -  Run Bytes Sent By Job
	947  -  Run Bytes Received By Job
	2727  -  Total Bytes Sent By Job
	947  -  Total Bytes Received By Job
	Partitionable Resources :    Usage  Request Allocated 
	   Cpus                 :     0.99        1         1 
	   Disk (KB)            :    39           1      7699 
	   GPUs                 :                           0 
	   Memory (MB)          :   760        4000      4096 
	   TimeExecute (s)      :   867                       
	   TimeSlotBusy (s)     :   868                       

	Job terminated of its own accord at 2024-11-25T14:03:36Z with exit-code 0.
...
