000 (826.000.000) 2024-11-23 18:27:01 Job submitted from host: <147.188.47.47:9618?addrs=147.188.47.47-9618&alias=eprexb.ph.bham.ac.uk&noUDP&sock=schedd_1171491_f6ca>
...
040 (826.000.000) 2024-11-23 18:27:17 Started transferring input files
	Transferring to host: <147.188.47.71:9618?addrs=147.188.47.71-9618&alias=eplwk001.ph.bham.ac.uk&noUDP&sock=slot1_17_864817_8fb9_63982>
...
040 (826.000.000) 2024-11-23 18:27:17 Finished transferring input files
...
001 (826.000.000) 2024-11-23 18:27:18 Job executing on host: <147.188.47.71:9618?addrs=147.188.47.71-9618&alias=eplwk001.ph.bham.ac.uk&noUDP&sock=startd_864732_ce1e>
	SlotName: slot1_17@eplwk001.ph.bham.ac.uk
	CondorScratchDir = "/var/lib/condor/execute/dir_3377044"
	Cpus = 1
	Disk = 7699
	GPUs = 0
	Memory = 4096
...
006 (826.000.000) 2024-11-23 18:27:27 Image size of job updated: 526444
	515  -  MemoryUsage of job (MB)
	526444  -  ResidentSetSize of job (KB)
...
006 (826.000.000) 2024-11-23 18:28:23 Image size of job updated: 794720
	515  -  MemoryUsage of job (MB)
	526700  -  ResidentSetSize of job (KB)
...
040 (826.000.000) 2024-11-23 18:28:23 Started transferring output files
...
040 (826.000.000) 2024-11-23 18:28:23 Finished transferring output files
...
005 (826.000.000) 2024-11-23 18:28:23 Job terminated.
	(1) Normal termination (return value 0)
		Usr 0 00:00:55, Sys 0 00:00:05  -  Run Remote Usage
		Usr 0 00:00:00, Sys 0 00:00:00  -  Run Local Usage
		Usr 0 00:00:55, Sys 0 00:00:05  -  Total Remote Usage
		Usr 0 00:00:00, Sys 0 00:00:00  -  Total Local Usage
	2816  -  Run Bytes Sent By Job
	952  -  Run Bytes Received By Job
	2816  -  Total Bytes Sent By Job
	952  -  Total Bytes Received By Job
	Partitionable Resources :    Usage  Request Allocated 
	   Cpus                 :        0        1         1 
	   Disk (KB)            :       34        1      7699 
	   GPUs                 :                           0 
	   Memory (MB)          :      515     4000      4096 
	   TimeExecute (s)      :       65                    
	   TimeSlotBusy (s)     :       66                    

	Job terminated of its own accord at 2024-11-23T18:28:23Z with exit-code 0.
...
