000 (1458.000.000) 2024-11-24 00:02:48 Job submitted from host: <147.188.47.47:9618?addrs=147.188.47.47-9618&alias=eprexb.ph.bham.ac.uk&noUDP&sock=schedd_1171491_f6ca>
...
040 (1458.000.000) 2024-11-24 00:02:54 Started transferring input files
	Transferring to host: <147.188.47.71:9618?addrs=147.188.47.71-9618&alias=eplwk001.ph.bham.ac.uk&noUDP&sock=slot1_36_864817_8fb9_64734>
...
040 (1458.000.000) 2024-11-24 00:02:54 Finished transferring input files
...
001 (1458.000.000) 2024-11-24 00:02:55 Job executing on host: <147.188.47.71:9618?addrs=147.188.47.71-9618&alias=eplwk001.ph.bham.ac.uk&noUDP&sock=startd_864732_ce1e>
	SlotName: slot1_36@eplwk001.ph.bham.ac.uk
	CondorScratchDir = "/var/lib/condor/execute/dir_467333"
	Cpus = 1
	Disk = 7699
	GPUs = 0
	Memory = 4096
...
006 (1458.000.000) 2024-11-24 00:03:03 Image size of job updated: 212288
	208  -  MemoryUsage of job (MB)
	212268  -  ResidentSetSize of job (KB)
...
006 (1458.000.000) 2024-11-24 00:04:50 Image size of job updated: 1522072
	712  -  MemoryUsage of job (MB)
	728892  -  ResidentSetSize of job (KB)
...
040 (1458.000.000) 2024-11-24 00:04:50 Started transferring output files
...
040 (1458.000.000) 2024-11-24 00:04:50 Finished transferring output files
...
005 (1458.000.000) 2024-11-24 00:04:50 Job terminated.
	(1) Normal termination (return value 0)
		Usr 0 00:01:23, Sys 0 00:00:06  -  Run Remote Usage
		Usr 0 00:00:00, Sys 0 00:00:00  -  Run Local Usage
		Usr 0 00:01:23, Sys 0 00:00:06  -  Total Remote Usage
		Usr 0 00:00:00, Sys 0 00:00:00  -  Total Local Usage
	2806  -  Run Bytes Sent By Job
	952  -  Run Bytes Received By Job
	2806  -  Total Bytes Sent By Job
	952  -  Total Bytes Received By Job
	Partitionable Resources :    Usage  Request Allocated 
	   Cpus                 :                 1         1 
	   Disk (KB)            :       28        1      7699 
	   GPUs                 :                           0 
	   Memory (MB)          :      712     4000      4096 
	   TimeExecute (s)      :      115                    
	   TimeSlotBusy (s)     :      117                    

	Job terminated of its own accord at 2024-11-24T00:04:50Z with exit-code 0.
...
