000 (540.000.000) 2024-11-23 16:30:47 Job submitted from host: <147.188.47.47:9618?addrs=147.188.47.47-9618&alias=eprexb.ph.bham.ac.uk&noUDP&sock=schedd_1171491_f6ca>
...
040 (540.000.000) 2024-11-23 16:31:01 Started transferring input files
	Transferring to host: <147.188.47.71:9618?addrs=147.188.47.71-9618&alias=eplwk001.ph.bham.ac.uk&noUDP&sock=slot1_3_864817_8fb9_63678>
...
040 (540.000.000) 2024-11-23 16:31:01 Finished transferring input files
...
001 (540.000.000) 2024-11-23 16:31:02 Job executing on host: <147.188.47.71:9618?addrs=147.188.47.71-9618&alias=eplwk001.ph.bham.ac.uk&noUDP&sock=startd_864732_ce1e>
	SlotName: slot1_3@eplwk001.ph.bham.ac.uk
	CondorScratchDir = "/var/lib/condor/execute/dir_2980803"
	Cpus = 1
	Disk = 7699
	GPUs = 0
	Memory = 4096
...
006 (540.000.000) 2024-11-23 16:31:10 Image size of job updated: 297680
	291  -  MemoryUsage of job (MB)
	297680  -  ResidentSetSize of job (KB)
...
006 (540.000.000) 2024-11-23 16:32:18 Image size of job updated: 791180
	291  -  MemoryUsage of job (MB)
	297936  -  ResidentSetSize of job (KB)
...
040 (540.000.000) 2024-11-23 16:32:18 Started transferring output files
...
040 (540.000.000) 2024-11-23 16:32:18 Finished transferring output files
...
005 (540.000.000) 2024-11-23 16:32:18 Job terminated.
	(1) Normal termination (return value 0)
		Usr 0 00:01:05, Sys 0 00:00:06  -  Run Remote Usage
		Usr 0 00:00:00, Sys 0 00:00:00  -  Run Local Usage
		Usr 0 00:01:05, Sys 0 00:00:06  -  Total Remote Usage
		Usr 0 00:00:00, Sys 0 00:00:00  -  Total Local Usage
	4229  -  Run Bytes Sent By Job
	952  -  Run Bytes Received By Job
	4229  -  Total Bytes Sent By Job
	952  -  Total Bytes Received By Job
	Partitionable Resources :    Usage  Request Allocated 
	   Cpus                 :     0.99        1         1 
	   Disk (KB)            :    36           1      7699 
	   GPUs                 :                           0 
	   Memory (MB)          :   291        4000      4096 
	   TimeExecute (s)      :    76                       
	   TimeSlotBusy (s)     :    77                       

	Job terminated of its own accord at 2024-11-23T16:32:18Z with exit-code 0.
...
