000 (2047.000.000) 2024-11-25 13:55:53 Job submitted from host: <147.188.47.47:9618?addrs=147.188.47.47-9618&alias=eprexb.ph.bham.ac.uk&noUDP&sock=schedd_1171491_f6ca>
...
040 (2047.000.000) 2024-11-25 13:56:07 Started transferring input files
	Transferring to host: <147.188.47.71:9618?addrs=147.188.47.71-9618&alias=eplwk001.ph.bham.ac.uk&noUDP&sock=slot1_37_864817_8fb9_65729>
...
040 (2047.000.000) 2024-11-25 13:56:07 Finished transferring input files
...
001 (2047.000.000) 2024-11-25 13:56:08 Job executing on host: <147.188.47.71:9618?addrs=147.188.47.71-9618&alias=eplwk001.ph.bham.ac.uk&noUDP&sock=startd_864732_ce1e>
	SlotName: slot1_37@eplwk001.ph.bham.ac.uk
	CondorScratchDir = "/var/lib/condor/execute/dir_1830491"
	Cpus = 1
	Disk = 7699
	GPUs = 0
	Memory = 4096
...
006 (2047.000.000) 2024-11-25 13:56:17 Image size of job updated: 494740
	484  -  MemoryUsage of job (MB)
	494740  -  ResidentSetSize of job (KB)
...
006 (2047.000.000) 2024-11-25 13:58:15 Image size of job updated: 822204
	484  -  MemoryUsage of job (MB)
	494740  -  ResidentSetSize of job (KB)
...
040 (2047.000.000) 2024-11-25 13:58:15 Started transferring output files
...
040 (2047.000.000) 2024-11-25 13:58:15 Finished transferring output files
...
005 (2047.000.000) 2024-11-25 13:58:15 Job terminated.
	(1) Normal termination (return value 0)
		Usr 0 00:01:56, Sys 0 00:00:06  -  Run Remote Usage
		Usr 0 00:00:00, Sys 0 00:00:00  -  Run Local Usage
		Usr 0 00:01:56, Sys 0 00:00:06  -  Total Remote Usage
		Usr 0 00:00:00, Sys 0 00:00:00  -  Total Local Usage
	2731  -  Run Bytes Sent By Job
	956  -  Run Bytes Received By Job
	2731  -  Total Bytes Sent By Job
	956  -  Total Bytes Received By Job
	Partitionable Resources :    Usage  Request Allocated 
	   Cpus                 :     1.00        1         1 
	   Disk (KB)            :    39           1      7699 
	   GPUs                 :                           0 
	   Memory (MB)          :   484        4000      4096 
	   TimeExecute (s)      :   127                       
	   TimeSlotBusy (s)     :   128                       

	Job terminated of its own accord at 2024-11-25T13:58:15Z with exit-code 0.
...
