000 (1328.000.000) 2024-11-23 22:10:03 Job submitted from host: <147.188.47.47:9618?addrs=147.188.47.47-9618&alias=eprexb.ph.bham.ac.uk&noUDP&sock=schedd_1171491_f6ca>
...
040 (1328.000.000) 2024-11-23 22:12:22 Started transferring input files
	Transferring to host: <147.188.47.71:9618?addrs=147.188.47.71-9618&alias=eplwk001.ph.bham.ac.uk&noUDP&sock=slot1_86_864817_8fb9_64625>
...
040 (1328.000.000) 2024-11-23 22:12:22 Finished transferring input files
...
001 (1328.000.000) 2024-11-23 22:12:23 Job executing on host: <147.188.47.71:9618?addrs=147.188.47.71-9618&alias=eplwk001.ph.bham.ac.uk&noUDP&sock=startd_864732_ce1e>
	SlotName: slot1_86@eplwk001.ph.bham.ac.uk
	CondorScratchDir = "/var/lib/condor/execute/dir_428615"
	Cpus = 1
	Disk = 7699
	GPUs = 0
	Memory = 4096
...
006 (1328.000.000) 2024-11-23 22:12:32 Image size of job updated: 194656
	191  -  MemoryUsage of job (MB)
	194632  -  ResidentSetSize of job (KB)
...
006 (1328.000.000) 2024-11-23 22:15:40 Image size of job updated: 1673660
	857  -  MemoryUsage of job (MB)
	876720  -  ResidentSetSize of job (KB)
...
040 (1328.000.000) 2024-11-23 22:15:40 Started transferring output files
...
040 (1328.000.000) 2024-11-23 22:15:40 Finished transferring output files
...
005 (1328.000.000) 2024-11-23 22:15:40 Job terminated.
	(1) Normal termination (return value 0)
		Usr 0 00:02:33, Sys 0 00:00:11  -  Run Remote Usage
		Usr 0 00:00:00, Sys 0 00:00:00  -  Run Local Usage
		Usr 0 00:02:33, Sys 0 00:00:11  -  Total Remote Usage
		Usr 0 00:00:00, Sys 0 00:00:00  -  Total Local Usage
	2804  -  Run Bytes Sent By Job
	948  -  Run Bytes Received By Job
	2804  -  Total Bytes Sent By Job
	948  -  Total Bytes Received By Job
	Partitionable Resources :    Usage  Request Allocated 
	   Cpus                 :        0        1         1 
	   Disk (KB)            :       35        1      7699 
	   GPUs                 :                           0 
	   Memory (MB)          :      857     4000      4096 
	   TimeExecute (s)      :      197                    
	   TimeSlotBusy (s)     :      198                    

	Job terminated of its own accord at 2024-11-23T22:15:40Z with exit-code 0.
...
