000 (1385.000.000) 2024-11-23 23:08:54 Job submitted from host: <147.188.47.47:9618?addrs=147.188.47.47-9618&alias=eprexb.ph.bham.ac.uk&noUDP&sock=schedd_1171491_f6ca>
...
040 (1385.000.000) 2024-11-23 23:08:54 Started transferring input files
	Transferring to host: <147.188.47.71:9618?addrs=147.188.47.71-9618&alias=eplwk001.ph.bham.ac.uk&noUDP&sock=slot1_30_864817_8fb9_64676>
...
040 (1385.000.000) 2024-11-23 23:08:54 Finished transferring input files
...
001 (1385.000.000) 2024-11-23 23:08:55 Job executing on host: <147.188.47.71:9618?addrs=147.188.47.71-9618&alias=eplwk001.ph.bham.ac.uk&noUDP&sock=startd_864732_ce1e>
	SlotName: slot1_30@eplwk001.ph.bham.ac.uk
	CondorScratchDir = "/var/lib/condor/execute/dir_446619"
	Cpus = 1
	Disk = 7699
	GPUs = 0
	Memory = 4096
...
006 (1385.000.000) 2024-11-23 23:09:04 Image size of job updated: 481356
	470  -  MemoryUsage of job (MB)
	481236  -  ResidentSetSize of job (KB)
...
006 (1385.000.000) 2024-11-23 23:10:19 Image size of job updated: 1016892
	471  -  MemoryUsage of job (MB)
	481480  -  ResidentSetSize of job (KB)
...
040 (1385.000.000) 2024-11-23 23:10:19 Started transferring output files
...
040 (1385.000.000) 2024-11-23 23:10:19 Finished transferring output files
...
005 (1385.000.000) 2024-11-23 23:10:19 Job terminated.
	(1) Normal termination (return value 0)
		Usr 0 00:01:08, Sys 0 00:00:06  -  Run Remote Usage
		Usr 0 00:00:00, Sys 0 00:00:00  -  Run Local Usage
		Usr 0 00:01:08, Sys 0 00:00:06  -  Total Remote Usage
		Usr 0 00:00:00, Sys 0 00:00:00  -  Total Local Usage
	2802  -  Run Bytes Sent By Job
	942  -  Run Bytes Received By Job
	2802  -  Total Bytes Sent By Job
	942  -  Total Bytes Received By Job
	Partitionable Resources :    Usage  Request Allocated 
	   Cpus                 :        0        1         1 
	   Disk (KB)            :       35        1      7699 
	   GPUs                 :                           0 
	   Memory (MB)          :      471     4000      4096 
	   TimeExecute (s)      :       84                    
	   TimeSlotBusy (s)     :       85                    

	Job terminated of its own accord at 2024-11-23T23:10:19Z with exit-code 0.
...
