000 (665.000.000) 2024-11-23 17:29:39 Job submitted from host: <147.188.47.47:9618?addrs=147.188.47.47-9618&alias=eprexb.ph.bham.ac.uk&noUDP&sock=schedd_1171491_f6ca>
...
040 (665.000.000) 2024-11-23 17:29:50 Started transferring input files
	Transferring to host: <147.188.47.71:9618?addrs=147.188.47.71-9618&alias=eplwk001.ph.bham.ac.uk&noUDP&sock=slot1_3_864817_8fb9_63821>
...
040 (665.000.000) 2024-11-23 17:29:50 Finished transferring input files
...
001 (665.000.000) 2024-11-23 17:29:51 Job executing on host: <147.188.47.71:9618?addrs=147.188.47.71-9618&alias=eplwk001.ph.bham.ac.uk&noUDP&sock=startd_864732_ce1e>
	SlotName: slot1_3@eplwk001.ph.bham.ac.uk
	CondorScratchDir = "/var/lib/condor/execute/dir_3058262"
	Cpus = 1
	Disk = 7699
	GPUs = 0
	Memory = 4096
...
006 (665.000.000) 2024-11-23 17:29:59 Image size of job updated: 374672
	366  -  MemoryUsage of job (MB)
	374672  -  ResidentSetSize of job (KB)
...
006 (665.000.000) 2024-11-23 17:30:57 Image size of job updated: 779420
	367  -  MemoryUsage of job (MB)
	374792  -  ResidentSetSize of job (KB)
...
040 (665.000.000) 2024-11-23 17:30:57 Started transferring output files
...
040 (665.000.000) 2024-11-23 17:30:57 Finished transferring output files
...
005 (665.000.000) 2024-11-23 17:30:57 Job terminated.
	(1) Normal termination (return value 0)
		Usr 0 00:00:57, Sys 0 00:00:06  -  Run Remote Usage
		Usr 0 00:00:00, Sys 0 00:00:00  -  Run Local Usage
		Usr 0 00:00:57, Sys 0 00:00:06  -  Total Remote Usage
		Usr 0 00:00:00, Sys 0 00:00:00  -  Total Local Usage
	4012  -  Run Bytes Sent By Job
	942  -  Run Bytes Received By Job
	4012  -  Total Bytes Sent By Job
	942  -  Total Bytes Received By Job
	Partitionable Resources :    Usage  Request Allocated 
	   Cpus                 :        0        1         1 
	   Disk (KB)            :       36        1      7699 
	   GPUs                 :                           0 
	   Memory (MB)          :      367     4000      4096 
	   TimeExecute (s)      :       66                    
	   TimeSlotBusy (s)     :       67                    

	Job terminated of its own accord at 2024-11-23T17:30:57Z with exit-code 0.
...
