000 (1327.000.000) 2024-11-23 22:10:03 Job submitted from host: <147.188.47.47:9618?addrs=147.188.47.47-9618&alias=eprexb.ph.bham.ac.uk&noUDP&sock=schedd_1171491_f6ca>
...
040 (1327.000.000) 2024-11-23 22:10:41 Started transferring input files
	Transferring to host: <147.188.47.73:9618?addrs=147.188.47.73-9618&alias=eplwk003.ph.bham.ac.uk&noUDP&sock=slot1_86_4295_f748_32446>
...
040 (1327.000.000) 2024-11-23 22:10:41 Finished transferring input files
...
001 (1327.000.000) 2024-11-23 22:10:42 Job executing on host: <147.188.47.73:9618?addrs=147.188.47.73-9618&alias=eplwk003.ph.bham.ac.uk&noUDP&sock=startd_4221_d558>
	SlotName: slot1_86@eplwk003.ph.bham.ac.uk
	CondorScratchDir = "/var/lib/condor/execute/dir_3588966"
	Cpus = 1
	Disk = 7698
	GPUs = 0
	Memory = 4096
...
006 (1327.000.000) 2024-11-23 22:10:50 Image size of job updated: 203520
	199  -  MemoryUsage of job (MB)
	203516  -  ResidentSetSize of job (KB)
...
006 (1327.000.000) 2024-11-23 22:13:17 Image size of job updated: 2374648
	1561  -  MemoryUsage of job (MB)
	1598008  -  ResidentSetSize of job (KB)
...
040 (1327.000.000) 2024-11-23 22:13:17 Started transferring output files
...
040 (1327.000.000) 2024-11-23 22:13:17 Finished transferring output files
...
005 (1327.000.000) 2024-11-23 22:13:17 Job terminated.
	(1) Normal termination (return value 0)
		Usr 0 00:01:59, Sys 0 00:00:09  -  Run Remote Usage
		Usr 0 00:00:00, Sys 0 00:00:00  -  Run Local Usage
		Usr 0 00:01:59, Sys 0 00:00:09  -  Total Remote Usage
		Usr 0 00:00:00, Sys 0 00:00:00  -  Total Local Usage
	2814  -  Run Bytes Sent By Job
	947  -  Run Bytes Received By Job
	2814  -  Total Bytes Sent By Job
	947  -  Total Bytes Received By Job
	Partitionable Resources :    Usage  Request Allocated 
	   Cpus                 :        0        1         1 
	   Disk (KB)            :       35        1      7698 
	   GPUs                 :                           0 
	   Memory (MB)          :     1561     4000      4096 
	   TimeExecute (s)      :      155                    
	   TimeSlotBusy (s)     :      156                    

	Job terminated of its own accord at 2024-11-23T22:13:17Z with exit-code 0.
...
