000 (1344.000.000) 2024-11-23 22:10:27 Job submitted from host: <147.188.47.47:9618?addrs=147.188.47.47-9618&alias=eprexb.ph.bham.ac.uk&noUDP&sock=schedd_1171491_f6ca>
...
040 (1344.000.000) 2024-11-23 22:28:37 Started transferring input files
	Transferring to host: <147.188.47.72:9618?addrs=147.188.47.72-9618&alias=eplwk002.ph.bham.ac.uk&noUDP&sock=slot1_86_187135_4953_45423>
...
040 (1344.000.000) 2024-11-23 22:28:37 Finished transferring input files
...
001 (1344.000.000) 2024-11-23 22:28:38 Job executing on host: <147.188.47.72:9618?addrs=147.188.47.72-9618&alias=eplwk002.ph.bham.ac.uk&noUDP&sock=startd_187014_a097>
	SlotName: slot1_86@eplwk002.ph.bham.ac.uk
	CondorScratchDir = "/var/lib/condor/execute/dir_2656059"
	Cpus = 1
	Disk = 7701
	GPUs = 0
	Memory = 4096
...
006 (1344.000.000) 2024-11-23 22:28:47 Image size of job updated: 194684
	190  -  MemoryUsage of job (MB)
	194432  -  ResidentSetSize of job (KB)
...
006 (1344.000.000) 2024-11-23 22:31:15 Image size of job updated: 1604124
	764  -  MemoryUsage of job (MB)
	781344  -  ResidentSetSize of job (KB)
...
040 (1344.000.000) 2024-11-23 22:31:15 Started transferring output files
...
040 (1344.000.000) 2024-11-23 22:31:15 Finished transferring output files
...
005 (1344.000.000) 2024-11-23 22:31:15 Job terminated.
	(1) Normal termination (return value 0)
		Usr 0 00:02:10, Sys 0 00:00:09  -  Run Remote Usage
		Usr 0 00:00:00, Sys 0 00:00:00  -  Run Local Usage
		Usr 0 00:02:10, Sys 0 00:00:09  -  Total Remote Usage
		Usr 0 00:00:00, Sys 0 00:00:00  -  Total Local Usage
	2816  -  Run Bytes Sent By Job
	953  -  Run Bytes Received By Job
	2816  -  Total Bytes Sent By Job
	953  -  Total Bytes Received By Job
	Partitionable Resources :    Usage  Request Allocated 
	   Cpus                 :     0.99        1         1 
	   Disk (KB)            :    35           1      7701 
	   GPUs                 :                           0 
	   Memory (MB)          :   764        4000      4096 
	   TimeExecute (s)      :   157                       
	   TimeSlotBusy (s)     :   158                       

	Job terminated of its own accord at 2024-11-23T22:31:15Z with exit-code 0.
...
