000 (606.000.000) 2024-11-23 17:02:44 Job submitted from host: <147.188.47.47:9618?addrs=147.188.47.47-9618&alias=eprexb.ph.bham.ac.uk&noUDP&sock=schedd_1171491_f6ca>
...
040 (606.000.000) 2024-11-23 17:02:51 Started transferring input files
	Transferring to host: <147.188.47.71:9618?addrs=147.188.47.71-9618&alias=eplwk001.ph.bham.ac.uk&noUDP&sock=slot1_9_864817_8fb9_63744>
...
040 (606.000.000) 2024-11-23 17:02:51 Finished transferring input files
...
001 (606.000.000) 2024-11-23 17:02:52 Job executing on host: <147.188.47.71:9618?addrs=147.188.47.71-9618&alias=eplwk001.ph.bham.ac.uk&noUDP&sock=startd_864732_ce1e>
	SlotName: slot1_9@eplwk001.ph.bham.ac.uk
	CondorScratchDir = "/var/lib/condor/execute/dir_3012478"
	Cpus = 1
	Disk = 7699
	GPUs = 0
	Memory = 4096
...
006 (606.000.000) 2024-11-23 17:03:01 Image size of job updated: 530688
	519  -  MemoryUsage of job (MB)
	530584  -  ResidentSetSize of job (KB)
...
006 (606.000.000) 2024-11-23 17:03:53 Image size of job updated: 794420
	519  -  MemoryUsage of job (MB)
	530840  -  ResidentSetSize of job (KB)
...
040 (606.000.000) 2024-11-23 17:03:53 Started transferring output files
...
040 (606.000.000) 2024-11-23 17:03:53 Finished transferring output files
...
005 (606.000.000) 2024-11-23 17:03:53 Job terminated.
	(1) Normal termination (return value 0)
		Usr 0 00:00:52, Sys 0 00:00:05  -  Run Remote Usage
		Usr 0 00:00:00, Sys 0 00:00:00  -  Run Local Usage
		Usr 0 00:00:52, Sys 0 00:00:05  -  Total Remote Usage
		Usr 0 00:00:00, Sys 0 00:00:00  -  Total Local Usage
	4016  -  Run Bytes Sent By Job
	952  -  Run Bytes Received By Job
	4016  -  Total Bytes Sent By Job
	952  -  Total Bytes Received By Job
	Partitionable Resources :    Usage  Request Allocated 
	   Cpus                 :        0        1         1 
	   Disk (KB)            :       35        1      7699 
	   GPUs                 :                           0 
	   Memory (MB)          :      519     4000      4096 
	   TimeExecute (s)      :       61                    
	   TimeSlotBusy (s)     :       62                    

	Job terminated of its own accord at 2024-11-23T17:03:53Z with exit-code 0.
...
