000 (531.000.000) 2024-11-23 15:49:27 Job submitted from host: <147.188.47.47:9618?addrs=147.188.47.47-9618&alias=eprexb.ph.bham.ac.uk&noUDP&sock=schedd_1171491_f6ca>
...
040 (531.000.000) 2024-11-23 15:49:40 Started transferring input files
	Transferring to host: <147.188.47.71:9618?addrs=147.188.47.71-9618&alias=eplwk001.ph.bham.ac.uk&noUDP&sock=slot1_34_864817_8fb9_63669>
...
040 (531.000.000) 2024-11-23 15:49:40 Finished transferring input files
...
001 (531.000.000) 2024-11-23 15:49:41 Job executing on host: <147.188.47.71:9618?addrs=147.188.47.71-9618&alias=eplwk001.ph.bham.ac.uk&noUDP&sock=startd_864732_ce1e>
	SlotName: slot1_34@eplwk001.ph.bham.ac.uk
	CondorScratchDir = "/var/lib/condor/execute/dir_2786752"
	Cpus = 1
	Disk = 7699
	GPUs = 0
	Memory = 4096
...
006 (531.000.000) 2024-11-23 15:49:50 Image size of job updated: 188468
	184  -  MemoryUsage of job (MB)
	188348  -  ResidentSetSize of job (KB)
...
006 (531.000.000) 2024-11-23 15:54:51 Image size of job updated: 1551596
	1516  -  MemoryUsage of job (MB)
	1551596  -  ResidentSetSize of job (KB)
...
006 (531.000.000) 2024-11-23 15:57:22 Image size of job updated: 2007824
	1516  -  MemoryUsage of job (MB)
	1551596  -  ResidentSetSize of job (KB)
...
040 (531.000.000) 2024-11-23 15:57:22 Started transferring output files
...
040 (531.000.000) 2024-11-23 15:57:22 Finished transferring output files
...
005 (531.000.000) 2024-11-23 15:57:22 Job terminated.
	(1) Normal termination (return value 0)
		Usr 0 00:00:54, Sys 0 00:00:10  -  Run Remote Usage
		Usr 0 00:00:00, Sys 0 00:00:00  -  Run Local Usage
		Usr 0 00:00:54, Sys 0 00:00:10  -  Total Remote Usage
		Usr 0 00:00:00, Sys 0 00:00:00  -  Total Local Usage
	3929  -  Run Bytes Sent By Job
	952  -  Run Bytes Received By Job
	3929  -  Total Bytes Sent By Job
	952  -  Total Bytes Received By Job
	Partitionable Resources :    Usage  Request Allocated 
	   Cpus                 :     0.12        1         1 
	   Disk (KB)            :    36           1      7699 
	   GPUs                 :                           0 
	   Memory (MB)          :  1516        4000      4096 
	   TimeExecute (s)      :   461                       
	   TimeSlotBusy (s)     :   462                       

	Job terminated of its own accord at 2024-11-23T15:57:22Z with exit-code 0.
...
