000 (1996.000.000) 2024-11-25 13:49:11 Job submitted from host: <147.188.47.47:9618?addrs=147.188.47.47-9618&alias=eprexb.ph.bham.ac.uk&noUDP&sock=schedd_1171491_f6ca>
...
040 (1996.000.000) 2024-11-25 13:49:28 Started transferring input files
	Transferring to host: <147.188.47.71:9618?addrs=147.188.47.71-9618&alias=eplwk001.ph.bham.ac.uk&noUDP&sock=slot1_8_864817_8fb9_65678>
...
040 (1996.000.000) 2024-11-25 13:49:28 Finished transferring input files
...
001 (1996.000.000) 2024-11-25 13:49:29 Job executing on host: <147.188.47.71:9618?addrs=147.188.47.71-9618&alias=eplwk001.ph.bham.ac.uk&noUDP&sock=startd_864732_ce1e>
	SlotName: slot1_8@eplwk001.ph.bham.ac.uk
	CondorScratchDir = "/var/lib/condor/execute/dir_1698133"
	Cpus = 1
	Disk = 7699
	GPUs = 0
	Memory = 4096
...
006 (1996.000.000) 2024-11-25 13:49:38 Image size of job updated: 294340
	288  -  MemoryUsage of job (MB)
	294340  -  ResidentSetSize of job (KB)
...
006 (1996.000.000) 2024-11-25 13:54:39 Image size of job updated: 772548
	754  -  MemoryUsage of job (MB)
	771972  -  ResidentSetSize of job (KB)
...
006 (1996.000.000) 2024-11-25 13:59:39 Image size of job updated: 795568
	777  -  MemoryUsage of job (MB)
	795092  -  ResidentSetSize of job (KB)
...
006 (1996.000.000) 2024-11-25 14:04:02 Image size of job updated: 804528
	777  -  MemoryUsage of job (MB)
	795092  -  ResidentSetSize of job (KB)
...
040 (1996.000.000) 2024-11-25 14:04:02 Started transferring output files
...
040 (1996.000.000) 2024-11-25 14:04:02 Finished transferring output files
...
005 (1996.000.000) 2024-11-25 14:04:02 Job terminated.
	(1) Normal termination (return value 0)
		Usr 0 00:13:35, Sys 0 00:00:41  -  Run Remote Usage
		Usr 0 00:00:00, Sys 0 00:00:00  -  Run Local Usage
		Usr 0 00:13:35, Sys 0 00:00:41  -  Total Remote Usage
		Usr 0 00:00:00, Sys 0 00:00:00  -  Total Local Usage
	2729  -  Run Bytes Sent By Job
	952  -  Run Bytes Received By Job
	2729  -  Total Bytes Sent By Job
	952  -  Total Bytes Received By Job
	Partitionable Resources :    Usage  Request Allocated 
	   Cpus                 :     0.99        1         1 
	   Disk (KB)            :    39           1      7699 
	   GPUs                 :                           0 
	   Memory (MB)          :   777        4000      4096 
	   TimeExecute (s)      :   873                       
	   TimeSlotBusy (s)     :   874                       

	Job terminated of its own accord at 2024-11-25T14:04:02Z with exit-code 0.
...
