000 (2059.000.000) 2024-11-25 14:25:54 Job submitted from host: <147.188.47.47:9618?addrs=147.188.47.47-9618&alias=eprexb.ph.bham.ac.uk&noUDP&sock=schedd_1171491_f6ca>
...
040 (2059.000.000) 2024-11-25 14:26:00 Started transferring input files
	Transferring to host: <147.188.47.71:9618?addrs=147.188.47.71-9618&alias=eplwk001.ph.bham.ac.uk&noUDP&sock=slot1_11_864817_8fb9_65741>
...
040 (2059.000.000) 2024-11-25 14:26:00 Finished transferring input files
...
001 (2059.000.000) 2024-11-25 14:26:01 Job executing on host: <147.188.47.71:9618?addrs=147.188.47.71-9618&alias=eplwk001.ph.bham.ac.uk&noUDP&sock=startd_864732_ce1e>
	SlotName: slot1_11@eplwk001.ph.bham.ac.uk
	CondorScratchDir = "/var/lib/condor/execute/dir_1835558"
	Cpus = 1
	Disk = 7699
	GPUs = 0
	Memory = 4096
...
006 (2059.000.000) 2024-11-25 14:26:10 Image size of job updated: 424128
	414  -  MemoryUsage of job (MB)
	423140  -  ResidentSetSize of job (KB)
...
006 (2059.000.000) 2024-11-25 14:28:06 Image size of job updated: 797028
	414  -  MemoryUsage of job (MB)
	423140  -  ResidentSetSize of job (KB)
...
040 (2059.000.000) 2024-11-25 14:28:06 Started transferring output files
...
040 (2059.000.000) 2024-11-25 14:28:06 Finished transferring output files
...
005 (2059.000.000) 2024-11-25 14:28:06 Job terminated.
	(1) Normal termination (return value 0)
		Usr 0 00:01:53, Sys 0 00:00:06  -  Run Remote Usage
		Usr 0 00:00:00, Sys 0 00:00:00  -  Run Local Usage
		Usr 0 00:01:53, Sys 0 00:00:06  -  Total Remote Usage
		Usr 0 00:00:00, Sys 0 00:00:00  -  Total Local Usage
	2731  -  Run Bytes Sent By Job
	956  -  Run Bytes Received By Job
	2731  -  Total Bytes Sent By Job
	956  -  Total Bytes Received By Job
	Partitionable Resources :    Usage  Request Allocated 
	   Cpus                 :     0.99        1         1 
	   Disk (KB)            :    39           1      7699 
	   GPUs                 :                           0 
	   Memory (MB)          :   414        4000      4096 
	   TimeExecute (s)      :   125                       
	   TimeSlotBusy (s)     :   126                       

	Job terminated of its own accord at 2024-11-25T14:28:06Z with exit-code 0.
...
