000 (1455.000.000) 2024-11-24 00:02:45 Job submitted from host: <147.188.47.47:9618?addrs=147.188.47.47-9618&alias=eprexb.ph.bham.ac.uk&noUDP&sock=schedd_1171491_f6ca>
...
040 (1455.000.000) 2024-11-24 00:02:53 Started transferring input files
	Transferring to host: <147.188.47.71:9618?addrs=147.188.47.71-9618&alias=eplwk001.ph.bham.ac.uk&noUDP&sock=slot1_33_864817_8fb9_64733>
...
040 (1455.000.000) 2024-11-24 00:02:53 Finished transferring input files
...
001 (1455.000.000) 2024-11-24 00:02:54 Job executing on host: <147.188.47.71:9618?addrs=147.188.47.71-9618&alias=eplwk001.ph.bham.ac.uk&noUDP&sock=startd_864732_ce1e>
	SlotName: slot1_33@eplwk001.ph.bham.ac.uk
	CondorScratchDir = "/var/lib/condor/execute/dir_467330"
	Cpus = 1
	Disk = 7699
	GPUs = 0
	Memory = 4096
...
006 (1455.000.000) 2024-11-24 00:03:03 Image size of job updated: 198512
	194  -  MemoryUsage of job (MB)
	198512  -  ResidentSetSize of job (KB)
...
006 (1455.000.000) 2024-11-24 00:04:31 Image size of job updated: 800124
	195  -  MemoryUsage of job (MB)
	199280  -  ResidentSetSize of job (KB)
...
040 (1455.000.000) 2024-11-24 00:04:31 Started transferring output files
...
040 (1455.000.000) 2024-11-24 00:04:31 Finished transferring output files
...
005 (1455.000.000) 2024-11-24 00:04:31 Job terminated.
	(1) Normal termination (return value 0)
		Usr 0 00:01:23, Sys 0 00:00:07  -  Run Remote Usage
		Usr 0 00:00:00, Sys 0 00:00:00  -  Run Local Usage
		Usr 0 00:01:23, Sys 0 00:00:07  -  Total Remote Usage
		Usr 0 00:00:00, Sys 0 00:00:00  -  Total Local Usage
	2806  -  Run Bytes Sent By Job
	952  -  Run Bytes Received By Job
	2806  -  Total Bytes Sent By Job
	952  -  Total Bytes Received By Job
	Partitionable Resources :    Usage  Request Allocated 
	   Cpus                 :        0        1         1 
	   Disk (KB)            :       34        1      7699 
	   GPUs                 :                           0 
	   Memory (MB)          :      195     4000      4096 
	   TimeExecute (s)      :       97                    
	   TimeSlotBusy (s)     :       98                    

	Job terminated of its own accord at 2024-11-24T00:04:31Z with exit-code 0.
...
