000 (570.000.000) 2024-11-23 16:48:03 Job submitted from host: <147.188.47.47:9618?addrs=147.188.47.47-9618&alias=eprexb.ph.bham.ac.uk&noUDP&sock=schedd_1171491_f6ca>
...
040 (570.000.000) 2024-11-23 16:48:18 Started transferring input files
	Transferring to host: <147.188.47.71:9618?addrs=147.188.47.71-9618&alias=eplwk001.ph.bham.ac.uk&noUDP&sock=slot1_3_864817_8fb9_63708>
...
040 (570.000.000) 2024-11-23 16:48:18 Finished transferring input files
...
001 (570.000.000) 2024-11-23 16:48:19 Job executing on host: <147.188.47.71:9618?addrs=147.188.47.71-9618&alias=eplwk001.ph.bham.ac.uk&noUDP&sock=startd_864732_ce1e>
	SlotName: slot1_3@eplwk001.ph.bham.ac.uk
	CondorScratchDir = "/var/lib/condor/execute/dir_2996412"
	Cpus = 1
	Disk = 7699
	GPUs = 0
	Memory = 4096
...
006 (570.000.000) 2024-11-23 16:48:28 Image size of job updated: 524216
	512  -  MemoryUsage of job (MB)
	524216  -  ResidentSetSize of job (KB)
...
006 (570.000.000) 2024-11-23 16:49:34 Image size of job updated: 793740
	513  -  MemoryUsage of job (MB)
	524472  -  ResidentSetSize of job (KB)
...
040 (570.000.000) 2024-11-23 16:49:34 Started transferring output files
...
040 (570.000.000) 2024-11-23 16:49:34 Finished transferring output files
...
005 (570.000.000) 2024-11-23 16:49:34 Job terminated.
	(1) Normal termination (return value 0)
		Usr 0 00:01:06, Sys 0 00:00:05  -  Run Remote Usage
		Usr 0 00:00:00, Sys 0 00:00:00  -  Run Local Usage
		Usr 0 00:01:06, Sys 0 00:00:05  -  Total Remote Usage
		Usr 0 00:00:00, Sys 0 00:00:00  -  Total Local Usage
	4316  -  Run Bytes Sent By Job
	952  -  Run Bytes Received By Job
	4316  -  Total Bytes Sent By Job
	952  -  Total Bytes Received By Job
	Partitionable Resources :    Usage  Request Allocated 
	   Cpus                 :        0        1         1 
	   Disk (KB)            :       36        1      7699 
	   GPUs                 :                           0 
	   Memory (MB)          :      513     4000      4096 
	   TimeExecute (s)      :       75                    
	   TimeSlotBusy (s)     :       76                    

	Job terminated of its own accord at 2024-11-23T16:49:34Z with exit-code 0.
...
