000 (823.000.000) 2024-11-23 18:26:55 Job submitted from host: <147.188.47.47:9618?addrs=147.188.47.47-9618&alias=eprexb.ph.bham.ac.uk&noUDP&sock=schedd_1171491_f6ca>
...
040 (823.000.000) 2024-11-23 18:26:57 Started transferring input files
	Transferring to host: <147.188.47.71:9618?addrs=147.188.47.71-9618&alias=eplwk001.ph.bham.ac.uk&noUDP&sock=slot1_14_864817_8fb9_63979>
...
040 (823.000.000) 2024-11-23 18:26:57 Finished transferring input files
...
001 (823.000.000) 2024-11-23 18:26:58 Job executing on host: <147.188.47.71:9618?addrs=147.188.47.71-9618&alias=eplwk001.ph.bham.ac.uk&noUDP&sock=startd_864732_ce1e>
	SlotName: slot1_14@eplwk001.ph.bham.ac.uk
	CondorScratchDir = "/var/lib/condor/execute/dir_3367851"
	Cpus = 1
	Disk = 7699
	GPUs = 0
	Memory = 4096
...
006 (823.000.000) 2024-11-23 18:27:07 Image size of job updated: 217712
	213  -  MemoryUsage of job (MB)
	217712  -  ResidentSetSize of job (KB)
...
006 (823.000.000) 2024-11-23 18:28:06 Image size of job updated: 783400
	214  -  MemoryUsage of job (MB)
	218224  -  ResidentSetSize of job (KB)
...
040 (823.000.000) 2024-11-23 18:28:06 Started transferring output files
...
040 (823.000.000) 2024-11-23 18:28:06 Finished transferring output files
...
005 (823.000.000) 2024-11-23 18:28:06 Job terminated.
	(1) Normal termination (return value 0)
		Usr 0 00:00:56, Sys 0 00:00:05  -  Run Remote Usage
		Usr 0 00:00:00, Sys 0 00:00:00  -  Run Local Usage
		Usr 0 00:00:56, Sys 0 00:00:05  -  Total Remote Usage
		Usr 0 00:00:00, Sys 0 00:00:00  -  Total Local Usage
	2816  -  Run Bytes Sent By Job
	953  -  Run Bytes Received By Job
	2816  -  Total Bytes Sent By Job
	953  -  Total Bytes Received By Job
	Partitionable Resources :    Usage  Request Allocated 
	   Cpus                 :     0.60        1         1 
	   Disk (KB)            :    34           1      7699 
	   GPUs                 :                           0 
	   Memory (MB)          :   214        4000      4096 
	   TimeExecute (s)      :    68                       
	   TimeSlotBusy (s)     :    69                       

	Job terminated of its own accord at 2024-11-23T18:28:06Z with exit-code 0.
...
