000 (641.000.000) 2024-11-23 17:16:49 Job submitted from host: <147.188.47.47:9618?addrs=147.188.47.47-9618&alias=eprexb.ph.bham.ac.uk&noUDP&sock=schedd_1171491_f6ca>
...
040 (641.000.000) 2024-11-23 17:17:02 Started transferring input files
	Transferring to host: <147.188.47.71:9618?addrs=147.188.47.71-9618&alias=eplwk001.ph.bham.ac.uk&noUDP&sock=slot1_10_864817_8fb9_63791>
...
040 (641.000.000) 2024-11-23 17:17:02 Finished transferring input files
...
001 (641.000.000) 2024-11-23 17:17:03 Job executing on host: <147.188.47.71:9618?addrs=147.188.47.71-9618&alias=eplwk001.ph.bham.ac.uk&noUDP&sock=startd_864732_ce1e>
	SlotName: slot1_10@eplwk001.ph.bham.ac.uk
	CondorScratchDir = "/var/lib/condor/execute/dir_3045272"
	Cpus = 1
	Disk = 7699
	GPUs = 0
	Memory = 4096
...
006 (641.000.000) 2024-11-23 17:17:12 Image size of job updated: 580948
	568  -  MemoryUsage of job (MB)
	580948  -  ResidentSetSize of job (KB)
...
006 (641.000.000) 2024-11-23 17:18:16 Image size of job updated: 820524
	568  -  MemoryUsage of job (MB)
	581204  -  ResidentSetSize of job (KB)
...
040 (641.000.000) 2024-11-23 17:18:16 Started transferring output files
...
040 (641.000.000) 2024-11-23 17:18:16 Finished transferring output files
...
005 (641.000.000) 2024-11-23 17:18:16 Job terminated.
	(1) Normal termination (return value 0)
		Usr 0 00:01:05, Sys 0 00:00:05  -  Run Remote Usage
		Usr 0 00:00:00, Sys 0 00:00:00  -  Run Local Usage
		Usr 0 00:01:05, Sys 0 00:00:05  -  Total Remote Usage
		Usr 0 00:00:00, Sys 0 00:00:00  -  Total Local Usage
	4316  -  Run Bytes Sent By Job
	952  -  Run Bytes Received By Job
	4316  -  Total Bytes Sent By Job
	952  -  Total Bytes Received By Job
	Partitionable Resources :    Usage  Request Allocated 
	   Cpus                 :     0.08        1         1 
	   Disk (KB)            :    36           1      7699 
	   GPUs                 :                           0 
	   Memory (MB)          :   568        4000      4096 
	   TimeExecute (s)      :    73                       
	   TimeSlotBusy (s)     :    74                       

	Job terminated of its own accord at 2024-11-23T17:18:16Z with exit-code 0.
...
