000 (2003.000.000) 2024-11-25 13:49:17 Job submitted from host: <147.188.47.47:9618?addrs=147.188.47.47-9618&alias=eprexb.ph.bham.ac.uk&noUDP&sock=schedd_1171491_f6ca>
...
040 (2003.000.000) 2024-11-25 13:49:28 Started transferring input files
	Transferring to host: <147.188.47.71:9618?addrs=147.188.47.71-9618&alias=eplwk001.ph.bham.ac.uk&noUDP&sock=slot1_15_864817_8fb9_65683>
...
040 (2003.000.000) 2024-11-25 13:49:28 Finished transferring input files
...
001 (2003.000.000) 2024-11-25 13:49:29 Job executing on host: <147.188.47.71:9618?addrs=147.188.47.71-9618&alias=eplwk001.ph.bham.ac.uk&noUDP&sock=startd_864732_ce1e>
	SlotName: slot1_15@eplwk001.ph.bham.ac.uk
	CondorScratchDir = "/var/lib/condor/execute/dir_1698143"
	Cpus = 1
	Disk = 7699
	GPUs = 0
	Memory = 4096
...
006 (2003.000.000) 2024-11-25 13:49:38 Image size of job updated: 136612
	134  -  MemoryUsage of job (MB)
	136612  -  ResidentSetSize of job (KB)
...
006 (2003.000.000) 2024-11-25 13:54:38 Image size of job updated: 759472
	740  -  MemoryUsage of job (MB)
	757364  -  ResidentSetSize of job (KB)
...
006 (2003.000.000) 2024-11-25 13:59:38 Image size of job updated: 775896
	750  -  MemoryUsage of job (MB)
	767092  -  ResidentSetSize of job (KB)
...
006 (2003.000.000) 2024-11-25 14:04:39 Image size of job updated: 794436
	764  -  MemoryUsage of job (MB)
	781980  -  ResidentSetSize of job (KB)
...
040 (2003.000.000) 2024-11-25 14:07:37 Started transferring output files
...
040 (2003.000.000) 2024-11-25 14:07:37 Finished transferring output files
...
005 (2003.000.000) 2024-11-25 14:07:37 Job terminated.
	(1) Normal termination (return value 0)
		Usr 0 00:16:56, Sys 0 00:00:51  -  Run Remote Usage
		Usr 0 00:00:00, Sys 0 00:00:00  -  Run Local Usage
		Usr 0 00:16:56, Sys 0 00:00:51  -  Total Remote Usage
		Usr 0 00:00:00, Sys 0 00:00:00  -  Total Local Usage
	2731  -  Run Bytes Sent By Job
	957  -  Run Bytes Received By Job
	2731  -  Total Bytes Sent By Job
	957  -  Total Bytes Received By Job
	Partitionable Resources :    Usage  Request Allocated 
	   Cpus                 :     0.99        1         1 
	   Disk (KB)            :    39           1      7699 
	   GPUs                 :                           0 
	   Memory (MB)          :   764        4000      4096 
	   TimeExecute (s)      :  1088                       
	   TimeSlotBusy (s)     :  1089                       

	Job terminated of its own accord at 2024-11-25T14:07:37Z with exit-code 0.
...
