000 (739.000.000) 2024-11-23 18:13:03 Job submitted from host: <147.188.47.47:9618?addrs=147.188.47.47-9618&alias=eprexb.ph.bham.ac.uk&noUDP&sock=schedd_1171491_f6ca>
...
040 (739.000.000) 2024-11-23 18:13:12 Started transferring input files
	Transferring to host: <147.188.47.71:9618?addrs=147.188.47.71-9618&alias=eplwk001.ph.bham.ac.uk&noUDP&sock=slot1_10_864817_8fb9_63895>
...
040 (739.000.000) 2024-11-23 18:13:12 Finished transferring input files
...
001 (739.000.000) 2024-11-23 18:13:13 Job executing on host: <147.188.47.71:9618?addrs=147.188.47.71-9618&alias=eplwk001.ph.bham.ac.uk&noUDP&sock=startd_864732_ce1e>
	SlotName: slot1_10@eplwk001.ph.bham.ac.uk
	CondorScratchDir = "/var/lib/condor/execute/dir_3090861"
	Cpus = 1
	Disk = 7699
	GPUs = 0
	Memory = 4096
...
006 (739.000.000) 2024-11-23 18:13:21 Image size of job updated: 322008
	315  -  MemoryUsage of job (MB)
	322008  -  ResidentSetSize of job (KB)
...
006 (739.000.000) 2024-11-23 18:14:35 Image size of job updated: 786860
	315  -  MemoryUsage of job (MB)
	322264  -  ResidentSetSize of job (KB)
...
040 (739.000.000) 2024-11-23 18:14:35 Started transferring output files
...
040 (739.000.000) 2024-11-23 18:14:35 Finished transferring output files
...
005 (739.000.000) 2024-11-23 18:14:35 Job terminated.
	(1) Normal termination (return value 0)
		Usr 0 00:01:12, Sys 0 00:00:05  -  Run Remote Usage
		Usr 0 00:00:00, Sys 0 00:00:00  -  Run Local Usage
		Usr 0 00:01:12, Sys 0 00:00:05  -  Total Remote Usage
		Usr 0 00:00:00, Sys 0 00:00:00  -  Total Local Usage
	2816  -  Run Bytes Sent By Job
	953  -  Run Bytes Received By Job
	2816  -  Total Bytes Sent By Job
	953  -  Total Bytes Received By Job
	Partitionable Resources :    Usage  Request Allocated 
	   Cpus                 :                 1         1 
	   Disk (KB)            :       29        1      7699 
	   GPUs                 :                           0 
	   Memory (MB)          :      315     4000      4096 
	   TimeExecute (s)      :       82                    
	   TimeSlotBusy (s)     :       83                    

	Job terminated of its own accord at 2024-11-23T18:14:35Z with exit-code 0.
...
