000 (1371.000.000) 2024-11-23 23:05:35 Job submitted from host: <147.188.47.47:9618?addrs=147.188.47.47-9618&alias=eprexb.ph.bham.ac.uk&noUDP&sock=schedd_1171491_f6ca>
...
040 (1371.000.000) 2024-11-23 23:05:51 Started transferring input files
	Transferring to host: <147.188.47.71:9618?addrs=147.188.47.71-9618&alias=eplwk001.ph.bham.ac.uk&noUDP&sock=slot1_29_864817_8fb9_64671>
...
040 (1371.000.000) 2024-11-23 23:05:51 Finished transferring input files
...
001 (1371.000.000) 2024-11-23 23:05:52 Job executing on host: <147.188.47.71:9618?addrs=147.188.47.71-9618&alias=eplwk001.ph.bham.ac.uk&noUDP&sock=startd_864732_ce1e>
	SlotName: slot1_29@eplwk001.ph.bham.ac.uk
	CondorScratchDir = "/var/lib/condor/execute/dir_443321"
	Cpus = 1
	Disk = 7699
	GPUs = 0
	Memory = 4096
...
006 (1371.000.000) 2024-11-23 23:06:00 Image size of job updated: 359348
	351  -  MemoryUsage of job (MB)
	359348  -  ResidentSetSize of job (KB)
...
006 (1371.000.000) 2024-11-23 23:07:41 Image size of job updated: 1266252
	463  -  MemoryUsage of job (MB)
	473768  -  ResidentSetSize of job (KB)
...
040 (1371.000.000) 2024-11-23 23:07:41 Started transferring output files
...
040 (1371.000.000) 2024-11-23 23:07:41 Finished transferring output files
...
005 (1371.000.000) 2024-11-23 23:07:41 Job terminated.
	(1) Normal termination (return value 0)
		Usr 0 00:01:23, Sys 0 00:00:07  -  Run Remote Usage
		Usr 0 00:00:00, Sys 0 00:00:00  -  Run Local Usage
		Usr 0 00:01:23, Sys 0 00:00:07  -  Total Remote Usage
		Usr 0 00:00:00, Sys 0 00:00:00  -  Total Local Usage
	2806  -  Run Bytes Sent By Job
	953  -  Run Bytes Received By Job
	2806  -  Total Bytes Sent By Job
	953  -  Total Bytes Received By Job
	Partitionable Resources :    Usage  Request Allocated 
	   Cpus                 :     0.87        1         1 
	   Disk (KB)            :    34           1      7699 
	   GPUs                 :                           0 
	   Memory (MB)          :   463        4000      4096 
	   TimeExecute (s)      :   109                       
	   TimeSlotBusy (s)     :   111                       

	Job terminated of its own accord at 2024-11-23T23:07:41Z with exit-code 0.
...
