000 (1309.000.000) 2024-11-23 21:22:38 Job submitted from host: <147.188.47.47:9618?addrs=147.188.47.47-9618&alias=eprexb.ph.bham.ac.uk&noUDP&sock=schedd_1171491_f6ca>
...
040 (1309.000.000) 2024-11-23 21:26:35 Started transferring input files
	Transferring to host: <147.188.47.72:9618?addrs=147.188.47.72-9618&alias=eplwk002.ph.bham.ac.uk&noUDP&sock=slot1_86_187135_4953_45327>
...
040 (1309.000.000) 2024-11-23 21:26:35 Finished transferring input files
...
001 (1309.000.000) 2024-11-23 21:26:36 Job executing on host: <147.188.47.72:9618?addrs=147.188.47.72-9618&alias=eplwk002.ph.bham.ac.uk&noUDP&sock=startd_187014_a097>
	SlotName: slot1_86@eplwk002.ph.bham.ac.uk
	CondorScratchDir = "/var/lib/condor/execute/dir_2634321"
	Cpus = 1
	Disk = 7701
	GPUs = 0
	Memory = 4096
...
006 (1309.000.000) 2024-11-23 21:26:45 Image size of job updated: 199148
	195  -  MemoryUsage of job (MB)
	199100  -  ResidentSetSize of job (KB)
...
006 (1309.000.000) 2024-11-23 21:29:59 Image size of job updated: 3623540
	2770  -  MemoryUsage of job (MB)
	2835568  -  ResidentSetSize of job (KB)
...
040 (1309.000.000) 2024-11-23 21:30:00 Started transferring output files
...
040 (1309.000.000) 2024-11-23 21:30:00 Finished transferring output files
...
005 (1309.000.000) 2024-11-23 21:30:00 Job terminated.
	(1) Normal termination (return value 0)
		Usr 0 00:02:30, Sys 0 00:00:12  -  Run Remote Usage
		Usr 0 00:00:00, Sys 0 00:00:00  -  Run Local Usage
		Usr 0 00:02:30, Sys 0 00:00:12  -  Total Remote Usage
		Usr 0 00:00:00, Sys 0 00:00:00  -  Total Local Usage
	2816  -  Run Bytes Sent By Job
	952  -  Run Bytes Received By Job
	2816  -  Total Bytes Sent By Job
	952  -  Total Bytes Received By Job
	Partitionable Resources :    Usage  Request Allocated 
	   Cpus                 :        0        1         1 
	   Disk (KB)            :       35        1      7701 
	   GPUs                 :                           0 
	   Memory (MB)          :     2770     4000      4096 
	   TimeExecute (s)      :      203                    
	   TimeSlotBusy (s)     :      205                    

	Job terminated of its own accord at 2024-11-23T21:29:59Z with exit-code 0.
...
