000 (2163.000.000) 2024-11-25 15:16:42 Job submitted from host: <147.188.47.47:9618?addrs=147.188.47.47-9618&alias=eprexb.ph.bham.ac.uk&noUDP&sock=schedd_1171491_f6ca>
...
040 (2163.000.000) 2024-11-25 15:16:59 Started transferring input files
	Transferring to host: <147.188.47.71:9618?addrs=147.188.47.71-9618&alias=eplwk001.ph.bham.ac.uk&noUDP&sock=slot1_3_864817_8fb9_65845>
...
040 (2163.000.000) 2024-11-25 15:16:59 Finished transferring input files
...
001 (2163.000.000) 2024-11-25 15:17:00 Job executing on host: <147.188.47.71:9618?addrs=147.188.47.71-9618&alias=eplwk001.ph.bham.ac.uk&noUDP&sock=startd_864732_ce1e>
	SlotName: slot1_3@eplwk001.ph.bham.ac.uk
	CondorScratchDir = "/var/lib/condor/execute/dir_2036215"
	Cpus = 1
	Disk = 7699
	GPUs = 0
	Memory = 4096
...
006 (2163.000.000) 2024-11-25 15:17:09 Image size of job updated: 444536
	435  -  MemoryUsage of job (MB)
	444452  -  ResidentSetSize of job (KB)
...
006 (2163.000.000) 2024-11-25 15:18:41 Image size of job updated: 782384
	435  -  MemoryUsage of job (MB)
	444452  -  ResidentSetSize of job (KB)
...
040 (2163.000.000) 2024-11-25 15:18:41 Started transferring output files
...
040 (2163.000.000) 2024-11-25 15:18:41 Finished transferring output files
...
005 (2163.000.000) 2024-11-25 15:18:41 Job terminated.
	(1) Normal termination (return value 0)
		Usr 0 00:01:31, Sys 0 00:00:06  -  Run Remote Usage
		Usr 0 00:00:00, Sys 0 00:00:00  -  Run Local Usage
		Usr 0 00:01:31, Sys 0 00:00:06  -  Total Remote Usage
		Usr 0 00:00:00, Sys 0 00:00:00  -  Total Local Usage
	2729  -  Run Bytes Sent By Job
	951  -  Run Bytes Received By Job
	2729  -  Total Bytes Sent By Job
	951  -  Total Bytes Received By Job
	Partitionable Resources :    Usage  Request Allocated 
	   Cpus                 :     0.97        1         1 
	   Disk (KB)            :    39           1      7699 
	   GPUs                 :                           0 
	   Memory (MB)          :   435        4000      4096 
	   TimeExecute (s)      :   101                       
	   TimeSlotBusy (s)     :   102                       

	Job terminated of its own accord at 2024-11-25T15:18:41Z with exit-code 0.
...
