000 (1029.000.000) 2024-11-23 18:41:38 Job submitted from host: <147.188.47.47:9618?addrs=147.188.47.47-9618&alias=eprexb.ph.bham.ac.uk&noUDP&sock=schedd_1171491_f6ca>
...
040 (1029.000.000) 2024-11-23 18:41:55 Started transferring input files
	Transferring to host: <147.188.47.71:9618?addrs=147.188.47.71-9618&alias=eplwk001.ph.bham.ac.uk&noUDP&sock=slot1_20_864817_8fb9_64177>
...
040 (1029.000.000) 2024-11-23 18:41:55 Finished transferring input files
...
001 (1029.000.000) 2024-11-23 18:41:56 Job executing on host: <147.188.47.71:9618?addrs=147.188.47.71-9618&alias=eplwk001.ph.bham.ac.uk&noUDP&sock=startd_864732_ce1e>
	SlotName: slot1_20@eplwk001.ph.bham.ac.uk
	CondorScratchDir = "/var/lib/condor/execute/dir_4117796"
	Cpus = 1
	Disk = 7699
	GPUs = 0
	Memory = 4096
...
006 (1029.000.000) 2024-11-23 18:42:05 Image size of job updated: 585860
	573  -  MemoryUsage of job (MB)
	585860  -  ResidentSetSize of job (KB)
...
006 (1029.000.000) 2024-11-23 18:43:12 Image size of job updated: 825088
	573  -  MemoryUsage of job (MB)
	585860  -  ResidentSetSize of job (KB)
...
040 (1029.000.000) 2024-11-23 18:43:12 Started transferring output files
...
040 (1029.000.000) 2024-11-23 18:43:12 Finished transferring output files
...
005 (1029.000.000) 2024-11-23 18:43:12 Job terminated.
	(1) Normal termination (return value 0)
		Usr 0 00:01:08, Sys 0 00:00:06  -  Run Remote Usage
		Usr 0 00:00:00, Sys 0 00:00:00  -  Run Local Usage
		Usr 0 00:01:08, Sys 0 00:00:06  -  Total Remote Usage
		Usr 0 00:00:00, Sys 0 00:00:00  -  Total Local Usage
	2816  -  Run Bytes Sent By Job
	953  -  Run Bytes Received By Job
	2816  -  Total Bytes Sent By Job
	953  -  Total Bytes Received By Job
	Partitionable Resources :    Usage  Request Allocated 
	   Cpus                 :     0.86        1         1 
	   Disk (KB)            :    34           1      7699 
	   GPUs                 :                           0 
	   Memory (MB)          :   573        4000      4096 
	   TimeExecute (s)      :    76                       
	   TimeSlotBusy (s)     :    77                       

	Job terminated of its own accord at 2024-11-23T18:43:12Z with exit-code 0.
...
