000 (1349.000.000) 2024-11-23 22:35:36 Job submitted from host: <147.188.47.47:9618?addrs=147.188.47.47-9618&alias=eprexb.ph.bham.ac.uk&noUDP&sock=schedd_1171491_f6ca>
...
040 (1349.000.000) 2024-11-23 22:38:33 Started transferring input files
	Transferring to host: <147.188.47.73:9618?addrs=147.188.47.73-9618&alias=eplwk003.ph.bham.ac.uk&noUDP&sock=slot1_86_4295_f748_32453>
...
040 (1349.000.000) 2024-11-23 22:38:33 Finished transferring input files
...
001 (1349.000.000) 2024-11-23 22:38:34 Job executing on host: <147.188.47.73:9618?addrs=147.188.47.73-9618&alias=eplwk003.ph.bham.ac.uk&noUDP&sock=startd_4221_d558>
	SlotName: slot1_86@eplwk003.ph.bham.ac.uk
	CondorScratchDir = "/var/lib/condor/execute/dir_3593284"
	Cpus = 1
	Disk = 7698
	GPUs = 0
	Memory = 4096
...
006 (1349.000.000) 2024-11-23 22:38:43 Image size of job updated: 206832
	202  -  MemoryUsage of job (MB)
	206584  -  ResidentSetSize of job (KB)
...
006 (1349.000.000) 2024-11-23 22:41:20 Image size of job updated: 996248
	202  -  MemoryUsage of job (MB)
	206584  -  ResidentSetSize of job (KB)
...
040 (1349.000.000) 2024-11-23 22:41:20 Started transferring output files
...
040 (1349.000.000) 2024-11-23 22:41:20 Finished transferring output files
...
005 (1349.000.000) 2024-11-23 22:41:20 Job terminated.
	(1) Normal termination (return value 0)
		Usr 0 00:02:26, Sys 0 00:00:09  -  Run Remote Usage
		Usr 0 00:00:00, Sys 0 00:00:00  -  Run Local Usage
		Usr 0 00:02:26, Sys 0 00:00:09  -  Total Remote Usage
		Usr 0 00:00:00, Sys 0 00:00:00  -  Total Local Usage
	2816  -  Run Bytes Sent By Job
	952  -  Run Bytes Received By Job
	2816  -  Total Bytes Sent By Job
	952  -  Total Bytes Received By Job
	Partitionable Resources :    Usage  Request Allocated 
	   Cpus                 :     0.96        1         1 
	   Disk (KB)            :    35           1      7698 
	   GPUs                 :                           0 
	   Memory (MB)          :   202        4000      4096 
	   TimeExecute (s)      :   166                       
	   TimeSlotBusy (s)     :   167                       

	Job terminated of its own accord at 2024-11-23T22:41:20Z with exit-code 0.
...
