000 (806.000.000) 2024-11-23 18:22:05 Job submitted from host: <147.188.47.47:9618?addrs=147.188.47.47-9618&alias=eprexb.ph.bham.ac.uk&noUDP&sock=schedd_1171491_f6ca>
...
040 (806.000.000) 2024-11-23 18:22:12 Started transferring input files
	Transferring to host: <147.188.47.71:9618?addrs=147.188.47.71-9618&alias=eplwk001.ph.bham.ac.uk&noUDP&sock=slot1_17_864817_8fb9_63962>
...
040 (806.000.000) 2024-11-23 18:22:12 Finished transferring input files
...
001 (806.000.000) 2024-11-23 18:22:13 Job executing on host: <147.188.47.71:9618?addrs=147.188.47.71-9618&alias=eplwk001.ph.bham.ac.uk&noUDP&sock=startd_864732_ce1e>
	SlotName: slot1_17@eplwk001.ph.bham.ac.uk
	CondorScratchDir = "/var/lib/condor/execute/dir_3344373"
	Cpus = 1
	Disk = 7699
	GPUs = 0
	Memory = 4096
...
006 (806.000.000) 2024-11-23 18:22:21 Image size of job updated: 213884
	209  -  MemoryUsage of job (MB)
	213796  -  ResidentSetSize of job (KB)
...
006 (806.000.000) 2024-11-23 18:23:18 Image size of job updated: 795152
	210  -  MemoryUsage of job (MB)
	214052  -  ResidentSetSize of job (KB)
...
040 (806.000.000) 2024-11-23 18:23:18 Started transferring output files
...
040 (806.000.000) 2024-11-23 18:23:18 Finished transferring output files
...
005 (806.000.000) 2024-11-23 18:23:18 Job terminated.
	(1) Normal termination (return value 0)
		Usr 0 00:00:55, Sys 0 00:00:05  -  Run Remote Usage
		Usr 0 00:00:00, Sys 0 00:00:00  -  Run Local Usage
		Usr 0 00:00:55, Sys 0 00:00:05  -  Total Remote Usage
		Usr 0 00:00:00, Sys 0 00:00:00  -  Total Local Usage
	2816  -  Run Bytes Sent By Job
	952  -  Run Bytes Received By Job
	2816  -  Total Bytes Sent By Job
	952  -  Total Bytes Received By Job
	Partitionable Resources :    Usage  Request Allocated 
	   Cpus                 :        0        1         1 
	   Disk (KB)            :       34        1      7699 
	   GPUs                 :                           0 
	   Memory (MB)          :      210     4000      4096 
	   TimeExecute (s)      :       65                    
	   TimeSlotBusy (s)     :       66                    

	Job terminated of its own accord at 2024-11-23T18:23:18Z with exit-code 0.
...
