000 (1433.000.000) 2024-11-23 23:35:10 Job submitted from host: <147.188.47.47:9618?addrs=147.188.47.47-9618&alias=eprexb.ph.bham.ac.uk&noUDP&sock=schedd_1171491_f6ca>
...
040 (1433.000.000) 2024-11-23 23:48:40 Started transferring input files
	Transferring to host: <147.188.47.73:9618?addrs=147.188.47.73-9618&alias=eplwk003.ph.bham.ac.uk&noUDP&sock=slot1_35_4295_f748_32533>
...
040 (1433.000.000) 2024-11-23 23:48:40 Finished transferring input files
...
001 (1433.000.000) 2024-11-23 23:48:41 Job executing on host: <147.188.47.73:9618?addrs=147.188.47.73-9618&alias=eplwk003.ph.bham.ac.uk&noUDP&sock=startd_4221_d558>
	SlotName: slot1_35@eplwk003.ph.bham.ac.uk
	CondorScratchDir = "/var/lib/condor/execute/dir_3609590"
	Cpus = 1
	Disk = 7698
	GPUs = 0
	Memory = 4096
...
006 (1433.000.000) 2024-11-23 23:48:49 Image size of job updated: 186012
	182  -  MemoryUsage of job (MB)
	186012  -  ResidentSetSize of job (KB)
...
006 (1433.000.000) 2024-11-23 23:51:27 Image size of job updated: 1862968
	1040  -  MemoryUsage of job (MB)
	1064248  -  ResidentSetSize of job (KB)
...
040 (1433.000.000) 2024-11-23 23:51:27 Started transferring output files
...
040 (1433.000.000) 2024-11-23 23:51:27 Finished transferring output files
...
005 (1433.000.000) 2024-11-23 23:51:27 Job terminated.
	(1) Normal termination (return value 0)
		Usr 0 00:01:23, Sys 0 00:00:07  -  Run Remote Usage
		Usr 0 00:00:00, Sys 0 00:00:00  -  Run Local Usage
		Usr 0 00:01:23, Sys 0 00:00:07  -  Total Remote Usage
		Usr 0 00:00:00, Sys 0 00:00:00  -  Total Local Usage
	2816  -  Run Bytes Sent By Job
	952  -  Run Bytes Received By Job
	2816  -  Total Bytes Sent By Job
	952  -  Total Bytes Received By Job
	Partitionable Resources :    Usage  Request Allocated 
	   Cpus                 :     0.40        1         1 
	   Disk (KB)            :    35           1      7698 
	   GPUs                 :                           0 
	   Memory (MB)          :  1040        4000      4096 
	   TimeExecute (s)      :   166                       
	   TimeSlotBusy (s)     :   167                       

	Job terminated of its own accord at 2024-11-23T23:51:27Z with exit-code 0.
...
