000 (2961.000.000) 2024-11-08 11:49:49 Job submitted from host: <147.188.47.46:9618?addrs=147.188.47.46-9618&alias=eprexa.ph.bham.ac.uk&noUDP&sock=schedd_1682379_a360>
...
040 (2961.000.000) 2024-11-08 11:49:55 Started transferring input files
	Transferring to host: <147.188.47.71:9618?addrs=147.188.47.71-9618&alias=eplwk001.ph.bham.ac.uk&noUDP&sock=slot1_1_864817_8fb9_38332>
...
040 (2961.000.000) 2024-11-08 11:49:55 Finished transferring input files
...
001 (2961.000.000) 2024-11-08 11:49:56 Job executing on host: <147.188.47.71:9618?addrs=147.188.47.71-9618&alias=eplwk001.ph.bham.ac.uk&noUDP&sock=startd_864732_ce1e>
	SlotName: slot1_1@eplwk001.ph.bham.ac.uk
	CondorScratchDir = "/var/lib/condor/execute/dir_2577665"
	Cpus = 1
	Disk = 7699
	GPUs = 0
	Memory = 4096
...
006 (2961.000.000) 2024-11-08 11:50:05 Image size of job updated: 495300
	484  -  MemoryUsage of job (MB)
	495176  -  ResidentSetSize of job (KB)
...
006 (2961.000.000) 2024-11-08 11:50:31 Image size of job updated: 784504
	484  -  MemoryUsage of job (MB)
	495176  -  ResidentSetSize of job (KB)
...
040 (2961.000.000) 2024-11-08 11:50:31 Started transferring output files
...
040 (2961.000.000) 2024-11-08 11:50:31 Finished transferring output files
...
005 (2961.000.000) 2024-11-08 11:50:31 Job terminated.
	(1) Normal termination (return value 0)
		Usr 0 00:00:27, Sys 0 00:00:04  -  Run Remote Usage
		Usr 0 00:00:00, Sys 0 00:00:00  -  Run Local Usage
		Usr 0 00:00:27, Sys 0 00:00:04  -  Total Remote Usage
		Usr 0 00:00:00, Sys 0 00:00:00  -  Total Local Usage
	2701  -  Run Bytes Sent By Job
	827  -  Run Bytes Received By Job
	2701  -  Total Bytes Sent By Job
	827  -  Total Bytes Received By Job
	Partitionable Resources :    Usage  Request Allocated 
	   Cpus                 :        0        1         1 
	   Disk (KB)            :       38        1      7699 
	   GPUs                 :                           0 
	   Memory (MB)          :      484     4000      4096 
	   TimeExecute (s)      :       35                    
	   TimeSlotBusy (s)     :       36                    

	Job terminated of its own accord at 2024-11-08T11:50:31Z with exit-code 0.
...
