000 (2032.000.000) 2024-11-25 13:55:29 Job submitted from host: <147.188.47.47:9618?addrs=147.188.47.47-9618&alias=eprexb.ph.bham.ac.uk&noUDP&sock=schedd_1171491_f6ca>
...
040 (2032.000.000) 2024-11-25 13:55:47 Started transferring input files
	Transferring to host: <147.188.47.71:9618?addrs=147.188.47.71-9618&alias=eplwk001.ph.bham.ac.uk&noUDP&sock=slot1_6_864817_8fb9_65714>
...
040 (2032.000.000) 2024-11-25 13:55:47 Finished transferring input files
...
001 (2032.000.000) 2024-11-25 13:55:48 Job executing on host: <147.188.47.71:9618?addrs=147.188.47.71-9618&alias=eplwk001.ph.bham.ac.uk&noUDP&sock=startd_864732_ce1e>
	SlotName: slot1_6@eplwk001.ph.bham.ac.uk
	CondorScratchDir = "/var/lib/condor/execute/dir_1815770"
	Cpus = 1
	Disk = 7699
	GPUs = 0
	Memory = 4096
...
006 (2032.000.000) 2024-11-25 13:55:56 Image size of job updated: 320596
	314  -  MemoryUsage of job (MB)
	320592  -  ResidentSetSize of job (KB)
...
006 (2032.000.000) 2024-11-25 13:57:33 Image size of job updated: 780716
	314  -  MemoryUsage of job (MB)
	320852  -  ResidentSetSize of job (KB)
...
040 (2032.000.000) 2024-11-25 13:57:33 Started transferring output files
...
040 (2032.000.000) 2024-11-25 13:57:33 Finished transferring output files
...
005 (2032.000.000) 2024-11-25 13:57:33 Job terminated.
	(1) Normal termination (return value 0)
		Usr 0 00:01:34, Sys 0 00:00:06  -  Run Remote Usage
		Usr 0 00:00:00, Sys 0 00:00:00  -  Run Local Usage
		Usr 0 00:01:34, Sys 0 00:00:06  -  Total Remote Usage
		Usr 0 00:00:00, Sys 0 00:00:00  -  Total Local Usage
	2729  -  Run Bytes Sent By Job
	951  -  Run Bytes Received By Job
	2729  -  Total Bytes Sent By Job
	951  -  Total Bytes Received By Job
	Partitionable Resources :    Usage  Request Allocated 
	   Cpus                 :     0.99        1         1 
	   Disk (KB)            :    39           1      7699 
	   GPUs                 :                           0 
	   Memory (MB)          :   314        4000      4096 
	   TimeExecute (s)      :   105                       
	   TimeSlotBusy (s)     :   107                       

	Job terminated of its own accord at 2024-11-25T13:57:33Z with exit-code 0.
...
