000 (1413.000.000) 2024-11-23 23:21:04 Job submitted from host: <147.188.47.47:9618?addrs=147.188.47.47-9618&alias=eprexb.ph.bham.ac.uk&noUDP&sock=schedd_1171491_f6ca>
...
040 (1413.000.000) 2024-11-23 23:48:39 Started transferring input files
	Transferring to host: <147.188.47.73:9618?addrs=147.188.47.73-9618&alias=eplwk003.ph.bham.ac.uk&noUDP&sock=slot1_17_4295_f748_32525>
...
040 (1413.000.000) 2024-11-23 23:48:39 Finished transferring input files
...
001 (1413.000.000) 2024-11-23 23:48:40 Job executing on host: <147.188.47.73:9618?addrs=147.188.47.73-9618&alias=eplwk003.ph.bham.ac.uk&noUDP&sock=startd_4221_d558>
	SlotName: slot1_17@eplwk003.ph.bham.ac.uk
	CondorScratchDir = "/var/lib/condor/execute/dir_3609573"
	Cpus = 1
	Disk = 7698
	GPUs = 0
	Memory = 4096
...
006 (1413.000.000) 2024-11-23 23:48:49 Image size of job updated: 205548
	201  -  MemoryUsage of job (MB)
	205324  -  ResidentSetSize of job (KB)
...
006 (1413.000.000) 2024-11-23 23:52:03 Image size of job updated: 3611020
	2764  -  MemoryUsage of job (MB)
	2829728  -  ResidentSetSize of job (KB)
...
040 (1413.000.000) 2024-11-23 23:52:03 Started transferring output files
...
040 (1413.000.000) 2024-11-23 23:52:03 Finished transferring output files
...
005 (1413.000.000) 2024-11-23 23:52:03 Job terminated.
	(1) Normal termination (return value 0)
		Usr 0 00:01:23, Sys 0 00:00:08  -  Run Remote Usage
		Usr 0 00:00:00, Sys 0 00:00:00  -  Run Local Usage
		Usr 0 00:01:23, Sys 0 00:00:08  -  Total Remote Usage
		Usr 0 00:00:00, Sys 0 00:00:00  -  Total Local Usage
	2816  -  Run Bytes Sent By Job
	953  -  Run Bytes Received By Job
	2816  -  Total Bytes Sent By Job
	953  -  Total Bytes Received By Job
	Partitionable Resources :    Usage  Request Allocated 
	   Cpus                 :     0.34        1         1 
	   Disk (KB)            :    34           1      7698 
	   GPUs                 :                           0 
	   Memory (MB)          :  2764        4000      4096 
	   TimeExecute (s)      :   203                       
	   TimeSlotBusy (s)     :   204                       

	Job terminated of its own accord at 2024-11-23T23:52:03Z with exit-code 0.
...
