000 (644.000.000) 2024-11-23 17:20:31 Job submitted from host: <147.188.47.47:9618?addrs=147.188.47.47-9618&alias=eprexb.ph.bham.ac.uk&noUDP&sock=schedd_1171491_f6ca>
...
040 (644.000.000) 2024-11-23 17:20:48 Started transferring input files
	Transferring to host: <147.188.47.71:9618?addrs=147.188.47.71-9618&alias=eplwk001.ph.bham.ac.uk&noUDP&sock=slot1_2_864817_8fb9_63797>
...
040 (644.000.000) 2024-11-23 17:20:48 Finished transferring input files
...
001 (644.000.000) 2024-11-23 17:20:49 Job executing on host: <147.188.47.71:9618?addrs=147.188.47.71-9618&alias=eplwk001.ph.bham.ac.uk&noUDP&sock=startd_864732_ce1e>
	SlotName: slot1_2@eplwk001.ph.bham.ac.uk
	CondorScratchDir = "/var/lib/condor/execute/dir_3048155"
	Cpus = 1
	Disk = 7699
	GPUs = 0
	Memory = 4096
...
006 (644.000.000) 2024-11-23 17:20:58 Image size of job updated: 442340
	432  -  MemoryUsage of job (MB)
	442340  -  ResidentSetSize of job (KB)
...
006 (644.000.000) 2024-11-23 17:21:52 Image size of job updated: 780592
	433  -  MemoryUsage of job (MB)
	442596  -  ResidentSetSize of job (KB)
...
040 (644.000.000) 2024-11-23 17:21:52 Started transferring output files
...
040 (644.000.000) 2024-11-23 17:21:52 Finished transferring output files
...
005 (644.000.000) 2024-11-23 17:21:52 Job terminated.
	(1) Normal termination (return value 0)
		Usr 0 00:00:54, Sys 0 00:00:05  -  Run Remote Usage
		Usr 0 00:00:00, Sys 0 00:00:00  -  Run Local Usage
		Usr 0 00:00:54, Sys 0 00:00:05  -  Total Remote Usage
		Usr 0 00:00:00, Sys 0 00:00:00  -  Total Local Usage
	4014  -  Run Bytes Sent By Job
	947  -  Run Bytes Received By Job
	4014  -  Total Bytes Sent By Job
	947  -  Total Bytes Received By Job
	Partitionable Resources :    Usage  Request Allocated 
	   Cpus                 :                 1         1 
	   Disk (KB)            :       30        1      7699 
	   GPUs                 :                           0 
	   Memory (MB)          :      433     4000      4096 
	   TimeExecute (s)      :       63                    
	   TimeSlotBusy (s)     :       64                    

	Job terminated of its own accord at 2024-11-23T17:21:52Z with exit-code 0.
...
