000 (715.000.000) 2024-11-23 18:00:16 Job submitted from host: <147.188.47.47:9618?addrs=147.188.47.47-9618&alias=eprexb.ph.bham.ac.uk&noUDP&sock=schedd_1171491_f6ca>
...
040 (715.000.000) 2024-11-23 18:00:31 Started transferring input files
	Transferring to host: <147.188.47.71:9618?addrs=147.188.47.71-9618&alias=eplwk001.ph.bham.ac.uk&noUDP&sock=slot1_2_864817_8fb9_63871>
...
040 (715.000.000) 2024-11-23 18:00:31 Finished transferring input files
...
001 (715.000.000) 2024-11-23 18:00:32 Job executing on host: <147.188.47.71:9618?addrs=147.188.47.71-9618&alias=eplwk001.ph.bham.ac.uk&noUDP&sock=startd_864732_ce1e>
	SlotName: slot1_2@eplwk001.ph.bham.ac.uk
	CondorScratchDir = "/var/lib/condor/execute/dir_3081710"
	Cpus = 1
	Disk = 7699
	GPUs = 0
	Memory = 4096
...
006 (715.000.000) 2024-11-23 18:00:41 Image size of job updated: 422996
	413  -  MemoryUsage of job (MB)
	422524  -  ResidentSetSize of job (KB)
...
006 (715.000.000) 2024-11-23 18:01:36 Image size of job updated: 780672
	413  -  MemoryUsage of job (MB)
	422740  -  ResidentSetSize of job (KB)
...
040 (715.000.000) 2024-11-23 18:01:36 Started transferring output files
...
040 (715.000.000) 2024-11-23 18:01:36 Finished transferring output files
...
005 (715.000.000) 2024-11-23 18:01:36 Job terminated.
	(1) Normal termination (return value 0)
		Usr 0 00:00:54, Sys 0 00:00:05  -  Run Remote Usage
		Usr 0 00:00:00, Sys 0 00:00:00  -  Run Local Usage
		Usr 0 00:00:54, Sys 0 00:00:05  -  Total Remote Usage
		Usr 0 00:00:00, Sys 0 00:00:00  -  Total Local Usage
	4014  -  Run Bytes Sent By Job
	947  -  Run Bytes Received By Job
	4014  -  Total Bytes Sent By Job
	947  -  Total Bytes Received By Job
	Partitionable Resources :    Usage  Request Allocated 
	   Cpus                 :        0        1         1 
	   Disk (KB)            :       35        1      7699 
	   GPUs                 :                           0 
	   Memory (MB)          :      413     4000      4096 
	   TimeExecute (s)      :       64                    
	   TimeSlotBusy (s)     :       65                    

	Job terminated of its own accord at 2024-11-23T18:01:36Z with exit-code 0.
...
