000 (502.000.000) 2024-11-23 15:49:06 Job submitted from host: <147.188.47.47:9618?addrs=147.188.47.47-9618&alias=eprexb.ph.bham.ac.uk&noUDP&sock=schedd_1171491_f6ca>
...
040 (502.000.000) 2024-11-23 15:49:21 Started transferring input files
	Transferring to host: <147.188.47.71:9618?addrs=147.188.47.71-9618&alias=eplwk001.ph.bham.ac.uk&noUDP&sock=slot1_5_864817_8fb9_63640>
...
040 (502.000.000) 2024-11-23 15:49:21 Finished transferring input files
...
001 (502.000.000) 2024-11-23 15:49:22 Job executing on host: <147.188.47.71:9618?addrs=147.188.47.71-9618&alias=eplwk001.ph.bham.ac.uk&noUDP&sock=startd_864732_ce1e>
	SlotName: slot1_5@eplwk001.ph.bham.ac.uk
	CondorScratchDir = "/var/lib/condor/execute/dir_2769101"
	Cpus = 1
	Disk = 7699
	GPUs = 0
	Memory = 4096
...
006 (502.000.000) 2024-11-23 15:49:30 Image size of job updated: 50644
	50  -  MemoryUsage of job (MB)
	50180  -  ResidentSetSize of job (KB)
...
006 (502.000.000) 2024-11-23 15:54:30 Image size of job updated: 1402048
	1370  -  MemoryUsage of job (MB)
	1402024  -  ResidentSetSize of job (KB)
...
006 (502.000.000) 2024-11-23 15:57:25 Image size of job updated: 1861256
	1370  -  MemoryUsage of job (MB)
	1402024  -  ResidentSetSize of job (KB)
...
040 (502.000.000) 2024-11-23 15:57:25 Started transferring output files
...
040 (502.000.000) 2024-11-23 15:57:25 Finished transferring output files
...
005 (502.000.000) 2024-11-23 15:57:25 Job terminated.
	(1) Normal termination (return value 0)
		Usr 0 00:00:55, Sys 0 00:00:11  -  Run Remote Usage
		Usr 0 00:00:00, Sys 0 00:00:00  -  Run Local Usage
		Usr 0 00:00:55, Sys 0 00:00:11  -  Total Remote Usage
		Usr 0 00:00:00, Sys 0 00:00:00  -  Total Local Usage
	3927  -  Run Bytes Sent By Job
	947  -  Run Bytes Received By Job
	3927  -  Total Bytes Sent By Job
	947  -  Total Bytes Received By Job
	Partitionable Resources :    Usage  Request Allocated 
	   Cpus                 :     0.17        1         1 
	   Disk (KB)            :    36           1      7699 
	   GPUs                 :                           0 
	   Memory (MB)          :  1370        4000      4096 
	   TimeExecute (s)      :   483                       
	   TimeSlotBusy (s)     :   484                       

	Job terminated of its own accord at 2024-11-23T15:57:25Z with exit-code 0.
...
