000 (637.000.000) 2024-11-23 17:16:37 Job submitted from host: <147.188.47.47:9618?addrs=147.188.47.47-9618&alias=eprexb.ph.bham.ac.uk&noUDP&sock=schedd_1171491_f6ca>
...
040 (637.000.000) 2024-11-23 17:16:42 Started transferring input files
	Transferring to host: <147.188.47.71:9618?addrs=147.188.47.71-9618&alias=eplwk001.ph.bham.ac.uk&noUDP&sock=slot1_6_864817_8fb9_63787>
...
040 (637.000.000) 2024-11-23 17:16:42 Finished transferring input files
...
001 (637.000.000) 2024-11-23 17:16:43 Job executing on host: <147.188.47.71:9618?addrs=147.188.47.71-9618&alias=eplwk001.ph.bham.ac.uk&noUDP&sock=startd_864732_ce1e>
	SlotName: slot1_6@eplwk001.ph.bham.ac.uk
	CondorScratchDir = "/var/lib/condor/execute/dir_3042564"
	Cpus = 1
	Disk = 7699
	GPUs = 0
	Memory = 4096
...
006 (637.000.000) 2024-11-23 17:16:52 Image size of job updated: 473284
	462  -  MemoryUsage of job (MB)
	473016  -  ResidentSetSize of job (KB)
...
006 (637.000.000) 2024-11-23 17:17:58 Image size of job updated: 795200
	462  -  MemoryUsage of job (MB)
	473016  -  ResidentSetSize of job (KB)
...
040 (637.000.000) 2024-11-23 17:17:58 Started transferring output files
...
040 (637.000.000) 2024-11-23 17:17:58 Finished transferring output files
...
005 (637.000.000) 2024-11-23 17:17:58 Job terminated.
	(1) Normal termination (return value 0)
		Usr 0 00:01:05, Sys 0 00:00:05  -  Run Remote Usage
		Usr 0 00:00:00, Sys 0 00:00:00  -  Run Local Usage
		Usr 0 00:01:05, Sys 0 00:00:05  -  Total Remote Usage
		Usr 0 00:00:00, Sys 0 00:00:00  -  Total Local Usage
	4316  -  Run Bytes Sent By Job
	952  -  Run Bytes Received By Job
	4316  -  Total Bytes Sent By Job
	952  -  Total Bytes Received By Job
	Partitionable Resources :    Usage  Request Allocated 
	   Cpus                 :     0.99        1         1 
	   Disk (KB)            :    36           1      7699 
	   GPUs                 :                           0 
	   Memory (MB)          :   462        4000      4096 
	   TimeExecute (s)      :    75                       
	   TimeSlotBusy (s)     :    76                       

	Job terminated of its own accord at 2024-11-23T17:17:58Z with exit-code 0.
...
