000 (794.000.000) 2024-11-23 18:21:47 Job submitted from host: <147.188.47.47:9618?addrs=147.188.47.47-9618&alias=eprexb.ph.bham.ac.uk&noUDP&sock=schedd_1171491_f6ca>
...
040 (794.000.000) 2024-11-23 18:21:51 Started transferring input files
	Transferring to host: <147.188.47.71:9618?addrs=147.188.47.71-9618&alias=eplwk001.ph.bham.ac.uk&noUDP&sock=slot1_5_864817_8fb9_63950>
...
040 (794.000.000) 2024-11-23 18:21:51 Finished transferring input files
...
001 (794.000.000) 2024-11-23 18:21:52 Job executing on host: <147.188.47.71:9618?addrs=147.188.47.71-9618&alias=eplwk001.ph.bham.ac.uk&noUDP&sock=startd_864732_ce1e>
	SlotName: slot1_5@eplwk001.ph.bham.ac.uk
	CondorScratchDir = "/var/lib/condor/execute/dir_3336584"
	Cpus = 1
	Disk = 7699
	GPUs = 0
	Memory = 4096
...
006 (794.000.000) 2024-11-23 18:22:01 Image size of job updated: 277952
	272  -  MemoryUsage of job (MB)
	277952  -  ResidentSetSize of job (KB)
...
006 (794.000.000) 2024-11-23 18:23:00 Image size of job updated: 789340
	272  -  MemoryUsage of job (MB)
	278464  -  ResidentSetSize of job (KB)
...
040 (794.000.000) 2024-11-23 18:23:00 Started transferring output files
...
040 (794.000.000) 2024-11-23 18:23:00 Finished transferring output files
...
005 (794.000.000) 2024-11-23 18:23:00 Job terminated.
	(1) Normal termination (return value 0)
		Usr 0 00:00:57, Sys 0 00:00:05  -  Run Remote Usage
		Usr 0 00:00:00, Sys 0 00:00:00  -  Run Local Usage
		Usr 0 00:00:57, Sys 0 00:00:05  -  Total Remote Usage
		Usr 0 00:00:00, Sys 0 00:00:00  -  Total Local Usage
	2816  -  Run Bytes Sent By Job
	953  -  Run Bytes Received By Job
	2816  -  Total Bytes Sent By Job
	953  -  Total Bytes Received By Job
	Partitionable Resources :    Usage  Request Allocated 
	   Cpus                 :     1.00        1         1 
	   Disk (KB)            :    34           1      7699 
	   GPUs                 :                           0 
	   Memory (MB)          :   272        4000      4096 
	   TimeExecute (s)      :    68                       
	   TimeSlotBusy (s)     :    69                       

	Job terminated of its own accord at 2024-11-23T18:23:00Z with exit-code 0.
...
