000 (1208.000.000) 2024-11-23 19:16:39 Job submitted from host: <147.188.47.47:9618?addrs=147.188.47.47-9618&alias=eprexb.ph.bham.ac.uk&noUDP&sock=schedd_1171491_f6ca>
...
040 (1208.000.000) 2024-11-23 19:16:55 Started transferring input files
	Transferring to host: <147.188.47.71:9618?addrs=147.188.47.71-9618&alias=eplwk001.ph.bham.ac.uk&noUDP&sock=slot1_18_864817_8fb9_64356>
...
040 (1208.000.000) 2024-11-23 19:16:55 Finished transferring input files
...
001 (1208.000.000) 2024-11-23 19:16:56 Job executing on host: <147.188.47.71:9618?addrs=147.188.47.71-9618&alias=eplwk001.ph.bham.ac.uk&noUDP&sock=startd_864732_ce1e>
	SlotName: slot1_18@eplwk001.ph.bham.ac.uk
	CondorScratchDir = "/var/lib/condor/execute/dir_292184"
	Cpus = 1
	Disk = 7699
	GPUs = 0
	Memory = 4096
...
006 (1208.000.000) 2024-11-23 19:17:05 Image size of job updated: 532340
	520  -  MemoryUsage of job (MB)
	532340  -  ResidentSetSize of job (KB)
...
006 (1208.000.000) 2024-11-23 19:17:59 Image size of job updated: 792672
	520  -  MemoryUsage of job (MB)
	532340  -  ResidentSetSize of job (KB)
...
040 (1208.000.000) 2024-11-23 19:17:59 Started transferring output files
...
040 (1208.000.000) 2024-11-23 19:17:59 Finished transferring output files
...
005 (1208.000.000) 2024-11-23 19:17:59 Job terminated.
	(1) Normal termination (return value 0)
		Usr 0 00:00:55, Sys 0 00:00:05  -  Run Remote Usage
		Usr 0 00:00:00, Sys 0 00:00:00  -  Run Local Usage
		Usr 0 00:00:55, Sys 0 00:00:05  -  Total Remote Usage
		Usr 0 00:00:00, Sys 0 00:00:00  -  Total Local Usage
	2806  -  Run Bytes Sent By Job
	952  -  Run Bytes Received By Job
	2806  -  Total Bytes Sent By Job
	952  -  Total Bytes Received By Job
	Partitionable Resources :    Usage  Request Allocated 
	   Cpus                 :     0.95        1         1 
	   Disk (KB)            :    34           1      7699 
	   GPUs                 :                           0 
	   Memory (MB)          :   520        4000      4096 
	   TimeExecute (s)      :    63                       
	   TimeSlotBusy (s)     :    64                       

	Job terminated of its own accord at 2024-11-23T19:17:59Z with exit-code 0.
...
