000 (871.000.000) 2024-11-23 18:32:49 Job submitted from host: <147.188.47.47:9618?addrs=147.188.47.47-9618&alias=eprexb.ph.bham.ac.uk&noUDP&sock=schedd_1171491_f6ca>
...
040 (871.000.000) 2024-11-23 18:32:50 Started transferring input files
	Transferring to host: <147.188.47.71:9618?addrs=147.188.47.71-9618&alias=eplwk001.ph.bham.ac.uk&noUDP&sock=slot1_2_864817_8fb9_64027>
...
040 (871.000.000) 2024-11-23 18:32:50 Finished transferring input files
...
001 (871.000.000) 2024-11-23 18:32:51 Job executing on host: <147.188.47.71:9618?addrs=147.188.47.71-9618&alias=eplwk001.ph.bham.ac.uk&noUDP&sock=startd_864732_ce1e>
	SlotName: slot1_2@eplwk001.ph.bham.ac.uk
	CondorScratchDir = "/var/lib/condor/execute/dir_3601220"
	Cpus = 1
	Disk = 7699
	GPUs = 0
	Memory = 4096
...
006 (871.000.000) 2024-11-23 18:32:59 Image size of job updated: 473640
	463  -  MemoryUsage of job (MB)
	473200  -  ResidentSetSize of job (KB)
...
006 (871.000.000) 2024-11-23 18:34:12 Image size of job updated: 801812
	463  -  MemoryUsage of job (MB)
	473200  -  ResidentSetSize of job (KB)
...
040 (871.000.000) 2024-11-23 18:34:12 Started transferring output files
...
040 (871.000.000) 2024-11-23 18:34:12 Finished transferring output files
...
005 (871.000.000) 2024-11-23 18:34:12 Job terminated.
	(1) Normal termination (return value 0)
		Usr 0 00:01:12, Sys 0 00:00:05  -  Run Remote Usage
		Usr 0 00:00:00, Sys 0 00:00:00  -  Run Local Usage
		Usr 0 00:01:12, Sys 0 00:00:05  -  Total Remote Usage
		Usr 0 00:00:00, Sys 0 00:00:00  -  Total Local Usage
	2812  -  Run Bytes Sent By Job
	943  -  Run Bytes Received By Job
	2812  -  Total Bytes Sent By Job
	943  -  Total Bytes Received By Job
	Partitionable Resources :    Usage  Request Allocated 
	   Cpus                 :        0        1         1 
	   Disk (KB)            :       34        1      7699 
	   GPUs                 :                           0 
	   Memory (MB)          :      463     4000      4096 
	   TimeExecute (s)      :       81                    
	   TimeSlotBusy (s)     :       82                    

	Job terminated of its own accord at 2024-11-23T18:34:12Z with exit-code 0.
...
