000 (1233.000.000) 2024-11-23 19:47:34 Job submitted from host: <147.188.47.47:9618?addrs=147.188.47.47-9618&alias=eprexb.ph.bham.ac.uk&noUDP&sock=schedd_1171491_f6ca>
...
040 (1233.000.000) 2024-11-23 19:47:42 Started transferring input files
	Transferring to host: <147.188.47.71:9618?addrs=147.188.47.71-9618&alias=eplwk001.ph.bham.ac.uk&noUDP&sock=slot1_2_864817_8fb9_64381>
...
040 (1233.000.000) 2024-11-23 19:47:42 Finished transferring input files
...
001 (1233.000.000) 2024-11-23 19:47:43 Job executing on host: <147.188.47.71:9618?addrs=147.188.47.71-9618&alias=eplwk001.ph.bham.ac.uk&noUDP&sock=startd_864732_ce1e>
	SlotName: slot1_2@eplwk001.ph.bham.ac.uk
	CondorScratchDir = "/var/lib/condor/execute/dir_317407"
	Cpus = 1
	Disk = 7699
	GPUs = 0
	Memory = 4096
...
006 (1233.000.000) 2024-11-23 19:47:52 Image size of job updated: 424024
	413  -  MemoryUsage of job (MB)
	422156  -  ResidentSetSize of job (KB)
...
006 (1233.000.000) 2024-11-23 19:49:02 Image size of job updated: 800864
	413  -  MemoryUsage of job (MB)
	422156  -  ResidentSetSize of job (KB)
...
040 (1233.000.000) 2024-11-23 19:49:02 Started transferring output files
...
040 (1233.000.000) 2024-11-23 19:49:02 Finished transferring output files
...
005 (1233.000.000) 2024-11-23 19:49:02 Job terminated.
	(1) Normal termination (return value 0)
		Usr 0 00:01:08, Sys 0 00:00:06  -  Run Remote Usage
		Usr 0 00:00:00, Sys 0 00:00:00  -  Run Local Usage
		Usr 0 00:01:08, Sys 0 00:00:06  -  Total Remote Usage
		Usr 0 00:00:00, Sys 0 00:00:00  -  Total Local Usage
	2802  -  Run Bytes Sent By Job
	943  -  Run Bytes Received By Job
	2802  -  Total Bytes Sent By Job
	943  -  Total Bytes Received By Job
	Partitionable Resources :    Usage  Request Allocated 
	   Cpus                 :        0        1         1 
	   Disk (KB)            :       34        1      7699 
	   GPUs                 :                           0 
	   Memory (MB)          :      413     4000      4096 
	   TimeExecute (s)      :       79                    
	   TimeSlotBusy (s)     :       80                    

	Job terminated of its own accord at 2024-11-23T19:49:02Z with exit-code 0.
...
