000 (2052.000.000) 2024-11-25 14:25:42 Job submitted from host: <147.188.47.47:9618?addrs=147.188.47.47-9618&alias=eprexb.ph.bham.ac.uk&noUDP&sock=schedd_1171491_f6ca>
...
040 (2052.000.000) 2024-11-25 14:26:00 Started transferring input files
	Transferring to host: <147.188.47.71:9618?addrs=147.188.47.71-9618&alias=eplwk001.ph.bham.ac.uk&noUDP&sock=slot1_4_864817_8fb9_65734>
...
040 (2052.000.000) 2024-11-25 14:26:00 Finished transferring input files
...
001 (2052.000.000) 2024-11-25 14:26:01 Job executing on host: <147.188.47.71:9618?addrs=147.188.47.71-9618&alias=eplwk001.ph.bham.ac.uk&noUDP&sock=startd_864732_ce1e>
	SlotName: slot1_4@eplwk001.ph.bham.ac.uk
	CondorScratchDir = "/var/lib/condor/execute/dir_1835544"
	Cpus = 1
	Disk = 7699
	GPUs = 0
	Memory = 4096
...
006 (2052.000.000) 2024-11-25 14:26:09 Image size of job updated: 276888
	271  -  MemoryUsage of job (MB)
	276888  -  ResidentSetSize of job (KB)
...
006 (2052.000.000) 2024-11-25 14:31:09 Image size of job updated: 778860
	761  -  MemoryUsage of job (MB)
	778384  -  ResidentSetSize of job (KB)
...
006 (2052.000.000) 2024-11-25 14:36:10 Image size of job updated: 790904
	772  -  MemoryUsage of job (MB)
	790528  -  ResidentSetSize of job (KB)
...
006 (2052.000.000) 2024-11-25 14:41:11 Image size of job updated: 803508
	782  -  MemoryUsage of job (MB)
	800532  -  ResidentSetSize of job (KB)
...
006 (2052.000.000) 2024-11-25 14:43:39 Image size of job updated: 804560
	782  -  MemoryUsage of job (MB)
	800532  -  ResidentSetSize of job (KB)
...
040 (2052.000.000) 2024-11-25 14:43:39 Started transferring output files
...
040 (2052.000.000) 2024-11-25 14:43:39 Finished transferring output files
...
005 (2052.000.000) 2024-11-25 14:43:39 Job terminated.
	(1) Normal termination (return value 0)
		Usr 0 00:16:38, Sys 0 00:00:49  -  Run Remote Usage
		Usr 0 00:00:00, Sys 0 00:00:00  -  Run Local Usage
		Usr 0 00:16:38, Sys 0 00:00:49  -  Total Remote Usage
		Usr 0 00:00:00, Sys 0 00:00:00  -  Total Local Usage
	2729  -  Run Bytes Sent By Job
	952  -  Run Bytes Received By Job
	2729  -  Total Bytes Sent By Job
	952  -  Total Bytes Received By Job
	Partitionable Resources :    Usage  Request Allocated 
	   Cpus                 :     1.00        1         1 
	   Disk (KB)            :    39           1      7699 
	   GPUs                 :                           0 
	   Memory (MB)          :   782        4000      4096 
	   TimeExecute (s)      :  1058                       
	   TimeSlotBusy (s)     :  1059                       

	Job terminated of its own accord at 2024-11-25T14:43:39Z with exit-code 0.
...
