000 (1363.000.000) 2024-11-23 22:35:57 Job submitted from host: <147.188.47.47:9618?addrs=147.188.47.47-9618&alias=eprexb.ph.bham.ac.uk&noUDP&sock=schedd_1171491_f6ca>
...
040 (1363.000.000) 2024-11-23 22:51:42 Started transferring input files
	Transferring to host: <147.188.47.71:9618?addrs=147.188.47.71-9618&alias=eplwk001.ph.bham.ac.uk&noUDP&sock=slot1_86_864817_8fb9_64638>
...
040 (1363.000.000) 2024-11-23 22:51:42 Finished transferring input files
...
001 (1363.000.000) 2024-11-23 22:51:43 Job executing on host: <147.188.47.71:9618?addrs=147.188.47.71-9618&alias=eplwk001.ph.bham.ac.uk&noUDP&sock=startd_864732_ce1e>
	SlotName: slot1_86@eplwk001.ph.bham.ac.uk
	CondorScratchDir = "/var/lib/condor/execute/dir_435135"
	Cpus = 1
	Disk = 7699
	GPUs = 0
	Memory = 4096
...
006 (1363.000.000) 2024-11-23 22:51:52 Image size of job updated: 193996
	190  -  MemoryUsage of job (MB)
	193860  -  ResidentSetSize of job (KB)
...
006 (1363.000.000) 2024-11-23 22:54:21 Image size of job updated: 1043292
	219  -  MemoryUsage of job (MB)
	224024  -  ResidentSetSize of job (KB)
...
040 (1363.000.000) 2024-11-23 22:54:21 Started transferring output files
...
040 (1363.000.000) 2024-11-23 22:54:21 Finished transferring output files
...
005 (1363.000.000) 2024-11-23 22:54:21 Job terminated.
	(1) Normal termination (return value 0)
		Usr 0 00:02:14, Sys 0 00:00:09  -  Run Remote Usage
		Usr 0 00:00:00, Sys 0 00:00:00  -  Run Local Usage
		Usr 0 00:02:14, Sys 0 00:00:09  -  Total Remote Usage
		Usr 0 00:00:00, Sys 0 00:00:00  -  Total Local Usage
	2806  -  Run Bytes Sent By Job
	952  -  Run Bytes Received By Job
	2806  -  Total Bytes Sent By Job
	952  -  Total Bytes Received By Job
	Partitionable Resources :    Usage  Request Allocated 
	   Cpus                 :     0.92        1         1 
	   Disk (KB)            :    35           1      7699 
	   GPUs                 :                           0 
	   Memory (MB)          :   219        4000      4096 
	   TimeExecute (s)      :   158                       
	   TimeSlotBusy (s)     :   159                       

	Job terminated of its own accord at 2024-11-23T22:54:21Z with exit-code 0.
...
