000 (1367.000.000) 2024-11-23 23:05:29 Job submitted from host: <147.188.47.47:9618?addrs=147.188.47.47-9618&alias=eprexb.ph.bham.ac.uk&noUDP&sock=schedd_1171491_f6ca>
...
040 (1367.000.000) 2024-11-23 23:05:30 Started transferring input files
	Transferring to host: <147.188.47.72:9618?addrs=147.188.47.72-9618&alias=eplwk002.ph.bham.ac.uk&noUDP&sock=slot1_22_187135_4953_45463>
...
040 (1367.000.000) 2024-11-23 23:05:30 Finished transferring input files
...
001 (1367.000.000) 2024-11-23 23:05:31 Job executing on host: <147.188.47.72:9618?addrs=147.188.47.72-9618&alias=eplwk002.ph.bham.ac.uk&noUDP&sock=startd_187014_a097>
	SlotName: slot1_22@eplwk002.ph.bham.ac.uk
	CondorScratchDir = "/var/lib/condor/execute/dir_2666600"
	Cpus = 1
	Disk = 7701
	GPUs = 0
	Memory = 4096
...
006 (1367.000.000) 2024-11-23 23:05:40 Image size of job updated: 472880
	462  -  MemoryUsage of job (MB)
	472640  -  ResidentSetSize of job (KB)
...
006 (1367.000.000) 2024-11-23 23:07:39 Image size of job updated: 3036720
	2209  -  MemoryUsage of job (MB)
	2261752  -  ResidentSetSize of job (KB)
...
040 (1367.000.000) 2024-11-23 23:07:39 Started transferring output files
...
040 (1367.000.000) 2024-11-23 23:07:39 Finished transferring output files
...
005 (1367.000.000) 2024-11-23 23:07:39 Job terminated.
	(1) Normal termination (return value 0)
		Usr 0 00:01:07, Sys 0 00:00:08  -  Run Remote Usage
		Usr 0 00:00:00, Sys 0 00:00:00  -  Run Local Usage
		Usr 0 00:01:07, Sys 0 00:00:08  -  Total Remote Usage
		Usr 0 00:00:00, Sys 0 00:00:00  -  Total Local Usage
	2814  -  Run Bytes Sent By Job
	947  -  Run Bytes Received By Job
	2814  -  Total Bytes Sent By Job
	947  -  Total Bytes Received By Job
	Partitionable Resources :    Usage  Request Allocated 
	   Cpus                 :     0.75        1         1 
	   Disk (KB)            :    34           1      7701 
	   GPUs                 :                           0 
	   Memory (MB)          :  2209        4000      4096 
	   TimeExecute (s)      :   128                       
	   TimeSlotBusy (s)     :   129                       

	Job terminated of its own accord at 2024-11-23T23:07:39Z with exit-code 0.
...
