000 (1476.000.000) 2024-11-24 00:25:53 Job submitted from host: <147.188.47.47:9618?addrs=147.188.47.47-9618&alias=eprexb.ph.bham.ac.uk&noUDP&sock=schedd_1171491_f6ca>
...
040 (1476.000.000) 2024-11-24 00:26:01 Started transferring input files
	Transferring to host: <147.188.47.71:9618?addrs=147.188.47.71-9618&alias=eplwk001.ph.bham.ac.uk&noUDP&sock=slot1_25_864817_8fb9_64754>
...
040 (1476.000.000) 2024-11-24 00:26:01 Finished transferring input files
...
001 (1476.000.000) 2024-11-24 00:26:02 Job executing on host: <147.188.47.71:9618?addrs=147.188.47.71-9618&alias=eplwk001.ph.bham.ac.uk&noUDP&sock=startd_864732_ce1e>
	SlotName: slot1_25@eplwk001.ph.bham.ac.uk
	CondorScratchDir = "/var/lib/condor/execute/dir_493123"
	Cpus = 1
	Disk = 7699
	GPUs = 0
	Memory = 4096
...
006 (1476.000.000) 2024-11-24 00:26:11 Image size of job updated: 371712
	363  -  MemoryUsage of job (MB)
	371704  -  ResidentSetSize of job (KB)
...
006 (1476.000.000) 2024-11-24 00:27:36 Image size of job updated: 787884
	364  -  MemoryUsage of job (MB)
	372104  -  ResidentSetSize of job (KB)
...
040 (1476.000.000) 2024-11-24 00:27:36 Started transferring output files
...
040 (1476.000.000) 2024-11-24 00:27:36 Finished transferring output files
...
005 (1476.000.000) 2024-11-24 00:27:36 Job terminated.
	(1) Normal termination (return value 0)
		Usr 0 00:01:22, Sys 0 00:00:06  -  Run Remote Usage
		Usr 0 00:00:00, Sys 0 00:00:00  -  Run Local Usage
		Usr 0 00:01:22, Sys 0 00:00:06  -  Total Remote Usage
		Usr 0 00:00:00, Sys 0 00:00:00  -  Total Local Usage
	2806  -  Run Bytes Sent By Job
	953  -  Run Bytes Received By Job
	2806  -  Total Bytes Sent By Job
	953  -  Total Bytes Received By Job
	Partitionable Resources :    Usage  Request Allocated 
	   Cpus                 :     1.00        1         1 
	   Disk (KB)            :    34           1      7699 
	   GPUs                 :                           0 
	   Memory (MB)          :   364        4000      4096 
	   TimeExecute (s)      :    94                       
	   TimeSlotBusy (s)     :    95                       

	Job terminated of its own accord at 2024-11-24T00:27:36Z with exit-code 0.
...
