000 (2950.000.000) 2024-11-07 17:42:39 Job submitted from host: <147.188.47.46:9618?addrs=147.188.47.46-9618&alias=eprexa.ph.bham.ac.uk&noUDP&sock=schedd_1682379_a360>
...
040 (2950.000.000) 2024-11-07 17:42:54 Started transferring input files
	Transferring to host: <147.188.47.72:9618?addrs=147.188.47.72-9618&alias=eplwk002.ph.bham.ac.uk&noUDP&sock=slot1_1_187135_4953_32412>
...
040 (2950.000.000) 2024-11-07 17:42:54 Finished transferring input files
...
001 (2950.000.000) 2024-11-07 17:42:55 Job executing on host: <147.188.47.72:9618?addrs=147.188.47.72-9618&alias=eplwk002.ph.bham.ac.uk&noUDP&sock=startd_187014_a097>
	SlotName: slot1_1@eplwk002.ph.bham.ac.uk
	CondorScratchDir = "/var/lib/condor/execute/dir_3238900"
	Cpus = 1
	Disk = 7701
	GPUs = 0
	Memory = 4096
...
006 (2950.000.000) 2024-11-07 17:43:04 Image size of job updated: 474496
	464  -  MemoryUsage of job (MB)
	474204  -  ResidentSetSize of job (KB)
...
006 (2950.000.000) 2024-11-07 17:43:06 Image size of job updated: 524604
	464  -  MemoryUsage of job (MB)
	474204  -  ResidentSetSize of job (KB)
...
040 (2950.000.000) 2024-11-07 17:43:06 Started transferring output files
...
040 (2950.000.000) 2024-11-07 17:43:06 Finished transferring output files
...
005 (2950.000.000) 2024-11-07 17:43:06 Job terminated.
	(1) Normal termination (return value 0)
		Usr 0 00:00:04, Sys 0 00:00:04  -  Run Remote Usage
		Usr 0 00:00:00, Sys 0 00:00:00  -  Run Local Usage
		Usr 0 00:00:04, Sys 0 00:00:04  -  Total Remote Usage
		Usr 0 00:00:00, Sys 0 00:00:00  -  Total Local Usage
	1319  -  Run Bytes Sent By Job
	789  -  Run Bytes Received By Job
	1319  -  Total Bytes Sent By Job
	789  -  Total Bytes Received By Job
	Partitionable Resources :    Usage  Request Allocated 
	   Cpus                 :        0        1         1 
	   Disk (KB)            :       38        1      7701 
	   GPUs                 :                           0 
	   Memory (MB)          :      464     4000      4096 
	   TimeExecute (s)      :       11                    
	   TimeSlotBusy (s)     :       12                    

	Job terminated of its own accord at 2024-11-07T17:43:06Z with exit-code 0.
...
