000 (560.000.000) 2024-11-23 16:43:50 Job submitted from host: <147.188.47.47:9618?addrs=147.188.47.47-9618&alias=eprexb.ph.bham.ac.uk&noUDP&sock=schedd_1171491_f6ca>
...
040 (560.000.000) 2024-11-23 16:44:04 Started transferring input files
	Transferring to host: <147.188.47.71:9618?addrs=147.188.47.71-9618&alias=eplwk001.ph.bham.ac.uk&noUDP&sock=slot1_3_864817_8fb9_63698>
...
040 (560.000.000) 2024-11-23 16:44:04 Finished transferring input files
...
001 (560.000.000) 2024-11-23 16:44:05 Job executing on host: <147.188.47.71:9618?addrs=147.188.47.71-9618&alias=eplwk001.ph.bham.ac.uk&noUDP&sock=startd_864732_ce1e>
	SlotName: slot1_3@eplwk001.ph.bham.ac.uk
	CondorScratchDir = "/var/lib/condor/execute/dir_2991470"
	Cpus = 1
	Disk = 7699
	GPUs = 0
	Memory = 4096
...
006 (560.000.000) 2024-11-23 16:44:15 Image size of job updated: 494624
	483  -  MemoryUsage of job (MB)
	494340  -  ResidentSetSize of job (KB)
...
006 (560.000.000) 2024-11-23 16:45:21 Image size of job updated: 790964
	483  -  MemoryUsage of job (MB)
	494340  -  ResidentSetSize of job (KB)
...
040 (560.000.000) 2024-11-23 16:45:21 Started transferring output files
...
040 (560.000.000) 2024-11-23 16:45:21 Finished transferring output files
...
005 (560.000.000) 2024-11-23 16:45:21 Job terminated.
	(1) Normal termination (return value 0)
		Usr 0 00:01:06, Sys 0 00:00:05  -  Run Remote Usage
		Usr 0 00:00:00, Sys 0 00:00:00  -  Run Local Usage
		Usr 0 00:01:06, Sys 0 00:00:05  -  Total Remote Usage
		Usr 0 00:00:00, Sys 0 00:00:00  -  Total Local Usage
	4316  -  Run Bytes Sent By Job
	952  -  Run Bytes Received By Job
	4316  -  Total Bytes Sent By Job
	952  -  Total Bytes Received By Job
	Partitionable Resources :    Usage  Request Allocated 
	   Cpus                 :        0        1         1 
	   Disk (KB)            :       36        1      7699 
	   GPUs                 :                           0 
	   Memory (MB)          :      483     4000      4096 
	   TimeExecute (s)      :       76                    
	   TimeSlotBusy (s)     :       77                    

	Job terminated of its own accord at 2024-11-23T16:45:21Z with exit-code 0.
...
