000 (2028.000.000) 2024-11-25 13:49:35 Job submitted from host: <147.188.47.47:9618?addrs=147.188.47.47-9618&alias=eprexb.ph.bham.ac.uk&noUDP&sock=schedd_1171491_f6ca>
...
040 (2028.000.000) 2024-11-25 13:49:49 Started transferring input files
	Transferring to host: <147.188.47.71:9618?addrs=147.188.47.71-9618&alias=eplwk001.ph.bham.ac.uk&noUDP&sock=slot1_40_864817_8fb9_65710>
...
040 (2028.000.000) 2024-11-25 13:49:49 Finished transferring input files
...
001 (2028.000.000) 2024-11-25 13:49:50 Job executing on host: <147.188.47.71:9618?addrs=147.188.47.71-9618&alias=eplwk001.ph.bham.ac.uk&noUDP&sock=startd_864732_ce1e>
	SlotName: slot1_40@eplwk001.ph.bham.ac.uk
	CondorScratchDir = "/var/lib/condor/execute/dir_1787011"
	Cpus = 1
	Disk = 7699
	GPUs = 0
	Memory = 4096
...
006 (2028.000.000) 2024-11-25 13:49:58 Image size of job updated: 203584
	199  -  MemoryUsage of job (MB)
	203580  -  ResidentSetSize of job (KB)
...
006 (2028.000.000) 2024-11-25 13:54:58 Image size of job updated: 767232
	749  -  MemoryUsage of job (MB)
	766704  -  ResidentSetSize of job (KB)
...
006 (2028.000.000) 2024-11-25 13:59:59 Image size of job updated: 797008
	770  -  MemoryUsage of job (MB)
	787544  -  ResidentSetSize of job (KB)
...
006 (2028.000.000) 2024-11-25 14:04:07 Image size of job updated: 829740
	770  -  MemoryUsage of job (MB)
	787544  -  ResidentSetSize of job (KB)
...
040 (2028.000.000) 2024-11-25 14:04:07 Started transferring output files
...
040 (2028.000.000) 2024-11-25 14:04:07 Finished transferring output files
...
005 (2028.000.000) 2024-11-25 14:04:07 Job terminated.
	(1) Normal termination (return value 0)
		Usr 0 00:13:27, Sys 0 00:00:39  -  Run Remote Usage
		Usr 0 00:00:00, Sys 0 00:00:00  -  Run Local Usage
		Usr 0 00:13:27, Sys 0 00:00:39  -  Total Remote Usage
		Usr 0 00:00:00, Sys 0 00:00:00  -  Total Local Usage
	2731  -  Run Bytes Sent By Job
	957  -  Run Bytes Received By Job
	2731  -  Total Bytes Sent By Job
	957  -  Total Bytes Received By Job
	Partitionable Resources :    Usage  Request Allocated 
	   Cpus                 :     0.99        1         1 
	   Disk (KB)            :    39           1      7699 
	   GPUs                 :                           0 
	   Memory (MB)          :   770        4000      4096 
	   TimeExecute (s)      :   857                       
	   TimeSlotBusy (s)     :   858                       

	Job terminated of its own accord at 2024-11-25T14:04:07Z with exit-code 0.
...
