000 (1379.000.000) 2024-11-23 23:05:47 Job submitted from host: <147.188.47.47:9618?addrs=147.188.47.47-9618&alias=eprexb.ph.bham.ac.uk&noUDP&sock=schedd_1171491_f6ca>
...
040 (1379.000.000) 2024-11-23 23:07:39 Started transferring input files
	Transferring to host: <147.188.47.72:9618?addrs=147.188.47.72-9618&alias=eplwk002.ph.bham.ac.uk&noUDP&sock=slot1_22_187135_4953_45469>
...
040 (1379.000.000) 2024-11-23 23:07:39 Finished transferring input files
...
001 (1379.000.000) 2024-11-23 23:07:40 Job executing on host: <147.188.47.72:9618?addrs=147.188.47.72-9618&alias=eplwk002.ph.bham.ac.uk&noUDP&sock=startd_187014_a097>
	SlotName: slot1_22@eplwk002.ph.bham.ac.uk
	CondorScratchDir = "/var/lib/condor/execute/dir_2670276"
	Cpus = 1
	Disk = 7701
	GPUs = 0
	Memory = 4096
...
006 (1379.000.000) 2024-11-23 23:07:50 Image size of job updated: 418532
	409  -  MemoryUsage of job (MB)
	418380  -  ResidentSetSize of job (KB)
...
006 (1379.000.000) 2024-11-23 23:09:35 Image size of job updated: 1371320
	577  -  MemoryUsage of job (MB)
	590800  -  ResidentSetSize of job (KB)
...
040 (1379.000.000) 2024-11-23 23:09:35 Started transferring output files
...
040 (1379.000.000) 2024-11-23 23:09:35 Finished transferring output files
...
005 (1379.000.000) 2024-11-23 23:09:35 Job terminated.
	(1) Normal termination (return value 0)
		Usr 0 00:01:23, Sys 0 00:00:07  -  Run Remote Usage
		Usr 0 00:00:00, Sys 0 00:00:00  -  Run Local Usage
		Usr 0 00:01:23, Sys 0 00:00:07  -  Total Remote Usage
		Usr 0 00:00:00, Sys 0 00:00:00  -  Total Local Usage
	2816  -  Run Bytes Sent By Job
	952  -  Run Bytes Received By Job
	2816  -  Total Bytes Sent By Job
	952  -  Total Bytes Received By Job
	Partitionable Resources :    Usage  Request Allocated 
	   Cpus                 :        0        1         1 
	   Disk (KB)            :       35        1      7701 
	   GPUs                 :                           0 
	   Memory (MB)          :      577     4000      4096 
	   TimeExecute (s)      :      115                    
	   TimeSlotBusy (s)     :      116                    

	Job terminated of its own accord at 2024-11-23T23:09:35Z with exit-code 0.
...
