000 (1226.000.000) 2024-11-23 19:25:41 Job submitted from host: <147.188.47.47:9618?addrs=147.188.47.47-9618&alias=eprexb.ph.bham.ac.uk&noUDP&sock=schedd_1171491_f6ca>
...
040 (1226.000.000) 2024-11-23 19:26:00 Started transferring input files
	Transferring to host: <147.188.47.71:9618?addrs=147.188.47.71-9618&alias=eplwk001.ph.bham.ac.uk&noUDP&sock=slot1_16_864817_8fb9_64374>
...
040 (1226.000.000) 2024-11-23 19:26:00 Finished transferring input files
...
001 (1226.000.000) 2024-11-23 19:26:01 Job executing on host: <147.188.47.71:9618?addrs=147.188.47.71-9618&alias=eplwk001.ph.bham.ac.uk&noUDP&sock=startd_864732_ce1e>
	SlotName: slot1_16@eplwk001.ph.bham.ac.uk
	CondorScratchDir = "/var/lib/condor/execute/dir_313760"
	Cpus = 1
	Disk = 7699
	GPUs = 0
	Memory = 4096
...
006 (1226.000.000) 2024-11-23 19:26:10 Image size of job updated: 534320
	522  -  MemoryUsage of job (MB)
	534320  -  ResidentSetSize of job (KB)
...
006 (1226.000.000) 2024-11-23 19:27:19 Image size of job updated: 796292
	522  -  MemoryUsage of job (MB)
	534320  -  ResidentSetSize of job (KB)
...
040 (1226.000.000) 2024-11-23 19:27:19 Started transferring output files
...
040 (1226.000.000) 2024-11-23 19:27:19 Finished transferring output files
...
005 (1226.000.000) 2024-11-23 19:27:19 Job terminated.
	(1) Normal termination (return value 0)
		Usr 0 00:01:09, Sys 0 00:00:05  -  Run Remote Usage
		Usr 0 00:00:00, Sys 0 00:00:00  -  Run Local Usage
		Usr 0 00:01:09, Sys 0 00:00:05  -  Total Remote Usage
		Usr 0 00:00:00, Sys 0 00:00:00  -  Total Local Usage
	2806  -  Run Bytes Sent By Job
	953  -  Run Bytes Received By Job
	2806  -  Total Bytes Sent By Job
	953  -  Total Bytes Received By Job
	Partitionable Resources :    Usage  Request Allocated 
	   Cpus                 :     0.99        1         1 
	   Disk (KB)            :    34           1      7699 
	   GPUs                 :                           0 
	   Memory (MB)          :   522        4000      4096 
	   TimeExecute (s)      :    78                       
	   TimeSlotBusy (s)     :    79                       

	Job terminated of its own accord at 2024-11-23T19:27:19Z with exit-code 0.
...
