000 (818.000.000) 2024-11-23 18:26:49 Job submitted from host: <147.188.47.47:9618?addrs=147.188.47.47-9618&alias=eprexb.ph.bham.ac.uk&noUDP&sock=schedd_1171491_f6ca>
...
040 (818.000.000) 2024-11-23 18:26:57 Started transferring input files
	Transferring to host: <147.188.47.71:9618?addrs=147.188.47.71-9618&alias=eplwk001.ph.bham.ac.uk&noUDP&sock=slot1_9_864817_8fb9_63974>
...
040 (818.000.000) 2024-11-23 18:26:57 Finished transferring input files
...
001 (818.000.000) 2024-11-23 18:26:58 Job executing on host: <147.188.47.71:9618?addrs=147.188.47.71-9618&alias=eplwk001.ph.bham.ac.uk&noUDP&sock=startd_864732_ce1e>
	SlotName: slot1_9@eplwk001.ph.bham.ac.uk
	CondorScratchDir = "/var/lib/condor/execute/dir_3367841"
	Cpus = 1
	Disk = 7699
	GPUs = 0
	Memory = 4096
...
006 (818.000.000) 2024-11-23 18:27:07 Image size of job updated: 333632
	326  -  MemoryUsage of job (MB)
	333632  -  ResidentSetSize of job (KB)
...
006 (818.000.000) 2024-11-23 18:28:18 Image size of job updated: 802080
	327  -  MemoryUsage of job (MB)
	333888  -  ResidentSetSize of job (KB)
...
040 (818.000.000) 2024-11-23 18:28:18 Started transferring output files
...
040 (818.000.000) 2024-11-23 18:28:18 Finished transferring output files
...
005 (818.000.000) 2024-11-23 18:28:18 Job terminated.
	(1) Normal termination (return value 0)
		Usr 0 00:01:09, Sys 0 00:00:05  -  Run Remote Usage
		Usr 0 00:00:00, Sys 0 00:00:00  -  Run Local Usage
		Usr 0 00:01:09, Sys 0 00:00:05  -  Total Remote Usage
		Usr 0 00:00:00, Sys 0 00:00:00  -  Total Local Usage
	2816  -  Run Bytes Sent By Job
	952  -  Run Bytes Received By Job
	2816  -  Total Bytes Sent By Job
	952  -  Total Bytes Received By Job
	Partitionable Resources :    Usage  Request Allocated 
	   Cpus                 :     0.59        1         1 
	   Disk (KB)            :    34           1      7699 
	   GPUs                 :                           0 
	   Memory (MB)          :   327        4000      4096 
	   TimeExecute (s)      :    80                       
	   TimeSlotBusy (s)     :    81                       

	Job terminated of its own accord at 2024-11-23T18:28:18Z with exit-code 0.
...
