000 (1050.000.000) 2024-11-23 18:45:04 Job submitted from host: <147.188.47.47:9618?addrs=147.188.47.47-9618&alias=eprexb.ph.bham.ac.uk&noUDP&sock=schedd_1171491_f6ca>
...
040 (1050.000.000) 2024-11-23 18:45:49 Started transferring input files
	Transferring to host: <147.188.47.71:9618?addrs=147.188.47.71-9618&alias=eplwk001.ph.bham.ac.uk&noUDP&sock=slot1_41_864817_8fb9_64218>
...
040 (1050.000.000) 2024-11-23 18:45:49 Finished transferring input files
...
001 (1050.000.000) 2024-11-23 18:45:50 Job executing on host: <147.188.47.71:9618?addrs=147.188.47.71-9618&alias=eplwk001.ph.bham.ac.uk&noUDP&sock=startd_864732_ce1e>
	SlotName: slot1_41@eplwk001.ph.bham.ac.uk
	CondorScratchDir = "/var/lib/condor/execute/dir_51152"
	Cpus = 1
	Disk = 7699
	GPUs = 0
	Memory = 4096
...
006 (1050.000.000) 2024-11-23 18:45:59 Image size of job updated: 192900
	188  -  MemoryUsage of job (MB)
	192296  -  ResidentSetSize of job (KB)
...
006 (1050.000.000) 2024-11-23 18:47:07 Image size of job updated: 780888
	188  -  MemoryUsage of job (MB)
	192296  -  ResidentSetSize of job (KB)
...
040 (1050.000.000) 2024-11-23 18:47:07 Started transferring output files
...
040 (1050.000.000) 2024-11-23 18:47:07 Finished transferring output files
...
005 (1050.000.000) 2024-11-23 18:47:07 Job terminated.
	(1) Normal termination (return value 0)
		Usr 0 00:00:59, Sys 0 00:00:05  -  Run Remote Usage
		Usr 0 00:00:00, Sys 0 00:00:00  -  Run Local Usage
		Usr 0 00:00:59, Sys 0 00:00:05  -  Total Remote Usage
		Usr 0 00:00:00, Sys 0 00:00:00  -  Total Local Usage
	2792  -  Run Bytes Sent By Job
	942  -  Run Bytes Received By Job
	2792  -  Total Bytes Sent By Job
	942  -  Total Bytes Received By Job
	Partitionable Resources :    Usage  Request Allocated 
	   Cpus                 :        0        1         1 
	   Disk (KB)            :       35        1      7699 
	   GPUs                 :                           0 
	   Memory (MB)          :      188     4000      4096 
	   TimeExecute (s)      :       77                    
	   TimeSlotBusy (s)     :       78                    

	Job terminated of its own accord at 2024-11-23T18:47:07Z with exit-code 0.
...
