000 (504.000.000) 2024-11-23 15:49:06 Job submitted from host: <147.188.47.47:9618?addrs=147.188.47.47-9618&alias=eprexb.ph.bham.ac.uk&noUDP&sock=schedd_1171491_f6ca>
...
040 (504.000.000) 2024-11-23 15:49:21 Started transferring input files
	Transferring to host: <147.188.47.71:9618?addrs=147.188.47.71-9618&alias=eplwk001.ph.bham.ac.uk&noUDP&sock=slot1_7_864817_8fb9_63642>
...
040 (504.000.000) 2024-11-23 15:49:21 Finished transferring input files
...
001 (504.000.000) 2024-11-23 15:49:22 Job executing on host: <147.188.47.71:9618?addrs=147.188.47.71-9618&alias=eplwk001.ph.bham.ac.uk&noUDP&sock=startd_864732_ce1e>
	SlotName: slot1_7@eplwk001.ph.bham.ac.uk
	CondorScratchDir = "/var/lib/condor/execute/dir_2769105"
	Cpus = 1
	Disk = 7699
	GPUs = 0
	Memory = 4096
...
006 (504.000.000) 2024-11-23 15:49:30 Image size of job updated: 49948
	49  -  MemoryUsage of job (MB)
	49692  -  ResidentSetSize of job (KB)
...
006 (504.000.000) 2024-11-23 15:54:30 Image size of job updated: 1615004
	1578  -  MemoryUsage of job (MB)
	1614900  -  ResidentSetSize of job (KB)
...
006 (504.000.000) 2024-11-23 15:58:48 Image size of job updated: 2385880
	1578  -  MemoryUsage of job (MB)
	1614900  -  ResidentSetSize of job (KB)
...
040 (504.000.000) 2024-11-23 15:58:49 Started transferring output files
...
040 (504.000.000) 2024-11-23 15:58:49 Finished transferring output files
...
005 (504.000.000) 2024-11-23 15:58:49 Job terminated.
	(1) Normal termination (return value 0)
		Usr 0 00:01:11, Sys 0 00:00:11  -  Run Remote Usage
		Usr 0 00:00:00, Sys 0 00:00:00  -  Run Local Usage
		Usr 0 00:01:11, Sys 0 00:00:11  -  Total Remote Usage
		Usr 0 00:00:00, Sys 0 00:00:00  -  Total Local Usage
	4237  -  Run Bytes Sent By Job
	948  -  Run Bytes Received By Job
	4237  -  Total Bytes Sent By Job
	948  -  Total Bytes Received By Job
	Partitionable Resources :    Usage  Request Allocated 
	   Cpus                 :     0.10        1         1 
	   Disk (KB)            :    36           1      7699 
	   GPUs                 :                           0 
	   Memory (MB)          :  1578        4000      4096 
	   TimeExecute (s)      :   566                       
	   TimeSlotBusy (s)     :   568                       

	Job terminated of its own accord at 2024-11-23T15:58:48Z with exit-code 0.
...
