000 (1437.000.000) 2024-11-23 23:35:16 Job submitted from host: <147.188.47.47:9618?addrs=147.188.47.47-9618&alias=eprexb.ph.bham.ac.uk&noUDP&sock=schedd_1171491_f6ca>
...
040 (1437.000.000) 2024-11-23 23:48:40 Started transferring input files
	Transferring to host: <147.188.47.73:9618?addrs=147.188.47.73-9618&alias=eplwk003.ph.bham.ac.uk&noUDP&sock=slot1_37_4295_f748_32535>
...
040 (1437.000.000) 2024-11-23 23:48:40 Finished transferring input files
...
001 (1437.000.000) 2024-11-23 23:48:41 Job executing on host: <147.188.47.73:9618?addrs=147.188.47.73-9618&alias=eplwk003.ph.bham.ac.uk&noUDP&sock=startd_4221_d558>
	SlotName: slot1_37@eplwk003.ph.bham.ac.uk
	CondorScratchDir = "/var/lib/condor/execute/dir_3609594"
	Cpus = 1
	Disk = 7698
	GPUs = 0
	Memory = 4096
...
006 (1437.000.000) 2024-11-23 23:48:49 Image size of job updated: 184336
	180  -  MemoryUsage of job (MB)
	183900  -  ResidentSetSize of job (KB)
...
006 (1437.000.000) 2024-11-23 23:52:07 Image size of job updated: 3618288
	2764  -  MemoryUsage of job (MB)
	2829504  -  ResidentSetSize of job (KB)
...
040 (1437.000.000) 2024-11-23 23:52:07 Started transferring output files
...
040 (1437.000.000) 2024-11-23 23:52:07 Finished transferring output files
...
005 (1437.000.000) 2024-11-23 23:52:07 Job terminated.
	(1) Normal termination (return value 0)
		Usr 0 00:01:23, Sys 0 00:00:08  -  Run Remote Usage
		Usr 0 00:00:00, Sys 0 00:00:00  -  Run Local Usage
		Usr 0 00:01:23, Sys 0 00:00:08  -  Total Remote Usage
		Usr 0 00:00:00, Sys 0 00:00:00  -  Total Local Usage
	2816  -  Run Bytes Sent By Job
	952  -  Run Bytes Received By Job
	2816  -  Total Bytes Sent By Job
	952  -  Total Bytes Received By Job
	Partitionable Resources :    Usage  Request Allocated 
	   Cpus                 :     0.37        1         1 
	   Disk (KB)            :    34           1      7698 
	   GPUs                 :                           0 
	   Memory (MB)          :  2764        4000      4096 
	   TimeExecute (s)      :   206                       
	   TimeSlotBusy (s)     :   207                       

	Job terminated of its own accord at 2024-11-23T23:52:07Z with exit-code 0.
...
