000 (1347.000.000) 2024-11-23 22:35:33 Job submitted from host: <147.188.47.47:9618?addrs=147.188.47.47-9618&alias=eprexb.ph.bham.ac.uk&noUDP&sock=schedd_1171491_f6ca>
...
040 (1347.000.000) 2024-11-23 22:36:10 Started transferring input files
	Transferring to host: <147.188.47.73:9618?addrs=147.188.47.73-9618&alias=eplwk003.ph.bham.ac.uk&noUDP&sock=slot1_86_4295_f748_32452>
...
040 (1347.000.000) 2024-11-23 22:36:10 Finished transferring input files
...
001 (1347.000.000) 2024-11-23 22:36:11 Job executing on host: <147.188.47.73:9618?addrs=147.188.47.73-9618&alias=eplwk003.ph.bham.ac.uk&noUDP&sock=startd_4221_d558>
	SlotName: slot1_86@eplwk003.ph.bham.ac.uk
	CondorScratchDir = "/var/lib/condor/execute/dir_3592787"
	Cpus = 1
	Disk = 7698
	GPUs = 0
	Memory = 4096
...
006 (1347.000.000) 2024-11-23 22:36:20 Image size of job updated: 205536
	201  -  MemoryUsage of job (MB)
	205460  -  ResidentSetSize of job (KB)
...
006 (1347.000.000) 2024-11-23 22:38:33 Image size of job updated: 1126672
	341  -  MemoryUsage of job (MB)
	349108  -  ResidentSetSize of job (KB)
...
040 (1347.000.000) 2024-11-23 22:38:33 Started transferring output files
...
040 (1347.000.000) 2024-11-23 22:38:33 Finished transferring output files
...
005 (1347.000.000) 2024-11-23 22:38:33 Job terminated.
	(1) Normal termination (return value 0)
		Usr 0 00:02:00, Sys 0 00:00:08  -  Run Remote Usage
		Usr 0 00:00:00, Sys 0 00:00:00  -  Run Local Usage
		Usr 0 00:02:00, Sys 0 00:00:08  -  Total Remote Usage
		Usr 0 00:00:00, Sys 0 00:00:00  -  Total Local Usage
	2814  -  Run Bytes Sent By Job
	947  -  Run Bytes Received By Job
	2814  -  Total Bytes Sent By Job
	947  -  Total Bytes Received By Job
	Partitionable Resources :    Usage  Request Allocated 
	   Cpus                 :        0        1         1 
	   Disk (KB)            :       35        1      7698 
	   GPUs                 :                           0 
	   Memory (MB)          :      341     4000      4096 
	   TimeExecute (s)      :      142                    
	   TimeSlotBusy (s)     :      143                    

	Job terminated of its own accord at 2024-11-23T22:38:33Z with exit-code 0.
...
