000 (538.000.000) 2024-11-23 16:30:41 Job submitted from host: <147.188.47.47:9618?addrs=147.188.47.47-9618&alias=eprexb.ph.bham.ac.uk&noUDP&sock=schedd_1171491_f6ca>
...
040 (538.000.000) 2024-11-23 16:31:01 Started transferring input files
	Transferring to host: <147.188.47.71:9618?addrs=147.188.47.71-9618&alias=eplwk001.ph.bham.ac.uk&noUDP&sock=slot1_1_864817_8fb9_63676>
...
040 (538.000.000) 2024-11-23 16:31:01 Finished transferring input files
...
001 (538.000.000) 2024-11-23 16:31:02 Job executing on host: <147.188.47.71:9618?addrs=147.188.47.71-9618&alias=eplwk001.ph.bham.ac.uk&noUDP&sock=startd_864732_ce1e>
	SlotName: slot1_1@eplwk001.ph.bham.ac.uk
	CondorScratchDir = "/var/lib/condor/execute/dir_2980799"
	Cpus = 1
	Disk = 7699
	GPUs = 0
	Memory = 4096
...
006 (538.000.000) 2024-11-23 16:31:10 Image size of job updated: 298108
	292  -  MemoryUsage of job (MB)
	298052  -  ResidentSetSize of job (KB)
...
006 (538.000.000) 2024-11-23 16:32:06 Image size of job updated: 782632
	292  -  MemoryUsage of job (MB)
	298308  -  ResidentSetSize of job (KB)
...
040 (538.000.000) 2024-11-23 16:32:06 Started transferring output files
...
040 (538.000.000) 2024-11-23 16:32:06 Finished transferring output files
...
005 (538.000.000) 2024-11-23 16:32:06 Job terminated.
	(1) Normal termination (return value 0)
		Usr 0 00:00:54, Sys 0 00:00:05  -  Run Remote Usage
		Usr 0 00:00:00, Sys 0 00:00:00  -  Run Local Usage
		Usr 0 00:00:54, Sys 0 00:00:05  -  Total Remote Usage
		Usr 0 00:00:00, Sys 0 00:00:00  -  Total Local Usage
	3925  -  Run Bytes Sent By Job
	942  -  Run Bytes Received By Job
	3925  -  Total Bytes Sent By Job
	942  -  Total Bytes Received By Job
	Partitionable Resources :    Usage  Request Allocated 
	   Cpus                 :                 1         1 
	   Disk (KB)            :       30        1      7699 
	   GPUs                 :                           0 
	   Memory (MB)          :      292     4000      4096 
	   TimeExecute (s)      :       64                    
	   TimeSlotBusy (s)     :       66                    

	Job terminated of its own accord at 2024-11-23T16:32:06Z with exit-code 0.
...
