000 (1380.000.000) 2024-11-23 23:05:47 Job submitted from host: <147.188.47.47:9618?addrs=147.188.47.47-9618&alias=eprexb.ph.bham.ac.uk&noUDP&sock=schedd_1171491_f6ca>
...
040 (1380.000.000) 2024-11-23 23:07:41 Started transferring input files
	Transferring to host: <147.188.47.71:9618?addrs=147.188.47.71-9618&alias=eplwk001.ph.bham.ac.uk&noUDP&sock=slot1_29_864817_8fb9_64675>
...
040 (1380.000.000) 2024-11-23 23:07:41 Finished transferring input files
...
001 (1380.000.000) 2024-11-23 23:07:42 Job executing on host: <147.188.47.71:9618?addrs=147.188.47.71-9618&alias=eplwk001.ph.bham.ac.uk&noUDP&sock=startd_864732_ce1e>
	SlotName: slot1_29@eplwk001.ph.bham.ac.uk
	CondorScratchDir = "/var/lib/condor/execute/dir_446142"
	Cpus = 1
	Disk = 7699
	GPUs = 0
	Memory = 4096
...
006 (1380.000.000) 2024-11-23 23:07:51 Image size of job updated: 523000
	511  -  MemoryUsage of job (MB)
	523000  -  ResidentSetSize of job (KB)
...
006 (1380.000.000) 2024-11-23 23:09:14 Image size of job updated: 800068
	511  -  MemoryUsage of job (MB)
	523000  -  ResidentSetSize of job (KB)
...
040 (1380.000.000) 2024-11-23 23:09:14 Started transferring output files
...
040 (1380.000.000) 2024-11-23 23:09:14 Finished transferring output files
...
005 (1380.000.000) 2024-11-23 23:09:14 Job terminated.
	(1) Normal termination (return value 0)
		Usr 0 00:01:22, Sys 0 00:00:06  -  Run Remote Usage
		Usr 0 00:00:00, Sys 0 00:00:00  -  Run Local Usage
		Usr 0 00:01:22, Sys 0 00:00:06  -  Total Remote Usage
		Usr 0 00:00:00, Sys 0 00:00:00  -  Total Local Usage
	2806  -  Run Bytes Sent By Job
	953  -  Run Bytes Received By Job
	2806  -  Total Bytes Sent By Job
	953  -  Total Bytes Received By Job
	Partitionable Resources :    Usage  Request Allocated 
	   Cpus                 :        0        1         1 
	   Disk (KB)            :       35        1      7699 
	   GPUs                 :                           0 
	   Memory (MB)          :      511     4000      4096 
	   TimeExecute (s)      :       92                    
	   TimeSlotBusy (s)     :       93                    

	Job terminated of its own accord at 2024-11-23T23:09:14Z with exit-code 0.
...
