000 (2066.000.000) 2024-11-25 14:26:03 Job submitted from host: <147.188.47.47:9618?addrs=147.188.47.47-9618&alias=eprexb.ph.bham.ac.uk&noUDP&sock=schedd_1171491_f6ca>
...
040 (2066.000.000) 2024-11-25 14:26:19 Started transferring input files
	Transferring to host: <147.188.47.71:9618?addrs=147.188.47.71-9618&alias=eplwk001.ph.bham.ac.uk&noUDP&sock=slot1_18_864817_8fb9_65748>
...
040 (2066.000.000) 2024-11-25 14:26:19 Finished transferring input files
...
001 (2066.000.000) 2024-11-25 14:26:20 Job executing on host: <147.188.47.71:9618?addrs=147.188.47.71-9618&alias=eplwk001.ph.bham.ac.uk&noUDP&sock=startd_864732_ce1e>
	SlotName: slot1_18@eplwk001.ph.bham.ac.uk
	CondorScratchDir = "/var/lib/condor/execute/dir_1847340"
	Cpus = 1
	Disk = 7699
	GPUs = 0
	Memory = 4096
...
006 (2066.000.000) 2024-11-25 14:26:29 Image size of job updated: 472356
	462  -  MemoryUsage of job (MB)
	472244  -  ResidentSetSize of job (KB)
...
006 (2066.000.000) 2024-11-25 14:31:29 Image size of job updated: 744248
	727  -  MemoryUsage of job (MB)
	743716  -  ResidentSetSize of job (KB)
...
006 (2066.000.000) 2024-11-25 14:36:29 Image size of job updated: 765560
	743  -  MemoryUsage of job (MB)
	760656  -  ResidentSetSize of job (KB)
...
006 (2066.000.000) 2024-11-25 14:40:07 Image size of job updated: 797376
	743  -  MemoryUsage of job (MB)
	760656  -  ResidentSetSize of job (KB)
...
040 (2066.000.000) 2024-11-25 14:40:07 Started transferring output files
...
040 (2066.000.000) 2024-11-25 14:40:07 Finished transferring output files
...
005 (2066.000.000) 2024-11-25 14:40:07 Job terminated.
	(1) Normal termination (return value 0)
		Usr 0 00:12:58, Sys 0 00:00:40  -  Run Remote Usage
		Usr 0 00:00:00, Sys 0 00:00:00  -  Run Local Usage
		Usr 0 00:12:58, Sys 0 00:00:40  -  Total Remote Usage
		Usr 0 00:00:00, Sys 0 00:00:00  -  Total Local Usage
	2731  -  Run Bytes Sent By Job
	957  -  Run Bytes Received By Job
	2731  -  Total Bytes Sent By Job
	957  -  Total Bytes Received By Job
	Partitionable Resources :    Usage  Request Allocated 
	   Cpus                 :     0.99        1         1 
	   Disk (KB)            :    39           1      7699 
	   GPUs                 :                           0 
	   Memory (MB)          :   743        4000      4096 
	   TimeExecute (s)      :   827                       
	   TimeSlotBusy (s)     :   828                       

	Job terminated of its own accord at 2024-11-25T14:40:07Z with exit-code 0.
...
