000 (2019.000.000) 2024-11-25 13:49:29 Job submitted from host: <147.188.47.47:9618?addrs=147.188.47.47-9618&alias=eprexb.ph.bham.ac.uk&noUDP&sock=schedd_1171491_f6ca>
...
040 (2019.000.000) 2024-11-25 13:49:48 Started transferring input files
	Transferring to host: <147.188.47.71:9618?addrs=147.188.47.71-9618&alias=eplwk001.ph.bham.ac.uk&noUDP&sock=slot1_31_864817_8fb9_65701>
...
040 (2019.000.000) 2024-11-25 13:49:48 Finished transferring input files
...
001 (2019.000.000) 2024-11-25 13:49:49 Job executing on host: <147.188.47.71:9618?addrs=147.188.47.71-9618&alias=eplwk001.ph.bham.ac.uk&noUDP&sock=startd_864732_ce1e>
	SlotName: slot1_31@eplwk001.ph.bham.ac.uk
	CondorScratchDir = "/var/lib/condor/execute/dir_1783232"
	Cpus = 1
	Disk = 7699
	GPUs = 0
	Memory = 4096
...
006 (2019.000.000) 2024-11-25 13:49:59 Image size of job updated: 364816
	357  -  MemoryUsage of job (MB)
	364808  -  ResidentSetSize of job (KB)
...
006 (2019.000.000) 2024-11-25 13:54:59 Image size of job updated: 751940
	734  -  MemoryUsage of job (MB)
	751408  -  ResidentSetSize of job (KB)
...
006 (2019.000.000) 2024-11-25 13:59:59 Image size of job updated: 781180
	763  -  MemoryUsage of job (MB)
	780932  -  ResidentSetSize of job (KB)
...
006 (2019.000.000) 2024-11-25 14:05:00 Image size of job updated: 789328
	768  -  MemoryUsage of job (MB)
	785540  -  ResidentSetSize of job (KB)
...
006 (2019.000.000) 2024-11-25 14:08:13 Image size of job updated: 794988
	768  -  MemoryUsage of job (MB)
	785540  -  ResidentSetSize of job (KB)
...
040 (2019.000.000) 2024-11-25 14:08:14 Started transferring output files
...
040 (2019.000.000) 2024-11-25 14:08:14 Finished transferring output files
...
005 (2019.000.000) 2024-11-25 14:08:14 Job terminated.
	(1) Normal termination (return value 0)
		Usr 0 00:17:19, Sys 0 00:00:52  -  Run Remote Usage
		Usr 0 00:00:00, Sys 0 00:00:00  -  Run Local Usage
		Usr 0 00:17:19, Sys 0 00:00:52  -  Total Remote Usage
		Usr 0 00:00:00, Sys 0 00:00:00  -  Total Local Usage
	2731  -  Run Bytes Sent By Job
	957  -  Run Bytes Received By Job
	2731  -  Total Bytes Sent By Job
	957  -  Total Bytes Received By Job
	Partitionable Resources :    Usage  Request Allocated 
	   Cpus                 :     0.99        1         1 
	   Disk (KB)            :    39           1      7699 
	   GPUs                 :                           0 
	   Memory (MB)          :   768        4000      4096 
	   TimeExecute (s)      :  1104                       
	   TimeSlotBusy (s)     :  1106                       

	Job terminated of its own accord at 2024-11-25T14:08:13Z with exit-code 0.
...
