000 (1364.000.000) 2024-11-23 22:35:57 Job submitted from host: <147.188.47.47:9618?addrs=147.188.47.47-9618&alias=eprexb.ph.bham.ac.uk&noUDP&sock=schedd_1171491_f6ca>
...
040 (1364.000.000) 2024-11-23 22:52:48 Started transferring input files
	Transferring to host: <147.188.47.72:9618?addrs=147.188.47.72-9618&alias=eplwk002.ph.bham.ac.uk&noUDP&sock=slot1_86_187135_4953_45430>
...
040 (1364.000.000) 2024-11-23 22:52:48 Finished transferring input files
...
001 (1364.000.000) 2024-11-23 22:52:49 Job executing on host: <147.188.47.72:9618?addrs=147.188.47.72-9618&alias=eplwk002.ph.bham.ac.uk&noUDP&sock=startd_187014_a097>
	SlotName: slot1_86@eplwk002.ph.bham.ac.uk
	CondorScratchDir = "/var/lib/condor/execute/dir_2659571"
	Cpus = 1
	Disk = 7701
	GPUs = 0
	Memory = 4096
...
006 (1364.000.000) 2024-11-23 22:52:58 Image size of job updated: 214816
	210  -  MemoryUsage of job (MB)
	214808  -  ResidentSetSize of job (KB)
...
006 (1364.000.000) 2024-11-23 22:55:51 Image size of job updated: 2268124
	1408  -  MemoryUsage of job (MB)
	1441344  -  ResidentSetSize of job (KB)
...
040 (1364.000.000) 2024-11-23 22:55:51 Started transferring output files
...
040 (1364.000.000) 2024-11-23 22:55:51 Finished transferring output files
...
005 (1364.000.000) 2024-11-23 22:55:52 Job terminated.
	(1) Normal termination (return value 0)
		Usr 0 00:02:25, Sys 0 00:00:10  -  Run Remote Usage
		Usr 0 00:00:00, Sys 0 00:00:00  -  Run Local Usage
		Usr 0 00:02:25, Sys 0 00:00:10  -  Total Remote Usage
		Usr 0 00:00:00, Sys 0 00:00:00  -  Total Local Usage
	2816  -  Run Bytes Sent By Job
	953  -  Run Bytes Received By Job
	2816  -  Total Bytes Sent By Job
	953  -  Total Bytes Received By Job
	Partitionable Resources :    Usage  Request Allocated 
	   Cpus                 :     0.98        1         1 
	   Disk (KB)            :    35           1      7701 
	   GPUs                 :                           0 
	   Memory (MB)          :  1408        4000      4096 
	   TimeExecute (s)      :   182                       
	   TimeSlotBusy (s)     :   183                       

	Job terminated of its own accord at 2024-11-23T22:55:51Z with exit-code 0.
...
