000 (1350.000.000) 2024-11-23 22:35:36 Job submitted from host: <147.188.47.47:9618?addrs=147.188.47.47-9618&alias=eprexb.ph.bham.ac.uk&noUDP&sock=schedd_1171491_f6ca>
...
040 (1350.000.000) 2024-11-23 22:38:56 Started transferring input files
	Transferring to host: <147.188.47.72:9618?addrs=147.188.47.72-9618&alias=eplwk002.ph.bham.ac.uk&noUDP&sock=slot1_86_187135_4953_45425>
...
040 (1350.000.000) 2024-11-23 22:38:56 Finished transferring input files
...
001 (1350.000.000) 2024-11-23 22:38:57 Job executing on host: <147.188.47.72:9618?addrs=147.188.47.72-9618&alias=eplwk002.ph.bham.ac.uk&noUDP&sock=startd_187014_a097>
	SlotName: slot1_86@eplwk002.ph.bham.ac.uk
	CondorScratchDir = "/var/lib/condor/execute/dir_2657159"
	Cpus = 1
	Disk = 7701
	GPUs = 0
	Memory = 4096
...
006 (1350.000.000) 2024-11-23 22:39:06 Image size of job updated: 194156
	190  -  MemoryUsage of job (MB)
	194096  -  ResidentSetSize of job (KB)
...
006 (1350.000.000) 2024-11-23 22:41:33 Image size of job updated: 2378568
	1555  -  MemoryUsage of job (MB)
	1591996  -  ResidentSetSize of job (KB)
...
040 (1350.000.000) 2024-11-23 22:41:33 Started transferring output files
...
040 (1350.000.000) 2024-11-23 22:41:33 Finished transferring output files
...
005 (1350.000.000) 2024-11-23 22:41:33 Job terminated.
	(1) Normal termination (return value 0)
		Usr 0 00:02:00, Sys 0 00:00:10  -  Run Remote Usage
		Usr 0 00:00:00, Sys 0 00:00:00  -  Run Local Usage
		Usr 0 00:02:00, Sys 0 00:00:10  -  Total Remote Usage
		Usr 0 00:00:00, Sys 0 00:00:00  -  Total Local Usage
	2816  -  Run Bytes Sent By Job
	953  -  Run Bytes Received By Job
	2816  -  Total Bytes Sent By Job
	953  -  Total Bytes Received By Job
	Partitionable Resources :    Usage  Request Allocated 
	   Cpus                 :     0.86        1         1 
	   Disk (KB)            :    35           1      7701 
	   GPUs                 :                           0 
	   Memory (MB)          :  1555        4000      4096 
	   TimeExecute (s)      :   156                       
	   TimeSlotBusy (s)     :   157                       

	Job terminated of its own accord at 2024-11-23T22:41:33Z with exit-code 0.
...
