000 (1322.000.000) 2024-11-23 21:22:56 Job submitted from host: <147.188.47.47:9618?addrs=147.188.47.47-9618&alias=eprexb.ph.bham.ac.uk&noUDP&sock=schedd_1171491_f6ca>
...
040 (1322.000.000) 2024-11-23 21:39:45 Started transferring input files
	Transferring to host: <147.188.47.71:9618?addrs=147.188.47.71-9618&alias=eplwk001.ph.bham.ac.uk&noUDP&sock=slot1_86_864817_8fb9_64537>
...
040 (1322.000.000) 2024-11-23 21:39:45 Finished transferring input files
...
001 (1322.000.000) 2024-11-23 21:39:46 Job executing on host: <147.188.47.71:9618?addrs=147.188.47.71-9618&alias=eplwk001.ph.bham.ac.uk&noUDP&sock=startd_864732_ce1e>
	SlotName: slot1_86@eplwk001.ph.bham.ac.uk
	CondorScratchDir = "/var/lib/condor/execute/dir_411001"
	Cpus = 1
	Disk = 7699
	GPUs = 0
	Memory = 4096
...
006 (1322.000.000) 2024-11-23 21:39:55 Image size of job updated: 215512
	211  -  MemoryUsage of job (MB)
	215504  -  ResidentSetSize of job (KB)
...
006 (1322.000.000) 2024-11-23 21:41:48 Image size of job updated: 801156
	211  -  MemoryUsage of job (MB)
	215760  -  ResidentSetSize of job (KB)
...
040 (1322.000.000) 2024-11-23 21:41:48 Started transferring output files
...
040 (1322.000.000) 2024-11-23 21:41:48 Finished transferring output files
...
005 (1322.000.000) 2024-11-23 21:41:48 Job terminated.
	(1) Normal termination (return value 0)
		Usr 0 00:01:47, Sys 0 00:00:08  -  Run Remote Usage
		Usr 0 00:00:00, Sys 0 00:00:00  -  Run Local Usage
		Usr 0 00:01:47, Sys 0 00:00:08  -  Total Remote Usage
		Usr 0 00:00:00, Sys 0 00:00:00  -  Total Local Usage
	2806  -  Run Bytes Sent By Job
	953  -  Run Bytes Received By Job
	2806  -  Total Bytes Sent By Job
	953  -  Total Bytes Received By Job
	Partitionable Resources :    Usage  Request Allocated 
	   Cpus                 :        0        1         1 
	   Disk (KB)            :       35        1      7699 
	   GPUs                 :                           0 
	   Memory (MB)          :      211     4000      4096 
	   TimeExecute (s)      :      122                    
	   TimeSlotBusy (s)     :      123                    

	Job terminated of its own accord at 2024-11-23T21:41:48Z with exit-code 0.
...
