000 (513.000.000) 2024-11-23 15:49:12 Job submitted from host: <147.188.47.47:9618?addrs=147.188.47.47-9618&alias=eprexb.ph.bham.ac.uk&noUDP&sock=schedd_1171491_f6ca>
...
040 (513.000.000) 2024-11-23 15:49:21 Started transferring input files
	Transferring to host: <147.188.47.71:9618?addrs=147.188.47.71-9618&alias=eplwk001.ph.bham.ac.uk&noUDP&sock=slot1_16_864817_8fb9_63650>
...
040 (513.000.000) 2024-11-23 15:49:21 Finished transferring input files
...
001 (513.000.000) 2024-11-23 15:49:22 Job executing on host: <147.188.47.71:9618?addrs=147.188.47.71-9618&alias=eplwk001.ph.bham.ac.uk&noUDP&sock=startd_864732_ce1e>
	SlotName: slot1_16@eplwk001.ph.bham.ac.uk
	CondorScratchDir = "/var/lib/condor/execute/dir_2769121"
	Cpus = 1
	Disk = 7699
	GPUs = 0
	Memory = 4096
...
006 (513.000.000) 2024-11-23 15:49:31 Image size of job updated: 56328
	55  -  MemoryUsage of job (MB)
	56072  -  ResidentSetSize of job (KB)
...
006 (513.000.000) 2024-11-23 15:54:32 Image size of job updated: 1399060
	1367  -  MemoryUsage of job (MB)
	1399028  -  ResidentSetSize of job (KB)
...
006 (513.000.000) 2024-11-23 15:58:41 Image size of job updated: 2195064
	1372  -  MemoryUsage of job (MB)
	1404868  -  ResidentSetSize of job (KB)
...
040 (513.000.000) 2024-11-23 15:58:42 Started transferring output files
...
040 (513.000.000) 2024-11-23 15:58:42 Finished transferring output files
...
005 (513.000.000) 2024-11-23 15:58:42 Job terminated.
	(1) Normal termination (return value 0)
		Usr 0 00:01:10, Sys 0 00:00:13  -  Run Remote Usage
		Usr 0 00:00:00, Sys 0 00:00:00  -  Run Local Usage
		Usr 0 00:01:10, Sys 0 00:00:13  -  Total Remote Usage
		Usr 0 00:00:00, Sys 0 00:00:00  -  Total Local Usage
	4239  -  Run Bytes Sent By Job
	953  -  Run Bytes Received By Job
	4239  -  Total Bytes Sent By Job
	953  -  Total Bytes Received By Job
	Partitionable Resources :    Usage  Request Allocated 
	   Cpus                 :     0.14        1         1 
	   Disk (KB)            :    36           1      7699 
	   GPUs                 :                           0 
	   Memory (MB)          :  1372        4000      4096 
	   TimeExecute (s)      :   559                       
	   TimeSlotBusy (s)     :   561                       

	Job terminated of its own accord at 2024-11-23T15:58:41Z with exit-code 0.
...
