000 (505.000.000) 2024-11-23 15:49:06 Job submitted from host: <147.188.47.47:9618?addrs=147.188.47.47-9618&alias=eprexb.ph.bham.ac.uk&noUDP&sock=schedd_1171491_f6ca>
...
040 (505.000.000) 2024-11-23 15:49:21 Started transferring input files
	Transferring to host: <147.188.47.71:9618?addrs=147.188.47.71-9618&alias=eplwk001.ph.bham.ac.uk&noUDP&sock=slot1_8_864817_8fb9_63643>
...
040 (505.000.000) 2024-11-23 15:49:21 Finished transferring input files
...
001 (505.000.000) 2024-11-23 15:49:22 Job executing on host: <147.188.47.71:9618?addrs=147.188.47.71-9618&alias=eplwk001.ph.bham.ac.uk&noUDP&sock=startd_864732_ce1e>
	SlotName: slot1_8@eplwk001.ph.bham.ac.uk
	CondorScratchDir = "/var/lib/condor/execute/dir_2769107"
	Cpus = 1
	Disk = 7699
	GPUs = 0
	Memory = 4096
...
006 (505.000.000) 2024-11-23 15:49:30 Image size of job updated: 48976
	48  -  MemoryUsage of job (MB)
	48732  -  ResidentSetSize of job (KB)
...
006 (505.000.000) 2024-11-23 15:54:30 Image size of job updated: 1405636
	1373  -  MemoryUsage of job (MB)
	1405384  -  ResidentSetSize of job (KB)
...
006 (505.000.000) 2024-11-23 15:58:49 Image size of job updated: 2087580
	1373  -  MemoryUsage of job (MB)
	1405384  -  ResidentSetSize of job (KB)
...
040 (505.000.000) 2024-11-23 15:58:49 Started transferring output files
...
040 (505.000.000) 2024-11-23 15:58:49 Finished transferring output files
...
005 (505.000.000) 2024-11-23 15:58:49 Job terminated.
	(1) Normal termination (return value 0)
		Usr 0 00:01:10, Sys 0 00:00:12  -  Run Remote Usage
		Usr 0 00:00:00, Sys 0 00:00:00  -  Run Local Usage
		Usr 0 00:01:10, Sys 0 00:00:12  -  Total Remote Usage
		Usr 0 00:00:00, Sys 0 00:00:00  -  Total Local Usage
	4237  -  Run Bytes Sent By Job
	948  -  Run Bytes Received By Job
	4237  -  Total Bytes Sent By Job
	948  -  Total Bytes Received By Job
	Partitionable Resources :    Usage  Request Allocated 
	   Cpus                 :     0.10        1         1 
	   Disk (KB)            :    36           1      7699 
	   GPUs                 :                           0 
	   Memory (MB)          :  1373        4000      4096 
	   TimeExecute (s)      :   567                       
	   TimeSlotBusy (s)     :   568                       

	Job terminated of its own accord at 2024-11-23T15:58:49Z with exit-code 0.
...
