000 (1366.000.000) 2024-11-23 23:05:26 Job submitted from host: <147.188.47.47:9618?addrs=147.188.47.47-9618&alias=eprexb.ph.bham.ac.uk&noUDP&sock=schedd_1171491_f6ca>
...
040 (1366.000.000) 2024-11-23 23:05:30 Started transferring input files
	Transferring to host: <147.188.47.72:9618?addrs=147.188.47.72-9618&alias=eplwk002.ph.bham.ac.uk&noUDP&sock=slot1_7_187135_4953_45462>
...
040 (1366.000.000) 2024-11-23 23:05:30 Finished transferring input files
...
001 (1366.000.000) 2024-11-23 23:05:31 Job executing on host: <147.188.47.72:9618?addrs=147.188.47.72-9618&alias=eplwk002.ph.bham.ac.uk&noUDP&sock=startd_187014_a097>
	SlotName: slot1_7@eplwk002.ph.bham.ac.uk
	CondorScratchDir = "/var/lib/condor/execute/dir_2666597"
	Cpus = 1
	Disk = 7701
	GPUs = 0
	Memory = 4096
...
006 (1366.000.000) 2024-11-23 23:05:40 Image size of job updated: 442448
	433  -  MemoryUsage of job (MB)
	442448  -  ResidentSetSize of job (KB)
...
006 (1366.000.000) 2024-11-23 23:07:51 Image size of job updated: 2111896
	1301  -  MemoryUsage of job (MB)
	1331496  -  ResidentSetSize of job (KB)
...
040 (1366.000.000) 2024-11-23 23:07:51 Started transferring output files
...
040 (1366.000.000) 2024-11-23 23:07:51 Finished transferring output files
...
005 (1366.000.000) 2024-11-23 23:07:51 Job terminated.
	(1) Normal termination (return value 0)
		Usr 0 00:01:23, Sys 0 00:00:07  -  Run Remote Usage
		Usr 0 00:00:00, Sys 0 00:00:00  -  Run Local Usage
		Usr 0 00:01:23, Sys 0 00:00:07  -  Total Remote Usage
		Usr 0 00:00:00, Sys 0 00:00:00  -  Total Local Usage
	2812  -  Run Bytes Sent By Job
	943  -  Run Bytes Received By Job
	2812  -  Total Bytes Sent By Job
	943  -  Total Bytes Received By Job
	Partitionable Resources :    Usage  Request Allocated 
	   Cpus                 :     0.73        1         1 
	   Disk (KB)            :    35           1      7701 
	   GPUs                 :                           0 
	   Memory (MB)          :  1301        4000      4096 
	   TimeExecute (s)      :   140                       
	   TimeSlotBusy (s)     :   141                       

	Job terminated of its own accord at 2024-11-23T23:07:51Z with exit-code 0.
...
