000 (811.000.000) 2024-11-23 18:26:37 Job submitted from host: <147.188.47.47:9618?addrs=147.188.47.47-9618&alias=eprexb.ph.bham.ac.uk&noUDP&sock=schedd_1171491_f6ca>
...
040 (811.000.000) 2024-11-23 18:26:37 Started transferring input files
	Transferring to host: <147.188.47.71:9618?addrs=147.188.47.71-9618&alias=eplwk001.ph.bham.ac.uk&noUDP&sock=slot1_2_864817_8fb9_63967>
...
040 (811.000.000) 2024-11-23 18:26:37 Finished transferring input files
...
001 (811.000.000) 2024-11-23 18:26:38 Job executing on host: <147.188.47.71:9618?addrs=147.188.47.71-9618&alias=eplwk001.ph.bham.ac.uk&noUDP&sock=startd_864732_ce1e>
	SlotName: slot1_2@eplwk001.ph.bham.ac.uk
	CondorScratchDir = "/var/lib/condor/execute/dir_3366923"
	Cpus = 1
	Disk = 7699
	GPUs = 0
	Memory = 4096
...
006 (811.000.000) 2024-11-23 18:26:47 Image size of job updated: 466700
	456  -  MemoryUsage of job (MB)
	466676  -  ResidentSetSize of job (KB)
...
006 (811.000.000) 2024-11-23 18:27:58 Image size of job updated: 800056
	456  -  MemoryUsage of job (MB)
	466676  -  ResidentSetSize of job (KB)
...
040 (811.000.000) 2024-11-23 18:27:58 Started transferring output files
...
040 (811.000.000) 2024-11-23 18:27:58 Finished transferring output files
...
005 (811.000.000) 2024-11-23 18:27:58 Job terminated.
	(1) Normal termination (return value 0)
		Usr 0 00:01:10, Sys 0 00:00:06  -  Run Remote Usage
		Usr 0 00:00:00, Sys 0 00:00:00  -  Run Local Usage
		Usr 0 00:01:10, Sys 0 00:00:06  -  Total Remote Usage
		Usr 0 00:00:00, Sys 0 00:00:00  -  Total Local Usage
	2812  -  Run Bytes Sent By Job
	943  -  Run Bytes Received By Job
	2812  -  Total Bytes Sent By Job
	943  -  Total Bytes Received By Job
	Partitionable Resources :    Usage  Request Allocated 
	   Cpus                 :     0.99        1         1 
	   Disk (KB)            :    34           1      7699 
	   GPUs                 :                           0 
	   Memory (MB)          :   456        4000      4096 
	   TimeExecute (s)      :    80                       
	   TimeSlotBusy (s)     :    81                       

	Job terminated of its own accord at 2024-11-23T18:27:58Z with exit-code 0.
...
