000 (1430.000.000) 2024-11-23 23:35:04 Job submitted from host: <147.188.47.47:9618?addrs=147.188.47.47-9618&alias=eprexb.ph.bham.ac.uk&noUDP&sock=schedd_1171491_f6ca>
...
040 (1430.000.000) 2024-11-23 23:48:39 Started transferring input files
	Transferring to host: <147.188.47.72:9618?addrs=147.188.47.72-9618&alias=eplwk002.ph.bham.ac.uk&noUDP&sock=slot1_38_187135_4953_45527>
...
040 (1430.000.000) 2024-11-23 23:48:39 Finished transferring input files
...
001 (1430.000.000) 2024-11-23 23:48:41 Job executing on host: <147.188.47.72:9618?addrs=147.188.47.72-9618&alias=eplwk002.ph.bham.ac.uk&noUDP&sock=startd_187014_a097>
	SlotName: slot1_38@eplwk002.ph.bham.ac.uk
	CondorScratchDir = "/var/lib/condor/execute/dir_2685600"
	Cpus = 1
	Disk = 7701
	GPUs = 0
	Memory = 4096
...
006 (1430.000.000) 2024-11-23 23:48:49 Image size of job updated: 192480
	188  -  MemoryUsage of job (MB)
	192156  -  ResidentSetSize of job (KB)
...
006 (1430.000.000) 2024-11-23 23:50:50 Image size of job updated: 1885284
	1074  -  MemoryUsage of job (MB)
	1099124  -  ResidentSetSize of job (KB)
...
040 (1430.000.000) 2024-11-23 23:50:50 Started transferring output files
...
040 (1430.000.000) 2024-11-23 23:50:50 Finished transferring output files
...
005 (1430.000.000) 2024-11-23 23:50:50 Job terminated.
	(1) Normal termination (return value 0)
		Usr 0 00:01:21, Sys 0 00:00:07  -  Run Remote Usage
		Usr 0 00:00:00, Sys 0 00:00:00  -  Run Local Usage
		Usr 0 00:01:21, Sys 0 00:00:07  -  Total Remote Usage
		Usr 0 00:00:00, Sys 0 00:00:00  -  Total Local Usage
	2816  -  Run Bytes Sent By Job
	952  -  Run Bytes Received By Job
	2816  -  Total Bytes Sent By Job
	952  -  Total Bytes Received By Job
	Partitionable Resources :    Usage  Request Allocated 
	   Cpus                 :     0.99        1         1 
	   Disk (KB)            :    34           1      7701 
	   GPUs                 :                           0 
	   Memory (MB)          :  1074        4000      4096 
	   TimeExecute (s)      :   129                       
	   TimeSlotBusy (s)     :   131                       

	Job terminated of its own accord at 2024-11-23T23:50:50Z with exit-code 0.
...
