000 (590.000.000) 2024-11-23 16:56:36 Job submitted from host: <147.188.47.47:9618?addrs=147.188.47.47-9618&alias=eprexb.ph.bham.ac.uk&noUDP&sock=schedd_1171491_f6ca>
...
040 (590.000.000) 2024-11-23 16:56:51 Started transferring input files
	Transferring to host: <147.188.47.71:9618?addrs=147.188.47.71-9618&alias=eplwk001.ph.bham.ac.uk&noUDP&sock=slot1_3_864817_8fb9_63728>
...
040 (590.000.000) 2024-11-23 16:56:51 Finished transferring input files
...
001 (590.000.000) 2024-11-23 16:56:52 Job executing on host: <147.188.47.71:9618?addrs=147.188.47.71-9618&alias=eplwk001.ph.bham.ac.uk&noUDP&sock=startd_864732_ce1e>
	SlotName: slot1_3@eplwk001.ph.bham.ac.uk
	CondorScratchDir = "/var/lib/condor/execute/dir_3005907"
	Cpus = 1
	Disk = 7699
	GPUs = 0
	Memory = 4096
...
006 (590.000.000) 2024-11-23 16:57:00 Image size of job updated: 439060
	429  -  MemoryUsage of job (MB)
	438988  -  ResidentSetSize of job (KB)
...
006 (590.000.000) 2024-11-23 16:58:07 Image size of job updated: 787920
	429  -  MemoryUsage of job (MB)
	438988  -  ResidentSetSize of job (KB)
...
040 (590.000.000) 2024-11-23 16:58:07 Started transferring output files
...
040 (590.000.000) 2024-11-23 16:58:07 Finished transferring output files
...
005 (590.000.000) 2024-11-23 16:58:07 Job terminated.
	(1) Normal termination (return value 0)
		Usr 0 00:01:05, Sys 0 00:00:06  -  Run Remote Usage
		Usr 0 00:00:00, Sys 0 00:00:00  -  Run Local Usage
		Usr 0 00:01:05, Sys 0 00:00:06  -  Total Remote Usage
		Usr 0 00:00:00, Sys 0 00:00:00  -  Total Local Usage
	4316  -  Run Bytes Sent By Job
	952  -  Run Bytes Received By Job
	4316  -  Total Bytes Sent By Job
	952  -  Total Bytes Received By Job
	Partitionable Resources :    Usage  Request Allocated 
	   Cpus                 :     0.98        1         1 
	   Disk (KB)            :    36           1      7699 
	   GPUs                 :                           0 
	   Memory (MB)          :   429        4000      4096 
	   TimeExecute (s)      :    75                       
	   TimeSlotBusy (s)     :    76                       

	Job terminated of its own accord at 2024-11-23T16:58:07Z with exit-code 0.
...
