000 (727.000.000) 2024-11-23 18:08:38 Job submitted from host: <147.188.47.47:9618?addrs=147.188.47.47-9618&alias=eprexb.ph.bham.ac.uk&noUDP&sock=schedd_1171491_f6ca>
...
040 (727.000.000) 2024-11-23 18:08:52 Started transferring input files
	Transferring to host: <147.188.47.71:9618?addrs=147.188.47.71-9618&alias=eplwk001.ph.bham.ac.uk&noUDP&sock=slot1_1_864817_8fb9_63883>
...
040 (727.000.000) 2024-11-23 18:08:52 Finished transferring input files
...
001 (727.000.000) 2024-11-23 18:08:53 Job executing on host: <147.188.47.71:9618?addrs=147.188.47.71-9618&alias=eplwk001.ph.bham.ac.uk&noUDP&sock=startd_864732_ce1e>
	SlotName: slot1_1@eplwk001.ph.bham.ac.uk
	CondorScratchDir = "/var/lib/condor/execute/dir_3088454"
	Cpus = 1
	Disk = 7699
	GPUs = 0
	Memory = 4096
...
006 (727.000.000) 2024-11-23 18:09:02 Image size of job updated: 474236
	464  -  MemoryUsage of job (MB)
	474180  -  ResidentSetSize of job (KB)
...
006 (727.000.000) 2024-11-23 18:09:29 Image size of job updated: 781252
	464  -  MemoryUsage of job (MB)
	474180  -  ResidentSetSize of job (KB)
...
040 (727.000.000) 2024-11-23 18:09:29 Started transferring output files
...
040 (727.000.000) 2024-11-23 18:09:29 Finished transferring output files
...
005 (727.000.000) 2024-11-23 18:09:29 Job terminated.
	(1) Normal termination (return value 0)
		Usr 0 00:00:27, Sys 0 00:00:04  -  Run Remote Usage
		Usr 0 00:00:00, Sys 0 00:00:00  -  Run Local Usage
		Usr 0 00:00:27, Sys 0 00:00:04  -  Total Remote Usage
		Usr 0 00:00:00, Sys 0 00:00:00  -  Total Local Usage
	2812  -  Run Bytes Sent By Job
	942  -  Run Bytes Received By Job
	2812  -  Total Bytes Sent By Job
	942  -  Total Bytes Received By Job
	Partitionable Resources :    Usage  Request Allocated 
	   Cpus                 :        0        1         1 
	   Disk (KB)            :       35        1      7699 
	   GPUs                 :                           0 
	   Memory (MB)          :      464     4000      4096 
	   TimeExecute (s)      :       36                    
	   TimeSlotBusy (s)     :       37                    

	Job terminated of its own accord at 2024-11-23T18:09:29Z with exit-code 0.
...
