000 (2021.000.000) 2024-11-25 13:49:32 Job submitted from host: <147.188.47.47:9618?addrs=147.188.47.47-9618&alias=eprexb.ph.bham.ac.uk&noUDP&sock=schedd_1171491_f6ca>
...
040 (2021.000.000) 2024-11-25 13:49:48 Started transferring input files
	Transferring to host: <147.188.47.71:9618?addrs=147.188.47.71-9618&alias=eplwk001.ph.bham.ac.uk&noUDP&sock=slot1_33_864817_8fb9_65703>
...
040 (2021.000.000) 2024-11-25 13:49:48 Finished transferring input files
...
001 (2021.000.000) 2024-11-25 13:49:49 Job executing on host: <147.188.47.71:9618?addrs=147.188.47.71-9618&alias=eplwk001.ph.bham.ac.uk&noUDP&sock=startd_864732_ce1e>
	SlotName: slot1_33@eplwk001.ph.bham.ac.uk
	CondorScratchDir = "/var/lib/condor/execute/dir_1784330"
	Cpus = 1
	Disk = 7699
	GPUs = 0
	Memory = 4096
...
006 (2021.000.000) 2024-11-25 13:49:58 Image size of job updated: 195104
	191  -  MemoryUsage of job (MB)
	194656  -  ResidentSetSize of job (KB)
...
006 (2021.000.000) 2024-11-25 13:54:58 Image size of job updated: 744564
	727  -  MemoryUsage of job (MB)
	744132  -  ResidentSetSize of job (KB)
...
006 (2021.000.000) 2024-11-25 13:59:58 Image size of job updated: 765784
	744  -  MemoryUsage of job (MB)
	761036  -  ResidentSetSize of job (KB)
...
006 (2021.000.000) 2024-11-25 14:04:24 Image size of job updated: 792544
	744  -  MemoryUsage of job (MB)
	761036  -  ResidentSetSize of job (KB)
...
040 (2021.000.000) 2024-11-25 14:04:24 Started transferring output files
...
040 (2021.000.000) 2024-11-25 14:04:24 Finished transferring output files
...
005 (2021.000.000) 2024-11-25 14:04:24 Job terminated.
	(1) Normal termination (return value 0)
		Usr 0 00:13:41, Sys 0 00:00:42  -  Run Remote Usage
		Usr 0 00:00:00, Sys 0 00:00:00  -  Run Local Usage
		Usr 0 00:13:41, Sys 0 00:00:42  -  Total Remote Usage
		Usr 0 00:00:00, Sys 0 00:00:00  -  Total Local Usage
	2731  -  Run Bytes Sent By Job
	957  -  Run Bytes Received By Job
	2731  -  Total Bytes Sent By Job
	957  -  Total Bytes Received By Job
	Partitionable Resources :    Usage  Request Allocated 
	   Cpus                 :     0.99        1         1 
	   Disk (KB)            :    39           1      7699 
	   GPUs                 :                           0 
	   Memory (MB)          :   744        4000      4096 
	   TimeExecute (s)      :   875                       
	   TimeSlotBusy (s)     :   876                       

	Job terminated of its own accord at 2024-11-25T14:04:24Z with exit-code 0.
...
