000 (554.000.000) 2024-11-23 16:37:52 Job submitted from host: <147.188.47.47:9618?addrs=147.188.47.47-9618&alias=eprexb.ph.bham.ac.uk&noUDP&sock=schedd_1171491_f6ca>
...
040 (554.000.000) 2024-11-23 16:38:00 Started transferring input files
	Transferring to host: <147.188.47.71:9618?addrs=147.188.47.71-9618&alias=eplwk001.ph.bham.ac.uk&noUDP&sock=slot1_7_864817_8fb9_63692>
...
040 (554.000.000) 2024-11-23 16:38:00 Finished transferring input files
...
001 (554.000.000) 2024-11-23 16:38:01 Job executing on host: <147.188.47.71:9618?addrs=147.188.47.71-9618&alias=eplwk001.ph.bham.ac.uk&noUDP&sock=startd_864732_ce1e>
	SlotName: slot1_7@eplwk001.ph.bham.ac.uk
	CondorScratchDir = "/var/lib/condor/execute/dir_2987506"
	Cpus = 1
	Disk = 7699
	GPUs = 0
	Memory = 4096
...
006 (554.000.000) 2024-11-23 16:38:10 Image size of job updated: 480460
	470  -  MemoryUsage of job (MB)
	480352  -  ResidentSetSize of job (KB)
...
006 (554.000.000) 2024-11-23 16:39:17 Image size of job updated: 796604
	470  -  MemoryUsage of job (MB)
	480352  -  ResidentSetSize of job (KB)
...
040 (554.000.000) 2024-11-23 16:39:17 Started transferring output files
...
040 (554.000.000) 2024-11-23 16:39:17 Finished transferring output files
...
005 (554.000.000) 2024-11-23 16:39:17 Job terminated.
	(1) Normal termination (return value 0)
		Usr 0 00:01:06, Sys 0 00:00:05  -  Run Remote Usage
		Usr 0 00:00:00, Sys 0 00:00:00  -  Run Local Usage
		Usr 0 00:01:06, Sys 0 00:00:05  -  Total Remote Usage
		Usr 0 00:00:00, Sys 0 00:00:00  -  Total Local Usage
	4316  -  Run Bytes Sent By Job
	952  -  Run Bytes Received By Job
	4316  -  Total Bytes Sent By Job
	952  -  Total Bytes Received By Job
	Partitionable Resources :    Usage  Request Allocated 
	   Cpus                 :        0        1         1 
	   Disk (KB)            :       36        1      7699 
	   GPUs                 :                           0 
	   Memory (MB)          :      470     4000      4096 
	   TimeExecute (s)      :       76                    
	   TimeSlotBusy (s)     :       77                    

	Job terminated of its own accord at 2024-11-23T16:39:17Z with exit-code 0.
...
