000 (792.000.000) 2024-11-23 18:21:44 Job submitted from host: <147.188.47.47:9618?addrs=147.188.47.47-9618&alias=eprexb.ph.bham.ac.uk&noUDP&sock=schedd_1171491_f6ca>
...
040 (792.000.000) 2024-11-23 18:21:51 Started transferring input files
	Transferring to host: <147.188.47.71:9618?addrs=147.188.47.71-9618&alias=eplwk001.ph.bham.ac.uk&noUDP&sock=slot1_3_864817_8fb9_63948>
...
040 (792.000.000) 2024-11-23 18:21:51 Finished transferring input files
...
001 (792.000.000) 2024-11-23 18:21:52 Job executing on host: <147.188.47.71:9618?addrs=147.188.47.71-9618&alias=eplwk001.ph.bham.ac.uk&noUDP&sock=startd_864732_ce1e>
	SlotName: slot1_3@eplwk001.ph.bham.ac.uk
	CondorScratchDir = "/var/lib/condor/execute/dir_3336580"
	Cpus = 1
	Disk = 7699
	GPUs = 0
	Memory = 4096
...
006 (792.000.000) 2024-11-23 18:22:01 Image size of job updated: 374104
	366  -  MemoryUsage of job (MB)
	374104  -  ResidentSetSize of job (KB)
...
006 (792.000.000) 2024-11-23 18:22:59 Image size of job updated: 779488
	366  -  MemoryUsage of job (MB)
	374124  -  ResidentSetSize of job (KB)
...
040 (792.000.000) 2024-11-23 18:22:59 Started transferring output files
...
040 (792.000.000) 2024-11-23 18:22:59 Finished transferring output files
...
005 (792.000.000) 2024-11-23 18:22:59 Job terminated.
	(1) Normal termination (return value 0)
		Usr 0 00:00:55, Sys 0 00:00:06  -  Run Remote Usage
		Usr 0 00:00:00, Sys 0 00:00:00  -  Run Local Usage
		Usr 0 00:00:55, Sys 0 00:00:06  -  Total Remote Usage
		Usr 0 00:00:00, Sys 0 00:00:00  -  Total Local Usage
	2814  -  Run Bytes Sent By Job
	947  -  Run Bytes Received By Job
	2814  -  Total Bytes Sent By Job
	947  -  Total Bytes Received By Job
	Partitionable Resources :    Usage  Request Allocated 
	   Cpus                 :     1.00        1         1 
	   Disk (KB)            :    34           1      7699 
	   GPUs                 :                           0 
	   Memory (MB)          :   366        4000      4096 
	   TimeExecute (s)      :    67                       
	   TimeSlotBusy (s)     :    68                       

	Job terminated of its own accord at 2024-11-23T18:22:59Z with exit-code 0.
...
