000 (539.000.000) 2024-11-23 16:30:44 Job submitted from host: <147.188.47.47:9618?addrs=147.188.47.47-9618&alias=eprexb.ph.bham.ac.uk&noUDP&sock=schedd_1171491_f6ca>
...
040 (539.000.000) 2024-11-23 16:31:01 Started transferring input files
	Transferring to host: <147.188.47.71:9618?addrs=147.188.47.71-9618&alias=eplwk001.ph.bham.ac.uk&noUDP&sock=slot1_2_864817_8fb9_63677>
...
040 (539.000.000) 2024-11-23 16:31:01 Finished transferring input files
...
001 (539.000.000) 2024-11-23 16:31:02 Job executing on host: <147.188.47.71:9618?addrs=147.188.47.71-9618&alias=eplwk001.ph.bham.ac.uk&noUDP&sock=startd_864732_ce1e>
	SlotName: slot1_2@eplwk001.ph.bham.ac.uk
	CondorScratchDir = "/var/lib/condor/execute/dir_2980800"
	Cpus = 1
	Disk = 7699
	GPUs = 0
	Memory = 4096
...
006 (539.000.000) 2024-11-23 16:31:10 Image size of job updated: 297356
	291  -  MemoryUsage of job (MB)
	297356  -  ResidentSetSize of job (KB)
...
006 (539.000.000) 2024-11-23 16:32:07 Image size of job updated: 780676
	291  -  MemoryUsage of job (MB)
	297868  -  ResidentSetSize of job (KB)
...
040 (539.000.000) 2024-11-23 16:32:07 Started transferring output files
...
040 (539.000.000) 2024-11-23 16:32:07 Finished transferring output files
...
005 (539.000.000) 2024-11-23 16:32:08 Job terminated.
	(1) Normal termination (return value 0)
		Usr 0 00:00:55, Sys 0 00:00:05  -  Run Remote Usage
		Usr 0 00:00:00, Sys 0 00:00:00  -  Run Local Usage
		Usr 0 00:00:55, Sys 0 00:00:05  -  Total Remote Usage
		Usr 0 00:00:00, Sys 0 00:00:00  -  Total Local Usage
	3927  -  Run Bytes Sent By Job
	947  -  Run Bytes Received By Job
	3927  -  Total Bytes Sent By Job
	947  -  Total Bytes Received By Job
	Partitionable Resources :    Usage  Request Allocated 
	   Cpus                 :        0        1         1 
	   Disk (KB)            :       35        1      7699 
	   GPUs                 :                           0 
	   Memory (MB)          :      291     4000      4096 
	   TimeExecute (s)      :       65                    
	   TimeSlotBusy (s)     :       66                    

	Job terminated of its own accord at 2024-11-23T16:32:07Z with exit-code 0.
...
