000 (677.000.000) 2024-11-23 17:33:04 Job submitted from host: <147.188.47.47:9618?addrs=147.188.47.47-9618&alias=eprexb.ph.bham.ac.uk&noUDP&sock=schedd_1171491_f6ca>
...
040 (677.000.000) 2024-11-23 17:33:21 Started transferring input files
	Transferring to host: <147.188.47.71:9618?addrs=147.188.47.71-9618&alias=eplwk001.ph.bham.ac.uk&noUDP&sock=slot1_4_864817_8fb9_63833>
...
040 (677.000.000) 2024-11-23 17:33:21 Finished transferring input files
...
001 (677.000.000) 2024-11-23 17:33:22 Job executing on host: <147.188.47.71:9618?addrs=147.188.47.71-9618&alias=eplwk001.ph.bham.ac.uk&noUDP&sock=startd_864732_ce1e>
	SlotName: slot1_4@eplwk001.ph.bham.ac.uk
	CondorScratchDir = "/var/lib/condor/execute/dir_3063758"
	Cpus = 1
	Disk = 7699
	GPUs = 0
	Memory = 4096
...
006 (677.000.000) 2024-11-23 17:33:31 Image size of job updated: 521680
	510  -  MemoryUsage of job (MB)
	521676  -  ResidentSetSize of job (KB)
...
006 (677.000.000) 2024-11-23 17:34:26 Image size of job updated: 781400
	510  -  MemoryUsage of job (MB)
	521676  -  ResidentSetSize of job (KB)
...
040 (677.000.000) 2024-11-23 17:34:26 Started transferring output files
...
040 (677.000.000) 2024-11-23 17:34:26 Finished transferring output files
...
005 (677.000.000) 2024-11-23 17:34:26 Job terminated.
	(1) Normal termination (return value 0)
		Usr 0 00:00:56, Sys 0 00:00:05  -  Run Remote Usage
		Usr 0 00:00:00, Sys 0 00:00:00  -  Run Local Usage
		Usr 0 00:00:56, Sys 0 00:00:05  -  Total Remote Usage
		Usr 0 00:00:00, Sys 0 00:00:00  -  Total Local Usage
	4014  -  Run Bytes Sent By Job
	947  -  Run Bytes Received By Job
	4014  -  Total Bytes Sent By Job
	947  -  Total Bytes Received By Job
	Partitionable Resources :    Usage  Request Allocated 
	   Cpus                 :        0        1         1 
	   Disk (KB)            :       36        1      7699 
	   GPUs                 :                           0 
	   Memory (MB)          :      510     4000      4096 
	   TimeExecute (s)      :       64                    
	   TimeSlotBusy (s)     :       65                    

	Job terminated of its own accord at 2024-11-23T17:34:26Z with exit-code 0.
...
