000 (610.000.000) 2024-11-23 17:09:03 Job submitted from host: <147.188.47.47:9618?addrs=147.188.47.47-9618&alias=eprexb.ph.bham.ac.uk&noUDP&sock=schedd_1171491_f6ca>
...
040 (610.000.000) 2024-11-23 17:09:32 Started transferring input files
	Transferring to host: <147.188.47.71:9618?addrs=147.188.47.71-9618&alias=eplwk001.ph.bham.ac.uk&noUDP&sock=slot1_2_864817_8fb9_63751>
...
040 (610.000.000) 2024-11-23 17:09:32 Finished transferring input files
...
001 (610.000.000) 2024-11-23 17:09:33 Job executing on host: <147.188.47.71:9618?addrs=147.188.47.71-9618&alias=eplwk001.ph.bham.ac.uk&noUDP&sock=startd_864732_ce1e>
	SlotName: slot1_2@eplwk001.ph.bham.ac.uk
	CondorScratchDir = "/var/lib/condor/execute/dir_3016135"
	Cpus = 1
	Disk = 7699
	GPUs = 0
	Memory = 4096
...
006 (610.000.000) 2024-11-23 17:09:41 Image size of job updated: 192912
	189  -  MemoryUsage of job (MB)
	192860  -  ResidentSetSize of job (KB)
...
006 (610.000.000) 2024-11-23 17:10:37 Image size of job updated: 781444
	189  -  MemoryUsage of job (MB)
	192860  -  ResidentSetSize of job (KB)
...
040 (610.000.000) 2024-11-23 17:10:37 Started transferring output files
...
040 (610.000.000) 2024-11-23 17:10:37 Finished transferring output files
...
005 (610.000.000) 2024-11-23 17:10:37 Job terminated.
	(1) Normal termination (return value 0)
		Usr 0 00:00:53, Sys 0 00:00:05  -  Run Remote Usage
		Usr 0 00:00:00, Sys 0 00:00:00  -  Run Local Usage
		Usr 0 00:00:53, Sys 0 00:00:05  -  Total Remote Usage
		Usr 0 00:00:00, Sys 0 00:00:00  -  Total Local Usage
	4014  -  Run Bytes Sent By Job
	947  -  Run Bytes Received By Job
	4014  -  Total Bytes Sent By Job
	947  -  Total Bytes Received By Job
	Partitionable Resources :    Usage  Request Allocated 
	   Cpus                 :        0        1         1 
	   Disk (KB)            :       36        1      7699 
	   GPUs                 :                           0 
	   Memory (MB)          :      189     4000      4096 
	   TimeExecute (s)      :       64                    
	   TimeSlotBusy (s)     :       65                    

	Job terminated of its own accord at 2024-11-23T17:10:37Z with exit-code 0.
...
