000 (2064.000.000) 2024-11-25 14:26:00 Job submitted from host: <147.188.47.47:9618?addrs=147.188.47.47-9618&alias=eprexb.ph.bham.ac.uk&noUDP&sock=schedd_1171491_f6ca>
...
040 (2064.000.000) 2024-11-25 14:26:19 Started transferring input files
	Transferring to host: <147.188.47.71:9618?addrs=147.188.47.71-9618&alias=eplwk001.ph.bham.ac.uk&noUDP&sock=slot1_16_864817_8fb9_65746>
...
040 (2064.000.000) 2024-11-25 14:26:19 Finished transferring input files
...
001 (2064.000.000) 2024-11-25 14:26:20 Job executing on host: <147.188.47.71:9618?addrs=147.188.47.71-9618&alias=eplwk001.ph.bham.ac.uk&noUDP&sock=startd_864732_ce1e>
	SlotName: slot1_16@eplwk001.ph.bham.ac.uk
	CondorScratchDir = "/var/lib/condor/execute/dir_1847336"
	Cpus = 1
	Disk = 7699
	GPUs = 0
	Memory = 4096
...
006 (2064.000.000) 2024-11-25 14:26:29 Image size of job updated: 514200
	502  -  MemoryUsage of job (MB)
	513968  -  ResidentSetSize of job (KB)
...
006 (2064.000.000) 2024-11-25 14:31:30 Image size of job updated: 756300
	739  -  MemoryUsage of job (MB)
	755784  -  ResidentSetSize of job (KB)
...
006 (2064.000.000) 2024-11-25 14:36:30 Image size of job updated: 783960
	766  -  MemoryUsage of job (MB)
	783712  -  ResidentSetSize of job (KB)
...
006 (2064.000.000) 2024-11-25 14:41:31 Image size of job updated: 791900
	773  -  MemoryUsage of job (MB)
	791524  -  ResidentSetSize of job (KB)
...
006 (2064.000.000) 2024-11-25 14:43:44 Image size of job updated: 803208
	773  -  MemoryUsage of job (MB)
	791524  -  ResidentSetSize of job (KB)
...
040 (2064.000.000) 2024-11-25 14:43:45 Started transferring output files
...
040 (2064.000.000) 2024-11-25 14:43:45 Finished transferring output files
...
005 (2064.000.000) 2024-11-25 14:43:45 Job terminated.
	(1) Normal termination (return value 0)
		Usr 0 00:16:25, Sys 0 00:00:50  -  Run Remote Usage
		Usr 0 00:00:00, Sys 0 00:00:00  -  Run Local Usage
		Usr 0 00:16:25, Sys 0 00:00:50  -  Total Remote Usage
		Usr 0 00:00:00, Sys 0 00:00:00  -  Total Local Usage
	2731  -  Run Bytes Sent By Job
	957  -  Run Bytes Received By Job
	2731  -  Total Bytes Sent By Job
	957  -  Total Bytes Received By Job
	Partitionable Resources :    Usage  Request Allocated 
	   Cpus                 :     0.99        1         1 
	   Disk (KB)            :    39           1      7699 
	   GPUs                 :                           0 
	   Memory (MB)          :   773        4000      4096 
	   TimeExecute (s)      :  1044                       
	   TimeSlotBusy (s)     :  1046                       

	Job terminated of its own accord at 2024-11-25T14:43:44Z with exit-code 0.
...
