000 (1479.000.000) 2024-11-24 00:25:59 Job submitted from host: <147.188.47.47:9618?addrs=147.188.47.47-9618&alias=eprexb.ph.bham.ac.uk&noUDP&sock=schedd_1171491_f6ca>
...
040 (1479.000.000) 2024-11-24 00:26:02 Started transferring input files
	Transferring to host: <147.188.47.71:9618?addrs=147.188.47.71-9618&alias=eplwk001.ph.bham.ac.uk&noUDP&sock=slot1_33_864817_8fb9_64758>
...
040 (1479.000.000) 2024-11-24 00:26:02 Finished transferring input files
...
001 (1479.000.000) 2024-11-24 00:26:03 Job executing on host: <147.188.47.71:9618?addrs=147.188.47.71-9618&alias=eplwk001.ph.bham.ac.uk&noUDP&sock=startd_864732_ce1e>
	SlotName: slot1_33@eplwk001.ph.bham.ac.uk
	CondorScratchDir = "/var/lib/condor/execute/dir_493798"
	Cpus = 1
	Disk = 7699
	GPUs = 0
	Memory = 4096
...
006 (1479.000.000) 2024-11-24 00:26:12 Image size of job updated: 348228
	341  -  MemoryUsage of job (MB)
	348228  -  ResidentSetSize of job (KB)
...
006 (1479.000.000) 2024-11-24 00:27:36 Image size of job updated: 804080
	341  -  MemoryUsage of job (MB)
	348736  -  ResidentSetSize of job (KB)
...
040 (1479.000.000) 2024-11-24 00:27:36 Started transferring output files
...
040 (1479.000.000) 2024-11-24 00:27:36 Finished transferring output files
...
005 (1479.000.000) 2024-11-24 00:27:36 Job terminated.
	(1) Normal termination (return value 0)
		Usr 0 00:01:22, Sys 0 00:00:05  -  Run Remote Usage
		Usr 0 00:00:00, Sys 0 00:00:00  -  Run Local Usage
		Usr 0 00:01:22, Sys 0 00:00:05  -  Total Remote Usage
		Usr 0 00:00:00, Sys 0 00:00:00  -  Total Local Usage
	2806  -  Run Bytes Sent By Job
	952  -  Run Bytes Received By Job
	2806  -  Total Bytes Sent By Job
	952  -  Total Bytes Received By Job
	Partitionable Resources :    Usage  Request Allocated 
	   Cpus                 :     0.99        1         1 
	   Disk (KB)            :    35           1      7699 
	   GPUs                 :                           0 
	   Memory (MB)          :   341        4000      4096 
	   TimeExecute (s)      :    93                       
	   TimeSlotBusy (s)     :    94                       

	Job terminated of its own accord at 2024-11-24T00:27:36Z with exit-code 0.
...
