000 (1403.000.000) 2024-11-23 23:09:21 Job submitted from host: <147.188.47.47:9618?addrs=147.188.47.47-9618&alias=eprexb.ph.bham.ac.uk&noUDP&sock=schedd_1171491_f6ca>
...
040 (1403.000.000) 2024-11-23 23:10:52 Started transferring input files
	Transferring to host: <147.188.47.72:9618?addrs=147.188.47.72-9618&alias=eplwk002.ph.bham.ac.uk&noUDP&sock=slot1_25_187135_4953_45484>
...
040 (1403.000.000) 2024-11-23 23:10:52 Finished transferring input files
...
001 (1403.000.000) 2024-11-23 23:10:53 Job executing on host: <147.188.47.72:9618?addrs=147.188.47.72-9618&alias=eplwk002.ph.bham.ac.uk&noUDP&sock=startd_187014_a097>
	SlotName: slot1_25@eplwk002.ph.bham.ac.uk
	CondorScratchDir = "/var/lib/condor/execute/dir_2676986"
	Cpus = 1
	Disk = 7701
	GPUs = 0
	Memory = 4096
...
006 (1403.000.000) 2024-11-23 23:11:02 Image size of job updated: 434872
	425  -  MemoryUsage of job (MB)
	434768  -  ResidentSetSize of job (KB)
...
006 (1403.000.000) 2024-11-23 23:12:24 Image size of job updated: 821372
	426  -  MemoryUsage of job (MB)
	435280  -  ResidentSetSize of job (KB)
...
040 (1403.000.000) 2024-11-23 23:12:24 Started transferring output files
...
040 (1403.000.000) 2024-11-23 23:12:24 Finished transferring output files
...
005 (1403.000.000) 2024-11-23 23:12:24 Job terminated.
	(1) Normal termination (return value 0)
		Usr 0 00:01:21, Sys 0 00:00:05  -  Run Remote Usage
		Usr 0 00:00:00, Sys 0 00:00:00  -  Run Local Usage
		Usr 0 00:01:21, Sys 0 00:00:05  -  Total Remote Usage
		Usr 0 00:00:00, Sys 0 00:00:00  -  Total Local Usage
	2816  -  Run Bytes Sent By Job
	952  -  Run Bytes Received By Job
	2816  -  Total Bytes Sent By Job
	952  -  Total Bytes Received By Job
	Partitionable Resources :    Usage  Request Allocated 
	   Cpus                 :        0        1         1 
	   Disk (KB)            :       35        1      7701 
	   GPUs                 :                           0 
	   Memory (MB)          :      426     4000      4096 
	   TimeExecute (s)      :       91                    
	   TimeSlotBusy (s)     :       92                    

	Job terminated of its own accord at 2024-11-23T23:12:24Z with exit-code 0.
...
