000 (2004.000.000) 2024-11-25 13:49:17 Job submitted from host: <147.188.47.47:9618?addrs=147.188.47.47-9618&alias=eprexb.ph.bham.ac.uk&noUDP&sock=schedd_1171491_f6ca>
...
040 (2004.000.000) 2024-11-25 13:49:28 Started transferring input files
	Transferring to host: <147.188.47.71:9618?addrs=147.188.47.71-9618&alias=eplwk001.ph.bham.ac.uk&noUDP&sock=slot1_16_864817_8fb9_65684>
...
040 (2004.000.000) 2024-11-25 13:49:28 Finished transferring input files
...
001 (2004.000.000) 2024-11-25 13:49:30 Job executing on host: <147.188.47.71:9618?addrs=147.188.47.71-9618&alias=eplwk001.ph.bham.ac.uk&noUDP&sock=startd_864732_ce1e>
	SlotName: slot1_16@eplwk001.ph.bham.ac.uk
	CondorScratchDir = "/var/lib/condor/execute/dir_1698145"
	Cpus = 1
	Disk = 7699
	GPUs = 0
	Memory = 4096
...
006 (2004.000.000) 2024-11-25 13:49:38 Image size of job updated: 176740
	173  -  MemoryUsage of job (MB)
	176740  -  ResidentSetSize of job (KB)
...
006 (2004.000.000) 2024-11-25 13:54:38 Image size of job updated: 762352
	744  -  MemoryUsage of job (MB)
	761824  -  ResidentSetSize of job (KB)
...
006 (2004.000.000) 2024-11-25 13:59:38 Image size of job updated: 789572
	763  -  MemoryUsage of job (MB)
	780492  -  ResidentSetSize of job (KB)
...
006 (2004.000.000) 2024-11-25 14:03:49 Image size of job updated: 794828
	763  -  MemoryUsage of job (MB)
	780492  -  ResidentSetSize of job (KB)
...
040 (2004.000.000) 2024-11-25 14:03:49 Started transferring output files
...
040 (2004.000.000) 2024-11-25 14:03:49 Finished transferring output files
...
005 (2004.000.000) 2024-11-25 14:03:49 Job terminated.
	(1) Normal termination (return value 0)
		Usr 0 00:13:21, Sys 0 00:00:41  -  Run Remote Usage
		Usr 0 00:00:00, Sys 0 00:00:00  -  Run Local Usage
		Usr 0 00:13:21, Sys 0 00:00:41  -  Total Remote Usage
		Usr 0 00:00:00, Sys 0 00:00:00  -  Total Local Usage
	2731  -  Run Bytes Sent By Job
	957  -  Run Bytes Received By Job
	2731  -  Total Bytes Sent By Job
	957  -  Total Bytes Received By Job
	Partitionable Resources :    Usage  Request Allocated 
	   Cpus                 :     0.99        1         1 
	   Disk (KB)            :    39           1      7699 
	   GPUs                 :                           0 
	   Memory (MB)          :   763        4000      4096 
	   TimeExecute (s)      :   859                       
	   TimeSlotBusy (s)     :   861                       

	Job terminated of its own accord at 2024-11-25T14:03:49Z with exit-code 0.
...
