000 (1457.000.000) 2024-11-24 00:02:48 Job submitted from host: <147.188.47.47:9618?addrs=147.188.47.47-9618&alias=eprexb.ph.bham.ac.uk&noUDP&sock=schedd_1171491_f6ca>
...
040 (1457.000.000) 2024-11-24 00:02:55 Started transferring input files
	Transferring to host: <147.188.47.71:9618?addrs=147.188.47.71-9618&alias=eplwk001.ph.bham.ac.uk&noUDP&sock=slot1_35_864817_8fb9_64738>
...
040 (1457.000.000) 2024-11-24 00:02:55 Finished transferring input files
...
001 (1457.000.000) 2024-11-24 00:02:56 Job executing on host: <147.188.47.71:9618?addrs=147.188.47.71-9618&alias=eplwk001.ph.bham.ac.uk&noUDP&sock=startd_864732_ce1e>
	SlotName: slot1_35@eplwk001.ph.bham.ac.uk
	CondorScratchDir = "/var/lib/condor/execute/dir_467691"
	Cpus = 1
	Disk = 7699
	GPUs = 0
	Memory = 4096
...
006 (1457.000.000) 2024-11-24 00:03:04 Image size of job updated: 321372
	314  -  MemoryUsage of job (MB)
	321364  -  ResidentSetSize of job (KB)
...
006 (1457.000.000) 2024-11-24 00:04:29 Image size of job updated: 815652
	315  -  MemoryUsage of job (MB)
	321876  -  ResidentSetSize of job (KB)
...
040 (1457.000.000) 2024-11-24 00:04:29 Started transferring output files
...
040 (1457.000.000) 2024-11-24 00:04:29 Finished transferring output files
...
005 (1457.000.000) 2024-11-24 00:04:29 Job terminated.
	(1) Normal termination (return value 0)
		Usr 0 00:01:22, Sys 0 00:00:05  -  Run Remote Usage
		Usr 0 00:00:00, Sys 0 00:00:00  -  Run Local Usage
		Usr 0 00:01:22, Sys 0 00:00:05  -  Total Remote Usage
		Usr 0 00:00:00, Sys 0 00:00:00  -  Total Local Usage
	2806  -  Run Bytes Sent By Job
	953  -  Run Bytes Received By Job
	2806  -  Total Bytes Sent By Job
	953  -  Total Bytes Received By Job
	Partitionable Resources :    Usage  Request Allocated 
	   Cpus                 :        0        1         1 
	   Disk (KB)            :       34        1      7699 
	   GPUs                 :                           0 
	   Memory (MB)          :      315     4000      4096 
	   TimeExecute (s)      :       93                    
	   TimeSlotBusy (s)     :       95                    

	Job terminated of its own accord at 2024-11-24T00:04:29Z with exit-code 0.
...
