000 (1998.000.000) 2024-11-25 13:49:14 Job submitted from host: <147.188.47.47:9618?addrs=147.188.47.47-9618&alias=eprexb.ph.bham.ac.uk&noUDP&sock=schedd_1171491_f6ca>
...
040 (1998.000.000) 2024-11-25 13:49:29 Started transferring input files
	Transferring to host: <147.188.47.71:9618?addrs=147.188.47.71-9618&alias=eplwk001.ph.bham.ac.uk&noUDP&sock=slot1_10_864817_8fb9_65698>
...
040 (1998.000.000) 2024-11-25 13:49:29 Finished transferring input files
...
001 (1998.000.000) 2024-11-25 13:49:30 Job executing on host: <147.188.47.71:9618?addrs=147.188.47.71-9618&alias=eplwk001.ph.bham.ac.uk&noUDP&sock=startd_864732_ce1e>
	SlotName: slot1_10@eplwk001.ph.bham.ac.uk
	CondorScratchDir = "/var/lib/condor/execute/dir_1698287"
	Cpus = 1
	Disk = 7699
	GPUs = 0
	Memory = 4096
...
006 (1998.000.000) 2024-11-25 13:49:39 Image size of job updated: 189120
	185  -  MemoryUsage of job (MB)
	188800  -  ResidentSetSize of job (KB)
...
006 (1998.000.000) 2024-11-25 13:54:40 Image size of job updated: 749424
	732  -  MemoryUsage of job (MB)
	749424  -  ResidentSetSize of job (KB)
...
006 (1998.000.000) 2024-11-25 13:59:40 Image size of job updated: 781680
	764  -  MemoryUsage of job (MB)
	781436  -  ResidentSetSize of job (KB)
...
006 (1998.000.000) 2024-11-25 14:04:09 Image size of job updated: 783880
	764  -  MemoryUsage of job (MB)
	781436  -  ResidentSetSize of job (KB)
...
040 (1998.000.000) 2024-11-25 14:04:09 Started transferring output files
...
040 (1998.000.000) 2024-11-25 14:04:09 Finished transferring output files
...
005 (1998.000.000) 2024-11-25 14:04:09 Job terminated.
	(1) Normal termination (return value 0)
		Usr 0 00:13:37, Sys 0 00:00:43  -  Run Remote Usage
		Usr 0 00:00:00, Sys 0 00:00:00  -  Run Local Usage
		Usr 0 00:13:37, Sys 0 00:00:43  -  Total Remote Usage
		Usr 0 00:00:00, Sys 0 00:00:00  -  Total Local Usage
	2731  -  Run Bytes Sent By Job
	957  -  Run Bytes Received By Job
	2731  -  Total Bytes Sent By Job
	957  -  Total Bytes Received By Job
	Partitionable Resources :    Usage  Request Allocated 
	   Cpus                 :     0.99        1         1 
	   Disk (KB)            :    39           1      7699 
	   GPUs                 :                           0 
	   Memory (MB)          :   764        4000      4096 
	   TimeExecute (s)      :   879                       
	   TimeSlotBusy (s)     :   880                       

	Job terminated of its own accord at 2024-11-25T14:04:09Z with exit-code 0.
...
