000 (2022.000.000) 2024-11-25 13:49:32 Job submitted from host: <147.188.47.47:9618?addrs=147.188.47.47-9618&alias=eprexb.ph.bham.ac.uk&noUDP&sock=schedd_1171491_f6ca>
...
040 (2022.000.000) 2024-11-25 13:49:48 Started transferring input files
	Transferring to host: <147.188.47.71:9618?addrs=147.188.47.71-9618&alias=eplwk001.ph.bham.ac.uk&noUDP&sock=slot1_34_864817_8fb9_65704>
...
040 (2022.000.000) 2024-11-25 13:49:48 Finished transferring input files
...
001 (2022.000.000) 2024-11-25 13:49:49 Job executing on host: <147.188.47.71:9618?addrs=147.188.47.71-9618&alias=eplwk001.ph.bham.ac.uk&noUDP&sock=startd_864732_ce1e>
	SlotName: slot1_34@eplwk001.ph.bham.ac.uk
	CondorScratchDir = "/var/lib/condor/execute/dir_1784927"
	Cpus = 1
	Disk = 7699
	GPUs = 0
	Memory = 4096
...
006 (2022.000.000) 2024-11-25 13:49:58 Image size of job updated: 194936
	191  -  MemoryUsage of job (MB)
	194704  -  ResidentSetSize of job (KB)
...
006 (2022.000.000) 2024-11-25 13:51:36 Image size of job updated: 794852
	191  -  MemoryUsage of job (MB)
	194704  -  ResidentSetSize of job (KB)
...
040 (2022.000.000) 2024-11-25 13:51:36 Started transferring output files
...
040 (2022.000.000) 2024-11-25 13:51:36 Finished transferring output files
...
005 (2022.000.000) 2024-11-25 13:51:36 Job terminated.
	(1) Normal termination (return value 0)
		Usr 0 00:01:34, Sys 0 00:00:06  -  Run Remote Usage
		Usr 0 00:00:00, Sys 0 00:00:00  -  Run Local Usage
		Usr 0 00:01:34, Sys 0 00:00:06  -  Total Remote Usage
		Usr 0 00:00:00, Sys 0 00:00:00  -  Total Local Usage
	2731  -  Run Bytes Sent By Job
	956  -  Run Bytes Received By Job
	2731  -  Total Bytes Sent By Job
	956  -  Total Bytes Received By Job
	Partitionable Resources :    Usage  Request Allocated 
	   Cpus                 :                 1         1 
	   Disk (KB)            :       33        1      7699 
	   GPUs                 :                           0 
	   Memory (MB)          :      191     4000      4096 
	   TimeExecute (s)      :      107                    
	   TimeSlotBusy (s)     :      108                    

	Job terminated of its own accord at 2024-11-25T13:51:36Z with exit-code 0.
...
