000 (507.000.000) 2024-11-23 15:49:09 Job submitted from host: <147.188.47.47:9618?addrs=147.188.47.47-9618&alias=eprexb.ph.bham.ac.uk&noUDP&sock=schedd_1171491_f6ca>
...
040 (507.000.000) 2024-11-23 15:49:21 Started transferring input files
	Transferring to host: <147.188.47.71:9618?addrs=147.188.47.71-9618&alias=eplwk001.ph.bham.ac.uk&noUDP&sock=slot1_10_864817_8fb9_63644>
...
040 (507.000.000) 2024-11-23 15:49:21 Finished transferring input files
...
001 (507.000.000) 2024-11-23 15:49:22 Job executing on host: <147.188.47.71:9618?addrs=147.188.47.71-9618&alias=eplwk001.ph.bham.ac.uk&noUDP&sock=startd_864732_ce1e>
	SlotName: slot1_10@eplwk001.ph.bham.ac.uk
	CondorScratchDir = "/var/lib/condor/execute/dir_2769110"
	Cpus = 1
	Disk = 7699
	GPUs = 0
	Memory = 4096
...
006 (507.000.000) 2024-11-23 15:49:31 Image size of job updated: 55340
	55  -  MemoryUsage of job (MB)
	55308  -  ResidentSetSize of job (KB)
...
006 (507.000.000) 2024-11-23 15:54:32 Image size of job updated: 1450856
	1417  -  MemoryUsage of job (MB)
	1450760  -  ResidentSetSize of job (KB)
...
006 (507.000.000) 2024-11-23 15:58:33 Image size of job updated: 2105096
	1417  -  MemoryUsage of job (MB)
	1450760  -  ResidentSetSize of job (KB)
...
040 (507.000.000) 2024-11-23 15:58:33 Started transferring output files
...
040 (507.000.000) 2024-11-23 15:58:33 Finished transferring output files
...
005 (507.000.000) 2024-11-23 15:58:33 Job terminated.
	(1) Normal termination (return value 0)
		Usr 0 00:01:09, Sys 0 00:00:12  -  Run Remote Usage
		Usr 0 00:00:00, Sys 0 00:00:00  -  Run Local Usage
		Usr 0 00:01:09, Sys 0 00:00:12  -  Total Remote Usage
		Usr 0 00:00:00, Sys 0 00:00:00  -  Total Local Usage
	4229  -  Run Bytes Sent By Job
	952  -  Run Bytes Received By Job
	4229  -  Total Bytes Sent By Job
	952  -  Total Bytes Received By Job
	Partitionable Resources :    Usage  Request Allocated 
	   Cpus                 :     0.14        1         1 
	   Disk (KB)            :    36           1      7699 
	   GPUs                 :                           0 
	   Memory (MB)          :  1417        4000      4096 
	   TimeExecute (s)      :   551                       
	   TimeSlotBusy (s)     :   552                       

	Job terminated of its own accord at 2024-11-23T15:58:33Z with exit-code 0.
...
