000 (1370.000.000) 2024-11-23 23:05:32 Job submitted from host: <147.188.47.47:9618?addrs=147.188.47.47-9618&alias=eprexb.ph.bham.ac.uk&noUDP&sock=schedd_1171491_f6ca>
...
040 (1370.000.000) 2024-11-23 23:05:50 Started transferring input files
	Transferring to host: <147.188.47.71:9618?addrs=147.188.47.71-9618&alias=eplwk001.ph.bham.ac.uk&noUDP&sock=slot1_28_864817_8fb9_64670>
...
040 (1370.000.000) 2024-11-23 23:05:50 Finished transferring input files
...
001 (1370.000.000) 2024-11-23 23:05:51 Job executing on host: <147.188.47.71:9618?addrs=147.188.47.71-9618&alias=eplwk001.ph.bham.ac.uk&noUDP&sock=startd_864732_ce1e>
	SlotName: slot1_28@eplwk001.ph.bham.ac.uk
	CondorScratchDir = "/var/lib/condor/execute/dir_443319"
	Cpus = 1
	Disk = 7699
	GPUs = 0
	Memory = 4096
...
006 (1370.000.000) 2024-11-23 23:06:00 Image size of job updated: 359440
	352  -  MemoryUsage of job (MB)
	359440  -  ResidentSetSize of job (KB)
...
006 (1370.000.000) 2024-11-23 23:07:36 Image size of job updated: 1081176
	352  -  MemoryUsage of job (MB)
	359696  -  ResidentSetSize of job (KB)
...
040 (1370.000.000) 2024-11-23 23:07:36 Started transferring output files
...
040 (1370.000.000) 2024-11-23 23:07:36 Finished transferring output files
...
005 (1370.000.000) 2024-11-23 23:07:36 Job terminated.
	(1) Normal termination (return value 0)
		Usr 0 00:01:23, Sys 0 00:00:06  -  Run Remote Usage
		Usr 0 00:00:00, Sys 0 00:00:00  -  Run Local Usage
		Usr 0 00:01:23, Sys 0 00:00:06  -  Total Remote Usage
		Usr 0 00:00:00, Sys 0 00:00:00  -  Total Local Usage
	2806  -  Run Bytes Sent By Job
	952  -  Run Bytes Received By Job
	2806  -  Total Bytes Sent By Job
	952  -  Total Bytes Received By Job
	Partitionable Resources :    Usage  Request Allocated 
	   Cpus                 :     0.92        1         1 
	   Disk (KB)            :    34           1      7699 
	   GPUs                 :                           0 
	   Memory (MB)          :   352        4000      4096 
	   TimeExecute (s)      :   105                       
	   TimeSlotBusy (s)     :   106                       

	Job terminated of its own accord at 2024-11-23T23:07:36Z with exit-code 0.
...
