000 (728.000.000) 2024-11-23 18:08:41 Job submitted from host: <147.188.47.47:9618?addrs=147.188.47.47-9618&alias=eprexb.ph.bham.ac.uk&noUDP&sock=schedd_1171491_f6ca>
...
040 (728.000.000) 2024-11-23 18:08:52 Started transferring input files
	Transferring to host: <147.188.47.71:9618?addrs=147.188.47.71-9618&alias=eplwk001.ph.bham.ac.uk&noUDP&sock=slot1_2_864817_8fb9_63884>
...
040 (728.000.000) 2024-11-23 18:08:52 Finished transferring input files
...
001 (728.000.000) 2024-11-23 18:08:53 Job executing on host: <147.188.47.71:9618?addrs=147.188.47.71-9618&alias=eplwk001.ph.bham.ac.uk&noUDP&sock=startd_864732_ce1e>
	SlotName: slot1_2@eplwk001.ph.bham.ac.uk
	CondorScratchDir = "/var/lib/condor/execute/dir_3088455"
	Cpus = 1
	Disk = 7699
	GPUs = 0
	Memory = 4096
...
006 (728.000.000) 2024-11-23 18:09:02 Image size of job updated: 475292
	464  -  MemoryUsage of job (MB)
	474856  -  ResidentSetSize of job (KB)
...
006 (728.000.000) 2024-11-23 18:09:17 Image size of job updated: 740796
	464  -  MemoryUsage of job (MB)
	474856  -  ResidentSetSize of job (KB)
...
040 (728.000.000) 2024-11-23 18:09:17 Started transferring output files
...
040 (728.000.000) 2024-11-23 18:09:17 Finished transferring output files
...
005 (728.000.000) 2024-11-23 18:09:17 Job terminated.
	(1) Normal termination (return value 0)
		Usr 0 00:00:16, Sys 0 00:00:04  -  Run Remote Usage
		Usr 0 00:00:00, Sys 0 00:00:00  -  Run Local Usage
		Usr 0 00:00:16, Sys 0 00:00:04  -  Total Remote Usage
		Usr 0 00:00:00, Sys 0 00:00:00  -  Total Local Usage
	2812  -  Run Bytes Sent By Job
	942  -  Run Bytes Received By Job
	2812  -  Total Bytes Sent By Job
	942  -  Total Bytes Received By Job
	Partitionable Resources :    Usage  Request Allocated 
	   Cpus                 :        0        1         1 
	   Disk (KB)            :       34        1      7699 
	   GPUs                 :                           0 
	   Memory (MB)          :      464     4000      4096 
	   TimeExecute (s)      :       24                    
	   TimeSlotBusy (s)     :       25                    

	Job terminated of its own accord at 2024-11-23T18:09:17Z with exit-code 0.
...
