000 (721.000.000) 2024-11-23 18:00:34 Job submitted from host: <147.188.47.47:9618?addrs=147.188.47.47-9618&alias=eprexb.ph.bham.ac.uk&noUDP&sock=schedd_1171491_f6ca>
...
040 (721.000.000) 2024-11-23 18:00:51 Started transferring input files
	Transferring to host: <147.188.47.71:9618?addrs=147.188.47.71-9618&alias=eplwk001.ph.bham.ac.uk&noUDP&sock=slot1_8_864817_8fb9_63877>
...
040 (721.000.000) 2024-11-23 18:00:51 Finished transferring input files
...
001 (721.000.000) 2024-11-23 18:00:52 Job executing on host: <147.188.47.71:9618?addrs=147.188.47.71-9618&alias=eplwk001.ph.bham.ac.uk&noUDP&sock=startd_864732_ce1e>
	SlotName: slot1_8@eplwk001.ph.bham.ac.uk
	CondorScratchDir = "/var/lib/condor/execute/dir_3085245"
	Cpus = 1
	Disk = 7699
	GPUs = 0
	Memory = 4096
...
006 (721.000.000) 2024-11-23 18:01:01 Image size of job updated: 536808
	525  -  MemoryUsage of job (MB)
	536808  -  ResidentSetSize of job (KB)
...
006 (721.000.000) 2024-11-23 18:02:06 Image size of job updated: 786568
	525  -  MemoryUsage of job (MB)
	536808  -  ResidentSetSize of job (KB)
...
040 (721.000.000) 2024-11-23 18:02:06 Started transferring output files
...
040 (721.000.000) 2024-11-23 18:02:06 Finished transferring output files
...
005 (721.000.000) 2024-11-23 18:02:06 Job terminated.
	(1) Normal termination (return value 0)
		Usr 0 00:01:05, Sys 0 00:00:05  -  Run Remote Usage
		Usr 0 00:00:00, Sys 0 00:00:00  -  Run Local Usage
		Usr 0 00:01:05, Sys 0 00:00:05  -  Total Remote Usage
		Usr 0 00:00:00, Sys 0 00:00:00  -  Total Local Usage
	4316  -  Run Bytes Sent By Job
	952  -  Run Bytes Received By Job
	4316  -  Total Bytes Sent By Job
	952  -  Total Bytes Received By Job
	Partitionable Resources :    Usage  Request Allocated 
	   Cpus                 :        0        1         1 
	   Disk (KB)            :       36        1      7699 
	   GPUs                 :                           0 
	   Memory (MB)          :      525     4000      4096 
	   TimeExecute (s)      :       74                    
	   TimeSlotBusy (s)     :       75                    

	Job terminated of its own accord at 2024-11-23T18:02:06Z with exit-code 0.
...
