000 (508.000.000) 2024-11-23 15:49:09 Job submitted from host: <147.188.47.47:9618?addrs=147.188.47.47-9618&alias=eprexb.ph.bham.ac.uk&noUDP&sock=schedd_1171491_f6ca>
...
040 (508.000.000) 2024-11-23 15:49:21 Started transferring input files
	Transferring to host: <147.188.47.71:9618?addrs=147.188.47.71-9618&alias=eplwk001.ph.bham.ac.uk&noUDP&sock=slot1_11_864817_8fb9_63645>
...
040 (508.000.000) 2024-11-23 15:49:21 Finished transferring input files
...
001 (508.000.000) 2024-11-23 15:49:22 Job executing on host: <147.188.47.71:9618?addrs=147.188.47.71-9618&alias=eplwk001.ph.bham.ac.uk&noUDP&sock=startd_864732_ce1e>
	SlotName: slot1_11@eplwk001.ph.bham.ac.uk
	CondorScratchDir = "/var/lib/condor/execute/dir_2769111"
	Cpus = 1
	Disk = 7699
	GPUs = 0
	Memory = 4096
...
006 (508.000.000) 2024-11-23 15:49:31 Image size of job updated: 56688
	56  -  MemoryUsage of job (MB)
	56680  -  ResidentSetSize of job (KB)
...
006 (508.000.000) 2024-11-23 15:54:32 Image size of job updated: 1187372
	1160  -  MemoryUsage of job (MB)
	1187008  -  ResidentSetSize of job (KB)
...
006 (508.000.000) 2024-11-23 15:59:23 Image size of job updated: 1924616
	1160  -  MemoryUsage of job (MB)
	1187012  -  ResidentSetSize of job (KB)
...
040 (508.000.000) 2024-11-23 15:59:23 Started transferring output files
...
040 (508.000.000) 2024-11-23 15:59:23 Finished transferring output files
...
005 (508.000.000) 2024-11-23 15:59:23 Job terminated.
	(1) Normal termination (return value 0)
		Usr 0 00:01:00, Sys 0 00:00:11  -  Run Remote Usage
		Usr 0 00:00:00, Sys 0 00:00:00  -  Run Local Usage
		Usr 0 00:01:00, Sys 0 00:00:11  -  Total Remote Usage
		Usr 0 00:00:00, Sys 0 00:00:00  -  Total Local Usage
	3937  -  Run Bytes Sent By Job
	953  -  Run Bytes Received By Job
	3937  -  Total Bytes Sent By Job
	953  -  Total Bytes Received By Job
	Partitionable Resources :    Usage  Request Allocated 
	   Cpus                 :     0.06        1         1 
	   Disk (KB)            :    36           1      7699 
	   GPUs                 :                           0 
	   Memory (MB)          :  1160        4000      4096 
	   TimeExecute (s)      :   601                       
	   TimeSlotBusy (s)     :   602                       

	Job terminated of its own accord at 2024-11-23T15:59:23Z with exit-code 0.
...
