000 (1335.000.000) 2024-11-23 22:10:15 Job submitted from host: <147.188.47.47:9618?addrs=147.188.47.47-9618&alias=eprexb.ph.bham.ac.uk&noUDP&sock=schedd_1171491_f6ca>
...
040 (1335.000.000) 2024-11-23 22:19:40 Started transferring input files
	Transferring to host: <147.188.47.72:9618?addrs=147.188.47.72-9618&alias=eplwk002.ph.bham.ac.uk&noUDP&sock=slot1_86_187135_4953_45420>
...
040 (1335.000.000) 2024-11-23 22:19:40 Finished transferring input files
...
001 (1335.000.000) 2024-11-23 22:19:41 Job executing on host: <147.188.47.72:9618?addrs=147.188.47.72-9618&alias=eplwk002.ph.bham.ac.uk&noUDP&sock=startd_187014_a097>
	SlotName: slot1_86@eplwk002.ph.bham.ac.uk
	CondorScratchDir = "/var/lib/condor/execute/dir_2654500"
	Cpus = 1
	Disk = 7701
	GPUs = 0
	Memory = 4096
...
006 (1335.000.000) 2024-11-23 22:19:50 Image size of job updated: 207820
	203  -  MemoryUsage of job (MB)
	207644  -  ResidentSetSize of job (KB)
...
006 (1335.000.000) 2024-11-23 22:23:07 Image size of job updated: 3198272
	2318  -  MemoryUsage of job (MB)
	2373236  -  ResidentSetSize of job (KB)
...
040 (1335.000.000) 2024-11-23 22:23:07 Started transferring output files
...
040 (1335.000.000) 2024-11-23 22:23:07 Finished transferring output files
...
005 (1335.000.000) 2024-11-23 22:23:07 Job terminated.
	(1) Normal termination (return value 0)
		Usr 0 00:02:32, Sys 0 00:00:12  -  Run Remote Usage
		Usr 0 00:00:00, Sys 0 00:00:00  -  Run Local Usage
		Usr 0 00:02:32, Sys 0 00:00:12  -  Total Remote Usage
		Usr 0 00:00:00, Sys 0 00:00:00  -  Total Local Usage
	2816  -  Run Bytes Sent By Job
	952  -  Run Bytes Received By Job
	2816  -  Total Bytes Sent By Job
	952  -  Total Bytes Received By Job
	Partitionable Resources :    Usage  Request Allocated 
	   Cpus                 :     0.81        1         1 
	   Disk (KB)            :    35           1      7701 
	   GPUs                 :                           0 
	   Memory (MB)          :  2318        4000      4096 
	   TimeExecute (s)      :   206                       
	   TimeSlotBusy (s)     :   207                       

	Job terminated of its own accord at 2024-11-23T22:23:07Z with exit-code 0.
...
