000 (1400.000.000) 2024-11-23 23:09:15 Job submitted from host: <147.188.47.47:9618?addrs=147.188.47.47-9618&alias=eprexb.ph.bham.ac.uk&noUDP&sock=schedd_1171491_f6ca>
...
040 (1400.000.000) 2024-11-23 23:10:46 Started transferring input files
	Transferring to host: <147.188.47.71:9618?addrs=147.188.47.71-9618&alias=eplwk001.ph.bham.ac.uk&noUDP&sock=slot1_29_864817_8fb9_64683>
...
040 (1400.000.000) 2024-11-23 23:10:46 Finished transferring input files
...
001 (1400.000.000) 2024-11-23 23:10:47 Job executing on host: <147.188.47.71:9618?addrs=147.188.47.71-9618&alias=eplwk001.ph.bham.ac.uk&noUDP&sock=startd_864732_ce1e>
	SlotName: slot1_29@eplwk001.ph.bham.ac.uk
	CondorScratchDir = "/var/lib/condor/execute/dir_449987"
	Cpus = 1
	Disk = 7699
	GPUs = 0
	Memory = 4096
...
006 (1400.000.000) 2024-11-23 23:10:56 Image size of job updated: 532740
	521  -  MemoryUsage of job (MB)
	532736  -  ResidentSetSize of job (KB)
...
006 (1400.000.000) 2024-11-23 23:12:18 Image size of job updated: 796004
	521  -  MemoryUsage of job (MB)
	532736  -  ResidentSetSize of job (KB)
...
040 (1400.000.000) 2024-11-23 23:12:18 Started transferring output files
...
040 (1400.000.000) 2024-11-23 23:12:18 Finished transferring output files
...
005 (1400.000.000) 2024-11-23 23:12:18 Job terminated.
	(1) Normal termination (return value 0)
		Usr 0 00:01:22, Sys 0 00:00:05  -  Run Remote Usage
		Usr 0 00:00:00, Sys 0 00:00:00  -  Run Local Usage
		Usr 0 00:01:22, Sys 0 00:00:05  -  Total Remote Usage
		Usr 0 00:00:00, Sys 0 00:00:00  -  Total Local Usage
	2806  -  Run Bytes Sent By Job
	953  -  Run Bytes Received By Job
	2806  -  Total Bytes Sent By Job
	953  -  Total Bytes Received By Job
	Partitionable Resources :    Usage  Request Allocated 
	   Cpus                 :     0.99        1         1 
	   Disk (KB)            :    35           1      7699 
	   GPUs                 :                           0 
	   Memory (MB)          :   521        4000      4096 
	   TimeExecute (s)      :    91                       
	   TimeSlotBusy (s)     :    92                       

	Job terminated of its own accord at 2024-11-23T23:12:18Z with exit-code 0.
...
