000 (1092.000.000) 2024-11-23 18:51:46 Job submitted from host: <147.188.47.47:9618?addrs=147.188.47.47-9618&alias=eprexb.ph.bham.ac.uk&noUDP&sock=schedd_1171491_f6ca>
...
040 (1092.000.000) 2024-11-23 18:52:03 Started transferring input files
	Transferring to host: <147.188.47.71:9618?addrs=147.188.47.71-9618&alias=eplwk001.ph.bham.ac.uk&noUDP&sock=slot1_3_864817_8fb9_64240>
...
040 (1092.000.000) 2024-11-23 18:52:03 Finished transferring input files
...
001 (1092.000.000) 2024-11-23 18:52:04 Job executing on host: <147.188.47.71:9618?addrs=147.188.47.71-9618&alias=eplwk001.ph.bham.ac.uk&noUDP&sock=startd_864732_ce1e>
	SlotName: slot1_3@eplwk001.ph.bham.ac.uk
	CondorScratchDir = "/var/lib/condor/execute/dir_151386"
	Cpus = 1
	Disk = 7699
	GPUs = 0
	Memory = 4096
...
006 (1092.000.000) 2024-11-23 18:52:13 Image size of job updated: 315328
	308  -  MemoryUsage of job (MB)
	315328  -  ResidentSetSize of job (KB)
...
006 (1092.000.000) 2024-11-23 18:53:11 Image size of job updated: 782136
	309  -  MemoryUsage of job (MB)
	315840  -  ResidentSetSize of job (KB)
...
040 (1092.000.000) 2024-11-23 18:53:11 Started transferring output files
...
040 (1092.000.000) 2024-11-23 18:53:11 Finished transferring output files
...
005 (1092.000.000) 2024-11-23 18:53:11 Job terminated.
	(1) Normal termination (return value 0)
		Usr 0 00:00:55, Sys 0 00:00:05  -  Run Remote Usage
		Usr 0 00:00:00, Sys 0 00:00:00  -  Run Local Usage
		Usr 0 00:00:55, Sys 0 00:00:05  -  Total Remote Usage
		Usr 0 00:00:00, Sys 0 00:00:00  -  Total Local Usage
	2804  -  Run Bytes Sent By Job
	947  -  Run Bytes Received By Job
	2804  -  Total Bytes Sent By Job
	947  -  Total Bytes Received By Job
	Partitionable Resources :    Usage  Request Allocated 
	   Cpus                 :     0.44        1         1 
	   Disk (KB)            :    35           1      7699 
	   GPUs                 :                           0 
	   Memory (MB)          :   309        4000      4096 
	   TimeExecute (s)      :    67                       
	   TimeSlotBusy (s)     :    68                       

	Job terminated of its own accord at 2024-11-23T18:53:11Z with exit-code 0.
...
