000 (599.000.000) 2024-11-23 17:02:23 Job submitted from host: <147.188.47.47:9618?addrs=147.188.47.47-9618&alias=eprexb.ph.bham.ac.uk&noUDP&sock=schedd_1171491_f6ca>
...
040 (599.000.000) 2024-11-23 17:02:31 Started transferring input files
	Transferring to host: <147.188.47.71:9618?addrs=147.188.47.71-9618&alias=eplwk001.ph.bham.ac.uk&noUDP&sock=slot1_2_864817_8fb9_63737>
...
040 (599.000.000) 2024-11-23 17:02:31 Finished transferring input files
...
001 (599.000.000) 2024-11-23 17:02:32 Job executing on host: <147.188.47.71:9618?addrs=147.188.47.71-9618&alias=eplwk001.ph.bham.ac.uk&noUDP&sock=startd_864732_ce1e>
	SlotName: slot1_2@eplwk001.ph.bham.ac.uk
	CondorScratchDir = "/var/lib/condor/execute/dir_3010660"
	Cpus = 1
	Disk = 7699
	GPUs = 0
	Memory = 4096
...
006 (599.000.000) 2024-11-23 17:02:41 Image size of job updated: 424756
	415  -  MemoryUsage of job (MB)
	424376  -  ResidentSetSize of job (KB)
...
006 (599.000.000) 2024-11-23 17:03:35 Image size of job updated: 779824
	416  -  MemoryUsage of job (MB)
	425400  -  ResidentSetSize of job (KB)
...
040 (599.000.000) 2024-11-23 17:03:35 Started transferring output files
...
040 (599.000.000) 2024-11-23 17:03:35 Finished transferring output files
...
005 (599.000.000) 2024-11-23 17:03:35 Job terminated.
	(1) Normal termination (return value 0)
		Usr 0 00:00:53, Sys 0 00:00:05  -  Run Remote Usage
		Usr 0 00:00:00, Sys 0 00:00:00  -  Run Local Usage
		Usr 0 00:00:53, Sys 0 00:00:05  -  Total Remote Usage
		Usr 0 00:00:00, Sys 0 00:00:00  -  Total Local Usage
	4014  -  Run Bytes Sent By Job
	947  -  Run Bytes Received By Job
	4014  -  Total Bytes Sent By Job
	947  -  Total Bytes Received By Job
	Partitionable Resources :    Usage  Request Allocated 
	   Cpus                 :        0        1         1 
	   Disk (KB)            :       35        1      7699 
	   GPUs                 :                           0 
	   Memory (MB)          :      416     4000      4096 
	   TimeExecute (s)      :       63                    
	   TimeSlotBusy (s)     :       64                    

	Job terminated of its own accord at 2024-11-23T17:03:35Z with exit-code 0.
...
