000 (565.000.000) 2024-11-23 16:44:05 Job submitted from host: <147.188.47.47:9618?addrs=147.188.47.47-9618&alias=eprexb.ph.bham.ac.uk&noUDP&sock=schedd_1171491_f6ca>
...
040 (565.000.000) 2024-11-23 16:44:24 Started transferring input files
	Transferring to host: <147.188.47.71:9618?addrs=147.188.47.71-9618&alias=eplwk001.ph.bham.ac.uk&noUDP&sock=slot1_8_864817_8fb9_63703>
...
040 (565.000.000) 2024-11-23 16:44:24 Finished transferring input files
...
001 (565.000.000) 2024-11-23 16:44:25 Job executing on host: <147.188.47.71:9618?addrs=147.188.47.71-9618&alias=eplwk001.ph.bham.ac.uk&noUDP&sock=startd_864732_ce1e>
	SlotName: slot1_8@eplwk001.ph.bham.ac.uk
	CondorScratchDir = "/var/lib/condor/execute/dir_2994168"
	Cpus = 1
	Disk = 7699
	GPUs = 0
	Memory = 4096
...
006 (565.000.000) 2024-11-23 16:44:34 Image size of job updated: 493208
	482  -  MemoryUsage of job (MB)
	493200  -  ResidentSetSize of job (KB)
...
006 (565.000.000) 2024-11-23 16:45:39 Image size of job updated: 787668
	482  -  MemoryUsage of job (MB)
	493200  -  ResidentSetSize of job (KB)
...
040 (565.000.000) 2024-11-23 16:45:39 Started transferring output files
...
040 (565.000.000) 2024-11-23 16:45:39 Finished transferring output files
...
005 (565.000.000) 2024-11-23 16:45:39 Job terminated.
	(1) Normal termination (return value 0)
		Usr 0 00:01:05, Sys 0 00:00:05  -  Run Remote Usage
		Usr 0 00:00:00, Sys 0 00:00:00  -  Run Local Usage
		Usr 0 00:01:05, Sys 0 00:00:05  -  Total Remote Usage
		Usr 0 00:00:00, Sys 0 00:00:00  -  Total Local Usage
	4316  -  Run Bytes Sent By Job
	952  -  Run Bytes Received By Job
	4316  -  Total Bytes Sent By Job
	952  -  Total Bytes Received By Job
	Partitionable Resources :    Usage  Request Allocated 
	   Cpus                 :        0        1         1 
	   Disk (KB)            :       36        1      7699 
	   GPUs                 :                           0 
	   Memory (MB)          :      482     4000      4096 
	   TimeExecute (s)      :       74                    
	   TimeSlotBusy (s)     :       75                    

	Job terminated of its own accord at 2024-11-23T16:45:39Z with exit-code 0.
...
