000 (2170.000.000) 2024-11-25 15:16:51 Job submitted from host: <147.188.47.47:9618?addrs=147.188.47.47-9618&alias=eprexb.ph.bham.ac.uk&noUDP&sock=schedd_1171491_f6ca>
...
040 (2170.000.000) 2024-11-25 15:16:59 Started transferring input files
	Transferring to host: <147.188.47.71:9618?addrs=147.188.47.71-9618&alias=eplwk001.ph.bham.ac.uk&noUDP&sock=slot1_10_864817_8fb9_65852>
...
040 (2170.000.000) 2024-11-25 15:16:59 Finished transferring input files
...
001 (2170.000.000) 2024-11-25 15:17:00 Job executing on host: <147.188.47.71:9618?addrs=147.188.47.71-9618&alias=eplwk001.ph.bham.ac.uk&noUDP&sock=startd_864732_ce1e>
	SlotName: slot1_10@eplwk001.ph.bham.ac.uk
	CondorScratchDir = "/var/lib/condor/execute/dir_2036228"
	Cpus = 1
	Disk = 7699
	GPUs = 0
	Memory = 4096
...
006 (2170.000.000) 2024-11-25 15:17:09 Image size of job updated: 371452
	363  -  MemoryUsage of job (MB)
	371452  -  ResidentSetSize of job (KB)
...
006 (2170.000.000) 2024-11-25 15:22:10 Image size of job updated: 745040
	727  -  MemoryUsage of job (MB)
	744020  -  ResidentSetSize of job (KB)
...
006 (2170.000.000) 2024-11-25 15:27:10 Image size of job updated: 773628
	756  -  MemoryUsage of job (MB)
	773140  -  ResidentSetSize of job (KB)
...
006 (2170.000.000) 2024-11-25 15:32:11 Image size of job updated: 793136
	763  -  MemoryUsage of job (MB)
	780356  -  ResidentSetSize of job (KB)
...
040 (2170.000.000) 2024-11-25 15:34:16 Started transferring output files
...
040 (2170.000.000) 2024-11-25 15:34:16 Finished transferring output files
...
005 (2170.000.000) 2024-11-25 15:34:16 Job terminated.
	(1) Normal termination (return value 0)
		Usr 0 00:16:16, Sys 0 00:00:49  -  Run Remote Usage
		Usr 0 00:00:00, Sys 0 00:00:00  -  Run Local Usage
		Usr 0 00:16:16, Sys 0 00:00:49  -  Total Remote Usage
		Usr 0 00:00:00, Sys 0 00:00:00  -  Total Local Usage
	2731  -  Run Bytes Sent By Job
	957  -  Run Bytes Received By Job
	2731  -  Total Bytes Sent By Job
	957  -  Total Bytes Received By Job
	Partitionable Resources :    Usage  Request Allocated 
	   Cpus                 :     1.00        1         1 
	   Disk (KB)            :    39           1      7699 
	   GPUs                 :                           0 
	   Memory (MB)          :   763        4000      4096 
	   TimeExecute (s)      :  1036                       
	   TimeSlotBusy (s)     :  1037                       

	Job terminated of its own accord at 2024-11-25T15:34:16Z with exit-code 0.
...
