000 (870.000.000) 2024-11-23 18:32:49 Job submitted from host: <147.188.47.47:9618?addrs=147.188.47.47-9618&alias=eprexb.ph.bham.ac.uk&noUDP&sock=schedd_1171491_f6ca>
...
040 (870.000.000) 2024-11-23 18:32:50 Started transferring input files
	Transferring to host: <147.188.47.71:9618?addrs=147.188.47.71-9618&alias=eplwk001.ph.bham.ac.uk&noUDP&sock=slot1_1_864817_8fb9_64026>
...
040 (870.000.000) 2024-11-23 18:32:50 Finished transferring input files
...
001 (870.000.000) 2024-11-23 18:32:51 Job executing on host: <147.188.47.71:9618?addrs=147.188.47.71-9618&alias=eplwk001.ph.bham.ac.uk&noUDP&sock=startd_864732_ce1e>
	SlotName: slot1_1@eplwk001.ph.bham.ac.uk
	CondorScratchDir = "/var/lib/condor/execute/dir_3601219"
	Cpus = 1
	Disk = 7699
	GPUs = 0
	Memory = 4096
...
006 (870.000.000) 2024-11-23 18:32:59 Image size of job updated: 466348
	455  -  MemoryUsage of job (MB)
	465900  -  ResidentSetSize of job (KB)
...
006 (870.000.000) 2024-11-23 18:33:57 Image size of job updated: 782800
	455  -  MemoryUsage of job (MB)
	465900  -  ResidentSetSize of job (KB)
...
040 (870.000.000) 2024-11-23 18:33:57 Started transferring output files
...
040 (870.000.000) 2024-11-23 18:33:57 Finished transferring output files
...
005 (870.000.000) 2024-11-23 18:33:57 Job terminated.
	(1) Normal termination (return value 0)
		Usr 0 00:00:58, Sys 0 00:00:05  -  Run Remote Usage
		Usr 0 00:00:00, Sys 0 00:00:00  -  Run Local Usage
		Usr 0 00:00:58, Sys 0 00:00:05  -  Total Remote Usage
		Usr 0 00:00:00, Sys 0 00:00:00  -  Total Local Usage
	2812  -  Run Bytes Sent By Job
	942  -  Run Bytes Received By Job
	2812  -  Total Bytes Sent By Job
	942  -  Total Bytes Received By Job
	Partitionable Resources :    Usage  Request Allocated 
	   Cpus                 :        0        1         1 
	   Disk (KB)            :       35        1      7699 
	   GPUs                 :                           0 
	   Memory (MB)          :      455     4000      4096 
	   TimeExecute (s)      :       66                    
	   TimeSlotBusy (s)     :       67                    

	Job terminated of its own accord at 2024-11-23T18:33:57Z with exit-code 0.
...
