000 (1336.000.000) 2024-11-23 22:10:15 Job submitted from host: <147.188.47.47:9618?addrs=147.188.47.47-9618&alias=eprexb.ph.bham.ac.uk&noUDP&sock=schedd_1171491_f6ca>
...
040 (1336.000.000) 2024-11-23 22:20:13 Started transferring input files
	Transferring to host: <147.188.47.73:9618?addrs=147.188.47.73-9618&alias=eplwk003.ph.bham.ac.uk&noUDP&sock=slot1_86_4295_f748_32449>
...
040 (1336.000.000) 2024-11-23 22:20:13 Finished transferring input files
...
001 (1336.000.000) 2024-11-23 22:20:14 Job executing on host: <147.188.47.73:9618?addrs=147.188.47.73-9618&alias=eplwk003.ph.bham.ac.uk&noUDP&sock=startd_4221_d558>
	SlotName: slot1_86@eplwk003.ph.bham.ac.uk
	CondorScratchDir = "/var/lib/condor/execute/dir_3591129"
	Cpus = 1
	Disk = 7698
	GPUs = 0
	Memory = 4096
...
006 (1336.000.000) 2024-11-23 22:20:23 Image size of job updated: 208228
	204  -  MemoryUsage of job (MB)
	208144  -  ResidentSetSize of job (KB)
...
006 (1336.000.000) 2024-11-23 22:23:40 Image size of job updated: 3650856
	2771  -  MemoryUsage of job (MB)
	2837492  -  ResidentSetSize of job (KB)
...
040 (1336.000.000) 2024-11-23 22:23:40 Started transferring output files
...
040 (1336.000.000) 2024-11-23 22:23:40 Finished transferring output files
...
005 (1336.000.000) 2024-11-23 22:23:40 Job terminated.
	(1) Normal termination (return value 0)
		Usr 0 00:02:34, Sys 0 00:00:12  -  Run Remote Usage
		Usr 0 00:00:00, Sys 0 00:00:00  -  Run Local Usage
		Usr 0 00:02:34, Sys 0 00:00:12  -  Total Remote Usage
		Usr 0 00:00:00, Sys 0 00:00:00  -  Total Local Usage
	2816  -  Run Bytes Sent By Job
	953  -  Run Bytes Received By Job
	2816  -  Total Bytes Sent By Job
	953  -  Total Bytes Received By Job
	Partitionable Resources :    Usage  Request Allocated 
	   Cpus                 :                 1         1 
	   Disk (KB)            :       29        1      7698 
	   GPUs                 :                           0 
	   Memory (MB)          :     2771     4000      4096 
	   TimeExecute (s)      :      206                    
	   TimeSlotBusy (s)     :      207                    

	Job terminated of its own accord at 2024-11-23T22:23:40Z with exit-code 0.
...
