000 (525.000.000) 2024-11-23 15:49:21 Job submitted from host: <147.188.47.47:9618?addrs=147.188.47.47-9618&alias=eprexb.ph.bham.ac.uk&noUDP&sock=schedd_1171491_f6ca>
...
040 (525.000.000) 2024-11-23 15:49:22 Started transferring input files
	Transferring to host: <147.188.47.71:9618?addrs=147.188.47.71-9618&alias=eplwk001.ph.bham.ac.uk&noUDP&sock=slot1_28_864817_8fb9_63662>
...
040 (525.000.000) 2024-11-23 15:49:22 Finished transferring input files
...
001 (525.000.000) 2024-11-23 15:49:23 Job executing on host: <147.188.47.71:9618?addrs=147.188.47.71-9618&alias=eplwk001.ph.bham.ac.uk&noUDP&sock=startd_864732_ce1e>
	SlotName: slot1_28@eplwk001.ph.bham.ac.uk
	CondorScratchDir = "/var/lib/condor/execute/dir_2769369"
	Cpus = 1
	Disk = 7699
	GPUs = 0
	Memory = 4096
...
006 (525.000.000) 2024-11-23 15:49:32 Image size of job updated: 56020
	55  -  MemoryUsage of job (MB)
	56004  -  ResidentSetSize of job (KB)
...
006 (525.000.000) 2024-11-23 15:54:33 Image size of job updated: 1436024
	1403  -  MemoryUsage of job (MB)
	1435800  -  ResidentSetSize of job (KB)
...
006 (525.000.000) 2024-11-23 15:57:25 Image size of job updated: 1854312
	1403  -  MemoryUsage of job (MB)
	1436048  -  ResidentSetSize of job (KB)
...
040 (525.000.000) 2024-11-23 15:57:25 Started transferring output files
...
040 (525.000.000) 2024-11-23 15:57:25 Finished transferring output files
...
005 (525.000.000) 2024-11-23 15:57:25 Job terminated.
	(1) Normal termination (return value 0)
		Usr 0 00:00:56, Sys 0 00:00:11  -  Run Remote Usage
		Usr 0 00:00:00, Sys 0 00:00:00  -  Run Local Usage
		Usr 0 00:00:56, Sys 0 00:00:11  -  Total Remote Usage
		Usr 0 00:00:00, Sys 0 00:00:00  -  Total Local Usage
	3937  -  Run Bytes Sent By Job
	953  -  Run Bytes Received By Job
	3937  -  Total Bytes Sent By Job
	953  -  Total Bytes Received By Job
	Partitionable Resources :    Usage  Request Allocated 
	   Cpus                 :     0.15        1         1 
	   Disk (KB)            :    36           1      7699 
	   GPUs                 :                           0 
	   Memory (MB)          :  1403        4000      4096 
	   TimeExecute (s)      :   482                       
	   TimeSlotBusy (s)     :   483                       

	Job terminated of its own accord at 2024-11-23T15:57:25Z with exit-code 0.
...
