000 (498.000.000) 2024-11-23 15:49:03 Job submitted from host: <147.188.47.47:9618?addrs=147.188.47.47-9618&alias=eprexb.ph.bham.ac.uk&noUDP&sock=schedd_1171491_f6ca>
...
040 (498.000.000) 2024-11-23 15:49:21 Started transferring input files
	Transferring to host: <147.188.47.71:9618?addrs=147.188.47.71-9618&alias=eplwk001.ph.bham.ac.uk&noUDP&sock=slot1_1_864817_8fb9_63636>
...
040 (498.000.000) 2024-11-23 15:49:21 Finished transferring input files
...
001 (498.000.000) 2024-11-23 15:49:22 Job executing on host: <147.188.47.71:9618?addrs=147.188.47.71-9618&alias=eplwk001.ph.bham.ac.uk&noUDP&sock=startd_864732_ce1e>
	SlotName: slot1_1@eplwk001.ph.bham.ac.uk
	CondorScratchDir = "/var/lib/condor/execute/dir_2769094"
	Cpus = 1
	Disk = 7699
	GPUs = 0
	Memory = 4096
...
006 (498.000.000) 2024-11-23 15:49:30 Image size of job updated: 59620
	58  -  MemoryUsage of job (MB)
	59140  -  ResidentSetSize of job (KB)
...
006 (498.000.000) 2024-11-23 15:54:30 Image size of job updated: 1512548
	1478  -  MemoryUsage of job (MB)
	1512508  -  ResidentSetSize of job (KB)
...
006 (498.000.000) 2024-11-23 15:57:29 Image size of job updated: 1942808
	1478  -  MemoryUsage of job (MB)
	1512508  -  ResidentSetSize of job (KB)
...
040 (498.000.000) 2024-11-23 15:57:29 Started transferring output files
...
040 (498.000.000) 2024-11-23 15:57:29 Finished transferring output files
...
005 (498.000.000) 2024-11-23 15:57:29 Job terminated.
	(1) Normal termination (return value 0)
		Usr 0 00:00:57, Sys 0 00:00:10  -  Run Remote Usage
		Usr 0 00:00:00, Sys 0 00:00:00  -  Run Local Usage
		Usr 0 00:00:57, Sys 0 00:00:10  -  Total Remote Usage
		Usr 0 00:00:00, Sys 0 00:00:00  -  Total Local Usage
	3925  -  Run Bytes Sent By Job
	942  -  Run Bytes Received By Job
	3925  -  Total Bytes Sent By Job
	942  -  Total Bytes Received By Job
	Partitionable Resources :    Usage  Request Allocated 
	   Cpus                 :     0.10        1         1 
	   Disk (KB)            :    36           1      7699 
	   GPUs                 :                           0 
	   Memory (MB)          :  1478        4000      4096 
	   TimeExecute (s)      :   487                       
	   TimeSlotBusy (s)     :   489                       

	Job terminated of its own accord at 2024-11-23T15:57:29Z with exit-code 0.
...
