000 (1999.000.000) 2024-11-25 13:49:14 Job submitted from host: <147.188.47.47:9618?addrs=147.188.47.47-9618&alias=eprexb.ph.bham.ac.uk&noUDP&sock=schedd_1171491_f6ca>
...
040 (1999.000.000) 2024-11-25 13:49:28 Started transferring input files
	Transferring to host: <147.188.47.71:9618?addrs=147.188.47.71-9618&alias=eplwk001.ph.bham.ac.uk&noUDP&sock=slot1_11_864817_8fb9_65679>
...
040 (1999.000.000) 2024-11-25 13:49:28 Finished transferring input files
...
001 (1999.000.000) 2024-11-25 13:49:29 Job executing on host: <147.188.47.71:9618?addrs=147.188.47.71-9618&alias=eplwk001.ph.bham.ac.uk&noUDP&sock=startd_864732_ce1e>
	SlotName: slot1_11@eplwk001.ph.bham.ac.uk
	CondorScratchDir = "/var/lib/condor/execute/dir_1698136"
	Cpus = 1
	Disk = 7699
	GPUs = 0
	Memory = 4096
...
006 (1999.000.000) 2024-11-25 13:49:38 Image size of job updated: 86376
	80  -  MemoryUsage of job (MB)
	81428  -  ResidentSetSize of job (KB)
...
006 (1999.000.000) 2024-11-25 13:54:38 Image size of job updated: 757240
	739  -  MemoryUsage of job (MB)
	756484  -  ResidentSetSize of job (KB)
...
006 (1999.000.000) 2024-11-25 13:59:38 Image size of job updated: 786324
	768  -  MemoryUsage of job (MB)
	786324  -  ResidentSetSize of job (KB)
...
006 (1999.000.000) 2024-11-25 14:01:03 Image size of job updated: 792908
	768  -  MemoryUsage of job (MB)
	786324  -  ResidentSetSize of job (KB)
...
040 (1999.000.000) 2024-11-25 14:01:03 Started transferring output files
...
040 (1999.000.000) 2024-11-25 14:01:03 Finished transferring output files
...
005 (1999.000.000) 2024-11-25 14:01:03 Job terminated.
	(1) Normal termination (return value 0)
		Usr 0 00:10:43, Sys 0 00:00:33  -  Run Remote Usage
		Usr 0 00:00:00, Sys 0 00:00:00  -  Run Local Usage
		Usr 0 00:10:43, Sys 0 00:00:33  -  Total Remote Usage
		Usr 0 00:00:00, Sys 0 00:00:00  -  Total Local Usage
	2731  -  Run Bytes Sent By Job
	957  -  Run Bytes Received By Job
	2731  -  Total Bytes Sent By Job
	957  -  Total Bytes Received By Job
	Partitionable Resources :    Usage  Request Allocated 
	   Cpus                 :     0.99        1         1 
	   Disk (KB)            :    39           1      7699 
	   GPUs                 :                           0 
	   Memory (MB)          :   768        4000      4096 
	   TimeExecute (s)      :   694                       
	   TimeSlotBusy (s)     :   695                       

	Job terminated of its own accord at 2024-11-25T14:01:03Z with exit-code 0.
...
