000 (528.000.000) 2024-11-23 15:49:24 Job submitted from host: <147.188.47.47:9618?addrs=147.188.47.47-9618&alias=eprexb.ph.bham.ac.uk&noUDP&sock=schedd_1171491_f6ca>
...
040 (528.000.000) 2024-11-23 15:49:40 Started transferring input files
	Transferring to host: <147.188.47.71:9618?addrs=147.188.47.71-9618&alias=eplwk001.ph.bham.ac.uk&noUDP&sock=slot1_31_864817_8fb9_63666>
...
040 (528.000.000) 2024-11-23 15:49:40 Finished transferring input files
...
001 (528.000.000) 2024-11-23 15:49:41 Job executing on host: <147.188.47.71:9618?addrs=147.188.47.71-9618&alias=eplwk001.ph.bham.ac.uk&noUDP&sock=startd_864732_ce1e>
	SlotName: slot1_31@eplwk001.ph.bham.ac.uk
	CondorScratchDir = "/var/lib/condor/execute/dir_2786737"
	Cpus = 1
	Disk = 7699
	GPUs = 0
	Memory = 4096
...
006 (528.000.000) 2024-11-23 15:49:50 Image size of job updated: 190616
	187  -  MemoryUsage of job (MB)
	190588  -  ResidentSetSize of job (KB)
...
006 (528.000.000) 2024-11-23 15:54:51 Image size of job updated: 1469452
	1435  -  MemoryUsage of job (MB)
	1469248  -  ResidentSetSize of job (KB)
...
006 (528.000.000) 2024-11-23 15:58:50 Image size of job updated: 2249212
	1435  -  MemoryUsage of job (MB)
	1469256  -  ResidentSetSize of job (KB)
...
040 (528.000.000) 2024-11-23 15:58:50 Started transferring output files
...
040 (528.000.000) 2024-11-23 15:58:50 Finished transferring output files
...
005 (528.000.000) 2024-11-23 15:58:50 Job terminated.
	(1) Normal termination (return value 0)
		Usr 0 00:01:12, Sys 0 00:00:11  -  Run Remote Usage
		Usr 0 00:00:00, Sys 0 00:00:00  -  Run Local Usage
		Usr 0 00:01:12, Sys 0 00:00:11  -  Total Remote Usage
		Usr 0 00:00:00, Sys 0 00:00:00  -  Total Local Usage
	4239  -  Run Bytes Sent By Job
	953  -  Run Bytes Received By Job
	4239  -  Total Bytes Sent By Job
	953  -  Total Bytes Received By Job
	Partitionable Resources :    Usage  Request Allocated 
	   Cpus                 :     0.14        1         1 
	   Disk (KB)            :    36           1      7699 
	   GPUs                 :                           0 
	   Memory (MB)          :  1435        4000      4096 
	   TimeExecute (s)      :   549                       
	   TimeSlotBusy (s)     :   550                       

	Job terminated of its own accord at 2024-11-23T15:58:50Z with exit-code 0.
...
