000 (632.000.000) 2024-11-23 17:16:22 Job submitted from host: <147.188.47.47:9618?addrs=147.188.47.47-9618&alias=eprexb.ph.bham.ac.uk&noUDP&sock=schedd_1171491_f6ca>
...
040 (632.000.000) 2024-11-23 17:16:22 Started transferring input files
	Transferring to host: <147.188.47.71:9618?addrs=147.188.47.71-9618&alias=eplwk001.ph.bham.ac.uk&noUDP&sock=slot1_1_864817_8fb9_63782>
...
040 (632.000.000) 2024-11-23 17:16:22 Finished transferring input files
...
001 (632.000.000) 2024-11-23 17:16:23 Job executing on host: <147.188.47.71:9618?addrs=147.188.47.71-9618&alias=eplwk001.ph.bham.ac.uk&noUDP&sock=startd_864732_ce1e>
	SlotName: slot1_1@eplwk001.ph.bham.ac.uk
	CondorScratchDir = "/var/lib/condor/execute/dir_3042106"
	Cpus = 1
	Disk = 7699
	GPUs = 0
	Memory = 4096
...
006 (632.000.000) 2024-11-23 17:16:32 Image size of job updated: 451308
	441  -  MemoryUsage of job (MB)
	451288  -  ResidentSetSize of job (KB)
...
006 (632.000.000) 2024-11-23 17:17:27 Image size of job updated: 781436
	441  -  MemoryUsage of job (MB)
	451288  -  ResidentSetSize of job (KB)
...
040 (632.000.000) 2024-11-23 17:17:27 Started transferring output files
...
040 (632.000.000) 2024-11-23 17:17:27 Finished transferring output files
...
005 (632.000.000) 2024-11-23 17:17:27 Job terminated.
	(1) Normal termination (return value 0)
		Usr 0 00:00:54, Sys 0 00:00:05  -  Run Remote Usage
		Usr 0 00:00:00, Sys 0 00:00:00  -  Run Local Usage
		Usr 0 00:00:54, Sys 0 00:00:05  -  Total Remote Usage
		Usr 0 00:00:00, Sys 0 00:00:00  -  Total Local Usage
	4012  -  Run Bytes Sent By Job
	942  -  Run Bytes Received By Job
	4012  -  Total Bytes Sent By Job
	942  -  Total Bytes Received By Job
	Partitionable Resources :    Usage  Request Allocated 
	   Cpus                 :     1.00        1         1 
	   Disk (KB)            :    36           1      7699 
	   GPUs                 :                           0 
	   Memory (MB)          :   441        4000      4096 
	   TimeExecute (s)      :    64                       
	   TimeSlotBusy (s)     :    65                       

	Job terminated of its own accord at 2024-11-23T17:17:27Z with exit-code 0.
...
