000 (1355.000.000) 2024-11-23 22:35:45 Job submitted from host: <147.188.47.47:9618?addrs=147.188.47.47-9618&alias=eprexb.ph.bham.ac.uk&noUDP&sock=schedd_1171491_f6ca>
...
040 (1355.000.000) 2024-11-23 22:44:22 Started transferring input files
	Transferring to host: <147.188.47.72:9618?addrs=147.188.47.72-9618&alias=eplwk002.ph.bham.ac.uk&noUDP&sock=slot1_86_187135_4953_45427>
...
040 (1355.000.000) 2024-11-23 22:44:22 Finished transferring input files
...
001 (1355.000.000) 2024-11-23 22:44:23 Job executing on host: <147.188.47.72:9618?addrs=147.188.47.72-9618&alias=eplwk002.ph.bham.ac.uk&noUDP&sock=startd_187014_a097>
	SlotName: slot1_86@eplwk002.ph.bham.ac.uk
	CondorScratchDir = "/var/lib/condor/execute/dir_2658135"
	Cpus = 1
	Disk = 7701
	GPUs = 0
	Memory = 4096
...
006 (1355.000.000) 2024-11-23 22:44:31 Image size of job updated: 193568
	189  -  MemoryUsage of job (MB)
	193448  -  ResidentSetSize of job (KB)
...
006 (1355.000.000) 2024-11-23 22:47:19 Image size of job updated: 2171336
	1330  -  MemoryUsage of job (MB)
	1361292  -  ResidentSetSize of job (KB)
...
040 (1355.000.000) 2024-11-23 22:47:19 Started transferring output files
...
040 (1355.000.000) 2024-11-23 22:47:19 Finished transferring output files
...
005 (1355.000.000) 2024-11-23 22:47:19 Job terminated.
	(1) Normal termination (return value 0)
		Usr 0 00:02:23, Sys 0 00:00:09  -  Run Remote Usage
		Usr 0 00:00:00, Sys 0 00:00:00  -  Run Local Usage
		Usr 0 00:02:23, Sys 0 00:00:09  -  Total Remote Usage
		Usr 0 00:00:00, Sys 0 00:00:00  -  Total Local Usage
	2816  -  Run Bytes Sent By Job
	953  -  Run Bytes Received By Job
	2816  -  Total Bytes Sent By Job
	953  -  Total Bytes Received By Job
	Partitionable Resources :    Usage  Request Allocated 
	   Cpus                 :     0.83        1         1 
	   Disk (KB)            :    35           1      7701 
	   GPUs                 :                           0 
	   Memory (MB)          :  1330        4000      4096 
	   TimeExecute (s)      :   176                       
	   TimeSlotBusy (s)     :   177                       

	Job terminated of its own accord at 2024-11-23T22:47:19Z with exit-code 0.
...
