000 (2036.000.000) 2024-11-25 13:55:35 Job submitted from host: <147.188.47.47:9618?addrs=147.188.47.47-9618&alias=eprexb.ph.bham.ac.uk&noUDP&sock=schedd_1171491_f6ca>
...
040 (2036.000.000) 2024-11-25 13:55:47 Started transferring input files
	Transferring to host: <147.188.47.71:9618?addrs=147.188.47.71-9618&alias=eplwk001.ph.bham.ac.uk&noUDP&sock=slot1_14_864817_8fb9_65718>
...
040 (2036.000.000) 2024-11-25 13:55:47 Finished transferring input files
...
001 (2036.000.000) 2024-11-25 13:55:48 Job executing on host: <147.188.47.71:9618?addrs=147.188.47.71-9618&alias=eplwk001.ph.bham.ac.uk&noUDP&sock=startd_864732_ce1e>
	SlotName: slot1_14@eplwk001.ph.bham.ac.uk
	CondorScratchDir = "/var/lib/condor/execute/dir_1815778"
	Cpus = 1
	Disk = 7699
	GPUs = 0
	Memory = 4096
...
006 (2036.000.000) 2024-11-25 13:55:57 Image size of job updated: 423792
	412  -  MemoryUsage of job (MB)
	421776  -  ResidentSetSize of job (KB)
...
006 (2036.000.000) 2024-11-25 14:00:58 Image size of job updated: 759684
	742  -  MemoryUsage of job (MB)
	759452  -  ResidentSetSize of job (KB)
...
006 (2036.000.000) 2024-11-25 14:05:59 Image size of job updated: 779292
	759  -  MemoryUsage of job (MB)
	776528  -  ResidentSetSize of job (KB)
...
006 (2036.000.000) 2024-11-25 14:10:59 Image size of job updated: 801104
	775  -  MemoryUsage of job (MB)
	792812  -  ResidentSetSize of job (KB)
...
040 (2036.000.000) 2024-11-25 14:13:15 Started transferring output files
...
040 (2036.000.000) 2024-11-25 14:13:15 Finished transferring output files
...
005 (2036.000.000) 2024-11-25 14:13:15 Job terminated.
	(1) Normal termination (return value 0)
		Usr 0 00:16:26, Sys 0 00:00:50  -  Run Remote Usage
		Usr 0 00:00:00, Sys 0 00:00:00  -  Run Local Usage
		Usr 0 00:16:26, Sys 0 00:00:50  -  Total Remote Usage
		Usr 0 00:00:00, Sys 0 00:00:00  -  Total Local Usage
	2731  -  Run Bytes Sent By Job
	957  -  Run Bytes Received By Job
	2731  -  Total Bytes Sent By Job
	957  -  Total Bytes Received By Job
	Partitionable Resources :    Usage  Request Allocated 
	   Cpus                 :     0.99        1         1 
	   Disk (KB)            :    39           1      7699 
	   GPUs                 :                           0 
	   Memory (MB)          :   775        4000      4096 
	   TimeExecute (s)      :  1047                       
	   TimeSlotBusy (s)     :  1048                       

	Job terminated of its own accord at 2024-11-25T14:13:15Z with exit-code 0.
...
