000 (1372.000.000) 2024-11-23 23:05:35 Job submitted from host: <147.188.47.47:9618?addrs=147.188.47.47-9618&alias=eprexb.ph.bham.ac.uk&noUDP&sock=schedd_1171491_f6ca>
...
040 (1372.000.000) 2024-11-23 23:05:51 Started transferring input files
	Transferring to host: <147.188.47.72:9618?addrs=147.188.47.72-9618&alias=eplwk002.ph.bham.ac.uk&noUDP&sock=slot1_26_187135_4953_45465>
...
040 (1372.000.000) 2024-11-23 23:05:51 Finished transferring input files
...
001 (1372.000.000) 2024-11-23 23:05:52 Job executing on host: <147.188.47.72:9618?addrs=147.188.47.72-9618&alias=eplwk002.ph.bham.ac.uk&noUDP&sock=startd_187014_a097>
	SlotName: slot1_26@eplwk002.ph.bham.ac.uk
	CondorScratchDir = "/var/lib/condor/execute/dir_2667956"
	Cpus = 1
	Disk = 7701
	GPUs = 0
	Memory = 4096
...
006 (1372.000.000) 2024-11-23 23:06:00 Image size of job updated: 278848
	273  -  MemoryUsage of job (MB)
	278848  -  ResidentSetSize of job (KB)
...
006 (1372.000.000) 2024-11-23 23:08:32 Image size of job updated: 3622220
	2775  -  MemoryUsage of job (MB)
	2841280  -  ResidentSetSize of job (KB)
...
040 (1372.000.000) 2024-11-23 23:08:33 Started transferring output files
...
040 (1372.000.000) 2024-11-23 23:08:33 Finished transferring output files
...
005 (1372.000.000) 2024-11-23 23:08:33 Job terminated.
	(1) Normal termination (return value 0)
		Usr 0 00:01:25, Sys 0 00:00:08  -  Run Remote Usage
		Usr 0 00:00:00, Sys 0 00:00:00  -  Run Local Usage
		Usr 0 00:01:25, Sys 0 00:00:08  -  Total Remote Usage
		Usr 0 00:00:00, Sys 0 00:00:00  -  Total Local Usage
	2816  -  Run Bytes Sent By Job
	952  -  Run Bytes Received By Job
	2816  -  Total Bytes Sent By Job
	952  -  Total Bytes Received By Job
	Partitionable Resources :    Usage  Request Allocated 
	   Cpus                 :                 1         1 
	   Disk (KB)            :       29        1      7701 
	   GPUs                 :                           0 
	   Memory (MB)          :     2775     4000      4096 
	   TimeExecute (s)      :      160                    
	   TimeSlotBusy (s)     :      162                    

	Job terminated of its own accord at 2024-11-23T23:08:32Z with exit-code 0.
...
