000 (2058.000.000) 2024-11-25 14:25:51 Job submitted from host: <147.188.47.47:9618?addrs=147.188.47.47-9618&alias=eprexb.ph.bham.ac.uk&noUDP&sock=schedd_1171491_f6ca>
...
040 (2058.000.000) 2024-11-25 14:26:00 Started transferring input files
	Transferring to host: <147.188.47.71:9618?addrs=147.188.47.71-9618&alias=eplwk001.ph.bham.ac.uk&noUDP&sock=slot1_10_864817_8fb9_65740>
...
040 (2058.000.000) 2024-11-25 14:26:00 Finished transferring input files
...
001 (2058.000.000) 2024-11-25 14:26:01 Job executing on host: <147.188.47.71:9618?addrs=147.188.47.71-9618&alias=eplwk001.ph.bham.ac.uk&noUDP&sock=startd_864732_ce1e>
	SlotName: slot1_10@eplwk001.ph.bham.ac.uk
	CondorScratchDir = "/var/lib/condor/execute/dir_1835556"
	Cpus = 1
	Disk = 7699
	GPUs = 0
	Memory = 4096
...
006 (2058.000.000) 2024-11-25 14:26:10 Image size of job updated: 366788
	359  -  MemoryUsage of job (MB)
	366788  -  ResidentSetSize of job (KB)
...
006 (2058.000.000) 2024-11-25 14:28:07 Image size of job updated: 801348
	359  -  MemoryUsage of job (MB)
	367044  -  ResidentSetSize of job (KB)
...
040 (2058.000.000) 2024-11-25 14:28:07 Started transferring output files
...
040 (2058.000.000) 2024-11-25 14:28:07 Finished transferring output files
...
005 (2058.000.000) 2024-11-25 14:28:07 Job terminated.
	(1) Normal termination (return value 0)
		Usr 0 00:01:54, Sys 0 00:00:06  -  Run Remote Usage
		Usr 0 00:00:00, Sys 0 00:00:00  -  Run Local Usage
		Usr 0 00:01:54, Sys 0 00:00:06  -  Total Remote Usage
		Usr 0 00:00:00, Sys 0 00:00:00  -  Total Local Usage
	2731  -  Run Bytes Sent By Job
	956  -  Run Bytes Received By Job
	2731  -  Total Bytes Sent By Job
	956  -  Total Bytes Received By Job
	Partitionable Resources :    Usage  Request Allocated 
	   Cpus                 :     0.99        1         1 
	   Disk (KB)            :    39           1      7699 
	   GPUs                 :                           0 
	   Memory (MB)          :   359        4000      4096 
	   TimeExecute (s)      :   126                       
	   TimeSlotBusy (s)     :   127                       

	Job terminated of its own accord at 2024-11-25T14:28:07Z with exit-code 0.
...
