000 (556.000.000) 2024-11-23 16:37:58 Job submitted from host: <147.188.47.47:9618?addrs=147.188.47.47-9618&alias=eprexb.ph.bham.ac.uk&noUDP&sock=schedd_1171491_f6ca>
...
040 (556.000.000) 2024-11-23 16:38:00 Started transferring input files
	Transferring to host: <147.188.47.71:9618?addrs=147.188.47.71-9618&alias=eplwk001.ph.bham.ac.uk&noUDP&sock=slot1_9_864817_8fb9_63694>
...
040 (556.000.000) 2024-11-23 16:38:00 Finished transferring input files
...
001 (556.000.000) 2024-11-23 16:38:01 Job executing on host: <147.188.47.71:9618?addrs=147.188.47.71-9618&alias=eplwk001.ph.bham.ac.uk&noUDP&sock=startd_864732_ce1e>
	SlotName: slot1_9@eplwk001.ph.bham.ac.uk
	CondorScratchDir = "/var/lib/condor/execute/dir_2987510"
	Cpus = 1
	Disk = 7699
	GPUs = 0
	Memory = 4096
...
006 (556.000.000) 2024-11-23 16:38:10 Image size of job updated: 494356
	483  -  MemoryUsage of job (MB)
	494080  -  ResidentSetSize of job (KB)
...
006 (556.000.000) 2024-11-23 16:39:03 Image size of job updated: 795700
	483  -  MemoryUsage of job (MB)
	494116  -  ResidentSetSize of job (KB)
...
040 (556.000.000) 2024-11-23 16:39:03 Started transferring output files
...
040 (556.000.000) 2024-11-23 16:39:03 Finished transferring output files
...
005 (556.000.000) 2024-11-23 16:39:03 Job terminated.
	(1) Normal termination (return value 0)
		Usr 0 00:00:53, Sys 0 00:00:05  -  Run Remote Usage
		Usr 0 00:00:00, Sys 0 00:00:00  -  Run Local Usage
		Usr 0 00:00:53, Sys 0 00:00:05  -  Total Remote Usage
		Usr 0 00:00:00, Sys 0 00:00:00  -  Total Local Usage
	4016  -  Run Bytes Sent By Job
	952  -  Run Bytes Received By Job
	4016  -  Total Bytes Sent By Job
	952  -  Total Bytes Received By Job
	Partitionable Resources :    Usage  Request Allocated 
	   Cpus                 :        0        1         1 
	   Disk (KB)            :       35        1      7699 
	   GPUs                 :                           0 
	   Memory (MB)          :      483     4000      4096 
	   TimeExecute (s)      :       62                    
	   TimeSlotBusy (s)     :       63                    

	Job terminated of its own accord at 2024-11-23T16:39:03Z with exit-code 0.
...
