000 (2042.000.000) 2024-11-25 13:55:44 Job submitted from host: <147.188.47.47:9618?addrs=147.188.47.47-9618&alias=eprexb.ph.bham.ac.uk&noUDP&sock=schedd_1171491_f6ca>
...
040 (2042.000.000) 2024-11-25 13:55:47 Started transferring input files
	Transferring to host: <147.188.47.71:9618?addrs=147.188.47.71-9618&alias=eplwk001.ph.bham.ac.uk&noUDP&sock=slot1_26_864817_8fb9_65724>
...
040 (2042.000.000) 2024-11-25 13:55:47 Finished transferring input files
...
001 (2042.000.000) 2024-11-25 13:55:48 Job executing on host: <147.188.47.71:9618?addrs=147.188.47.71-9618&alias=eplwk001.ph.bham.ac.uk&noUDP&sock=startd_864732_ce1e>
	SlotName: slot1_26@eplwk001.ph.bham.ac.uk
	CondorScratchDir = "/var/lib/condor/execute/dir_1815790"
	Cpus = 1
	Disk = 7699
	GPUs = 0
	Memory = 4096
...
006 (2042.000.000) 2024-11-25 13:55:57 Image size of job updated: 416732
	407  -  MemoryUsage of job (MB)
	416552  -  ResidentSetSize of job (KB)
...
006 (2042.000.000) 2024-11-25 14:00:58 Image size of job updated: 753812
	736  -  MemoryUsage of job (MB)
	753364  -  ResidentSetSize of job (KB)
...
006 (2042.000.000) 2024-11-25 14:05:58 Image size of job updated: 776956
	759  -  MemoryUsage of job (MB)
	776956  -  ResidentSetSize of job (KB)
...
006 (2042.000.000) 2024-11-25 14:10:12 Image size of job updated: 781304
	759  -  MemoryUsage of job (MB)
	776956  -  ResidentSetSize of job (KB)
...
040 (2042.000.000) 2024-11-25 14:10:12 Started transferring output files
...
040 (2042.000.000) 2024-11-25 14:10:12 Finished transferring output files
...
005 (2042.000.000) 2024-11-25 14:10:12 Job terminated.
	(1) Normal termination (return value 0)
		Usr 0 00:13:30, Sys 0 00:00:42  -  Run Remote Usage
		Usr 0 00:00:00, Sys 0 00:00:00  -  Run Local Usage
		Usr 0 00:13:30, Sys 0 00:00:42  -  Total Remote Usage
		Usr 0 00:00:00, Sys 0 00:00:00  -  Total Local Usage
	2731  -  Run Bytes Sent By Job
	957  -  Run Bytes Received By Job
	2731  -  Total Bytes Sent By Job
	957  -  Total Bytes Received By Job
	Partitionable Resources :    Usage  Request Allocated 
	   Cpus                 :     0.99        1         1 
	   Disk (KB)            :    39           1      7699 
	   GPUs                 :                           0 
	   Memory (MB)          :   759        4000      4096 
	   TimeExecute (s)      :   864                       
	   TimeSlotBusy (s)     :   865                       

	Job terminated of its own accord at 2024-11-25T14:10:12Z with exit-code 0.
...
