000 (1353.000.000) 2024-11-23 22:35:42 Job submitted from host: <147.188.47.47:9618?addrs=147.188.47.47-9618&alias=eprexb.ph.bham.ac.uk&noUDP&sock=schedd_1171491_f6ca>
...
040 (1353.000.000) 2024-11-23 22:41:34 Started transferring input files
	Transferring to host: <147.188.47.72:9618?addrs=147.188.47.72-9618&alias=eplwk002.ph.bham.ac.uk&noUDP&sock=slot1_86_187135_4953_45426>
...
040 (1353.000.000) 2024-11-23 22:41:34 Finished transferring input files
...
001 (1353.000.000) 2024-11-23 22:41:35 Job executing on host: <147.188.47.72:9618?addrs=147.188.47.72-9618&alias=eplwk002.ph.bham.ac.uk&noUDP&sock=startd_187014_a097>
	SlotName: slot1_86@eplwk002.ph.bham.ac.uk
	CondorScratchDir = "/var/lib/condor/execute/dir_2657637"
	Cpus = 1
	Disk = 7701
	GPUs = 0
	Memory = 4096
...
006 (1353.000.000) 2024-11-23 22:41:43 Image size of job updated: 195280
	191  -  MemoryUsage of job (MB)
	195276  -  ResidentSetSize of job (KB)
...
006 (1353.000.000) 2024-11-23 22:44:21 Image size of job updated: 1084160
	278  -  MemoryUsage of job (MB)
	284356  -  ResidentSetSize of job (KB)
...
040 (1353.000.000) 2024-11-23 22:44:21 Started transferring output files
...
040 (1353.000.000) 2024-11-23 22:44:21 Finished transferring output files
...
005 (1353.000.000) 2024-11-23 22:44:21 Job terminated.
	(1) Normal termination (return value 0)
		Usr 0 00:02:29, Sys 0 00:00:08  -  Run Remote Usage
		Usr 0 00:00:00, Sys 0 00:00:00  -  Run Local Usage
		Usr 0 00:02:29, Sys 0 00:00:08  -  Total Remote Usage
		Usr 0 00:00:00, Sys 0 00:00:00  -  Total Local Usage
	2816  -  Run Bytes Sent By Job
	952  -  Run Bytes Received By Job
	2816  -  Total Bytes Sent By Job
	952  -  Total Bytes Received By Job
	Partitionable Resources :    Usage  Request Allocated 
	   Cpus                 :        0        1         1 
	   Disk (KB)            :       35        1      7701 
	   GPUs                 :                           0 
	   Memory (MB)          :      278     4000      4096 
	   TimeExecute (s)      :      166                    
	   TimeSlotBusy (s)     :      167                    

	Job terminated of its own accord at 2024-11-23T22:44:21Z with exit-code 0.
...
