000 (523.000.000) 2024-11-23 15:49:21 Job submitted from host: <147.188.47.47:9618?addrs=147.188.47.47-9618&alias=eprexb.ph.bham.ac.uk&noUDP&sock=schedd_1171491_f6ca>
...
040 (523.000.000) 2024-11-23 15:49:22 Started transferring input files
	Transferring to host: <147.188.47.71:9618?addrs=147.188.47.71-9618&alias=eplwk001.ph.bham.ac.uk&noUDP&sock=slot1_26_864817_8fb9_63660>
...
040 (523.000.000) 2024-11-23 15:49:22 Finished transferring input files
...
001 (523.000.000) 2024-11-23 15:49:23 Job executing on host: <147.188.47.71:9618?addrs=147.188.47.71-9618&alias=eplwk001.ph.bham.ac.uk&noUDP&sock=startd_864732_ce1e>
	SlotName: slot1_26@eplwk001.ph.bham.ac.uk
	CondorScratchDir = "/var/lib/condor/execute/dir_2769237"
	Cpus = 1
	Disk = 7699
	GPUs = 0
	Memory = 4096
...
006 (523.000.000) 2024-11-23 15:49:31 Image size of job updated: 55976
	55  -  MemoryUsage of job (MB)
	55956  -  ResidentSetSize of job (KB)
...
006 (523.000.000) 2024-11-23 15:54:31 Image size of job updated: 1457424
	1424  -  MemoryUsage of job (MB)
	1457420  -  ResidentSetSize of job (KB)
...
006 (523.000.000) 2024-11-23 15:58:52 Image size of job updated: 2406728
	1586  -  MemoryUsage of job (MB)
	1623424  -  ResidentSetSize of job (KB)
...
040 (523.000.000) 2024-11-23 15:58:52 Started transferring output files
...
040 (523.000.000) 2024-11-23 15:58:52 Finished transferring output files
...
005 (523.000.000) 2024-11-23 15:58:52 Job terminated.
	(1) Normal termination (return value 0)
		Usr 0 00:01:08, Sys 0 00:00:11  -  Run Remote Usage
		Usr 0 00:00:00, Sys 0 00:00:00  -  Run Local Usage
		Usr 0 00:01:08, Sys 0 00:00:11  -  Total Remote Usage
		Usr 0 00:00:00, Sys 0 00:00:00  -  Total Local Usage
	4229  -  Run Bytes Sent By Job
	952  -  Run Bytes Received By Job
	4229  -  Total Bytes Sent By Job
	952  -  Total Bytes Received By Job
	Partitionable Resources :    Usage  Request Allocated 
	   Cpus                 :     0.13        1         1 
	   Disk (KB)            :    36           1      7699 
	   GPUs                 :                           0 
	   Memory (MB)          :  1586        4000      4096 
	   TimeExecute (s)      :   569                       
	   TimeSlotBusy (s)     :   570                       

	Job terminated of its own accord at 2024-11-23T15:58:52Z with exit-code 0.
...
