000 (1315.000.000) 2024-11-23 21:22:47 Job submitted from host: <147.188.47.47:9618?addrs=147.188.47.47-9618&alias=eprexb.ph.bham.ac.uk&noUDP&sock=schedd_1171491_f6ca>
...
040 (1315.000.000) 2024-11-23 21:33:07 Started transferring input files
	Transferring to host: <147.188.47.73:9618?addrs=147.188.47.73-9618&alias=eplwk003.ph.bham.ac.uk&noUDP&sock=slot1_86_4295_f748_32358>
...
040 (1315.000.000) 2024-11-23 21:33:07 Finished transferring input files
...
001 (1315.000.000) 2024-11-23 21:33:08 Job executing on host: <147.188.47.73:9618?addrs=147.188.47.73-9618&alias=eplwk003.ph.bham.ac.uk&noUDP&sock=startd_4221_d558>
	SlotName: slot1_86@eplwk003.ph.bham.ac.uk
	CondorScratchDir = "/var/lib/condor/execute/dir_3571191"
	Cpus = 1
	Disk = 7698
	GPUs = 0
	Memory = 4096
...
006 (1315.000.000) 2024-11-23 21:33:16 Image size of job updated: 193560
	189  -  MemoryUsage of job (MB)
	193508  -  ResidentSetSize of job (KB)
...
006 (1315.000.000) 2024-11-23 21:36:30 Image size of job updated: 3615588
	2773  -  MemoryUsage of job (MB)
	2839024  -  ResidentSetSize of job (KB)
...
040 (1315.000.000) 2024-11-23 21:36:30 Started transferring output files
...
040 (1315.000.000) 2024-11-23 21:36:30 Finished transferring output files
...
005 (1315.000.000) 2024-11-23 21:36:30 Job terminated.
	(1) Normal termination (return value 0)
		Usr 0 00:02:31, Sys 0 00:00:12  -  Run Remote Usage
		Usr 0 00:00:00, Sys 0 00:00:00  -  Run Local Usage
		Usr 0 00:02:31, Sys 0 00:00:12  -  Total Remote Usage
		Usr 0 00:00:00, Sys 0 00:00:00  -  Total Local Usage
	2816  -  Run Bytes Sent By Job
	952  -  Run Bytes Received By Job
	2816  -  Total Bytes Sent By Job
	952  -  Total Bytes Received By Job
	Partitionable Resources :    Usage  Request Allocated 
	   Cpus                 :     0.81        1         1 
	   Disk (KB)            :    35           1      7698 
	   GPUs                 :                           0 
	   Memory (MB)          :  2773        4000      4096 
	   TimeExecute (s)      :   202                       
	   TimeSlotBusy (s)     :   204                       

	Job terminated of its own accord at 2024-11-23T21:36:30Z with exit-code 0.
...
