000 (1342.000.000) 2024-11-23 22:10:24 Job submitted from host: <147.188.47.47:9618?addrs=147.188.47.47-9618&alias=eprexb.ph.bham.ac.uk&noUDP&sock=schedd_1171491_f6ca>
...
040 (1342.000.000) 2024-11-23 22:26:35 Started transferring input files
	Transferring to host: <147.188.47.71:9618?addrs=147.188.47.71-9618&alias=eplwk001.ph.bham.ac.uk&noUDP&sock=slot1_86_864817_8fb9_64630>
...
040 (1342.000.000) 2024-11-23 22:26:35 Finished transferring input files
...
001 (1342.000.000) 2024-11-23 22:26:36 Job executing on host: <147.188.47.71:9618?addrs=147.188.47.71-9618&alias=eplwk001.ph.bham.ac.uk&noUDP&sock=startd_864732_ce1e>
	SlotName: slot1_86@eplwk001.ph.bham.ac.uk
	CondorScratchDir = "/var/lib/condor/execute/dir_431321"
	Cpus = 1
	Disk = 7699
	GPUs = 0
	Memory = 4096
...
006 (1342.000.000) 2024-11-23 22:26:45 Image size of job updated: 256600
	251  -  MemoryUsage of job (MB)
	256600  -  ResidentSetSize of job (KB)
...
006 (1342.000.000) 2024-11-23 22:28:39 Image size of job updated: 800120
	252  -  MemoryUsage of job (MB)
	257104  -  ResidentSetSize of job (KB)
...
040 (1342.000.000) 2024-11-23 22:28:39 Started transferring output files
...
040 (1342.000.000) 2024-11-23 22:28:39 Finished transferring output files
...
005 (1342.000.000) 2024-11-23 22:28:39 Job terminated.
	(1) Normal termination (return value 0)
		Usr 0 00:01:49, Sys 0 00:00:08  -  Run Remote Usage
		Usr 0 00:00:00, Sys 0 00:00:00  -  Run Local Usage
		Usr 0 00:01:49, Sys 0 00:00:08  -  Total Remote Usage
		Usr 0 00:00:00, Sys 0 00:00:00  -  Total Local Usage
	2806  -  Run Bytes Sent By Job
	953  -  Run Bytes Received By Job
	2806  -  Total Bytes Sent By Job
	953  -  Total Bytes Received By Job
	Partitionable Resources :    Usage  Request Allocated 
	   Cpus                 :     0.99        1         1 
	   Disk (KB)            :    35           1      7699 
	   GPUs                 :                           0 
	   Memory (MB)          :   252        4000      4096 
	   TimeExecute (s)      :   123                       
	   TimeSlotBusy (s)     :   124                       

	Job terminated of its own accord at 2024-11-23T22:28:39Z with exit-code 0.
...
