000 (717.000.000) 2024-11-23 18:00:22 Job submitted from host: <147.188.47.47:9618?addrs=147.188.47.47-9618&alias=eprexb.ph.bham.ac.uk&noUDP&sock=schedd_1171491_f6ca>
...
040 (717.000.000) 2024-11-23 18:00:31 Started transferring input files
	Transferring to host: <147.188.47.71:9618?addrs=147.188.47.71-9618&alias=eplwk001.ph.bham.ac.uk&noUDP&sock=slot1_4_864817_8fb9_63873>
...
040 (717.000.000) 2024-11-23 18:00:31 Finished transferring input files
...
001 (717.000.000) 2024-11-23 18:00:32 Job executing on host: <147.188.47.71:9618?addrs=147.188.47.71-9618&alias=eplwk001.ph.bham.ac.uk&noUDP&sock=startd_864732_ce1e>
	SlotName: slot1_4@eplwk001.ph.bham.ac.uk
	CondorScratchDir = "/var/lib/condor/execute/dir_3081714"
	Cpus = 1
	Disk = 7699
	GPUs = 0
	Memory = 4096
...
006 (717.000.000) 2024-11-23 18:00:41 Image size of job updated: 419040
	409  -  MemoryUsage of job (MB)
	418476  -  ResidentSetSize of job (KB)
...
006 (717.000.000) 2024-11-23 18:01:49 Image size of job updated: 778004
	409  -  MemoryUsage of job (MB)
	418476  -  ResidentSetSize of job (KB)
...
040 (717.000.000) 2024-11-23 18:01:49 Started transferring output files
...
040 (717.000.000) 2024-11-23 18:01:49 Finished transferring output files
...
005 (717.000.000) 2024-11-23 18:01:49 Job terminated.
	(1) Normal termination (return value 0)
		Usr 0 00:01:07, Sys 0 00:00:06  -  Run Remote Usage
		Usr 0 00:00:00, Sys 0 00:00:00  -  Run Local Usage
		Usr 0 00:01:07, Sys 0 00:00:06  -  Total Remote Usage
		Usr 0 00:00:00, Sys 0 00:00:00  -  Total Local Usage
	4316  -  Run Bytes Sent By Job
	952  -  Run Bytes Received By Job
	4316  -  Total Bytes Sent By Job
	952  -  Total Bytes Received By Job
	Partitionable Resources :    Usage  Request Allocated 
	   Cpus                 :        0        1         1 
	   Disk (KB)            :       36        1      7699 
	   GPUs                 :                           0 
	   Memory (MB)          :      409     4000      4096 
	   TimeExecute (s)      :       77                    
	   TimeSlotBusy (s)     :       78                    

	Job terminated of its own accord at 2024-11-23T18:01:49Z with exit-code 0.
...
