000 (747.000.000) 2024-11-23 18:13:15 Job submitted from host: <147.188.47.47:9618?addrs=147.188.47.47-9618&alias=eprexb.ph.bham.ac.uk&noUDP&sock=schedd_1171491_f6ca>
...
040 (747.000.000) 2024-11-23 18:13:32 Started transferring input files
	Transferring to host: <147.188.47.71:9618?addrs=147.188.47.71-9618&alias=eplwk001.ph.bham.ac.uk&noUDP&sock=slot1_18_864817_8fb9_63903>
...
040 (747.000.000) 2024-11-23 18:13:32 Finished transferring input files
...
001 (747.000.000) 2024-11-23 18:13:33 Job executing on host: <147.188.47.71:9618?addrs=147.188.47.71-9618&alias=eplwk001.ph.bham.ac.uk&noUDP&sock=startd_864732_ce1e>
	SlotName: slot1_18@eplwk001.ph.bham.ac.uk
	CondorScratchDir = "/var/lib/condor/execute/dir_3098539"
	Cpus = 1
	Disk = 7699
	GPUs = 0
	Memory = 4096
...
006 (747.000.000) 2024-11-23 18:13:41 Image size of job updated: 467728
	457  -  MemoryUsage of job (MB)
	467688  -  ResidentSetSize of job (KB)
...
006 (747.000.000) 2024-11-23 18:14:39 Image size of job updated: 794068
	457  -  MemoryUsage of job (MB)
	467928  -  ResidentSetSize of job (KB)
...
040 (747.000.000) 2024-11-23 18:14:39 Started transferring output files
...
040 (747.000.000) 2024-11-23 18:14:39 Finished transferring output files
...
005 (747.000.000) 2024-11-23 18:14:39 Job terminated.
	(1) Normal termination (return value 0)
		Usr 0 00:00:58, Sys 0 00:00:05  -  Run Remote Usage
		Usr 0 00:00:00, Sys 0 00:00:00  -  Run Local Usage
		Usr 0 00:00:58, Sys 0 00:00:05  -  Total Remote Usage
		Usr 0 00:00:00, Sys 0 00:00:00  -  Total Local Usage
	2816  -  Run Bytes Sent By Job
	953  -  Run Bytes Received By Job
	2816  -  Total Bytes Sent By Job
	953  -  Total Bytes Received By Job
	Partitionable Resources :    Usage  Request Allocated 
	   Cpus                 :                 1         1 
	   Disk (KB)            :       28        1      7699 
	   GPUs                 :                           0 
	   Memory (MB)          :      457     4000      4096 
	   TimeExecute (s)      :       66                    
	   TimeSlotBusy (s)     :       68                    

	Job terminated of its own accord at 2024-11-23T18:14:39Z with exit-code 0.
...
