000 (1356.000.000) 2024-11-23 22:35:45 Job submitted from host: <147.188.47.47:9618?addrs=147.188.47.47-9618&alias=eprexb.ph.bham.ac.uk&noUDP&sock=schedd_1171491_f6ca>
...
040 (1356.000.000) 2024-11-23 22:44:32 Started transferring input files
	Transferring to host: <147.188.47.73:9618?addrs=147.188.47.73-9618&alias=eplwk003.ph.bham.ac.uk&noUDP&sock=slot1_86_4295_f748_32455>
...
040 (1356.000.000) 2024-11-23 22:44:32 Finished transferring input files
...
001 (1356.000.000) 2024-11-23 22:44:33 Job executing on host: <147.188.47.73:9618?addrs=147.188.47.73-9618&alias=eplwk003.ph.bham.ac.uk&noUDP&sock=startd_4221_d558>
	SlotName: slot1_86@eplwk003.ph.bham.ac.uk
	CondorScratchDir = "/var/lib/condor/execute/dir_3594237"
	Cpus = 1
	Disk = 7698
	GPUs = 0
	Memory = 4096
...
006 (1356.000.000) 2024-11-23 22:44:42 Image size of job updated: 195060
	191  -  MemoryUsage of job (MB)
	194900  -  ResidentSetSize of job (KB)
...
006 (1356.000.000) 2024-11-23 22:47:29 Image size of job updated: 2138672
	1313  -  MemoryUsage of job (MB)
	1343736  -  ResidentSetSize of job (KB)
...
040 (1356.000.000) 2024-11-23 22:47:29 Started transferring output files
...
040 (1356.000.000) 2024-11-23 22:47:29 Finished transferring output files
...
005 (1356.000.000) 2024-11-23 22:47:29 Job terminated.
	(1) Normal termination (return value 0)
		Usr 0 00:02:21, Sys 0 00:00:11  -  Run Remote Usage
		Usr 0 00:00:00, Sys 0 00:00:00  -  Run Local Usage
		Usr 0 00:02:21, Sys 0 00:00:11  -  Total Remote Usage
		Usr 0 00:00:00, Sys 0 00:00:00  -  Total Local Usage
	2816  -  Run Bytes Sent By Job
	952  -  Run Bytes Received By Job
	2816  -  Total Bytes Sent By Job
	952  -  Total Bytes Received By Job
	Partitionable Resources :    Usage  Request Allocated 
	   Cpus                 :     0.79        1         1 
	   Disk (KB)            :    35           1      7698 
	   GPUs                 :                           0 
	   Memory (MB)          :  1313        4000      4096 
	   TimeExecute (s)      :   176                       
	   TimeSlotBusy (s)     :   177                       

	Job terminated of its own accord at 2024-11-23T22:47:29Z with exit-code 0.
...
