000 (544.000.000) 2024-11-23 16:30:59 Job submitted from host: <147.188.47.47:9618?addrs=147.188.47.47-9618&alias=eprexb.ph.bham.ac.uk&noUDP&sock=schedd_1171491_f6ca>
...
040 (544.000.000) 2024-11-23 16:31:01 Started transferring input files
	Transferring to host: <147.188.47.71:9618?addrs=147.188.47.71-9618&alias=eplwk001.ph.bham.ac.uk&noUDP&sock=slot1_7_864817_8fb9_63682>
...
040 (544.000.000) 2024-11-23 16:31:01 Finished transferring input files
...
001 (544.000.000) 2024-11-23 16:31:02 Job executing on host: <147.188.47.71:9618?addrs=147.188.47.71-9618&alias=eplwk001.ph.bham.ac.uk&noUDP&sock=startd_864732_ce1e>
	SlotName: slot1_7@eplwk001.ph.bham.ac.uk
	CondorScratchDir = "/var/lib/condor/execute/dir_2980811"
	Cpus = 1
	Disk = 7699
	GPUs = 0
	Memory = 4096
...
006 (544.000.000) 2024-11-23 16:31:10 Image size of job updated: 318260
	311  -  MemoryUsage of job (MB)
	318260  -  ResidentSetSize of job (KB)
...
006 (544.000.000) 2024-11-23 16:32:21 Image size of job updated: 801196
	311  -  MemoryUsage of job (MB)
	318372  -  ResidentSetSize of job (KB)
...
040 (544.000.000) 2024-11-23 16:32:21 Started transferring output files
...
040 (544.000.000) 2024-11-23 16:32:21 Finished transferring output files
...
005 (544.000.000) 2024-11-23 16:32:21 Job terminated.
	(1) Normal termination (return value 0)
		Usr 0 00:01:08, Sys 0 00:00:06  -  Run Remote Usage
		Usr 0 00:00:00, Sys 0 00:00:00  -  Run Local Usage
		Usr 0 00:01:08, Sys 0 00:00:06  -  Total Remote Usage
		Usr 0 00:00:00, Sys 0 00:00:00  -  Total Local Usage
	4229  -  Run Bytes Sent By Job
	952  -  Run Bytes Received By Job
	4229  -  Total Bytes Sent By Job
	952  -  Total Bytes Received By Job
	Partitionable Resources :    Usage  Request Allocated 
	   Cpus                 :     0.99        1         1 
	   Disk (KB)            :    36           1      7699 
	   GPUs                 :                           0 
	   Memory (MB)          :   311        4000      4096 
	   TimeExecute (s)      :    79                       
	   TimeSlotBusy (s)     :    80                       

	Job terminated of its own accord at 2024-11-23T16:32:21Z with exit-code 0.
...
