000 (500.000.000) 2024-11-23 15:49:03 Job submitted from host: <147.188.47.47:9618?addrs=147.188.47.47-9618&alias=eprexb.ph.bham.ac.uk&noUDP&sock=schedd_1171491_f6ca>
...
040 (500.000.000) 2024-11-23 15:49:21 Started transferring input files
	Transferring to host: <147.188.47.71:9618?addrs=147.188.47.71-9618&alias=eplwk001.ph.bham.ac.uk&noUDP&sock=slot1_3_864817_8fb9_63638>
...
040 (500.000.000) 2024-11-23 15:49:21 Finished transferring input files
...
001 (500.000.000) 2024-11-23 15:49:22 Job executing on host: <147.188.47.71:9618?addrs=147.188.47.71-9618&alias=eplwk001.ph.bham.ac.uk&noUDP&sock=startd_864732_ce1e>
	SlotName: slot1_3@eplwk001.ph.bham.ac.uk
	CondorScratchDir = "/var/lib/condor/execute/dir_2769097"
	Cpus = 1
	Disk = 7699
	GPUs = 0
	Memory = 4096
...
006 (500.000.000) 2024-11-23 15:49:30 Image size of job updated: 50340
	49  -  MemoryUsage of job (MB)
	49848  -  ResidentSetSize of job (KB)
...
006 (500.000.000) 2024-11-23 15:54:30 Image size of job updated: 1387672
	1356  -  MemoryUsage of job (MB)
	1387544  -  ResidentSetSize of job (KB)
...
006 (500.000.000) 2024-11-23 15:58:53 Image size of job updated: 2105564
	1356  -  MemoryUsage of job (MB)
	1387808  -  ResidentSetSize of job (KB)
...
040 (500.000.000) 2024-11-23 15:58:53 Started transferring output files
...
040 (500.000.000) 2024-11-23 15:58:53 Finished transferring output files
...
005 (500.000.000) 2024-11-23 15:58:53 Job terminated.
	(1) Normal termination (return value 0)
		Usr 0 00:01:10, Sys 0 00:00:12  -  Run Remote Usage
		Usr 0 00:00:00, Sys 0 00:00:00  -  Run Local Usage
		Usr 0 00:01:10, Sys 0 00:00:12  -  Total Remote Usage
		Usr 0 00:00:00, Sys 0 00:00:00  -  Total Local Usage
	4235  -  Run Bytes Sent By Job
	943  -  Run Bytes Received By Job
	4235  -  Total Bytes Sent By Job
	943  -  Total Bytes Received By Job
	Partitionable Resources :    Usage  Request Allocated 
	   Cpus                 :     0.11        1         1 
	   Disk (KB)            :    36           1      7699 
	   GPUs                 :                           0 
	   Memory (MB)          :  1356        4000      4096 
	   TimeExecute (s)      :   571                       
	   TimeSlotBusy (s)     :   572                       

	Job terminated of its own accord at 2024-11-23T15:58:53Z with exit-code 0.
...
