000 (1454.000.000) 2024-11-24 00:02:42 Job submitted from host: <147.188.47.47:9618?addrs=147.188.47.47-9618&alias=eprexb.ph.bham.ac.uk&noUDP&sock=schedd_1171491_f6ca>
...
040 (1454.000.000) 2024-11-24 00:02:53 Started transferring input files
	Transferring to host: <147.188.47.71:9618?addrs=147.188.47.71-9618&alias=eplwk001.ph.bham.ac.uk&noUDP&sock=slot1_27_864817_8fb9_64732>
...
040 (1454.000.000) 2024-11-24 00:02:53 Finished transferring input files
...
001 (1454.000.000) 2024-11-24 00:02:54 Job executing on host: <147.188.47.71:9618?addrs=147.188.47.71-9618&alias=eplwk001.ph.bham.ac.uk&noUDP&sock=startd_864732_ce1e>
	SlotName: slot1_27@eplwk001.ph.bham.ac.uk
	CondorScratchDir = "/var/lib/condor/execute/dir_467328"
	Cpus = 1
	Disk = 7699
	GPUs = 0
	Memory = 4096
...
006 (1454.000.000) 2024-11-24 00:03:03 Image size of job updated: 242472
	237  -  MemoryUsage of job (MB)
	242464  -  ResidentSetSize of job (KB)
...
006 (1454.000.000) 2024-11-24 00:04:28 Image size of job updated: 797684
	238  -  MemoryUsage of job (MB)
	242940  -  ResidentSetSize of job (KB)
...
040 (1454.000.000) 2024-11-24 00:04:28 Started transferring output files
...
040 (1454.000.000) 2024-11-24 00:04:28 Finished transferring output files
...
005 (1454.000.000) 2024-11-24 00:04:28 Job terminated.
	(1) Normal termination (return value 0)
		Usr 0 00:01:23, Sys 0 00:00:05  -  Run Remote Usage
		Usr 0 00:00:00, Sys 0 00:00:00  -  Run Local Usage
		Usr 0 00:01:23, Sys 0 00:00:05  -  Total Remote Usage
		Usr 0 00:00:00, Sys 0 00:00:00  -  Total Local Usage
	2806  -  Run Bytes Sent By Job
	953  -  Run Bytes Received By Job
	2806  -  Total Bytes Sent By Job
	953  -  Total Bytes Received By Job
	Partitionable Resources :    Usage  Request Allocated 
	   Cpus                 :        0        1         1 
	   Disk (KB)            :       34        1      7699 
	   GPUs                 :                           0 
	   Memory (MB)          :      238     4000      4096 
	   TimeExecute (s)      :       94                    
	   TimeSlotBusy (s)     :       95                    

	Job terminated of its own accord at 2024-11-24T00:04:28Z with exit-code 0.
...
