000 (2949.000.000) 2024-11-07 17:36:29 Job submitted from host: <147.188.47.46:9618?addrs=147.188.47.46-9618&alias=eprexa.ph.bham.ac.uk&noUDP&sock=schedd_1682379_a360>
...
040 (2949.000.000) 2024-11-07 17:36:34 Started transferring input files
	Transferring to host: <147.188.47.72:9618?addrs=147.188.47.72-9618&alias=eplwk002.ph.bham.ac.uk&noUDP&sock=slot1_1_187135_4953_32411>
...
040 (2949.000.000) 2024-11-07 17:36:34 Finished transferring input files
...
001 (2949.000.000) 2024-11-07 17:36:35 Job executing on host: <147.188.47.72:9618?addrs=147.188.47.72-9618&alias=eplwk002.ph.bham.ac.uk&noUDP&sock=startd_187014_a097>
	SlotName: slot1_1@eplwk002.ph.bham.ac.uk
	CondorScratchDir = "/var/lib/condor/execute/dir_3238120"
	Cpus = 1
	Disk = 7701
	GPUs = 0
	Memory = 4096
...
006 (2949.000.000) 2024-11-07 17:36:44 Image size of job updated: 376092
	368  -  MemoryUsage of job (MB)
	376084  -  ResidentSetSize of job (KB)
...
006 (2949.000.000) 2024-11-07 17:36:47 Image size of job updated: 523428
	368  -  MemoryUsage of job (MB)
	376596  -  ResidentSetSize of job (KB)
...
040 (2949.000.000) 2024-11-07 17:36:47 Started transferring output files
...
040 (2949.000.000) 2024-11-07 17:36:47 Finished transferring output files
...
005 (2949.000.000) 2024-11-07 17:36:47 Job terminated.
	(1) Normal termination (return value 0)
		Usr 0 00:00:04, Sys 0 00:00:04  -  Run Remote Usage
		Usr 0 00:00:00, Sys 0 00:00:00  -  Run Local Usage
		Usr 0 00:00:04, Sys 0 00:00:04  -  Total Remote Usage
		Usr 0 00:00:00, Sys 0 00:00:00  -  Total Local Usage
	1701  -  Run Bytes Sent By Job
	976  -  Run Bytes Received By Job
	1701  -  Total Bytes Sent By Job
	976  -  Total Bytes Received By Job
	Partitionable Resources :    Usage  Request Allocated 
	   Cpus                 :        0        1         1 
	   Disk (KB)            :       37        1      7701 
	   GPUs                 :                           0 
	   Memory (MB)          :      368     4000      4096 
	   TimeExecute (s)      :       12                    
	   TimeSlotBusy (s)     :       13                    

	Job terminated of its own accord at 2024-11-07T17:36:47Z with exit-code 0.
...
