000 (1314.000.000) 2024-11-23 21:22:44 Job submitted from host: <147.188.47.47:9618?addrs=147.188.47.47-9618&alias=eprexb.ph.bham.ac.uk&noUDP&sock=schedd_1171491_f6ca>
...
040 (1314.000.000) 2024-11-23 21:31:03 Started transferring input files
	Transferring to host: <147.188.47.71:9618?addrs=147.188.47.71-9618&alias=eplwk001.ph.bham.ac.uk&noUDP&sock=slot1_86_864817_8fb9_64534>
...
040 (1314.000.000) 2024-11-23 21:31:03 Finished transferring input files
...
001 (1314.000.000) 2024-11-23 21:31:04 Job executing on host: <147.188.47.71:9618?addrs=147.188.47.71-9618&alias=eplwk001.ph.bham.ac.uk&noUDP&sock=startd_864732_ce1e>
	SlotName: slot1_86@eplwk001.ph.bham.ac.uk
	CondorScratchDir = "/var/lib/condor/execute/dir_409489"
	Cpus = 1
	Disk = 7699
	GPUs = 0
	Memory = 4096
...
006 (1314.000.000) 2024-11-23 21:31:13 Image size of job updated: 192608
	189  -  MemoryUsage of job (MB)
	192588  -  ResidentSetSize of job (KB)
...
006 (1314.000.000) 2024-11-23 21:34:03 Image size of job updated: 1709088
	900  -  MemoryUsage of job (MB)
	921448  -  ResidentSetSize of job (KB)
...
040 (1314.000.000) 2024-11-23 21:34:03 Started transferring output files
...
040 (1314.000.000) 2024-11-23 21:34:03 Finished transferring output files
...
005 (1314.000.000) 2024-11-23 21:34:03 Job terminated.
	(1) Normal termination (return value 0)
		Usr 0 00:02:19, Sys 0 00:00:10  -  Run Remote Usage
		Usr 0 00:00:00, Sys 0 00:00:00  -  Run Local Usage
		Usr 0 00:02:19, Sys 0 00:00:10  -  Total Remote Usage
		Usr 0 00:00:00, Sys 0 00:00:00  -  Total Local Usage
	2806  -  Run Bytes Sent By Job
	953  -  Run Bytes Received By Job
	2806  -  Total Bytes Sent By Job
	953  -  Total Bytes Received By Job
	Partitionable Resources :    Usage  Request Allocated 
	   Cpus                 :     0.83        1         1 
	   Disk (KB)            :    35           1      7699 
	   GPUs                 :                           0 
	   Memory (MB)          :   900        4000      4096 
	   TimeExecute (s)      :   179                       
	   TimeSlotBusy (s)     :   180                       

	Job terminated of its own accord at 2024-11-23T21:34:03Z with exit-code 0.
...
