000 (1307.000.000) 2024-11-23 21:22:35 Job submitted from host: <147.188.47.47:9618?addrs=147.188.47.47-9618&alias=eprexb.ph.bham.ac.uk&noUDP&sock=schedd_1171491_f6ca>
...
040 (1307.000.000) 2024-11-23 21:24:02 Started transferring input files
	Transferring to host: <147.188.47.73:9618?addrs=147.188.47.73-9618&alias=eplwk003.ph.bham.ac.uk&noUDP&sock=slot1_86_4295_f748_32355>
...
040 (1307.000.000) 2024-11-23 21:24:02 Finished transferring input files
...
001 (1307.000.000) 2024-11-23 21:24:03 Job executing on host: <147.188.47.73:9618?addrs=147.188.47.73-9618&alias=eplwk003.ph.bham.ac.uk&noUDP&sock=startd_4221_d558>
	SlotName: slot1_86@eplwk003.ph.bham.ac.uk
	CondorScratchDir = "/var/lib/condor/execute/dir_3569637"
	Cpus = 1
	Disk = 7698
	GPUs = 0
	Memory = 4096
...
006 (1307.000.000) 2024-11-23 21:24:12 Image size of job updated: 744332
	727  -  MemoryUsage of job (MB)
	744080  -  ResidentSetSize of job (KB)
...
006 (1307.000.000) 2024-11-23 21:26:56 Image size of job updated: 3949020
	3099  -  MemoryUsage of job (MB)
	3172544  -  ResidentSetSize of job (KB)
...
040 (1307.000.000) 2024-11-23 21:26:56 Started transferring output files
...
040 (1307.000.000) 2024-11-23 21:26:56 Finished transferring output files
...
005 (1307.000.000) 2024-11-23 21:26:56 Job terminated.
	(1) Normal termination (return value 0)
		Usr 0 00:02:04, Sys 0 00:00:10  -  Run Remote Usage
		Usr 0 00:00:00, Sys 0 00:00:00  -  Run Local Usage
		Usr 0 00:02:04, Sys 0 00:00:10  -  Total Remote Usage
		Usr 0 00:00:00, Sys 0 00:00:00  -  Total Local Usage
	2814  -  Run Bytes Sent By Job
	947  -  Run Bytes Received By Job
	2814  -  Total Bytes Sent By Job
	947  -  Total Bytes Received By Job
	Partitionable Resources :    Usage  Request Allocated 
	   Cpus                 :     0.79        1         1 
	   Disk (KB)            :    35           1      7698 
	   GPUs                 :                           0 
	   Memory (MB)          :  3099        4000      4096 
	   TimeExecute (s)      :   173                       
	   TimeSlotBusy (s)     :   174                       

	Job terminated of its own accord at 2024-11-23T21:26:56Z with exit-code 0.
...
