000 (1279.000.000) 2024-11-23 20:25:56 Job submitted from host: <147.188.47.47:9618?addrs=147.188.47.47-9618&alias=eprexb.ph.bham.ac.uk&noUDP&sock=schedd_1171491_f6ca>
...
040 (1279.000.000) 2024-11-23 20:26:15 Started transferring input files
	Transferring to host: <147.188.47.71:9618?addrs=147.188.47.71-9618&alias=eplwk001.ph.bham.ac.uk&noUDP&sock=slot1_3_864817_8fb9_64427>
...
040 (1279.000.000) 2024-11-23 20:26:15 Finished transferring input files
...
001 (1279.000.000) 2024-11-23 20:26:16 Job executing on host: <147.188.47.71:9618?addrs=147.188.47.71-9618&alias=eplwk001.ph.bham.ac.uk&noUDP&sock=startd_864732_ce1e>
	SlotName: slot1_3@eplwk001.ph.bham.ac.uk
	CondorScratchDir = "/var/lib/condor/execute/dir_362404"
	Cpus = 1
	Disk = 7699
	GPUs = 0
	Memory = 4096
...
006 (1279.000.000) 2024-11-23 20:26:25 Image size of job updated: 242444
	237  -  MemoryUsage of job (MB)
	242444  -  ResidentSetSize of job (KB)
...
006 (1279.000.000) 2024-11-23 20:27:33 Image size of job updated: 780260
	237  -  MemoryUsage of job (MB)
	242688  -  ResidentSetSize of job (KB)
...
040 (1279.000.000) 2024-11-23 20:27:33 Started transferring output files
...
040 (1279.000.000) 2024-11-23 20:27:33 Finished transferring output files
...
005 (1279.000.000) 2024-11-23 20:27:33 Job terminated.
	(1) Normal termination (return value 0)
		Usr 0 00:01:05, Sys 0 00:00:05  -  Run Remote Usage
		Usr 0 00:00:00, Sys 0 00:00:00  -  Run Local Usage
		Usr 0 00:01:05, Sys 0 00:00:05  -  Total Remote Usage
		Usr 0 00:00:00, Sys 0 00:00:00  -  Total Local Usage
	2804  -  Run Bytes Sent By Job
	947  -  Run Bytes Received By Job
	2804  -  Total Bytes Sent By Job
	947  -  Total Bytes Received By Job
	Partitionable Resources :    Usage  Request Allocated 
	   Cpus                 :     0.99        1         1 
	   Disk (KB)            :    35           1      7699 
	   GPUs                 :                           0 
	   Memory (MB)          :   237        4000      4096 
	   TimeExecute (s)      :    77                       
	   TimeSlotBusy (s)     :    78                       

	Job terminated of its own accord at 2024-11-23T20:27:33Z with exit-code 0.
...
