000 (1386.000.000) 2024-11-23 23:08:54 Job submitted from host: <147.188.47.47:9618?addrs=147.188.47.47-9618&alias=eprexb.ph.bham.ac.uk&noUDP&sock=schedd_1171491_f6ca>
...
040 (1386.000.000) 2024-11-23 23:09:01 Started transferring input files
	Transferring to host: <147.188.47.72:9618?addrs=147.188.47.72-9618&alias=eplwk002.ph.bham.ac.uk&noUDP&sock=slot1_27_187135_4953_45474>
...
040 (1386.000.000) 2024-11-23 23:09:01 Finished transferring input files
...
001 (1386.000.000) 2024-11-23 23:09:02 Job executing on host: <147.188.47.72:9618?addrs=147.188.47.72-9618&alias=eplwk002.ph.bham.ac.uk&noUDP&sock=startd_187014_a097>
	SlotName: slot1_27@eplwk002.ph.bham.ac.uk
	CondorScratchDir = "/var/lib/condor/execute/dir_2672657"
	Cpus = 1
	Disk = 7701
	GPUs = 0
	Memory = 4096
...
006 (1386.000.000) 2024-11-23 23:09:11 Image size of job updated: 320548
	314  -  MemoryUsage of job (MB)
	320548  -  ResidentSetSize of job (KB)
...
006 (1386.000.000) 2024-11-23 23:10:36 Image size of job updated: 794920
	315  -  MemoryUsage of job (MB)
	322084  -  ResidentSetSize of job (KB)
...
040 (1386.000.000) 2024-11-23 23:10:36 Started transferring output files
...
040 (1386.000.000) 2024-11-23 23:10:36 Finished transferring output files
...
005 (1386.000.000) 2024-11-23 23:10:37 Job terminated.
	(1) Normal termination (return value 0)
		Usr 0 00:01:23, Sys 0 00:00:05  -  Run Remote Usage
		Usr 0 00:00:00, Sys 0 00:00:00  -  Run Local Usage
		Usr 0 00:01:23, Sys 0 00:00:05  -  Total Remote Usage
		Usr 0 00:00:00, Sys 0 00:00:00  -  Total Local Usage
	2812  -  Run Bytes Sent By Job
	943  -  Run Bytes Received By Job
	2812  -  Total Bytes Sent By Job
	943  -  Total Bytes Received By Job
	Partitionable Resources :    Usage  Request Allocated 
	   Cpus                 :        0        1         1 
	   Disk (KB)            :       35        1      7701 
	   GPUs                 :                           0 
	   Memory (MB)          :      315     4000      4096 
	   TimeExecute (s)      :       94                    
	   TimeSlotBusy (s)     :       95                    

	Job terminated of its own accord at 2024-11-23T23:10:36Z with exit-code 0.
...
