000 (1375.000.000) 2024-11-23 23:05:41 Job submitted from host: <147.188.47.47:9618?addrs=147.188.47.47-9618&alias=eprexb.ph.bham.ac.uk&noUDP&sock=schedd_1171491_f6ca>
...
040 (1375.000.000) 2024-11-23 23:07:11 Started transferring input files
	Transferring to host: <147.188.47.72:9618?addrs=147.188.47.72-9618&alias=eplwk002.ph.bham.ac.uk&noUDP&sock=slot1_29_187135_4953_45467>
...
040 (1375.000.000) 2024-11-23 23:07:11 Finished transferring input files
...
001 (1375.000.000) 2024-11-23 23:07:12 Job executing on host: <147.188.47.72:9618?addrs=147.188.47.72-9618&alias=eplwk002.ph.bham.ac.uk&noUDP&sock=startd_187014_a097>
	SlotName: slot1_29@eplwk002.ph.bham.ac.uk
	CondorScratchDir = "/var/lib/condor/execute/dir_2668900"
	Cpus = 1
	Disk = 7701
	GPUs = 0
	Memory = 4096
...
006 (1375.000.000) 2024-11-23 23:07:21 Image size of job updated: 295980
	289  -  MemoryUsage of job (MB)
	295720  -  ResidentSetSize of job (KB)
...
006 (1375.000.000) 2024-11-23 23:09:11 Image size of job updated: 1322200
	498  -  MemoryUsage of job (MB)
	509448  -  ResidentSetSize of job (KB)
...
040 (1375.000.000) 2024-11-23 23:09:11 Started transferring output files
...
040 (1375.000.000) 2024-11-23 23:09:11 Finished transferring output files
...
005 (1375.000.000) 2024-11-23 23:09:11 Job terminated.
	(1) Normal termination (return value 0)
		Usr 0 00:01:23, Sys 0 00:00:07  -  Run Remote Usage
		Usr 0 00:00:00, Sys 0 00:00:00  -  Run Local Usage
		Usr 0 00:01:23, Sys 0 00:00:07  -  Total Remote Usage
		Usr 0 00:00:00, Sys 0 00:00:00  -  Total Local Usage
	2816  -  Run Bytes Sent By Job
	953  -  Run Bytes Received By Job
	2816  -  Total Bytes Sent By Job
	953  -  Total Bytes Received By Job
	Partitionable Resources :    Usage  Request Allocated 
	   Cpus                 :        0        1         1 
	   Disk (KB)            :       34        1      7701 
	   GPUs                 :                           0 
	   Memory (MB)          :      498     4000      4096 
	   TimeExecute (s)      :      119                    
	   TimeSlotBusy (s)     :      120                    

	Job terminated of its own accord at 2024-11-23T23:09:11Z with exit-code 0.
...
