000 (1441.000.000) 2024-11-23 23:35:22 Job submitted from host: <147.188.47.47:9618?addrs=147.188.47.47-9618&alias=eprexb.ph.bham.ac.uk&noUDP&sock=schedd_1171491_f6ca>
...
040 (1441.000.000) 2024-11-23 23:48:40 Started transferring input files
	Transferring to host: <147.188.47.73:9618?addrs=147.188.47.73-9618&alias=eplwk003.ph.bham.ac.uk&noUDP&sock=slot1_41_4295_f748_32539>
...
040 (1441.000.000) 2024-11-23 23:48:40 Finished transferring input files
...
001 (1441.000.000) 2024-11-23 23:48:41 Job executing on host: <147.188.47.73:9618?addrs=147.188.47.73-9618&alias=eplwk003.ph.bham.ac.uk&noUDP&sock=startd_4221_d558>
	SlotName: slot1_41@eplwk003.ph.bham.ac.uk
	CondorScratchDir = "/var/lib/condor/execute/dir_3609602"
	Cpus = 1
	Disk = 7698
	GPUs = 0
	Memory = 4096
...
006 (1441.000.000) 2024-11-23 23:48:50 Image size of job updated: 188208
	184  -  MemoryUsage of job (MB)
	187704  -  ResidentSetSize of job (KB)
...
006 (1441.000.000) 2024-11-23 23:51:06 Image size of job updated: 1947020
	1126  -  MemoryUsage of job (MB)
	1153012  -  ResidentSetSize of job (KB)
...
040 (1441.000.000) 2024-11-23 23:51:06 Started transferring output files
...
040 (1441.000.000) 2024-11-23 23:51:06 Finished transferring output files
...
005 (1441.000.000) 2024-11-23 23:51:06 Job terminated.
	(1) Normal termination (return value 0)
		Usr 0 00:01:06, Sys 0 00:00:06  -  Run Remote Usage
		Usr 0 00:00:00, Sys 0 00:00:00  -  Run Local Usage
		Usr 0 00:01:06, Sys 0 00:00:06  -  Total Remote Usage
		Usr 0 00:00:00, Sys 0 00:00:00  -  Total Local Usage
	2816  -  Run Bytes Sent By Job
	952  -  Run Bytes Received By Job
	2816  -  Total Bytes Sent By Job
	952  -  Total Bytes Received By Job
	Partitionable Resources :    Usage  Request Allocated 
	   Cpus                 :     0.43        1         1 
	   Disk (KB)            :    34           1      7698 
	   GPUs                 :                           0 
	   Memory (MB)          :  1126        4000      4096 
	   TimeExecute (s)      :   145                       
	   TimeSlotBusy (s)     :   146                       

	Job terminated of its own accord at 2024-11-23T23:51:06Z with exit-code 0.
...
