000 (887.000.000) 2024-11-23 18:33:14 Job submitted from host: <147.188.47.47:9618?addrs=147.188.47.47-9618&alias=eprexb.ph.bham.ac.uk&noUDP&sock=schedd_1171491_f6ca>
...
040 (887.000.000) 2024-11-23 18:33:30 Started transferring input files
	Transferring to host: <147.188.47.71:9618?addrs=147.188.47.71-9618&alias=eplwk001.ph.bham.ac.uk&noUDP&sock=slot1_12_864817_8fb9_64043>
...
040 (887.000.000) 2024-11-23 18:33:30 Finished transferring input files
...
001 (887.000.000) 2024-11-23 18:33:31 Job executing on host: <147.188.47.71:9618?addrs=147.188.47.71-9618&alias=eplwk001.ph.bham.ac.uk&noUDP&sock=startd_864732_ce1e>
	SlotName: slot1_12@eplwk001.ph.bham.ac.uk
	CondorScratchDir = "/var/lib/condor/execute/dir_3618916"
	Cpus = 1
	Disk = 7699
	GPUs = 0
	Memory = 4096
...
006 (887.000.000) 2024-11-23 18:33:40 Image size of job updated: 511812
	500  -  MemoryUsage of job (MB)
	511784  -  ResidentSetSize of job (KB)
...
006 (887.000.000) 2024-11-23 18:34:35 Image size of job updated: 797340
	500  -  MemoryUsage of job (MB)
	511784  -  ResidentSetSize of job (KB)
...
040 (887.000.000) 2024-11-23 18:34:35 Started transferring output files
...
040 (887.000.000) 2024-11-23 18:34:35 Finished transferring output files
...
005 (887.000.000) 2024-11-23 18:34:35 Job terminated.
	(1) Normal termination (return value 0)
		Usr 0 00:00:55, Sys 0 00:00:05  -  Run Remote Usage
		Usr 0 00:00:00, Sys 0 00:00:00  -  Run Local Usage
		Usr 0 00:00:55, Sys 0 00:00:05  -  Total Remote Usage
		Usr 0 00:00:00, Sys 0 00:00:00  -  Total Local Usage
	2816  -  Run Bytes Sent By Job
	952  -  Run Bytes Received By Job
	2816  -  Total Bytes Sent By Job
	952  -  Total Bytes Received By Job
	Partitionable Resources :    Usage  Request Allocated 
	   Cpus                 :        0        1         1 
	   Disk (KB)            :       34        1      7699 
	   GPUs                 :                           0 
	   Memory (MB)          :      500     4000      4096 
	   TimeExecute (s)      :       64                    
	   TimeSlotBusy (s)     :       65                    

	Job terminated of its own accord at 2024-11-23T18:34:35Z with exit-code 0.
...
