000 (2035.000.000) 2024-11-25 13:55:35 Job submitted from host: <147.188.47.47:9618?addrs=147.188.47.47-9618&alias=eprexb.ph.bham.ac.uk&noUDP&sock=schedd_1171491_f6ca>
...
040 (2035.000.000) 2024-11-25 13:55:47 Started transferring input files
	Transferring to host: <147.188.47.71:9618?addrs=147.188.47.71-9618&alias=eplwk001.ph.bham.ac.uk&noUDP&sock=slot1_13_864817_8fb9_65717>
...
040 (2035.000.000) 2024-11-25 13:55:47 Finished transferring input files
...
001 (2035.000.000) 2024-11-25 13:55:48 Job executing on host: <147.188.47.71:9618?addrs=147.188.47.71-9618&alias=eplwk001.ph.bham.ac.uk&noUDP&sock=startd_864732_ce1e>
	SlotName: slot1_13@eplwk001.ph.bham.ac.uk
	CondorScratchDir = "/var/lib/condor/execute/dir_1815776"
	Cpus = 1
	Disk = 7699
	GPUs = 0
	Memory = 4096
...
006 (2035.000.000) 2024-11-25 13:55:56 Image size of job updated: 250388
	245  -  MemoryUsage of job (MB)
	250388  -  ResidentSetSize of job (KB)
...
006 (2035.000.000) 2024-11-25 13:58:00 Image size of job updated: 782572
	245  -  MemoryUsage of job (MB)
	250492  -  ResidentSetSize of job (KB)
...
040 (2035.000.000) 2024-11-25 13:58:00 Started transferring output files
...
040 (2035.000.000) 2024-11-25 13:58:00 Finished transferring output files
...
005 (2035.000.000) 2024-11-25 13:58:00 Job terminated.
	(1) Normal termination (return value 0)
		Usr 0 00:02:00, Sys 0 00:00:06  -  Run Remote Usage
		Usr 0 00:00:00, Sys 0 00:00:00  -  Run Local Usage
		Usr 0 00:02:00, Sys 0 00:00:06  -  Total Remote Usage
		Usr 0 00:00:00, Sys 0 00:00:00  -  Total Local Usage
	2731  -  Run Bytes Sent By Job
	956  -  Run Bytes Received By Job
	2731  -  Total Bytes Sent By Job
	956  -  Total Bytes Received By Job
	Partitionable Resources :    Usage  Request Allocated 
	   Cpus                 :     0.99        1         1 
	   Disk (KB)            :    39           1      7699 
	   GPUs                 :                           0 
	   Memory (MB)          :   245        4000      4096 
	   TimeExecute (s)      :   132                       
	   TimeSlotBusy (s)     :   133                       

	Job terminated of its own accord at 2024-11-25T13:58:00Z with exit-code 0.
...
