000 (1420.000.000) 2024-11-23 23:21:13 Job submitted from host: <147.188.47.47:9618?addrs=147.188.47.47-9618&alias=eprexb.ph.bham.ac.uk&noUDP&sock=schedd_1171491_f6ca>
...
040 (1420.000.000) 2024-11-23 23:48:39 Started transferring input files
	Transferring to host: <147.188.47.71:9618?addrs=147.188.47.71-9618&alias=eplwk001.ph.bham.ac.uk&noUDP&sock=slot1_36_864817_8fb9_64720>
...
040 (1420.000.000) 2024-11-23 23:48:39 Finished transferring input files
...
001 (1420.000.000) 2024-11-23 23:48:40 Job executing on host: <147.188.47.71:9618?addrs=147.188.47.71-9618&alias=eplwk001.ph.bham.ac.uk&noUDP&sock=startd_864732_ce1e>
	SlotName: slot1_36@eplwk001.ph.bham.ac.uk
	CondorScratchDir = "/var/lib/condor/execute/dir_457271"
	Cpus = 1
	Disk = 7699
	GPUs = 0
	Memory = 4096
...
006 (1420.000.000) 2024-11-23 23:48:49 Image size of job updated: 419720
	410  -  MemoryUsage of job (MB)
	419252  -  ResidentSetSize of job (KB)
...
006 (1420.000.000) 2024-11-23 23:50:15 Image size of job updated: 797816
	410  -  MemoryUsage of job (MB)
	419252  -  ResidentSetSize of job (KB)
...
040 (1420.000.000) 2024-11-23 23:50:15 Started transferring output files
...
040 (1420.000.000) 2024-11-23 23:50:15 Finished transferring output files
...
005 (1420.000.000) 2024-11-23 23:50:15 Job terminated.
	(1) Normal termination (return value 0)
		Usr 0 00:01:23, Sys 0 00:00:06  -  Run Remote Usage
		Usr 0 00:00:00, Sys 0 00:00:00  -  Run Local Usage
		Usr 0 00:01:23, Sys 0 00:00:06  -  Total Remote Usage
		Usr 0 00:00:00, Sys 0 00:00:00  -  Total Local Usage
	2806  -  Run Bytes Sent By Job
	953  -  Run Bytes Received By Job
	2806  -  Total Bytes Sent By Job
	953  -  Total Bytes Received By Job
	Partitionable Resources :    Usage  Request Allocated 
	   Cpus                 :        0        1         1 
	   Disk (KB)            :       34        1      7699 
	   GPUs                 :                           0 
	   Memory (MB)          :      410     4000      4096 
	   TimeExecute (s)      :       95                    
	   TimeSlotBusy (s)     :       96                    

	Job terminated of its own accord at 2024-11-23T23:50:15Z with exit-code 0.
...
