000 (1340.000.000) 2024-11-23 22:10:21 Job submitted from host: <147.188.47.47:9618?addrs=147.188.47.47-9618&alias=eprexb.ph.bham.ac.uk&noUDP&sock=schedd_1171491_f6ca>
...
040 (1340.000.000) 2024-11-23 22:24:10 Started transferring input files
	Transferring to host: <147.188.47.71:9618?addrs=147.188.47.71-9618&alias=eplwk001.ph.bham.ac.uk&noUDP&sock=slot1_86_864817_8fb9_64629>
...
040 (1340.000.000) 2024-11-23 22:24:10 Finished transferring input files
...
001 (1340.000.000) 2024-11-23 22:24:11 Job executing on host: <147.188.47.71:9618?addrs=147.188.47.71-9618&alias=eplwk001.ph.bham.ac.uk&noUDP&sock=startd_864732_ce1e>
	SlotName: slot1_86@eplwk001.ph.bham.ac.uk
	CondorScratchDir = "/var/lib/condor/execute/dir_430836"
	Cpus = 1
	Disk = 7699
	GPUs = 0
	Memory = 4096
...
006 (1340.000.000) 2024-11-23 22:24:19 Image size of job updated: 208692
	204  -  MemoryUsage of job (MB)
	208608  -  ResidentSetSize of job (KB)
...
006 (1340.000.000) 2024-11-23 22:26:34 Image size of job updated: 1133500
	330  -  MemoryUsage of job (MB)
	337224  -  ResidentSetSize of job (KB)
...
040 (1340.000.000) 2024-11-23 22:26:34 Started transferring output files
...
040 (1340.000.000) 2024-11-23 22:26:34 Finished transferring output files
...
005 (1340.000.000) 2024-11-23 22:26:35 Job terminated.
	(1) Normal termination (return value 0)
		Usr 0 00:02:02, Sys 0 00:00:08  -  Run Remote Usage
		Usr 0 00:00:00, Sys 0 00:00:00  -  Run Local Usage
		Usr 0 00:02:02, Sys 0 00:00:08  -  Total Remote Usage
		Usr 0 00:00:00, Sys 0 00:00:00  -  Total Local Usage
	2806  -  Run Bytes Sent By Job
	953  -  Run Bytes Received By Job
	2806  -  Total Bytes Sent By Job
	953  -  Total Bytes Received By Job
	Partitionable Resources :    Usage  Request Allocated 
	   Cpus                 :                 1         1 
	   Disk (KB)            :       29        1      7699 
	   GPUs                 :                           0 
	   Memory (MB)          :      330     4000      4096 
	   TimeExecute (s)      :      143                    
	   TimeSlotBusy (s)     :      145                    

	Job terminated of its own accord at 2024-11-23T22:26:34Z with exit-code 0.
...
