000 (2176.000.000) 2024-11-25 15:17:00 Job submitted from host: <147.188.47.47:9618?addrs=147.188.47.47-9618&alias=eprexb.ph.bham.ac.uk&noUDP&sock=schedd_1171491_f6ca>
...
040 (2176.000.000) 2024-11-25 15:17:19 Started transferring input files
	Transferring to host: <147.188.47.71:9618?addrs=147.188.47.71-9618&alias=eplwk001.ph.bham.ac.uk&noUDP&sock=slot1_16_864817_8fb9_65858>
...
040 (2176.000.000) 2024-11-25 15:17:19 Finished transferring input files
...
001 (2176.000.000) 2024-11-25 15:17:20 Job executing on host: <147.188.47.71:9618?addrs=147.188.47.71-9618&alias=eplwk001.ph.bham.ac.uk&noUDP&sock=startd_864732_ce1e>
	SlotName: slot1_16@eplwk001.ph.bham.ac.uk
	CondorScratchDir = "/var/lib/condor/execute/dir_2044147"
	Cpus = 1
	Disk = 7699
	GPUs = 0
	Memory = 4096
...
006 (2176.000.000) 2024-11-25 15:17:29 Image size of job updated: 512504
	501  -  MemoryUsage of job (MB)
	512504  -  ResidentSetSize of job (KB)
...
006 (2176.000.000) 2024-11-25 15:22:30 Image size of job updated: 759180
	742  -  MemoryUsage of job (MB)
	758896  -  ResidentSetSize of job (KB)
...
006 (2176.000.000) 2024-11-25 15:27:30 Image size of job updated: 787424
	769  -  MemoryUsage of job (MB)
	786840  -  ResidentSetSize of job (KB)
...
006 (2176.000.000) 2024-11-25 15:32:30 Image size of job updated: 794008
	769  -  MemoryUsage of job (MB)
	786840  -  ResidentSetSize of job (KB)
...
006 (2176.000.000) 2024-11-25 15:34:40 Image size of job updated: 797040
	769  -  MemoryUsage of job (MB)
	786840  -  ResidentSetSize of job (KB)
...
040 (2176.000.000) 2024-11-25 15:34:41 Started transferring output files
...
040 (2176.000.000) 2024-11-25 15:34:41 Finished transferring output files
...
005 (2176.000.000) 2024-11-25 15:34:41 Job terminated.
	(1) Normal termination (return value 0)
		Usr 0 00:16:21, Sys 0 00:00:49  -  Run Remote Usage
		Usr 0 00:00:00, Sys 0 00:00:00  -  Run Local Usage
		Usr 0 00:16:21, Sys 0 00:00:49  -  Total Remote Usage
		Usr 0 00:00:00, Sys 0 00:00:00  -  Total Local Usage
	2731  -  Run Bytes Sent By Job
	957  -  Run Bytes Received By Job
	2731  -  Total Bytes Sent By Job
	957  -  Total Bytes Received By Job
	Partitionable Resources :    Usage  Request Allocated 
	   Cpus                 :     1.00        1         1 
	   Disk (KB)            :    39           1      7699 
	   GPUs                 :                           0 
	   Memory (MB)          :   769        4000      4096 
	   TimeExecute (s)      :  1040                       
	   TimeSlotBusy (s)     :  1042                       

	Job terminated of its own accord at 2024-11-25T15:34:40Z with exit-code 0.
...
