000 (1150.000.000) 2024-11-23 19:05:10 Job submitted from host: <147.188.47.47:9618?addrs=147.188.47.47-9618&alias=eprexb.ph.bham.ac.uk&noUDP&sock=schedd_1171491_f6ca>
...
040 (1150.000.000) 2024-11-23 19:05:10 Started transferring input files
	Transferring to host: <147.188.47.71:9618?addrs=147.188.47.71-9618&alias=eplwk001.ph.bham.ac.uk&noUDP&sock=slot1_21_864817_8fb9_64298>
...
040 (1150.000.000) 2024-11-23 19:05:10 Finished transferring input files
...
001 (1150.000.000) 2024-11-23 19:05:11 Job executing on host: <147.188.47.71:9618?addrs=147.188.47.71-9618&alias=eplwk001.ph.bham.ac.uk&noUDP&sock=startd_864732_ce1e>
	SlotName: slot1_21@eplwk001.ph.bham.ac.uk
	CondorScratchDir = "/var/lib/condor/execute/dir_208469"
	Cpus = 1
	Disk = 7699
	GPUs = 0
	Memory = 4096
...
006 (1150.000.000) 2024-11-23 19:05:20 Image size of job updated: 533692
	522  -  MemoryUsage of job (MB)
	533692  -  ResidentSetSize of job (KB)
...
006 (1150.000.000) 2024-11-23 19:06:16 Image size of job updated: 782860
	522  -  MemoryUsage of job (MB)
	533692  -  ResidentSetSize of job (KB)
...
040 (1150.000.000) 2024-11-23 19:06:16 Started transferring output files
...
040 (1150.000.000) 2024-11-23 19:06:16 Finished transferring output files
...
005 (1150.000.000) 2024-11-23 19:06:16 Job terminated.
	(1) Normal termination (return value 0)
		Usr 0 00:00:57, Sys 0 00:00:05  -  Run Remote Usage
		Usr 0 00:00:00, Sys 0 00:00:00  -  Run Local Usage
		Usr 0 00:00:57, Sys 0 00:00:05  -  Total Remote Usage
		Usr 0 00:00:00, Sys 0 00:00:00  -  Total Local Usage
	2802  -  Run Bytes Sent By Job
	942  -  Run Bytes Received By Job
	2802  -  Total Bytes Sent By Job
	942  -  Total Bytes Received By Job
	Partitionable Resources :    Usage  Request Allocated 
	   Cpus                 :        0        1         1 
	   Disk (KB)            :       35        1      7699 
	   GPUs                 :                           0 
	   Memory (MB)          :      522     4000      4096 
	   TimeExecute (s)      :       65                    
	   TimeSlotBusy (s)     :       66                    

	Job terminated of its own accord at 2024-11-23T19:06:16Z with exit-code 0.
...
