000 (1398.000.000) 2024-11-23 23:09:12 Job submitted from host: <147.188.47.47:9618?addrs=147.188.47.47-9618&alias=eprexb.ph.bham.ac.uk&noUDP&sock=schedd_1171491_f6ca>
...
040 (1398.000.000) 2024-11-23 23:10:33 Started transferring input files
	Transferring to host: <147.188.47.71:9618?addrs=147.188.47.71-9618&alias=eplwk001.ph.bham.ac.uk&noUDP&sock=slot1_28_864817_8fb9_64682>
...
040 (1398.000.000) 2024-11-23 23:10:33 Finished transferring input files
...
001 (1398.000.000) 2024-11-23 23:10:34 Job executing on host: <147.188.47.71:9618?addrs=147.188.47.71-9618&alias=eplwk001.ph.bham.ac.uk&noUDP&sock=startd_864732_ce1e>
	SlotName: slot1_28@eplwk001.ph.bham.ac.uk
	CondorScratchDir = "/var/lib/condor/execute/dir_449360"
	Cpus = 1
	Disk = 7699
	GPUs = 0
	Memory = 4096
...
006 (1398.000.000) 2024-11-23 23:10:43 Image size of job updated: 525380
	514  -  MemoryUsage of job (MB)
	525380  -  ResidentSetSize of job (KB)
...
006 (1398.000.000) 2024-11-23 23:11:49 Image size of job updated: 785228
	514  -  MemoryUsage of job (MB)
	525636  -  ResidentSetSize of job (KB)
...
040 (1398.000.000) 2024-11-23 23:11:49 Started transferring output files
...
040 (1398.000.000) 2024-11-23 23:11:49 Finished transferring output files
...
005 (1398.000.000) 2024-11-23 23:11:49 Job terminated.
	(1) Normal termination (return value 0)
		Usr 0 00:01:06, Sys 0 00:00:05  -  Run Remote Usage
		Usr 0 00:00:00, Sys 0 00:00:00  -  Run Local Usage
		Usr 0 00:01:06, Sys 0 00:00:05  -  Total Remote Usage
		Usr 0 00:00:00, Sys 0 00:00:00  -  Total Local Usage
	2806  -  Run Bytes Sent By Job
	953  -  Run Bytes Received By Job
	2806  -  Total Bytes Sent By Job
	953  -  Total Bytes Received By Job
	Partitionable Resources :    Usage  Request Allocated 
	   Cpus                 :        0        1         1 
	   Disk (KB)            :       35        1      7699 
	   GPUs                 :                           0 
	   Memory (MB)          :      514     4000      4096 
	   TimeExecute (s)      :       75                    
	   TimeSlotBusy (s)     :       76                    

	Job terminated of its own accord at 2024-11-23T23:11:49Z with exit-code 0.
...
