000 (1468.000.000) 2024-11-24 00:25:41 Job submitted from host: <147.188.47.47:9618?addrs=147.188.47.47-9618&alias=eprexb.ph.bham.ac.uk&noUDP&sock=schedd_1171491_f6ca>
...
040 (1468.000.000) 2024-11-24 00:25:41 Started transferring input files
	Transferring to host: <147.188.47.71:9618?addrs=147.188.47.71-9618&alias=eplwk001.ph.bham.ac.uk&noUDP&sock=slot1_9_864817_8fb9_64746>
...
040 (1468.000.000) 2024-11-24 00:25:41 Finished transferring input files
...
001 (1468.000.000) 2024-11-24 00:25:42 Job executing on host: <147.188.47.71:9618?addrs=147.188.47.71-9618&alias=eplwk001.ph.bham.ac.uk&noUDP&sock=startd_864732_ce1e>
	SlotName: slot1_9@eplwk001.ph.bham.ac.uk
	CondorScratchDir = "/var/lib/condor/execute/dir_492146"
	Cpus = 1
	Disk = 7699
	GPUs = 0
	Memory = 4096
...
006 (1468.000.000) 2024-11-24 00:25:51 Image size of job updated: 567916
	555  -  MemoryUsage of job (MB)
	567712  -  ResidentSetSize of job (KB)
...
006 (1468.000.000) 2024-11-24 00:27:17 Image size of job updated: 1166880
	555  -  MemoryUsage of job (MB)
	568028  -  ResidentSetSize of job (KB)
...
040 (1468.000.000) 2024-11-24 00:27:17 Started transferring output files
...
040 (1468.000.000) 2024-11-24 00:27:17 Finished transferring output files
...
005 (1468.000.000) 2024-11-24 00:27:17 Job terminated.
	(1) Normal termination (return value 0)
		Usr 0 00:01:23, Sys 0 00:00:06  -  Run Remote Usage
		Usr 0 00:00:00, Sys 0 00:00:00  -  Run Local Usage
		Usr 0 00:01:23, Sys 0 00:00:06  -  Total Remote Usage
		Usr 0 00:00:00, Sys 0 00:00:00  -  Total Local Usage
	2802  -  Run Bytes Sent By Job
	943  -  Run Bytes Received By Job
	2802  -  Total Bytes Sent By Job
	943  -  Total Bytes Received By Job
	Partitionable Resources :    Usage  Request Allocated 
	   Cpus                 :        0        1         1 
	   Disk (KB)            :       34        1      7699 
	   GPUs                 :                           0 
	   Memory (MB)          :      555     4000      4096 
	   TimeExecute (s)      :       95                    
	   TimeSlotBusy (s)     :       96                    

	Job terminated of its own accord at 2024-11-24T00:27:17Z with exit-code 0.
...
