000 (1354.000.000) 2024-11-23 22:35:42 Job submitted from host: <147.188.47.47:9618?addrs=147.188.47.47-9618&alias=eprexb.ph.bham.ac.uk&noUDP&sock=schedd_1171491_f6ca>
...
040 (1354.000.000) 2024-11-23 22:42:56 Started transferring input files
	Transferring to host: <147.188.47.71:9618?addrs=147.188.47.71-9618&alias=eplwk001.ph.bham.ac.uk&noUDP&sock=slot1_86_864817_8fb9_64634>
...
040 (1354.000.000) 2024-11-23 22:42:56 Finished transferring input files
...
001 (1354.000.000) 2024-11-23 22:42:57 Job executing on host: <147.188.47.71:9618?addrs=147.188.47.71-9618&alias=eplwk001.ph.bham.ac.uk&noUDP&sock=startd_864732_ce1e>
	SlotName: slot1_86@eplwk001.ph.bham.ac.uk
	CondorScratchDir = "/var/lib/condor/execute/dir_433427"
	Cpus = 1
	Disk = 7699
	GPUs = 0
	Memory = 4096
...
006 (1354.000.000) 2024-11-23 22:43:06 Image size of job updated: 193348
	189  -  MemoryUsage of job (MB)
	193344  -  ResidentSetSize of job (KB)
...
006 (1354.000.000) 2024-11-23 22:46:01 Image size of job updated: 1489004
	686  -  MemoryUsage of job (MB)
	702248  -  ResidentSetSize of job (KB)
...
040 (1354.000.000) 2024-11-23 22:46:01 Started transferring output files
...
040 (1354.000.000) 2024-11-23 22:46:01 Finished transferring output files
...
005 (1354.000.000) 2024-11-23 22:46:01 Job terminated.
	(1) Normal termination (return value 0)
		Usr 0 00:02:30, Sys 0 00:00:09  -  Run Remote Usage
		Usr 0 00:00:00, Sys 0 00:00:00  -  Run Local Usage
		Usr 0 00:02:30, Sys 0 00:00:09  -  Total Remote Usage
		Usr 0 00:00:00, Sys 0 00:00:00  -  Total Local Usage
	2806  -  Run Bytes Sent By Job
	953  -  Run Bytes Received By Job
	2806  -  Total Bytes Sent By Job
	953  -  Total Bytes Received By Job
	Partitionable Resources :    Usage  Request Allocated 
	   Cpus                 :        0        1         1 
	   Disk (KB)            :       35        1      7699 
	   GPUs                 :                           0 
	   Memory (MB)          :      686     4000      4096 
	   TimeExecute (s)      :      184                    
	   TimeSlotBusy (s)     :      185                    

	Job terminated of its own accord at 2024-11-23T22:46:01Z with exit-code 0.
...
