000 (828.000.000) 2024-11-23 18:27:04 Job submitted from host: <147.188.47.47:9618?addrs=147.188.47.47-9618&alias=eprexb.ph.bham.ac.uk&noUDP&sock=schedd_1171491_f6ca>
...
040 (828.000.000) 2024-11-23 18:27:17 Started transferring input files
	Transferring to host: <147.188.47.71:9618?addrs=147.188.47.71-9618&alias=eplwk001.ph.bham.ac.uk&noUDP&sock=slot1_19_864817_8fb9_63984>
...
040 (828.000.000) 2024-11-23 18:27:17 Finished transferring input files
...
001 (828.000.000) 2024-11-23 18:27:18 Job executing on host: <147.188.47.71:9618?addrs=147.188.47.71-9618&alias=eplwk001.ph.bham.ac.uk&noUDP&sock=startd_864732_ce1e>
	SlotName: slot1_19@eplwk001.ph.bham.ac.uk
	CondorScratchDir = "/var/lib/condor/execute/dir_3377048"
	Cpus = 1
	Disk = 7699
	GPUs = 0
	Memory = 4096
...
006 (828.000.000) 2024-11-23 18:27:27 Image size of job updated: 452936
	443  -  MemoryUsage of job (MB)
	452936  -  ResidentSetSize of job (KB)
...
006 (828.000.000) 2024-11-23 18:28:35 Image size of job updated: 823704
	444  -  MemoryUsage of job (MB)
	453704  -  ResidentSetSize of job (KB)
...
040 (828.000.000) 2024-11-23 18:28:35 Started transferring output files
...
040 (828.000.000) 2024-11-23 18:28:35 Finished transferring output files
...
005 (828.000.000) 2024-11-23 18:28:35 Job terminated.
	(1) Normal termination (return value 0)
		Usr 0 00:01:08, Sys 0 00:00:06  -  Run Remote Usage
		Usr 0 00:00:00, Sys 0 00:00:00  -  Run Local Usage
		Usr 0 00:01:08, Sys 0 00:00:06  -  Total Remote Usage
		Usr 0 00:00:00, Sys 0 00:00:00  -  Total Local Usage
	2816  -  Run Bytes Sent By Job
	953  -  Run Bytes Received By Job
	2816  -  Total Bytes Sent By Job
	953  -  Total Bytes Received By Job
	Partitionable Resources :    Usage  Request Allocated 
	   Cpus                 :        0        1         1 
	   Disk (KB)            :       34        1      7699 
	   GPUs                 :                           0 
	   Memory (MB)          :      444     4000      4096 
	   TimeExecute (s)      :       77                    
	   TimeSlotBusy (s)     :       78                    

	Job terminated of its own accord at 2024-11-23T18:28:35Z with exit-code 0.
...
