000 (1436.000.000) 2024-11-23 23:35:13 Job submitted from host: <147.188.47.47:9618?addrs=147.188.47.47-9618&alias=eprexb.ph.bham.ac.uk&noUDP&sock=schedd_1171491_f6ca>
...
040 (1436.000.000) 2024-11-23 23:48:40 Started transferring input files
	Transferring to host: <147.188.47.72:9618?addrs=147.188.47.72-9618&alias=eplwk002.ph.bham.ac.uk&noUDP&sock=slot1_41_187135_4953_45530>
...
040 (1436.000.000) 2024-11-23 23:48:40 Finished transferring input files
...
001 (1436.000.000) 2024-11-23 23:48:41 Job executing on host: <147.188.47.72:9618?addrs=147.188.47.72-9618&alias=eplwk002.ph.bham.ac.uk&noUDP&sock=startd_187014_a097>
	SlotName: slot1_41@eplwk002.ph.bham.ac.uk
	CondorScratchDir = "/var/lib/condor/execute/dir_2685606"
	Cpus = 1
	Disk = 7701
	GPUs = 0
	Memory = 4096
...
006 (1436.000.000) 2024-11-23 23:48:49 Image size of job updated: 193572
	189  -  MemoryUsage of job (MB)
	193432  -  ResidentSetSize of job (KB)
...
006 (1436.000.000) 2024-11-23 23:50:14 Image size of job updated: 798380
	190  -  MemoryUsage of job (MB)
	193688  -  ResidentSetSize of job (KB)
...
040 (1436.000.000) 2024-11-23 23:50:14 Started transferring output files
...
040 (1436.000.000) 2024-11-23 23:50:14 Finished transferring output files
...
005 (1436.000.000) 2024-11-23 23:50:14 Job terminated.
	(1) Normal termination (return value 0)
		Usr 0 00:01:22, Sys 0 00:00:05  -  Run Remote Usage
		Usr 0 00:00:00, Sys 0 00:00:00  -  Run Local Usage
		Usr 0 00:01:22, Sys 0 00:00:05  -  Total Remote Usage
		Usr 0 00:00:00, Sys 0 00:00:00  -  Total Local Usage
	2816  -  Run Bytes Sent By Job
	952  -  Run Bytes Received By Job
	2816  -  Total Bytes Sent By Job
	952  -  Total Bytes Received By Job
	Partitionable Resources :    Usage  Request Allocated 
	   Cpus                 :                 1         1 
	   Disk (KB)            :       29        1      7701 
	   GPUs                 :                           0 
	   Memory (MB)          :      190     4000      4096 
	   TimeExecute (s)      :       93                    
	   TimeSlotBusy (s)     :       94                    

	Job terminated of its own accord at 2024-11-23T23:50:14Z with exit-code 0.
...
